This file contains any messages produced by compilers while
running configure, to aid debugging if configure makes a mistake.

It was created by libpng configure 1.2.8-automake, which was
generated by GNU Autoconf 2.57.  Invocation command line was

  $ ./configure --build=i386-linux --host=arm-linux --prefix=/home/depss/DEPSS/library/image --with-x=no CC=arm-linux-gcc CXX=arm-linux-g++ build_alias=i386-linux host_alias=arm-linux LDFLAGS=-L/home/depss/DEPSS/library/image/lib CPPFLAGS=-I/home/depss/DEPSS/library/image/include

## --------- ##
## Platform. ##
## --------- ##

hostname = localhost.localdomain
uname -m = i686
uname -r = 2.4.20-8
uname -s = Linux
uname -v = #1 Thu Mar 13 17:54:28 EST 2003

/usr/bin/uname -p = unknown
/bin/uname -X     = unknown

/bin/arch              = i686
/usr/bin/arch -k       = unknown
/usr/convex/getsysinfo = unknown
hostinfo               = unknown
/bin/machine           = unknown
/usr/bin/oslevel       = unknown
/bin/universe          = unknown

PATH: /usr/kerberos/sbin
PATH: /usr/kerberos/bin
PATH: /bin
PATH: /sbin
PATH: /usr/bin
PATH: /usr/sbin
PATH: /usr/local/bin
PATH: /usr/local/sbin
PATH: /usr/bin/X11
PATH: /usr/local/arm-linux/bin
PATH: /usr/X11R6/bin
PATH: /root/bin


## ----------- ##
## Core tests. ##
## ----------- ##

configure:1498: checking for a BSD-compatible install
configure:1552: result: /usr/bin/install -c
configure:1563: checking whether build environment is sane
configure:1606: result: yes
configure:1639: checking for gawk
configure:1655: found /bin/gawk
configure:1665: result: gawk
configure:1675: checking whether make sets $(MAKE)
configure:1695: result: yes
configure:1765: checking for arm-linux-strip
configure:1781: found /usr/local/arm-linux/bin/arm-linux-strip
configure:1791: result: arm-linux-strip
configure:1863: checking for arm-linux-gcc
configure:1889: result: arm-linux-gcc
configure:2171: checking for C compiler version
configure:2174: arm-linux-gcc --version </dev/null >&5
2.95.3
configure:2177: $? = 0
configure:2179: arm-linux-gcc -v </dev/null >&5
Reading specs from /usr/local/arm-dev/lib/gcc-lib/arm-linux/2.95.3/specs
gcc version 2.95.3 20010315 (release)
configure:2182: $? = 0
configure:2184: arm-linux-gcc -V </dev/null >&5
arm-linux-gcc: argument to `-V' is missing
configure:2187: $? = 1
configure:2211: checking for C compiler default output
configure:2214: arm-linux-gcc  -I/home/depss/DEPSS/library/image/include -L/home/depss/DEPSS/library/image/lib conftest.c  >&5
configure:2217: $? = 0
configure:2263: result: a.out
configure:2268: checking whether the C compiler works
configure:2294: result: yes
configure:2301: checking whether we are cross compiling
configure:2303: result: yes
configure:2306: checking for suffix of executables
configure:2308: arm-linux-gcc -o conftest  -I/home/depss/DEPSS/library/image/include -L/home/depss/DEPSS/library/image/lib conftest.c  >&5
configure:2311: $? = 0
configure:2336: result: 
configure:2342: checking for suffix of object files
configure:2364: arm-linux-gcc -c  -I/home/depss/DEPSS/library/image/include conftest.c >&5
configure:2367: $? = 0
configure:2389: result: o
configure:2393: checking whether we are using the GNU C compiler
configure:2418: arm-linux-gcc -c  -I/home/depss/DEPSS/library/image/include conftest.c >&5
configure:2421: $? = 0
configure:2424: test -s conftest.o
configure:2427: $? = 0
configure:2440: result: yes
configure:2446: checking whether arm-linux-gcc accepts -g
configure:2468: arm-linux-gcc -c -g -I/home/depss/DEPSS/library/image/include conftest.c >&5
configure:2471: $? = 0
configure:2474: test -s conftest.o
configure:2477: $? = 0
configure:2488: result: yes
configure:2505: checking for arm-linux-gcc option to accept ANSI C
configure:2566: arm-linux-gcc  -c -g -O2 -I/home/depss/DEPSS/library/image/include conftest.c >&5
configure:2569: $? = 0
configure:2572: test -s conftest.o
configure:2575: $? = 0
configure:2593: result: none needed
configure:2611: arm-linux-gcc -c -g -O2 -I/home/depss/DEPSS/library/image/include conftest.c >&5
conftest.c:2: parse error before `me'
configure:2614: $? = 1
configure: failed program was:
| #ifndef __cplusplus
|   choke me
| #endif
configure:2742: checking for style of include used by make
configure:2770: result: GNU
configure:2798: checking dependency style of arm-linux-gcc
configure:2860: result: gcc
configure:2877: checking whether make sets $(MAKE)
configure:2897: result: yes
configure:2978: checking build system type
configure:2996: result: i386-pc-linux-gnu
configure:3004: checking host system type
configure:3018: result: arm-unknown-linux-gnu
configure:3048: checking for ld used by GCC
configure:3111: result: /usr/local/arm-dev/arm-linux/bin/ld
configure:3120: checking if the linker (/usr/local/arm-dev/arm-linux/bin/ld) is GNU ld
GNU ld version 2.11.2 (with BFD 2.11.2)
configure:3132: result: yes
configure:3137: checking for /usr/local/arm-dev/arm-linux/bin/ld option to reload object files
configure:3144: result: -r
configure:3149: checking for BSD-compatible nm
configure:3185: result: /usr/local/arm-linux/bin/arm-linux-nm -B
configure:3188: checking for a sed that does not truncate output
configure:3270: result: /bin/sed
configure:3273: checking whether ln -s works
configure:3277: result: yes
configure:3284: checking how to recognise dependent libraries
configure:3465: result: file_magic ELF [0-9][0-9]*-bit [LM]SB (shared object|dynamic lib )
configure:3478: checking command to parse /usr/local/arm-linux/bin/arm-linux-nm -B output
configure:3562: arm-linux-gcc -c -g -O2 -I/home/depss/DEPSS/library/image/include conftest.c >&5
configure:3565: $? = 0
configure:3569: /usr/local/arm-linux/bin/arm-linux-nm -B conftest.o \| sed -n -e 's/^.*[ 	]\([ABCDGISTW][ABCDGISTW]*\)[ 	][ 	]*\(\)\([_A-Za-z][_A-Za-z0-9]*\)$/\1 \2\3 \3/p' \> conftest.nm
configure:3572: $? = 0
configure:3624: arm-linux-gcc -o conftest -g -O2 -I/home/depss/DEPSS/library/image/include -L/home/depss/DEPSS/library/image/lib conftest.c conftstm.o >&5
configure:3627: $? = 0
configure:3671: result: ok
configure:3680: checking how to run the C preprocessor
configure:3716: arm-linux-gcc -E -I/home/depss/DEPSS/library/image/include conftest.c
configure:3722: $? = 0
configure:3754: arm-linux-gcc -E -I/home/depss/DEPSS/library/image/include conftest.c
configure:3755: ac_nonexistent.h: No such file or directory
configure:3760: $? = 1
configure: failed program was:
| #line 3745 "configure"
| /* confdefs.h.  */
| 
| #define PACKAGE_NAME "libpng"
| #define PACKAGE_TARNAME "libpng"
| #define PACKAGE_VERSION "1.2.8-automake"
| #define PACKAGE_STRING "libpng 1.2.8-automake"
| #define PACKAGE_BUGREPORT "png-implement@ccrc.wustl.edu"
| #define PACKAGE "libpng"
| #define VERSION "1.2.8-automake"
| /* end confdefs.h.  */
| #include <ac_nonexistent.h>
configure:3798: result: arm-linux-gcc -E
configure:3823: arm-linux-gcc -E -I/home/depss/DEPSS/library/image/include conftest.c
configure:3829: $? = 0
configure:3861: arm-linux-gcc -E -I/home/depss/DEPSS/library/image/include conftest.c
configure:3862: ac_nonexistent.h: No such file or directory
configure:3867: $? = 1
configure: failed program was:
| #line 3852 "configure"
| /* confdefs.h.  */
| 
| #define PACKAGE_NAME "libpng"
| #define PACKAGE_TARNAME "libpng"
| #define PACKAGE_VERSION "1.2.8-automake"
| #define PACKAGE_STRING "libpng 1.2.8-automake"
| #define PACKAGE_BUGREPORT "png-implement@ccrc.wustl.edu"
| #define PACKAGE "libpng"
| #define VERSION "1.2.8-automake"
| /* end confdefs.h.  */
| #include <ac_nonexistent.h>
configure:3910: checking for egrep
configure:3920: result: grep -E
configure:3925: checking for ANSI C header files
configure:3951: arm-linux-gcc -c -g -O2 -I/home/depss/DEPSS/library/image/include conftest.c >&5
configure:3954: $? = 0
configure:3957: test -s conftest.o
configure:3960: $? = 0
configure:4072: result: yes
configure:4096: checking for sys/types.h
configure:4113: arm-linux-gcc -c -g -O2 -I/home/depss/DEPSS/library/image/include conftest.c >&5
configure:4116: $? = 0
configure:4119: test -s conftest.o
configure:4122: $? = 0
configure:4133: result: yes
configure:4096: checking for sys/stat.h
configure:4113: arm-linux-gcc -c -g -O2 -I/home/depss/DEPSS/library/image/include conftest.c >&5
configure:4116: $? = 0
configure:4119: test -s conftest.o
configure:4122: $? = 0
configure:4133: result: yes
configure:4096: checking for stdlib.h
configure:4113: arm-linux-gcc -c -g -O2 -I/home/depss/DEPSS/library/image/include conftest.c >&5
configure:4116: $? = 0
configure:4119: test -s conftest.o
configure:4122: $? = 0
configure:4133: result: yes
configure:4096: checking for string.h
configure:4113: arm-linux-gcc -c -g -O2 -I/home/depss/DEPSS/library/image/include conftest.c >&5
configure:4116: $? = 0
configure:4119: test -s conftest.o
configure:4122: $? = 0
configure:4133: result: yes
configure:4096: checking for memory.h
configure:4113: arm-linux-gcc -c -g -O2 -I/home/depss/DEPSS/library/image/include conftest.c >&5
configure:4116: $? = 0
configure:4119: test -s conftest.o
configure:4122: $? = 0
configure:4133: result: yes
configure:4096: checking for strings.h
configure:4113: arm-linux-gcc -c -g -O2 -I/home/depss/DEPSS/library/image/include conftest.c >&5
configure:4116: $? = 0
configure:4119: test -s conftest.o
configure:4122: $? = 0
configure:4133: result: yes
configure:4096: checking for inttypes.h
configure:4113: arm-linux-gcc -c -g -O2 -I/home/depss/DEPSS/library/image/include conftest.c >&5
configure:4116: $? = 0
configure:4119: test -s conftest.o
configure:4122: $? = 0
configure:4133: result: yes
configure:4096: checking for stdint.h
configure:4113: arm-linux-gcc -c -g -O2 -I/home/depss/DEPSS/library/image/include conftest.c >&5
configure:4116: $? = 0
configure:4119: test -s conftest.o
configure:4122: $? = 0
configure:4133: result: yes
configure:4096: checking for unistd.h
configure:4113: arm-linux-gcc -c -g -O2 -I/home/depss/DEPSS/library/image/include conftest.c >&5
configure:4116: $? = 0
configure:4119: test -s conftest.o
configure:4122: $? = 0
configure:4133: result: yes
configure:4159: checking dlfcn.h usability
configure:4172: arm-linux-gcc -c -g -O2 -I/home/depss/DEPSS/library/image/include conftest.c >&5
configure:4175: $? = 0
configure:4178: test -s conftest.o
configure:4181: $? = 0
configure:4191: result: yes
configure:4195: checking dlfcn.h presence
configure:4206: arm-linux-gcc -E -I/home/depss/DEPSS/library/image/include conftest.c
configure:4212: $? = 0
configure:4231: result: yes
configure:4267: checking for dlfcn.h
configure:4274: result: yes
configure:4296: checking for arm-linux-file
configure:4354: result: no
configure:4360: checking for file
configure:4415: result: /usr/bin/file
configure:4434: checking for arm-linux-ranlib
configure:4450: found /usr/local/arm-linux/bin/arm-linux-ranlib
configure:4460: result: arm-linux-ranlib
configure:4514: checking for arm-linux-strip
configure:4540: result: arm-linux-strip
configure:4789: checking for objdir
configure:4800: result: .libs
configure:4817: checking for arm-linux-gcc option to produce PIC
configure:4963: result: -fPIC
configure:4967: checking if arm-linux-gcc PIC flag -fPIC works
configure:4991: arm-linux-gcc -c -g -O2 -fPIC -DPIC -I/home/depss/DEPSS/library/image/include conftest.c >&5
configure:4994: $? = 0
configure:4997: test -s conftest.o
configure:5000: $? = 0
configure:5038: result: yes
configure:5054: checking if arm-linux-gcc static flag -static works
configure:5079: arm-linux-gcc -o conftest -g -O2 -I/home/depss/DEPSS/library/image/include -L/home/depss/DEPSS/library/image/lib -static conftest.c  >&5
configure:5082: $? = 0
configure:5085: test -s conftest
configure:5088: $? = 0
configure:5104: result: yes
configure:5116: checking if arm-linux-gcc supports -c -o file.o
configure:5139: arm-linux-gcc -c -g -O2 -o out/conftest2.o -I/home/depss/DEPSS/library/image/include conftest.c >&5
configure:5160: result: yes
configure:5165: checking if arm-linux-gcc supports -c -o file.lo
configure:5193: arm-linux-gcc -c -g -O2 -c -o conftest.lo -I/home/depss/DEPSS/library/image/include conftest.c >&5
configure:5196: $? = 0
configure:5199: test -s conftest.lo
configure:5202: $? = 0
configure:5224: result: yes
configure:5255: checking if arm-linux-gcc supports -fno-rtti -fno-exceptions
configure:5278: arm-linux-gcc -c -g -O2 -fno-rtti -fno-exceptions -c conftest.c -I/home/depss/DEPSS/library/image/include conftest.c >&5
configure:5281: $? = 0
configure:5284: test -s conftest.o
configure:5287: $? = 0
configure:5304: result: yes
configure:5315: checking whether the linker (/usr/local/arm-dev/arm-linux/bin/ld) supports shared libraries
configure:6010: result: yes
configure:6015: checking how to hardcode library paths into programs
configure:6039: result: immediate
configure:6044: checking whether stripping libraries is possible
configure:6049: result: yes
configure:6060: checking dynamic linker characteristics
configure:6480: result: GNU/Linux ld.so
configure:6485: checking if libtool supports shared libraries
configure:6487: result: yes
configure:6490: checking whether to build shared libraries
configure:6511: result: yes
configure:6514: checking whether to build static libraries
configure:6518: result: yes
configure:7192: checking whether -lc should be explicitly linked in
configure:7200: arm-linux-gcc -c -g -O2 -I/home/depss/DEPSS/library/image/include conftest.c >&5
configure:7203: $? = 0
configure:7217: arm-linux-gcc -shared conftest.o  -v -Wl,-soname -Wl,conftest -o conftest 2\>\&1 \| grep  -lc  \>/dev/null 2\>\&1
configure:7220: $? = 0
configure:7233: result: no
configure:7808: checking for X
configure:8018: result: disabled
configure:8032: checking for ANSI C header files
configure:8179: result: yes
configure:8208: checking fcntl.h usability
configure:8221: arm-linux-gcc -c -g -O2 -I/home/depss/DEPSS/library/image/include conftest.c >&5
configure:8224: $? = 0
configure:8227: test -s conftest.o
configure:8230: $? = 0
configure:8240: result: yes
configure:8244: checking fcntl.h presence
configure:8255: arm-linux-gcc -E -I/home/depss/DEPSS/library/image/include conftest.c
configure:8261: $? = 0
configure:8280: result: yes
configure:8316: checking for fcntl.h
configure:8323: result: yes
configure:8208: checking malloc.h usability
configure:8221: arm-linux-gcc -c -g -O2 -I/home/depss/DEPSS/library/image/include conftest.c >&5
configure:8224: $? = 0
configure:8227: test -s conftest.o
configure:8230: $? = 0
configure:8240: result: yes
configure:8244: checking malloc.h presence
configure:8255: arm-linux-gcc -E -I/home/depss/DEPSS/library/image/include conftest.c
configure:8261: $? = 0
configure:8280: result: yes
configure:8316: checking for malloc.h
configure:8323: result: yes
configure:8199: checking for stdlib.h
configure:8204: result: yes
configure:8199: checking for string.h
configure:8204: result: yes
configure:8199: checking for strings.h
configure:8204: result: yes
configure:8199: checking for unistd.h
configure:8204: result: yes
configure:8338: checking for an ANSI C-conforming const
configure:8406: arm-linux-gcc -c -g -O2 -I/home/depss/DEPSS/library/image/include conftest.c >&5
configure:8409: $? = 0
configure:8412: test -s conftest.o
configure:8415: $? = 0
configure:8426: result: yes
configure:8436: checking for size_t
configure:8461: arm-linux-gcc -c -g -O2 -I/home/depss/DEPSS/library/image/include conftest.c >&5
configure:8464: $? = 0
configure:8467: test -s conftest.o
configure:8470: $? = 0
configure:8481: result: yes
configure:8493: checking whether struct tm is in sys/time.h or time.h
configure:8517: arm-linux-gcc -c -g -O2 -I/home/depss/DEPSS/library/image/include conftest.c >&5
configure:8520: $? = 0
configure:8523: test -s conftest.o
configure:8526: $? = 0
configure:8537: result: time.h
configure:8554: checking for stdlib.h
configure:8559: result: yes
configure:8691: checking for GNU libc compatible malloc
configure:8743: result: no
configure:8766: checking for working strtod
configure:8832: result: no
configure:8836: checking for pow
configure:8886: arm-linux-gcc -o conftest -g -O2 -I/home/depss/DEPSS/library/image/include -L/home/depss/DEPSS/library/image/lib conftest.c  >&5
/tmp/ccvK5nrm.o: In function `main':
/home/depss/DEPSS/library/libpng/configure:8904: undefined reference to `pow'
/tmp/ccvK5nrm.o: In function `main':
/home/depss/DEPSS/library/libpng/conftest.c(.data+0x0): undefined reference to `pow'
collect2: ld returned 1 exit status
configure:8889: $? = 1
configure: failed program was:
| #line 8841 "configure"
| /* confdefs.h.  */
| 
| #define PACKAGE_NAME "libpng"
| #define PACKAGE_TARNAME "libpng"
| #define PACKAGE_VERSION "1.2.8-automake"
| #define PACKAGE_STRING "libpng 1.2.8-automake"
| #define PACKAGE_BUGREPORT "png-implement@ccrc.wustl.edu"
| #define PACKAGE "libpng"
| #define VERSION "1.2.8-automake"
| #define STDC_HEADERS 1
| #define HAVE_SYS_TYPES_H 1
| #define HAVE_SYS_STAT_H 1
| #define HAVE_STDLIB_H 1
| #define HAVE_STRING_H 1
| #define HAVE_MEMORY_H 1
| #define HAVE_STRINGS_H 1
| #define HAVE_INTTYPES_H 1
| #define HAVE_STDINT_H 1
| #define HAVE_UNISTD_H 1
| #define HAVE_DLFCN_H 1
| #define STDC_HEADERS 1
| #define HAVE_FCNTL_H 1
| #define HAVE_MALLOC_H 1
| #define HAVE_STDLIB_H 1
| #define HAVE_STRING_H 1
| #define HAVE_STRINGS_H 1
| #define HAVE_UNISTD_H 1
| #define HAVE_STDLIB_H 1
| #define HAVE_MALLOC 0
| #define malloc rpl_malloc
| /* end confdefs.h.  */
| /* System header to define __stub macros and hopefully few prototypes,
|     which can conflict with char pow (); below.
|     Prefer <limits.h> to <assert.h> if __STDC__ is defined, since
|     <limits.h> exists even on freestanding compilers.  */
| #ifdef __STDC__
| # include <limits.h>
| #else
| # include <assert.h>
| #endif
| /* Override any gcc2 internal prototype to avoid an error.  */
| #ifdef __cplusplus
| extern "C"
| {
| #endif
| /* We use char because int might match the return type of a gcc2
|    builtin and then its argument prototype would still apply.  */
| char pow ();
| /* The GNU C library defines this for functions which it implements
|     to always fail with ENOSYS.  Some functions are actually named
|     something starting with __ and the normal name is an alias.  */
| #if defined (__stub_pow) || defined (__stub___pow)
| choke me
| #else
| char (*f) () = pow;
| #endif
| #ifdef __cplusplus
| }
| #endif
| 
| int
| main ()
| {
| return f != pow;
|   ;
|   return 0;
| }
configure:8906: result: no
configure:8910: checking for pow in -lm
configure:8941: arm-linux-gcc -o conftest -g -O2 -I/home/depss/DEPSS/library/image/include -L/home/depss/DEPSS/library/image/lib conftest.c -lm   >&5
configure:8944: $? = 0
configure:8947: test -s conftest
configure:8950: $? = 0
configure:8962: result: yes
configure:8982: checking for memset
configure:9032: arm-linux-gcc -o conftest -g -O2 -I/home/depss/DEPSS/library/image/include -L/home/depss/DEPSS/library/image/lib conftest.c  >&5
configure:9034: warning: conflicting types for built-in function `memset'
configure:9035: $? = 0
configure:9038: test -s conftest
configure:9041: $? = 0
configure:9052: result: yes
configure:8982: checking for pow
configure:9052: result: no
configure:8982: checking for strrchr
configure:9032: arm-linux-gcc -o conftest -g -O2 -I/home/depss/DEPSS/library/image/include -L/home/depss/DEPSS/library/image/lib conftest.c  >&5
configure:9035: $? = 0
configure:9038: test -s conftest
configure:9041: $? = 0
configure:9052: result: yes
configure:9062: checking for sqrt
configure:9112: arm-linux-gcc -o conftest -g -O2 -I/home/depss/DEPSS/library/image/include -L/home/depss/DEPSS/library/image/lib conftest.c  >&5
configure:9116: warning: conflicting types for built-in function `sqrt'
/tmp/ccGMG1v0.o: In function `main':
/home/depss/DEPSS/library/libpng/configure:9132: undefined reference to `sqrt'
/tmp/ccGMG1v0.o: In function `main':
/home/depss/DEPSS/library/libpng/conftest.c(.data+0x0): undefined reference to `sqrt'
collect2: ld returned 1 exit status
configure:9115: $? = 1
configure: failed program was:
| #line 9067 "configure"
| /* confdefs.h.  */
| 
| #define PACKAGE_NAME "libpng"
| #define PACKAGE_TARNAME "libpng"
| #define PACKAGE_VERSION "1.2.8-automake"
| #define PACKAGE_STRING "libpng 1.2.8-automake"
| #define PACKAGE_BUGREPORT "png-implement@ccrc.wustl.edu"
| #define PACKAGE "libpng"
| #define VERSION "1.2.8-automake"
| #define STDC_HEADERS 1
| #define HAVE_SYS_TYPES_H 1
| #define HAVE_SYS_STAT_H 1
| #define HAVE_STDLIB_H 1
| #define HAVE_STRING_H 1
| #define HAVE_MEMORY_H 1
| #define HAVE_STRINGS_H 1
| #define HAVE_INTTYPES_H 1
| #define HAVE_STDINT_H 1
| #define HAVE_UNISTD_H 1
| #define HAVE_DLFCN_H 1
| #define STDC_HEADERS 1
| #define HAVE_FCNTL_H 1
| #define HAVE_MALLOC_H 1
| #define HAVE_STDLIB_H 1
| #define HAVE_STRING_H 1
| #define HAVE_STRINGS_H 1
| #define HAVE_UNISTD_H 1
| #define HAVE_STDLIB_H 1
| #define HAVE_MALLOC 0
| #define malloc rpl_malloc
| #define HAVE_MEMSET 1
| #define HAVE_STRRCHR 1
| /* end confdefs.h.  */
| /* System header to define __stub macros and hopefully few prototypes,
|     which can conflict with char sqrt (); below.
|     Prefer <limits.h> to <assert.h> if __STDC__ is defined, since
|     <limits.h> exists even on freestanding compilers.  */
| #ifdef __STDC__
| # include <limits.h>
| #else
| # include <assert.h>
| #endif
| /* Override any gcc2 internal prototype to avoid an error.  */
| #ifdef __cplusplus
| extern "C"
| {
| #endif
| /* We use char because int might match the return type of a gcc2
|    builtin and then its argument prototype would still apply.  */
| char sqrt ();
| /* The GNU C library defines this for functions which it implements
|     to always fail with ENOSYS.  Some functions are actually named
|     something starting with __ and the normal name is an alias.  */
| #if defined (__stub_sqrt) || defined (__stub___sqrt)
| choke me
| #else
| char (*f) () = sqrt;
| #endif
| #ifdef __cplusplus
| }
| #endif
| 
| int
| main ()
| {
| return f != sqrt;
|   ;
|   return 0;
| }
configure:9132: result: no
configure:9138: checking for sqrt in -lm
configure:9169: arm-linux-gcc -o conftest -g -O2 -I/home/depss/DEPSS/library/image/include -L/home/depss/DEPSS/library/image/lib conftest.c -lm   >&5
configure:9185: warning: conflicting types for built-in function `sqrt'
configure:9172: $? = 0
configure:9175: test -s conftest
configure:9178: $? = 0
configure:9190: result: yes
configure:9206: checking for zlibVersion in -lz
configure:9237: arm-linux-gcc -o conftest -g -O2 -I/home/depss/DEPSS/library/image/include -L/home/depss/DEPSS/library/image/lib conftest.c -lz  -lm  >&5
configure:9240: $? = 0
configure:9243: test -s conftest
configure:9246: $? = 0
configure:9258: result: yes
configure:9283: checking pkgconfig directory
configure:9285: result: ${prefix}/lib/pkgconfig
configure:9405: creating ./config.status

## ---------------------- ##
## Running config.status. ##
## ---------------------- ##

This file was extended by libpng config.status 1.2.8-automake, which was
generated by GNU Autoconf 2.57.  Invocation command line was

  CONFIG_FILES    = 
  CONFIG_HEADERS  = 
  CONFIG_LINKS    = 
  CONFIG_COMMANDS = 
  $ ./config.status 

on localhost.localdomain

config.status:668: creating Makefile
config.status:772: creating config.h
config.status:907: config.h is unchanged
config.status:1020: executing depfiles commands

## ---------------- ##
## Cache variables. ##
## ---------------- ##

ac_cv_build=i386-pc-linux-gnu
ac_cv_build_alias=i386-linux
ac_cv_c_compiler_gnu=yes
ac_cv_c_const=yes
ac_cv_env_CC_set=set
ac_cv_env_CC_value=arm-linux-gcc
ac_cv_env_CFLAGS_set=
ac_cv_env_CFLAGS_value=
ac_cv_env_CPPFLAGS_set=set
ac_cv_env_CPPFLAGS_value=-I/home/depss/DEPSS/library/image/include
ac_cv_env_CPP_set=
ac_cv_env_CPP_value=
ac_cv_env_LDFLAGS_set=set
ac_cv_env_LDFLAGS_value=-L/home/depss/DEPSS/library/image/lib
ac_cv_env_build_alias_set=set
ac_cv_env_build_alias_value=i386-linux
ac_cv_env_host_alias_set=set
ac_cv_env_host_alias_value=arm-linux
ac_cv_env_target_alias_set=
ac_cv_env_target_alias_value=
ac_cv_exeext=
ac_cv_func_malloc_0_nonnull=no
ac_cv_func_memset=yes
ac_cv_func_pow=no
ac_cv_func_sqrt=no
ac_cv_func_strrchr=yes
ac_cv_func_strtod=no
ac_cv_header_dlfcn_h=yes
ac_cv_header_fcntl_h=yes
ac_cv_header_inttypes_h=yes
ac_cv_header_malloc_h=yes
ac_cv_header_memory_h=yes
ac_cv_header_stdc=yes
ac_cv_header_stdint_h=yes
ac_cv_header_stdlib_h=yes
ac_cv_header_string_h=yes
ac_cv_header_strings_h=yes
ac_cv_header_sys_stat_h=yes
ac_cv_header_sys_types_h=yes
ac_cv_header_unistd_h=yes
ac_cv_host=arm-unknown-linux-gnu
ac_cv_host_alias=arm-linux
ac_cv_lib_m_pow=yes
ac_cv_lib_m_sqrt=yes
ac_cv_lib_z_zlibVersion=yes
ac_cv_objext=o
ac_cv_path_install='/usr/bin/install -c'
ac_cv_prog_AWK=gawk
ac_cv_prog_CC=arm-linux-gcc
ac_cv_prog_CPP='arm-linux-gcc -E'
ac_cv_prog_RANLIB=arm-linux-ranlib
ac_cv_prog_STRIP=arm-linux-strip
ac_cv_prog_cc_g=yes
ac_cv_prog_cc_stdc=
ac_cv_prog_egrep='grep -E'
ac_cv_prog_make_make_set=yes
ac_cv_struct_tm=time.h
ac_cv_type_size_t=yes
am_cv_CC_dependencies_compiler_type=gcc
lt_cv_archive_cmds_need_lc=no
lt_cv_compiler_c_o=yes
lt_cv_compiler_o_lo=yes
lt_cv_deplibs_check_method='file_magic ELF [0-9][0-9]*-bit [LM]SB (shared object|dynamic lib )'
lt_cv_file_magic_cmd='$MAGIC_CMD'
lt_cv_file_magic_test_file='/lib/libc.so.6 /lib/libc-2.3.2.so'
lt_cv_global_symbol_to_c_name_address='sed -n -e '\''s/^: \([^ ]*\) $/  {\"\1\", (lt_ptr) 0},/p'\'' -e '\''s/^[BCDEGRST] \([^ ]*\) \([^ ]*\)$/  {"\2", (lt_ptr) \&\2},/p'\'''
lt_cv_global_symbol_to_cdecl='sed -n -e '\''s/^. .* \(.*\)$/extern char \1;/p'\'''
lt_cv_ld_reload_flag=-r
lt_cv_path_LD=/usr/local/arm-dev/arm-linux/bin/ld
lt_cv_path_MAGIC_CMD=/usr/bin/file
lt_cv_path_NM='/usr/local/arm-linux/bin/arm-linux-nm -B'
lt_cv_path_SED=/bin/sed
lt_cv_prog_cc_can_build_shared=yes
lt_cv_prog_cc_no_builtin=
lt_cv_prog_cc_pic=' -fPIC'
lt_cv_prog_cc_pic_works=yes
lt_cv_prog_cc_shlib=
lt_cv_prog_cc_static=-static
lt_cv_prog_cc_static_works=yes
lt_cv_prog_cc_wl=-Wl,
lt_cv_prog_gnu_ld=yes
lt_cv_sys_global_symbol_pipe='sed -n -e '\''s/^.*[ 	]\([ABCDGISTW][ABCDGISTW]*\)[ 	][ 	]*\(\)\([_A-Za-z][_A-Za-z0-9]*\)$/\1 \2\3 \3/p'\'''

## ----------------- ##
## Output variables. ##
## ----------------- ##

ACLOCAL='${SHELL} /home/depss/DEPSS/library/libpng/missing --run aclocal-1.7'
AMDEPBACKSLASH='\'
AMDEP_FALSE='#'
AMDEP_TRUE=''
AMTAR='${SHELL} /home/depss/DEPSS/library/libpng/missing --run tar'
AUTOCONF='${SHELL} /home/depss/DEPSS/library/libpng/missing --run autoconf'
AUTOHEADER='${SHELL} /home/depss/DEPSS/library/libpng/missing --run autoheader'
AUTOMAKE='${SHELL} /home/depss/DEPSS/library/libpng/missing --run automake-1.7'
AWK='gawk'
CC='arm-linux-gcc'
CCDEPMODE='depmode=gcc'
CFLAGS='-g -O2'
CPP='arm-linux-gcc -E'
CPPFLAGS='-I/home/depss/DEPSS/library/image/include'
CYGPATH_W='echo'
DEFS='-DHAVE_CONFIG_H'
DEPDIR='.deps'
ECHO='echo'
ECHO_C=''
ECHO_N='-n'
ECHO_T=''
EGREP='grep -E'
EXEEXT=''
INSTALL_DATA='${INSTALL} -m 644'
INSTALL_PROGRAM='${INSTALL}'
INSTALL_SCRIPT='${INSTALL}'
INSTALL_STRIP_PROGRAM='${SHELL} $(install_sh) -c -s'
LDFLAGS='-L/home/depss/DEPSS/library/image/lib'
LIBOBJS=' malloc$U.o strtod$U.o'
LIBPNG12_VERSION_INFO='0:0:0'
LIBPNG3_VERSION_INFO='3:0:0'
LIBS='-lz -lm '
LIBTOOL='$(SHELL) $(top_builddir)/libtool'
LN_S='ln -s'
LTLIBOBJS=' malloc$U.lo strtod$U.lo'
MAKEINFO='${SHELL} /home/depss/DEPSS/library/libpng/missing --run makeinfo'
OBJEXT='o'
PACKAGE='libpng'
PACKAGE_BUGREPORT='png-implement@ccrc.wustl.edu'
PACKAGE_NAME='libpng'
PACKAGE_STRING='libpng 1.2.8-automake'
PACKAGE_TARNAME='libpng'
PACKAGE_VERSION='1.2.8-automake'
PATH_SEPARATOR=':'
PKGCONFIGDIR='${prefix}/lib/pkgconfig'
POW_LIB='-lm'
RANLIB='arm-linux-ranlib'
SET_MAKE=''
SHELL='/bin/sh'
STRIP='arm-linux-strip'
VERSION='1.2.8-automake'
ac_ct_CC=''
ac_ct_RANLIB=''
ac_ct_STRIP=''
am__fastdepCC_FALSE=''
am__fastdepCC_TRUE='#'
am__include='include'
am__quote=''
bindir='${exec_prefix}/bin'
build='i386-pc-linux-gnu'
build_alias='i386-linux'
build_cpu='i386'
build_os='linux-gnu'
build_vendor='pc'
datadir='${prefix}/share'
exec_prefix='${prefix}'
host='arm-unknown-linux-gnu'
host_alias='arm-linux'
host_cpu='arm'
host_os='linux-gnu'
host_vendor='unknown'
includedir='${prefix}/include'
infodir='${prefix}/info'
install_sh='/home/depss/DEPSS/library/libpng/install-sh'
libdir='${exec_prefix}/lib'
libexecdir='${exec_prefix}/libexec'
localstatedir='${prefix}/var'
mandir='${prefix}/man'
oldincludedir='/usr/include'
prefix='/home/depss/DEPSS/library/image'
program_transform_name='s,x,x,'
sbindir='${exec_prefix}/sbin'
sharedstatedir='${prefix}/com'
sysconfdir='${prefix}/etc'
target_alias=''

## ----------- ##
## confdefs.h. ##
## ----------- ##

#define HAVE_DLFCN_H 1
#define HAVE_FCNTL_H 1
#define HAVE_INTTYPES_H 1
#define HAVE_LIBM 1
#define HAVE_LIBZ 1
#define HAVE_MALLOC 0
#define HAVE_MALLOC_H 1
#define HAVE_MEMORY_H 1
#define HAVE_MEMSET 1
#define HAVE_STDINT_H 1
#define HAVE_STDLIB_H 1
#define HAVE_STDLIB_H 1
#define HAVE_STDLIB_H 1
#define HAVE_STRINGS_H 1
#define HAVE_STRINGS_H 1
#define HAVE_STRING_H 1
#define HAVE_STRING_H 1
#define HAVE_STRRCHR 1
#define HAVE_SYS_STAT_H 1
#define HAVE_SYS_TYPES_H 1
#define HAVE_UNISTD_H 1
#define HAVE_UNISTD_H 1
#define PACKAGE "libpng"
#define PACKAGE_BUGREPORT "png-implement@ccrc.wustl.edu"
#define PACKAGE_NAME "libpng"
#define PACKAGE_STRING "libpng 1.2.8-automake"
#define PACKAGE_TARNAME "libpng"
#define PACKAGE_VERSION "1.2.8-automake"
#define STDC_HEADERS 1
#define STDC_HEADERS 1
#define VERSION "1.2.8-automake"
#define malloc rpl_malloc

configure: exit 0
