This file contains any messages produced by compilers while
running configure, to aid debugging if configure makes a mistake.

It was created by configure, which was
generated by GNU Autoconf 2.59.  Invocation command line was

  $ ./configure --prefix=/opt/open2x/gcc-4.1.1-glibc-2.3.6 --build=i686 --host=arm-open2x-linux --enable-shared --enable-static --with-sdl-prefix=/opt/open2x/gcc-4.1.1-glibc-2.3.6 --disable-mmx

## --------- ##
## Platform. ##
## --------- ##

hostname = The-Alchemist
uname -m = i686
uname -r = 2.6.17-11-generic
uname -s = Linux
uname -v = #2 SMP Thu Feb 1 19:52:28 UTC 2007

/usr/bin/uname -p = unknown
/bin/uname -X     = unknown

/bin/arch              = i686
/usr/bin/arch -k       = unknown
/usr/convex/getsysinfo = unknown
hostinfo               = unknown
/bin/machine           = unknown
/usr/bin/oslevel       = unknown
/bin/universe          = unknown

PATH: /usr/local/sbin
PATH: /usr/local/bin
PATH: /usr/sbin
PATH: /usr/bin
PATH: /sbin
PATH: /bin
PATH: /usr/bin/X11
PATH: /usr/games
PATH: /opt/open2x/gcc-4.1.1-glibc-2.3.6/bin


## ----------- ##
## Core tests. ##
## ----------- ##

configure:1371: checking for a BSD-compatible install
configure:1426: result: /usr/bin/install -c
configure:1437: checking whether build environment is sane
configure:1480: result: yes
configure:1545: checking for gawk
configure:1574: result: no
configure:1545: checking for mawk
configure:1561: found /usr/bin/mawk
configure:1571: result: mawk
configure:1581: checking whether make sets $(MAKE)
configure:1601: result: yes
configure:1677: checking for arm-open2x-linux-strip
configure:1693: found /opt/open2x/gcc-4.1.1-glibc-2.3.6/bin/arm-open2x-linux-strip
configure:1703: result: arm-open2x-linux-strip
configure:1776: checking build system type
configure:1794: result: i686-pc-none
configure:1802: checking host system type
configure:1816: result: arm-open2x-linux
configure:1824: checking target system type
configure:1838: result: arm-open2x-linux
configure:1923: checking for arm-open2x-linux-ranlib
configure:1949: result: /opt/open2x/gcc-4.1.1-glibc-2.3.6/bin/arm-open2x-linux-ranlib
configure:2012: checking for style of include used by make
configure:2040: result: GNU
configure:2073: checking for arm-open2x-linux-gcc
configure:2099: result: /opt/open2x/gcc-4.1.1-glibc-2.3.6/bin/arm-open2x-linux-gcc
configure:2381: checking for C compiler version
configure:2384: /opt/open2x/gcc-4.1.1-glibc-2.3.6/bin/arm-open2x-linux-gcc --version </dev/null >&5
arm-open2x-linux-gcc (GCC) 4.1.1
Copyright (C) 2006 Free Software Foundation, Inc.
This is free software; see the source for copying conditions.  There is NO
warranty; not even for MERCHANTABILITY or FITNESS FOR A PARTICULAR PURPOSE.

configure:2387: $? = 0
configure:2389: /opt/open2x/gcc-4.1.1-glibc-2.3.6/bin/arm-open2x-linux-gcc -v </dev/null >&5
Using built-in specs.
Target: arm-open2x-linux
Configured with: /storage/file-store/Projects/GP2X/crosstool-0.43/build/arm-open2x-linux/gcc-4.1.1-glibc-2.3.6/gcc-4.1.1/configure --target=arm-open2x-linux --host=i686-host_pc-linux-gnu --prefix=/opt/open2x/gcc-4.1.1-glibc-2.3.6/arm-open2x-linux --with-float=soft --with-cpu=arm920t --enable-cxx-flags=-mcpu=arm920t --with-headers=/opt/open2x/gcc-4.1.1-glibc-2.3.6/arm-open2x-linux/arm-open2x-linux/include --with-local-prefix=/opt/open2x/gcc-4.1.1-glibc-2.3.6/arm-open2x-linux/arm-open2x-linux --disable-nls --enable-threads=posix --enable-symvers=gnu --enable-__cxa_atexit --enable-languages=c,c++ --enable-shared --enable-c99 --enable-long-long
Thread model: posix
gcc version 4.1.1
configure:2392: $? = 0
configure:2394: /opt/open2x/gcc-4.1.1-glibc-2.3.6/bin/arm-open2x-linux-gcc -V </dev/null >&5
arm-open2x-linux-gcc: '-V' option must have argument
configure:2397: $? = 1
configure:2420: checking for C compiler default output file name
configure:2423: /opt/open2x/gcc-4.1.1-glibc-2.3.6/bin/arm-open2x-linux-gcc -O3 -ffast-math -fomit-frame-pointer -mcpu=arm920t -I/opt/open2x/gcc-4.1.1-glibc-2.3.6/include -I/opt/open2x/gcc-4.1.1-glibc-2.3.6/include/libxml2 -I/opt/open2x/gcc-4.1.1-glibc-2.3.6/include/sdl  -L/opt/open2x/gcc-4.1.1-glibc-2.3.6/lib conftest.c  >&5
configure:2426: $? = 0
configure:2472: result: a.out
configure:2477: checking whether the C compiler works
configure:2503: result: yes
configure:2510: checking whether we are cross compiling
configure:2512: result: yes
configure:2515: checking for suffix of executables
configure:2517: /opt/open2x/gcc-4.1.1-glibc-2.3.6/bin/arm-open2x-linux-gcc -o conftest -O3 -ffast-math -fomit-frame-pointer -mcpu=arm920t -I/opt/open2x/gcc-4.1.1-glibc-2.3.6/include -I/opt/open2x/gcc-4.1.1-glibc-2.3.6/include/libxml2 -I/opt/open2x/gcc-4.1.1-glibc-2.3.6/include/sdl  -L/opt/open2x/gcc-4.1.1-glibc-2.3.6/lib conftest.c  >&5
configure:2520: $? = 0
configure:2545: result: 
configure:2551: checking for suffix of object files
configure:2572: /opt/open2x/gcc-4.1.1-glibc-2.3.6/bin/arm-open2x-linux-gcc -c -O3 -ffast-math -fomit-frame-pointer -mcpu=arm920t -I/opt/open2x/gcc-4.1.1-glibc-2.3.6/include -I/opt/open2x/gcc-4.1.1-glibc-2.3.6/include/libxml2 -I/opt/open2x/gcc-4.1.1-glibc-2.3.6/include/sdl  conftest.c >&5
configure:2575: $? = 0
configure:2597: result: o
configure:2601: checking whether we are using the GNU C compiler
configure:2625: /opt/open2x/gcc-4.1.1-glibc-2.3.6/bin/arm-open2x-linux-gcc -c -O3 -ffast-math -fomit-frame-pointer -mcpu=arm920t -I/opt/open2x/gcc-4.1.1-glibc-2.3.6/include -I/opt/open2x/gcc-4.1.1-glibc-2.3.6/include/libxml2 -I/opt/open2x/gcc-4.1.1-glibc-2.3.6/include/sdl  conftest.c >&5
configure:2631: $? = 0
configure:2635: test -z 
			 || test ! -s conftest.err
configure:2638: $? = 0
configure:2641: test -s conftest.o
configure:2644: $? = 0
configure:2657: result: yes
configure:2663: checking whether /opt/open2x/gcc-4.1.1-glibc-2.3.6/bin/arm-open2x-linux-gcc accepts -g
configure:2684: /opt/open2x/gcc-4.1.1-glibc-2.3.6/bin/arm-open2x-linux-gcc -c -g  conftest.c >&5
configure:2690: $? = 0
configure:2694: test -z 
			 || test ! -s conftest.err
configure:2697: $? = 0
configure:2700: test -s conftest.o
configure:2703: $? = 0
configure:2714: result: yes
configure:2731: checking for /opt/open2x/gcc-4.1.1-glibc-2.3.6/bin/arm-open2x-linux-gcc option to accept ANSI C
configure:2801: /opt/open2x/gcc-4.1.1-glibc-2.3.6/bin/arm-open2x-linux-gcc  -c -O3 -ffast-math -fomit-frame-pointer -mcpu=arm920t -I/opt/open2x/gcc-4.1.1-glibc-2.3.6/include -I/opt/open2x/gcc-4.1.1-glibc-2.3.6/include/libxml2 -I/opt/open2x/gcc-4.1.1-glibc-2.3.6/include/sdl  conftest.c >&5
configure:2807: $? = 0
configure:2811: test -z 
			 || test ! -s conftest.err
configure:2814: $? = 0
configure:2817: test -s conftest.o
configure:2820: $? = 0
configure:2838: result: none needed
configure:2856: /opt/open2x/gcc-4.1.1-glibc-2.3.6/bin/arm-open2x-linux-gcc -c -O3 -ffast-math -fomit-frame-pointer -mcpu=arm920t -I/opt/open2x/gcc-4.1.1-glibc-2.3.6/include -I/opt/open2x/gcc-4.1.1-glibc-2.3.6/include/libxml2 -I/opt/open2x/gcc-4.1.1-glibc-2.3.6/include/sdl  conftest.c >&5
conftest.c:2: error: expected '=', ',', ';', 'asm' or '__attribute__' before 'me'
configure:2862: $? = 1
configure: failed program was:
| #ifndef __cplusplus
|   choke me
| #endif
configure:2997: checking dependency style of /opt/open2x/gcc-4.1.1-glibc-2.3.6/bin/arm-open2x-linux-gcc
configure:3087: result: gcc3
configure:3115: checking for ld used by GCC
configure:3172: result: /opt/open2x/gcc-4.1.1-glibc-2.3.6/arm-open2x-linux/bin/ld
configure:3181: checking if the linker (/opt/open2x/gcc-4.1.1-glibc-2.3.6/arm-open2x-linux/bin/ld) is GNU ld
GNU ld version 2.16.1
configure:3193: result: yes
configure:3197: checking for BSD-compatible nm
configure:3231: result: /usr/bin/nm -B
configure:3234: checking whether ln -s works
configure:3238: result: yes
ltconfig:603: checking for object suffix
ltconfig:604: /opt/open2x/gcc-4.1.1-glibc-2.3.6/bin/arm-open2x-linux-gcc -c -O3 -ffast-math -fomit-frame-pointer -mcpu=arm920t -I/opt/open2x/gcc-4.1.1-glibc-2.3.6/include -I/opt/open2x/gcc-4.1.1-glibc-2.3.6/include/libxml2 -I/opt/open2x/gcc-4.1.1-glibc-2.3.6/include/sdl  conftest.c 1>&5
ltconfig:629: checking for executable suffix
ltconfig:630: /opt/open2x/gcc-4.1.1-glibc-2.3.6/bin/arm-open2x-linux-gcc -o conftest -O3 -ffast-math -fomit-frame-pointer -mcpu=arm920t -I/opt/open2x/gcc-4.1.1-glibc-2.3.6/include -I/opt/open2x/gcc-4.1.1-glibc-2.3.6/include/libxml2 -I/opt/open2x/gcc-4.1.1-glibc-2.3.6/include/sdl  -L/opt/open2x/gcc-4.1.1-glibc-2.3.6/lib conftest.c  1>&5
ltconfig:776: checking if /opt/open2x/gcc-4.1.1-glibc-2.3.6/bin/arm-open2x-linux-gcc PIC flag -fPIC works
ltconfig:777: /opt/open2x/gcc-4.1.1-glibc-2.3.6/bin/arm-open2x-linux-gcc -c -O3 -ffast-math -fomit-frame-pointer -mcpu=arm920t -I/opt/open2x/gcc-4.1.1-glibc-2.3.6/include -I/opt/open2x/gcc-4.1.1-glibc-2.3.6/include/libxml2 -I/opt/open2x/gcc-4.1.1-glibc-2.3.6/include/sdl -fPIC -DPIC  conftest.c 1>&5
ltconfig:829: checking if /opt/open2x/gcc-4.1.1-glibc-2.3.6/bin/arm-open2x-linux-gcc supports -c -o file.o
ltconfig:830: /opt/open2x/gcc-4.1.1-glibc-2.3.6/bin/arm-open2x-linux-gcc -c -O3 -ffast-math -fomit-frame-pointer -mcpu=arm920t -I/opt/open2x/gcc-4.1.1-glibc-2.3.6/include -I/opt/open2x/gcc-4.1.1-glibc-2.3.6/include/libxml2 -I/opt/open2x/gcc-4.1.1-glibc-2.3.6/include/sdl -o out/conftest2.o  conftest.c 1>&5
ltconfig:862: checking if /opt/open2x/gcc-4.1.1-glibc-2.3.6/bin/arm-open2x-linux-gcc supports -c -o file.lo
ltconfig:863: /opt/open2x/gcc-4.1.1-glibc-2.3.6/bin/arm-open2x-linux-gcc -c -O3 -ffast-math -fomit-frame-pointer -mcpu=arm920t -I/opt/open2x/gcc-4.1.1-glibc-2.3.6/include -I/opt/open2x/gcc-4.1.1-glibc-2.3.6/include/libxml2 -I/opt/open2x/gcc-4.1.1-glibc-2.3.6/include/sdl -c -o conftest.lo  conftest.c 1>&5
ltconfig:914: checking if /opt/open2x/gcc-4.1.1-glibc-2.3.6/bin/arm-open2x-linux-gcc supports -fno-rtti -fno-exceptions
ltconfig:915: /opt/open2x/gcc-4.1.1-glibc-2.3.6/bin/arm-open2x-linux-gcc -c -O3 -ffast-math -fomit-frame-pointer -mcpu=arm920t -I/opt/open2x/gcc-4.1.1-glibc-2.3.6/include -I/opt/open2x/gcc-4.1.1-glibc-2.3.6/include/libxml2 -I/opt/open2x/gcc-4.1.1-glibc-2.3.6/include/sdl -fno-rtti -fno-exceptions -c conftest.c  conftest.c 1>&5
ltconfig:958: checking if /opt/open2x/gcc-4.1.1-glibc-2.3.6/bin/arm-open2x-linux-gcc static flag -static works
ltconfig:959: /opt/open2x/gcc-4.1.1-glibc-2.3.6/bin/arm-open2x-linux-gcc -o conftest -O3 -ffast-math -fomit-frame-pointer -mcpu=arm920t -I/opt/open2x/gcc-4.1.1-glibc-2.3.6/include -I/opt/open2x/gcc-4.1.1-glibc-2.3.6/include/libxml2 -I/opt/open2x/gcc-4.1.1-glibc-2.3.6/include/sdl  -L/opt/open2x/gcc-4.1.1-glibc-2.3.6/lib -static conftest.c  1>&5
GNU ld version 2.16.1
ltconfig:1653: checking if global_symbol_pipe works
ltconfig:1654: /opt/open2x/gcc-4.1.1-glibc-2.3.6/bin/arm-open2x-linux-gcc -c -O3 -ffast-math -fomit-frame-pointer -mcpu=arm920t -I/opt/open2x/gcc-4.1.1-glibc-2.3.6/include -I/opt/open2x/gcc-4.1.1-glibc-2.3.6/include/libxml2 -I/opt/open2x/gcc-4.1.1-glibc-2.3.6/include/sdl  conftest.c 1>&5
ltconfig:1657: eval "/usr/bin/nm -B conftest.o | sed -n -e 's/^.*[ 	]\([ABCDGISTW]\)[ 	][ 	]*\(\)\([_A-Za-z][_A-Za-z0-9]*\)$/\1 \2\3 \3/p' > conftest.nm"
ltconfig:1709: /opt/open2x/gcc-4.1.1-glibc-2.3.6/bin/arm-open2x-linux-gcc -o conftest -O3 -ffast-math -fomit-frame-pointer -mcpu=arm920t -I/opt/open2x/gcc-4.1.1-glibc-2.3.6/include -I/opt/open2x/gcc-4.1.1-glibc-2.3.6/include/libxml2 -I/opt/open2x/gcc-4.1.1-glibc-2.3.6/include/sdl -fno-builtin  -L/opt/open2x/gcc-4.1.1-glibc-2.3.6/lib conftest.c conftstm.o 1>&5
configure:3459: checking whether make sets $(MAKE)
configure:3479: result: yes
configure:3496: checking for arm-open2x-linux-gcc
configure:3522: result: /opt/open2x/gcc-4.1.1-glibc-2.3.6/bin/arm-open2x-linux-gcc
configure:3804: checking for C compiler version
configure:3807: /opt/open2x/gcc-4.1.1-glibc-2.3.6/bin/arm-open2x-linux-gcc --version </dev/null >&5
arm-open2x-linux-gcc (GCC) 4.1.1
Copyright (C) 2006 Free Software Foundation, Inc.
This is free software; see the source for copying conditions.  There is NO
warranty; not even for MERCHANTABILITY or FITNESS FOR A PARTICULAR PURPOSE.

configure:3810: $? = 0
configure:3812: /opt/open2x/gcc-4.1.1-glibc-2.3.6/bin/arm-open2x-linux-gcc -v </dev/null >&5
Using built-in specs.
Target: arm-open2x-linux
Configured with: /storage/file-store/Projects/GP2X/crosstool-0.43/build/arm-open2x-linux/gcc-4.1.1-glibc-2.3.6/gcc-4.1.1/configure --target=arm-open2x-linux --host=i686-host_pc-linux-gnu --prefix=/opt/open2x/gcc-4.1.1-glibc-2.3.6/arm-open2x-linux --with-float=soft --with-cpu=arm920t --enable-cxx-flags=-mcpu=arm920t --with-headers=/opt/open2x/gcc-4.1.1-glibc-2.3.6/arm-open2x-linux/arm-open2x-linux/include --with-local-prefix=/opt/open2x/gcc-4.1.1-glibc-2.3.6/arm-open2x-linux/arm-open2x-linux --disable-nls --enable-threads=posix --enable-symvers=gnu --enable-__cxa_atexit --enable-languages=c,c++ --enable-shared --enable-c99 --enable-long-long
Thread model: posix
gcc version 4.1.1
configure:3815: $? = 0
configure:3817: /opt/open2x/gcc-4.1.1-glibc-2.3.6/bin/arm-open2x-linux-gcc -V </dev/null >&5
arm-open2x-linux-gcc: '-V' option must have argument
configure:3820: $? = 1
configure:3823: checking whether we are using the GNU C compiler
configure:3879: result: yes
configure:3885: checking whether /opt/open2x/gcc-4.1.1-glibc-2.3.6/bin/arm-open2x-linux-gcc accepts -g
configure:3936: result: yes
configure:3953: checking for /opt/open2x/gcc-4.1.1-glibc-2.3.6/bin/arm-open2x-linux-gcc option to accept ANSI C
configure:4060: result: none needed
configure:4078: /opt/open2x/gcc-4.1.1-glibc-2.3.6/bin/arm-open2x-linux-gcc -c -O3 -ffast-math -fomit-frame-pointer -mcpu=arm920t -I/opt/open2x/gcc-4.1.1-glibc-2.3.6/include -I/opt/open2x/gcc-4.1.1-glibc-2.3.6/include/libxml2 -I/opt/open2x/gcc-4.1.1-glibc-2.3.6/include/sdl  conftest.c >&5
conftest.c:2: error: expected '=', ',', ';', 'asm' or '__attribute__' before 'me'
configure:4084: $? = 1
configure: failed program was:
| #ifndef __cplusplus
|   choke me
| #endif
configure:4219: checking dependency style of /opt/open2x/gcc-4.1.1-glibc-2.3.6/bin/arm-open2x-linux-gcc
configure:4309: result: gcc3
configure:4336: checking for arm-open2x-linux-g++
configure:4362: result: /opt/open2x/gcc-4.1.1-glibc-2.3.6/bin/arm-open2x-linux-g++
configure:4420: checking for C++ compiler version
configure:4423: /opt/open2x/gcc-4.1.1-glibc-2.3.6/bin/arm-open2x-linux-g++ --version </dev/null >&5
arm-open2x-linux-g++ (GCC) 4.1.1
Copyright (C) 2006 Free Software Foundation, Inc.
This is free software; see the source for copying conditions.  There is NO
warranty; not even for MERCHANTABILITY or FITNESS FOR A PARTICULAR PURPOSE.

configure:4426: $? = 0
configure:4428: /opt/open2x/gcc-4.1.1-glibc-2.3.6/bin/arm-open2x-linux-g++ -v </dev/null >&5
Using built-in specs.
Target: arm-open2x-linux
Configured with: /storage/file-store/Projects/GP2X/crosstool-0.43/build/arm-open2x-linux/gcc-4.1.1-glibc-2.3.6/gcc-4.1.1/configure --target=arm-open2x-linux --host=i686-host_pc-linux-gnu --prefix=/opt/open2x/gcc-4.1.1-glibc-2.3.6/arm-open2x-linux --with-float=soft --with-cpu=arm920t --enable-cxx-flags=-mcpu=arm920t --with-headers=/opt/open2x/gcc-4.1.1-glibc-2.3.6/arm-open2x-linux/arm-open2x-linux/include --with-local-prefix=/opt/open2x/gcc-4.1.1-glibc-2.3.6/arm-open2x-linux/arm-open2x-linux --disable-nls --enable-threads=posix --enable-symvers=gnu --enable-__cxa_atexit --enable-languages=c,c++ --enable-shared --enable-c99 --enable-long-long
Thread model: posix
gcc version 4.1.1
configure:4431: $? = 0
configure:4433: /opt/open2x/gcc-4.1.1-glibc-2.3.6/bin/arm-open2x-linux-g++ -V </dev/null >&5
arm-open2x-linux-g++: '-V' option must have argument
configure:4436: $? = 1
configure:4439: checking whether we are using the GNU C++ compiler
configure:4463: /opt/open2x/gcc-4.1.1-glibc-2.3.6/bin/arm-open2x-linux-g++ -c   conftest.cc >&5
configure:4469: $? = 0
configure:4473: test -z 
			 || test ! -s conftest.err
configure:4476: $? = 0
configure:4479: test -s conftest.o
configure:4482: $? = 0
configure:4495: result: yes
configure:4501: checking whether /opt/open2x/gcc-4.1.1-glibc-2.3.6/bin/arm-open2x-linux-g++ accepts -g
configure:4522: /opt/open2x/gcc-4.1.1-glibc-2.3.6/bin/arm-open2x-linux-g++ -c -g  conftest.cc >&5
configure:4528: $? = 0
configure:4532: test -z 
			 || test ! -s conftest.err
configure:4535: $? = 0
configure:4538: test -s conftest.o
configure:4541: $? = 0
configure:4552: result: yes
configure:4594: /opt/open2x/gcc-4.1.1-glibc-2.3.6/bin/arm-open2x-linux-g++ -c -g -O2  conftest.cc >&5
configure:4600: $? = 0
configure:4604: test -z 
			 || test ! -s conftest.err
configure:4607: $? = 0
configure:4610: test -s conftest.o
configure:4613: $? = 0
configure:4639: /opt/open2x/gcc-4.1.1-glibc-2.3.6/bin/arm-open2x-linux-g++ -c -g -O2  conftest.cc >&5
conftest.cc: In function 'int main()':
conftest.cc:15: error: 'exit' was not declared in this scope
configure:4645: $? = 1
configure: failed program was:
| /* confdefs.h.  */
| 
| #define PACKAGE_NAME ""
| #define PACKAGE_TARNAME ""
| #define PACKAGE_VERSION ""
| #define PACKAGE_STRING ""
| #define PACKAGE_BUGREPORT ""
| #define PACKAGE "SDL_gfx"
| #define VERSION "2.0.16"
| /* end confdefs.h.  */
| 
| int
| main ()
| {
| exit (42);
|   ;
|   return 0;
| }
configure:4594: /opt/open2x/gcc-4.1.1-glibc-2.3.6/bin/arm-open2x-linux-g++ -c -g -O2  conftest.cc >&5
configure:4600: $? = 0
configure:4604: test -z 
			 || test ! -s conftest.err
configure:4607: $? = 0
configure:4610: test -s conftest.o
configure:4613: $? = 0
configure:4639: /opt/open2x/gcc-4.1.1-glibc-2.3.6/bin/arm-open2x-linux-g++ -c -g -O2  conftest.cc >&5
configure:4645: $? = 0
configure:4649: test -z 
			 || test ! -s conftest.err
configure:4652: $? = 0
configure:4655: test -s conftest.o
configure:4658: $? = 0
configure:4683: checking dependency style of /opt/open2x/gcc-4.1.1-glibc-2.3.6/bin/arm-open2x-linux-g++
configure:4773: result: gcc3
configure:4803: checking for a BSD-compatible install
configure:4858: result: /usr/bin/install -c
configure:4870: checking for an ANSI C-conforming const
configure:4937: /opt/open2x/gcc-4.1.1-glibc-2.3.6/bin/arm-open2x-linux-gcc -c -O3 -ffast-math -fomit-frame-pointer -mcpu=arm920t -I/opt/open2x/gcc-4.1.1-glibc-2.3.6/include -I/opt/open2x/gcc-4.1.1-glibc-2.3.6/include/libxml2 -I/opt/open2x/gcc-4.1.1-glibc-2.3.6/include/sdl  conftest.c >&5
configure:4943: $? = 0
configure:4947: test -z 
			 || test ! -s conftest.err
configure:4950: $? = 0
configure:4953: test -s conftest.o
configure:4956: $? = 0
configure:4967: result: yes
configure:5019: checking how to run the C preprocessor
configure:5054: /opt/open2x/gcc-4.1.1-glibc-2.3.6/bin/arm-open2x-linux-gcc -E  conftest.c
configure:5060: $? = 0
configure:5092: /opt/open2x/gcc-4.1.1-glibc-2.3.6/bin/arm-open2x-linux-gcc -E  conftest.c
conftest.c:14:28: error: ac_nonexistent.h: No such file or directory
configure:5098: $? = 1
configure: failed program was:
| /* confdefs.h.  */
| 
| #define PACKAGE_NAME ""
| #define PACKAGE_TARNAME ""
| #define PACKAGE_VERSION ""
| #define PACKAGE_STRING ""
| #define PACKAGE_BUGREPORT ""
| #define PACKAGE "SDL_gfx"
| #define VERSION "2.0.16"
| #ifdef __cplusplus
| extern "C" void std::exit (int) throw (); using std::exit;
| #endif
| /* end confdefs.h.  */
| #include <ac_nonexistent.h>
configure:5137: result: /opt/open2x/gcc-4.1.1-glibc-2.3.6/bin/arm-open2x-linux-gcc -E
configure:5161: /opt/open2x/gcc-4.1.1-glibc-2.3.6/bin/arm-open2x-linux-gcc -E  conftest.c
configure:5167: $? = 0
configure:5199: /opt/open2x/gcc-4.1.1-glibc-2.3.6/bin/arm-open2x-linux-gcc -E  conftest.c
conftest.c:14:28: error: ac_nonexistent.h: No such file or directory
configure:5205: $? = 1
configure: failed program was:
| /* confdefs.h.  */
| 
| #define PACKAGE_NAME ""
| #define PACKAGE_TARNAME ""
| #define PACKAGE_VERSION ""
| #define PACKAGE_STRING ""
| #define PACKAGE_BUGREPORT ""
| #define PACKAGE "SDL_gfx"
| #define VERSION "2.0.16"
| #ifdef __cplusplus
| extern "C" void std::exit (int) throw (); using std::exit;
| #endif
| /* end confdefs.h.  */
| #include <ac_nonexistent.h>
configure:5249: checking for X
configure:5354: /opt/open2x/gcc-4.1.1-glibc-2.3.6/bin/arm-open2x-linux-gcc -E  conftest.c
conftest.c:14:27: error: X11/Intrinsic.h: No such file or directory
configure:5360: $? = 1
configure: failed program was:
| /* confdefs.h.  */
| 
| #define PACKAGE_NAME ""
| #define PACKAGE_TARNAME ""
| #define PACKAGE_VERSION ""
| #define PACKAGE_STRING ""
| #define PACKAGE_BUGREPORT ""
| #define PACKAGE "SDL_gfx"
| #define VERSION "2.0.16"
| #ifdef __cplusplus
| extern "C" void std::exit (int) throw (); using std::exit;
| #endif
| /* end confdefs.h.  */
| #include <X11/Intrinsic.h>
configure:5410: /opt/open2x/gcc-4.1.1-glibc-2.3.6/bin/arm-open2x-linux-gcc -o conftest -O3 -ffast-math -fomit-frame-pointer -mcpu=arm920t -I/opt/open2x/gcc-4.1.1-glibc-2.3.6/include -I/opt/open2x/gcc-4.1.1-glibc-2.3.6/include/libxml2 -I/opt/open2x/gcc-4.1.1-glibc-2.3.6/include/sdl  -L/opt/open2x/gcc-4.1.1-glibc-2.3.6/lib conftest.c -lXt  >&5
conftest.c:14:27: error: X11/Intrinsic.h: No such file or directory
configure:5416: $? = 1
configure: failed program was:
| /* confdefs.h.  */
| 
| #define PACKAGE_NAME ""
| #define PACKAGE_TARNAME ""
| #define PACKAGE_VERSION ""
| #define PACKAGE_STRING ""
| #define PACKAGE_BUGREPORT ""
| #define PACKAGE "SDL_gfx"
| #define VERSION "2.0.16"
| #ifdef __cplusplus
| extern "C" void std::exit (int) throw (); using std::exit;
| #endif
| /* end confdefs.h.  */
| #include <X11/Intrinsic.h>
| int
| main ()
| {
| XtMalloc (0)
|   ;
|   return 0;
| }
configure:5469: result: no
configure:6693: checking for sdl-config
configure:6724: result: /opt/open2x/gcc-4.1.1-glibc-2.3.6/bin/sdl-config
configure:6732: checking for SDL - version >= 1.2.0
configure:6848: result: yes
configure:7100: creating ./config.status

## ---------------------- ##
## Running config.status. ##
## ---------------------- ##

This file was extended by config.status, which was
generated by GNU Autoconf 2.59.  Invocation command line was

  CONFIG_FILES    = 
  CONFIG_HEADERS  = 
  CONFIG_LINKS    = 
  CONFIG_COMMANDS = 
  $ ./config.status 

on The-Alchemist

config.status:719: creating Makefile
config.status:902: executing depfiles commands

## ---------------- ##
## Cache variables. ##
## ---------------- ##

ac_cv_build=i686-pc-none
ac_cv_build_alias=i686
ac_cv_c_compiler_gnu=yes
ac_cv_c_const=yes
ac_cv_cxx_compiler_gnu=yes
ac_cv_env_CC_set=set
ac_cv_env_CC_value=/opt/open2x/gcc-4.1.1-glibc-2.3.6/bin/arm-open2x-linux-gcc
ac_cv_env_CFLAGS_set=set
ac_cv_env_CFLAGS_value='-O3 -ffast-math -fomit-frame-pointer -mcpu=arm920t -I/opt/open2x/gcc-4.1.1-glibc-2.3.6/include -I/opt/open2x/gcc-4.1.1-glibc-2.3.6/include/libxml2 -I/opt/open2x/gcc-4.1.1-glibc-2.3.6/include/sdl'
ac_cv_env_CPPFLAGS_set=
ac_cv_env_CPPFLAGS_value=
ac_cv_env_CPP_set=
ac_cv_env_CPP_value=
ac_cv_env_CXXFLAGS_set=
ac_cv_env_CXXFLAGS_value=
ac_cv_env_CXX_set=set
ac_cv_env_CXX_value=/opt/open2x/gcc-4.1.1-glibc-2.3.6/bin/arm-open2x-linux-g++
ac_cv_env_LDFLAGS_set=set
ac_cv_env_LDFLAGS_value=-L/opt/open2x/gcc-4.1.1-glibc-2.3.6/lib
ac_cv_env_build_alias_set=set
ac_cv_env_build_alias_value=i686
ac_cv_env_host_alias_set=set
ac_cv_env_host_alias_value=arm-open2x-linux
ac_cv_env_target_alias_set=
ac_cv_env_target_alias_value=
ac_cv_exeext=
ac_cv_have_x=have_x=no
ac_cv_host=arm-open2x-linux
ac_cv_host_alias=arm-open2x-linux
ac_cv_objext=o
ac_cv_path_LD=/opt/open2x/gcc-4.1.1-glibc-2.3.6/arm-open2x-linux/bin/ld
ac_cv_path_NM='/usr/bin/nm -B'
ac_cv_path_SDL_CONFIG=/opt/open2x/gcc-4.1.1-glibc-2.3.6/bin/sdl-config
ac_cv_path_install='/usr/bin/install -c'
ac_cv_prog_AWK=mawk
ac_cv_prog_CC=/opt/open2x/gcc-4.1.1-glibc-2.3.6/bin/arm-open2x-linux-gcc
ac_cv_prog_CPP='/opt/open2x/gcc-4.1.1-glibc-2.3.6/bin/arm-open2x-linux-gcc -E'
ac_cv_prog_CXX=/opt/open2x/gcc-4.1.1-glibc-2.3.6/bin/arm-open2x-linux-g++
ac_cv_prog_RANLIB=/opt/open2x/gcc-4.1.1-glibc-2.3.6/bin/arm-open2x-linux-ranlib
ac_cv_prog_STRIP=arm-open2x-linux-strip
ac_cv_prog_cc_g=yes
ac_cv_prog_cc_stdc=
ac_cv_prog_cxx_g=yes
ac_cv_prog_gnu_ld=yes
ac_cv_prog_make_make_set=yes
ac_cv_target=arm-open2x-linux
ac_cv_target_alias=arm-open2x-linux
am_cv_CC_dependencies_compiler_type=gcc3
am_cv_CXX_dependencies_compiler_type=gcc3

## ----------------- ##
## Output variables. ##
## ----------------- ##

ACLOCAL='${SHELL} /storage/file-store/Projects/GP2X/open2x-svn/libs/SDL_gfx-2.0.16/missing --run aclocal-1.9'
AMDEPBACKSLASH='\'
AMDEP_FALSE='#'
AMDEP_TRUE=''
AMTAR='${SHELL} /storage/file-store/Projects/GP2X/open2x-svn/libs/SDL_gfx-2.0.16/missing --run tar'
AUTOCONF='${SHELL} /storage/file-store/Projects/GP2X/open2x-svn/libs/SDL_gfx-2.0.16/missing --run autoconf'
AUTOHEADER='${SHELL} /storage/file-store/Projects/GP2X/open2x-svn/libs/SDL_gfx-2.0.16/missing --run autoheader'
AUTOMAKE='${SHELL} /storage/file-store/Projects/GP2X/open2x-svn/libs/SDL_gfx-2.0.16/missing --run automake-1.9'
AWK='mawk'
BINARY_AGE='16'
CC='/opt/open2x/gcc-4.1.1-glibc-2.3.6/bin/arm-open2x-linux-gcc'
CCDEPMODE='depmode=gcc3'
CFLAGS='-O3 -ffast-math -fomit-frame-pointer -mcpu=arm920t -I/opt/open2x/gcc-4.1.1-glibc-2.3.6/include -I/opt/open2x/gcc-4.1.1-glibc-2.3.6/include/libxml2 -I/opt/open2x/gcc-4.1.1-glibc-2.3.6/include/sdl -I/opt/open2x/gcc-4.1.1-glibc-2.3.6/include/SDL -D_REENTRANT'
CPP='/opt/open2x/gcc-4.1.1-glibc-2.3.6/bin/arm-open2x-linux-gcc -E'
CPPFLAGS=''
CXX='/opt/open2x/gcc-4.1.1-glibc-2.3.6/bin/arm-open2x-linux-g++'
CXXDEPMODE='depmode=gcc3'
CXXFLAGS='-g -O2'
CYGPATH_W='echo'
DEFS='-DPACKAGE_NAME=\"\" -DPACKAGE_TARNAME=\"\" -DPACKAGE_VERSION=\"\" -DPACKAGE_STRING=\"\" -DPACKAGE_BUGREPORT=\"\" -DPACKAGE=\"SDL_gfx\" -DVERSION=\"2.0.16\" -DX_DISPLAY_MISSING=1 '
DEPDIR='.deps'
ECHO_C=''
ECHO_N='-n'
ECHO_T=''
EXEEXT=''
INSTALL_DATA='${INSTALL} -m 644'
INSTALL_PROGRAM='${INSTALL}'
INSTALL_SCRIPT='${INSTALL}'
INSTALL_STRIP_PROGRAM='${SHELL} $(install_sh) -c -s'
INTERFACE_AGE='16'
LDFLAGS='-L/opt/open2x/gcc-4.1.1-glibc-2.3.6/lib'
LIBOBJS=''
LIBS=' -lm -L/opt/open2x/gcc-4.1.1-glibc-2.3.6/lib -Wl,-rpath,/opt/open2x/gcc-4.1.1-glibc-2.3.6/lib -lSDL -lpthread'
LIBTOOL='$(SHELL) $(top_builddir)/libtool'
LN_S='ln -s'
LTLIBOBJS=''
LT_AGE='0'
LT_CURRENT='0'
LT_RELEASE='2.0'
LT_REVISION='16'
MAJOR_VERSION='2'
MAKEINFO='${SHELL} /storage/file-store/Projects/GP2X/open2x-svn/libs/SDL_gfx-2.0.16/missing --run makeinfo'
MATHLIB='-lm'
MICRO_VERSION='16'
MINOR_VERSION='0'
OBJEXT='o'
PACKAGE='SDL_gfx'
PACKAGE_BUGREPORT=''
PACKAGE_NAME=''
PACKAGE_STRING=''
PACKAGE_TARNAME=''
PACKAGE_VERSION=''
PATH_SEPARATOR=':'
RANLIB='/opt/open2x/gcc-4.1.1-glibc-2.3.6/bin/arm-open2x-linux-ranlib'
SDL_CFLAGS='-I/opt/open2x/gcc-4.1.1-glibc-2.3.6/include/SDL -D_REENTRANT'
SDL_CONFIG='/opt/open2x/gcc-4.1.1-glibc-2.3.6/bin/sdl-config'
SDL_LIBS='-L/opt/open2x/gcc-4.1.1-glibc-2.3.6/lib -Wl,-rpath,/opt/open2x/gcc-4.1.1-glibc-2.3.6/lib -lSDL -lpthread'
SET_MAKE=''
SHELL='/bin/bash'
STRIP='arm-open2x-linux-strip'
VERSION='2.0.16'
X_CFLAGS=''
X_EXTRA_LIBS=''
X_LIBS=''
X_PRE_LIBS=''
ac_ct_CC=''
ac_ct_CXX=''
ac_ct_RANLIB=''
ac_ct_STRIP=''
am__fastdepCC_FALSE='#'
am__fastdepCC_TRUE=''
am__fastdepCXX_FALSE='#'
am__fastdepCXX_TRUE=''
am__include='include'
am__leading_dot='.'
am__quote=''
am__tar='${AMTAR} chof - "$$tardir"'
am__untar='${AMTAR} xf -'
bindir='${exec_prefix}/bin'
build='i686-pc-none'
build_alias='i686'
build_cpu='i686'
build_os='none'
build_vendor='pc'
datadir='${prefix}/share'
exec_prefix='${prefix}'
host='arm-open2x-linux'
host_alias='arm-open2x-linux'
host_cpu='arm'
host_os='linux'
host_vendor='open2x'
includedir='${prefix}/include'
infodir='${prefix}/info'
install_sh='/storage/file-store/Projects/GP2X/open2x-svn/libs/SDL_gfx-2.0.16/install-sh'
libdir='${exec_prefix}/lib'
libexecdir='${exec_prefix}/libexec'
localstatedir='${prefix}/var'
mandir='${prefix}/man'
mkdir_p='mkdir -p --'
oldincludedir='/usr/include'
prefix='/opt/open2x/gcc-4.1.1-glibc-2.3.6'
program_transform_name='s,x,x,'
sbindir='${exec_prefix}/sbin'
sharedstatedir='${prefix}/com'
sysconfdir='${prefix}/etc'
target='arm-open2x-linux'
target_alias=''
target_cpu='arm'
target_os='linux'
target_vendor='open2x'

## ----------- ##
## confdefs.h. ##
## ----------- ##

#define PACKAGE "SDL_gfx"
#define PACKAGE_BUGREPORT ""
#define PACKAGE_NAME ""
#define PACKAGE_STRING ""
#define PACKAGE_TARNAME ""
#define PACKAGE_VERSION ""
#define VERSION "2.0.16"
#define X_DISPLAY_MISSING 1
#endif
#ifdef __cplusplus
extern "C" void std::exit (int) throw (); using std::exit;

configure: exit 0
