This file contains any messages produced by compilers while
running configure, to aid debugging if configure makes a mistake.

It was created by ID3 Tag configure 0.15.1b, which was
generated by GNU Autoconf 2.59.  Invocation command line was

  $ ./configure --host=arm-linux --enable-shared --prefix=/home/depss/DEPSS/library/image

## --------- ##
## Platform. ##
## --------- ##

hostname = depss
uname -m = i686
uname -r = 2.4.20-8
uname -s = Linux
uname -v = #1 Thu Mar 13 17:54:28 EST 2003

/usr/bin/uname -p = unknown
/bin/uname -X     = unknown

/bin/arch              = i686
/usr/bin/arch -k       = unknown
/usr/convex/getsysinfo = unknown
hostinfo               = unknown
/bin/machine           = unknown
/usr/bin/oslevel       = unknown
/bin/universe          = unknown

PATH: /home/depss/DEPSS/user/qt-embedded/bin
PATH: /home/depss/DEPSS/user/qt-embedded/bin
PATH: /usr/kerberos/bin
PATH: /usr/local/bin
PATH: /usr/bin
PATH: /bin
PATH: /usr/X11R6/bin
PATH: /usr/local/arm-linux/bin
PATH: /usr/local/arm-elf/bin
PATH: /home/depss/bin
PATH: /home/depss/bin


## ----------- ##
## Core tests. ##
## ----------- ##

configure:1559: checking for a BSD-compatible install
configure:1614: result: /usr/bin/install -c
configure:1625: checking whether build environment is sane
configure:1668: result: yes
configure:1725: checking for gawk
configure:1741: found /usr/bin/gawk
configure:1751: result: gawk
configure:1761: checking whether make sets $(MAKE)
configure:1781: result: yes
configure:1860: checking for arm-linux-strip
configure:1876: found /usr/local/arm-linux/bin/arm-linux-strip
configure:1886: result: arm-linux-strip
configure:1956: checking build system type
configure:1974: result: i686-pc-linux-gnu
configure:1982: checking host system type
configure:1996: result: arm-unknown-linux-gnu
configure:2014: checking for arm-linux-gcc
configure:2030: found /usr/local/arm-linux/bin/arm-linux-gcc
configure:2040: result: arm-linux-gcc
configure:2322: checking for C compiler version
configure:2325: arm-linux-gcc --version </dev/null >&5
2.95.3
configure:2328: $? = 0
configure:2330: arm-linux-gcc -v </dev/null >&5
Reading specs from /usr/local/arm-linux/lib/gcc-lib/arm-linux/2.95.3/specs
gcc version 2.95.3 20010315 (release)
configure:2333: $? = 0
configure:2335: arm-linux-gcc -V </dev/null >&5
arm-linux-gcc: argument to `-V' is missing
configure:2338: $? = 1
configure:2361: checking for C compiler default output file name
configure:2364: arm-linux-gcc  -I/home/depss/DEPSS/library/image/include -L/home/depss/DEPSS/library/image/lib conftest.c  >&5
configure:2367: $? = 0
configure:2413: result: a.out
configure:2418: checking whether the C compiler works
configure:2424: ./a.out
./configure: line 1: ./a.out: cannot execute binary file
configure:2427: $? = 126
configure:2444: result: yes
configure:2451: checking whether we are cross compiling
configure:2453: result: yes
configure:2456: checking for suffix of executables
configure:2458: arm-linux-gcc -o conftest  -I/home/depss/DEPSS/library/image/include -L/home/depss/DEPSS/library/image/lib conftest.c  >&5
configure:2461: $? = 0
configure:2486: result: 
configure:2492: checking for suffix of object files
configure:2513: arm-linux-gcc -c  -I/home/depss/DEPSS/library/image/include conftest.c >&5
configure:2516: $? = 0
configure:2538: result: o
configure:2542: checking whether we are using the GNU C compiler
configure:2566: arm-linux-gcc -c  -I/home/depss/DEPSS/library/image/include conftest.c >&5
configure:2572: $? = 0
configure:2575: test -z 			 || test ! -s conftest.err
configure:2578: $? = 0
configure:2581: test -s conftest.o
configure:2584: $? = 0
configure:2597: result: yes
configure:2603: checking whether arm-linux-gcc accepts -g
configure:2624: arm-linux-gcc -c -g -I/home/depss/DEPSS/library/image/include conftest.c >&5
configure:2630: $? = 0
configure:2633: test -z 			 || test ! -s conftest.err
configure:2636: $? = 0
configure:2639: test -s conftest.o
configure:2642: $? = 0
configure:2653: result: yes
configure:2670: checking for arm-linux-gcc option to accept ANSI C
configure:2740: arm-linux-gcc  -c -g -O2 -I/home/depss/DEPSS/library/image/include conftest.c >&5
configure:2746: $? = 0
configure:2749: test -z 			 || test ! -s conftest.err
configure:2752: $? = 0
configure:2755: test -s conftest.o
configure:2758: $? = 0
configure:2776: result: none needed
configure:2794: arm-linux-gcc -c -g -O2 -I/home/depss/DEPSS/library/image/include conftest.c >&5
conftest.c:2: parse error before `me'
configure:2800: $? = 1
configure: failed program was:
| #ifndef __cplusplus
|   choke me
| #endif
configure:2941: checking for style of include used by make
configure:2969: result: GNU
configure:2997: checking dependency style of arm-linux-gcc
configure:3080: result: gcc
configure:3185: checking for a sed that does not truncate output
configure:3239: result: /bin/sed
configure:3242: checking for egrep
configure:3252: result: grep -E
configure:3268: checking for ld used by arm-linux-gcc
configure:3335: result: /usr/local/arm-linux/arm-linux/bin/ld
configure:3344: checking if the linker (/usr/local/arm-linux/arm-linux/bin/ld) is GNU ld
configure:3359: result: yes
configure:3364: checking for /usr/local/arm-linux/arm-linux/bin/ld option to reload object files
configure:3371: result: -r
configure:3380: checking for BSD-compatible nm
configure:3422: result: /usr/local/arm-linux/bin/arm-linux-nm -B
configure:3426: checking whether ln -s works
configure:3430: result: yes
configure:3437: checking how to recognise dependent libraries
configure:3611: result: pass_all
configure:3824: checking how to run the C preprocessor
configure:3859: arm-linux-gcc -E -I/home/depss/DEPSS/library/image/include conftest.c
configure:3865: $? = 0
configure:3897: arm-linux-gcc -E -I/home/depss/DEPSS/library/image/include conftest.c
conftest.c:11: ac_nonexistent.h: No such file or directory
configure:3903: $? = 1
configure: failed program was:
| /* confdefs.h.  */
| 
| #define PACKAGE_NAME "ID3 Tag"
| #define PACKAGE_TARNAME "libid3tag"
| #define PACKAGE_VERSION "0.15.1b"
| #define PACKAGE_STRING "ID3 Tag 0.15.1b"
| #define PACKAGE_BUGREPORT "support@underbit.com"
| #define PACKAGE "libid3tag"
| #define VERSION "0.15.1b"
| /* end confdefs.h.  */
| #include <ac_nonexistent.h>
configure:3942: result: arm-linux-gcc -E
configure:3966: arm-linux-gcc -E -I/home/depss/DEPSS/library/image/include conftest.c
configure:3972: $? = 0
configure:4004: arm-linux-gcc -E -I/home/depss/DEPSS/library/image/include conftest.c
conftest.c:11: ac_nonexistent.h: No such file or directory
configure:4010: $? = 1
configure: failed program was:
| /* confdefs.h.  */
| 
| #define PACKAGE_NAME "ID3 Tag"
| #define PACKAGE_TARNAME "libid3tag"
| #define PACKAGE_VERSION "0.15.1b"
| #define PACKAGE_STRING "ID3 Tag 0.15.1b"
| #define PACKAGE_BUGREPORT "support@underbit.com"
| #define PACKAGE "libid3tag"
| #define VERSION "0.15.1b"
| /* end confdefs.h.  */
| #include <ac_nonexistent.h>
configure:4054: checking for ANSI C header files
configure:4079: arm-linux-gcc -c -g -O2 -I/home/depss/DEPSS/library/image/include conftest.c >&5
configure:4085: $? = 0
configure:4088: test -z 			 || test ! -s conftest.err
configure:4091: $? = 0
configure:4094: test -s conftest.o
configure:4097: $? = 0
configure:4206: result: yes
configure:4230: checking for sys/types.h
configure:4246: arm-linux-gcc -c -g -O2 -I/home/depss/DEPSS/library/image/include conftest.c >&5
configure:4252: $? = 0
configure:4255: test -z 			 || test ! -s conftest.err
configure:4258: $? = 0
configure:4261: test -s conftest.o
configure:4264: $? = 0
configure:4275: result: yes
configure:4230: checking for sys/stat.h
configure:4246: arm-linux-gcc -c -g -O2 -I/home/depss/DEPSS/library/image/include conftest.c >&5
configure:4252: $? = 0
configure:4255: test -z 			 || test ! -s conftest.err
configure:4258: $? = 0
configure:4261: test -s conftest.o
configure:4264: $? = 0
configure:4275: result: yes
configure:4230: checking for stdlib.h
configure:4246: arm-linux-gcc -c -g -O2 -I/home/depss/DEPSS/library/image/include conftest.c >&5
configure:4252: $? = 0
configure:4255: test -z 			 || test ! -s conftest.err
configure:4258: $? = 0
configure:4261: test -s conftest.o
configure:4264: $? = 0
configure:4275: result: yes
configure:4230: checking for string.h
configure:4246: arm-linux-gcc -c -g -O2 -I/home/depss/DEPSS/library/image/include conftest.c >&5
configure:4252: $? = 0
configure:4255: test -z 			 || test ! -s conftest.err
configure:4258: $? = 0
configure:4261: test -s conftest.o
configure:4264: $? = 0
configure:4275: result: yes
configure:4230: checking for memory.h
configure:4246: arm-linux-gcc -c -g -O2 -I/home/depss/DEPSS/library/image/include conftest.c >&5
configure:4252: $? = 0
configure:4255: test -z 			 || test ! -s conftest.err
configure:4258: $? = 0
configure:4261: test -s conftest.o
configure:4264: $? = 0
configure:4275: result: yes
configure:4230: checking for strings.h
configure:4246: arm-linux-gcc -c -g -O2 -I/home/depss/DEPSS/library/image/include conftest.c >&5
configure:4252: $? = 0
configure:4255: test -z 			 || test ! -s conftest.err
configure:4258: $? = 0
configure:4261: test -s conftest.o
configure:4264: $? = 0
configure:4275: result: yes
configure:4230: checking for inttypes.h
configure:4246: arm-linux-gcc -c -g -O2 -I/home/depss/DEPSS/library/image/include conftest.c >&5
configure:4252: $? = 0
configure:4255: test -z 			 || test ! -s conftest.err
configure:4258: $? = 0
configure:4261: test -s conftest.o
configure:4264: $? = 0
configure:4275: result: yes
configure:4230: checking for stdint.h
configure:4246: arm-linux-gcc -c -g -O2 -I/home/depss/DEPSS/library/image/include conftest.c >&5
configure:4252: $? = 0
configure:4255: test -z 			 || test ! -s conftest.err
configure:4258: $? = 0
configure:4261: test -s conftest.o
configure:4264: $? = 0
configure:4275: result: yes
configure:4230: checking for unistd.h
configure:4246: arm-linux-gcc -c -g -O2 -I/home/depss/DEPSS/library/image/include conftest.c >&5
configure:4252: $? = 0
configure:4255: test -z 			 || test ! -s conftest.err
configure:4258: $? = 0
configure:4261: test -s conftest.o
configure:4264: $? = 0
configure:4275: result: yes
configure:4301: checking dlfcn.h usability
configure:4313: arm-linux-gcc -c -g -O2 -I/home/depss/DEPSS/library/image/include conftest.c >&5
configure:4319: $? = 0
configure:4322: test -z 			 || test ! -s conftest.err
configure:4325: $? = 0
configure:4328: test -s conftest.o
configure:4331: $? = 0
configure:4341: result: yes
configure:4345: checking dlfcn.h presence
configure:4355: arm-linux-gcc -E -I/home/depss/DEPSS/library/image/include conftest.c
configure:4361: $? = 0
configure:4381: result: yes
configure:4416: checking for dlfcn.h
configure:4423: result: yes
configure:4446: checking for arm-linux-g++
configure:4462: found /usr/local/arm-linux/bin/arm-linux-g++
configure:4472: result: arm-linux-g++
configure:4530: checking for C++ compiler version
configure:4533: arm-linux-g++ --version </dev/null >&5
2.95.3
configure:4536: $? = 0
configure:4538: arm-linux-g++ -v </dev/null >&5
Reading specs from /usr/local/arm-linux/lib/gcc-lib/arm-linux/2.95.3/specs
gcc version 2.95.3 20010315 (release)
configure:4541: $? = 0
configure:4543: arm-linux-g++ -V </dev/null >&5
arm-linux-g++: argument to `-V' missing

configure:4546: $? = 1
configure:4549: checking whether we are using the GNU C++ compiler
configure:4573: arm-linux-g++ -c  -I/home/depss/DEPSS/library/image/include conftest.cc >&5
configure:4579: $? = 0
configure:4582: test -z 			 || test ! -s conftest.err
configure:4585: $? = 0
configure:4588: test -s conftest.o
configure:4591: $? = 0
configure:4604: result: yes
configure:4610: checking whether arm-linux-g++ accepts -g
configure:4631: arm-linux-g++ -c -g -I/home/depss/DEPSS/library/image/include conftest.cc >&5
configure:4637: $? = 0
configure:4640: test -z 			 || test ! -s conftest.err
configure:4643: $? = 0
configure:4646: test -s conftest.o
configure:4649: $? = 0
configure:4660: result: yes
configure:4702: arm-linux-g++ -c -g -O2 -I/home/depss/DEPSS/library/image/include conftest.cc >&5
configure:4708: $? = 0
configure:4711: test -z 			 || test ! -s conftest.err
configure:4714: $? = 0
configure:4717: test -s conftest.o
configure:4720: $? = 0
configure:4746: arm-linux-g++ -c -g -O2 -I/home/depss/DEPSS/library/image/include conftest.cc >&5
configure:4752: $? = 0
configure:4755: test -z 			 || test ! -s conftest.err
configure:4758: $? = 0
configure:4761: test -s conftest.o
configure:4764: $? = 0
configure:4789: checking dependency style of arm-linux-g++
configure:4872: result: gcc
configure:4894: checking how to run the C++ preprocessor
configure:4925: arm-linux-g++ -E -I/home/depss/DEPSS/library/image/include conftest.cc
configure:4931: $? = 0
configure:4963: arm-linux-g++ -E -I/home/depss/DEPSS/library/image/include conftest.cc
conftest.cc:22: ac_nonexistent.h: No such file or directory
configure:4969: $? = 1
configure: failed program was:
| /* confdefs.h.  */
| 
| #define PACKAGE_NAME "ID3 Tag"
| #define PACKAGE_TARNAME "libid3tag"
| #define PACKAGE_VERSION "0.15.1b"
| #define PACKAGE_STRING "ID3 Tag 0.15.1b"
| #define PACKAGE_BUGREPORT "support@underbit.com"
| #define PACKAGE "libid3tag"
| #define VERSION "0.15.1b"
| #define STDC_HEADERS 1
| #define HAVE_SYS_TYPES_H 1
| #define HAVE_SYS_STAT_H 1
| #define HAVE_STDLIB_H 1
| #define HAVE_STRING_H 1
| #define HAVE_MEMORY_H 1
| #define HAVE_STRINGS_H 1
| #define HAVE_INTTYPES_H 1
| #define HAVE_STDINT_H 1
| #define HAVE_UNISTD_H 1
| #define HAVE_DLFCN_H 1
| /* end confdefs.h.  */
| #include <ac_nonexistent.h>
configure:5008: result: arm-linux-g++ -E
configure:5032: arm-linux-g++ -E -I/home/depss/DEPSS/library/image/include conftest.cc
configure:5038: $? = 0
configure:5070: arm-linux-g++ -E -I/home/depss/DEPSS/library/image/include conftest.cc
conftest.cc:22: ac_nonexistent.h: No such file or directory
configure:5076: $? = 1
configure: failed program was:
| /* confdefs.h.  */
| 
| #define PACKAGE_NAME "ID3 Tag"
| #define PACKAGE_TARNAME "libid3tag"
| #define PACKAGE_VERSION "0.15.1b"
| #define PACKAGE_STRING "ID3 Tag 0.15.1b"
| #define PACKAGE_BUGREPORT "support@underbit.com"
| #define PACKAGE "libid3tag"
| #define VERSION "0.15.1b"
| #define STDC_HEADERS 1
| #define HAVE_SYS_TYPES_H 1
| #define HAVE_SYS_STAT_H 1
| #define HAVE_STDLIB_H 1
| #define HAVE_STRING_H 1
| #define HAVE_MEMORY_H 1
| #define HAVE_STRINGS_H 1
| #define HAVE_INTTYPES_H 1
| #define HAVE_STDINT_H 1
| #define HAVE_UNISTD_H 1
| #define HAVE_DLFCN_H 1
| /* end confdefs.h.  */
| #include <ac_nonexistent.h>
configure:5129: checking for arm-linux-g77
configure:5158: result: no
configure:5129: checking for arm-linux-f77
configure:5158: result: no
configure:5129: checking for arm-linux-xlf
configure:5158: result: no
configure:5129: checking for arm-linux-frt
configure:5158: result: no
configure:5129: checking for arm-linux-pgf77
configure:5158: result: no
configure:5129: checking for arm-linux-fort77
configure:5158: result: no
configure:5129: checking for arm-linux-fl32
configure:5158: result: no
configure:5129: checking for arm-linux-af77
configure:5158: result: no
configure:5129: checking for arm-linux-f90
configure:5158: result: no
configure:5129: checking for arm-linux-xlf90
configure:5158: result: no
configure:5129: checking for arm-linux-pgf90
configure:5158: result: no
configure:5129: checking for arm-linux-epcf90
configure:5158: result: no
configure:5129: checking for arm-linux-f95
configure:5158: result: no
configure:5129: checking for arm-linux-fort
configure:5158: result: no
configure:5129: checking for arm-linux-xlf95
configure:5158: result: no
configure:5129: checking for arm-linux-ifc
configure:5158: result: no
configure:5129: checking for arm-linux-efc
configure:5158: result: no
configure:5129: checking for arm-linux-pgf95
configure:5158: result: no
configure:5129: checking for arm-linux-lf95
configure:5158: result: no
configure:5129: checking for arm-linux-gfortran
configure:5158: result: no
configure:5171: checking for g77
configure:5187: found /usr/bin/g77
configure:5197: result: g77
configure:5215: checking for Fortran 77 compiler version
configure:5215: g77 --version </dev/null >&5
GNU Fortran (GCC 3.2.2 20030222 (Red Hat Linux 3.2.2-5)) 3.2.2 20030222 (Red Hat Linux 3.2.2-5)
Copyright (C) 2002 Free Software Foundation, Inc.

GNU Fortran comes with NO WARRANTY, to the extent permitted by law.
You may redistribute copies of GNU Fortran
under the terms of the GNU General Public License.
For more information about these matters, see the file named COPYING
or type the command `info -f g77 Copying'.
configure:5218: $? = 0
configure:5220: g77 -v </dev/null >&5
Reading specs from /usr/lib/gcc-lib/i386-redhat-linux/3.2.2/specs
Configured with: ../configure --prefix=/usr --mandir=/usr/share/man --infodir=/usr/share/info --enable-shared --enable-threads=posix --disable-checking --with-system-zlib --enable-__cxa_atexit --host=i386-redhat-linux
Thread model: posix
gcc version 3.2.2 20030222 (Red Hat Linux 3.2.2-5)
configure:5223: $? = 0
configure:5225: g77 -V </dev/null >&5
g77: argument to `-V' missing
configure:5228: $? = 1
configure:5236: checking whether we are using the GNU Fortran 77 compiler
configure:5250: g77 -c  conftest.F >&5
configure:5256: $? = 0
configure:5259: test -z 			 || test ! -s conftest.err
configure:5262: $? = 0
configure:5265: test -s conftest.o
configure:5268: $? = 0
configure:5281: result: yes
configure:5287: checking whether g77 accepts -g
configure:5299: g77 -c -g conftest.f >&5
configure:5305: $? = 0
configure:5308: test -z 			 || test ! -s conftest.err
configure:5311: $? = 0
configure:5314: test -s conftest.o
configure:5317: $? = 0
configure:5329: result: yes
configure:5359: checking the maximum length of command line arguments
configure:5424: result: 32768
configure:5435: checking command to parse /usr/local/arm-linux/bin/arm-linux-nm -B output from arm-linux-gcc object
configure:5524: arm-linux-gcc -c -g -O2 -I/home/depss/DEPSS/library/image/include conftest.c >&5
configure:5527: $? = 0
configure:5531: /usr/local/arm-linux/bin/arm-linux-nm -B conftest.o \| sed -n -e 's/^.*[ 	]\([ABCDGIRSTW][ABCDGIRSTW]*\)[ 	][ 	]*\(\)\([_A-Za-z][_A-Za-z0-9]*\)$/\1 \2\3 \3/p' \> conftest.nm
configure:5534: $? = 0
configure:5586: arm-linux-gcc -o conftest -g -O2 -I/home/depss/DEPSS/library/image/include -L/home/depss/DEPSS/library/image/lib conftest.c conftstm.o >&5
configure:5589: $? = 0
configure:5627: result: ok
configure:5631: checking for objdir
configure:5646: result: .libs
configure:5698: checking for arm-linux-ar
configure:5714: found /usr/local/arm-linux/bin/arm-linux-ar
configure:5724: result: arm-linux-ar
configure:5778: checking for arm-linux-ranlib
configure:5794: found /usr/local/arm-linux/bin/arm-linux-ranlib
configure:5804: result: arm-linux-ranlib
configure:5858: checking for arm-linux-strip
configure:5884: result: arm-linux-strip
configure:6185: checking if arm-linux-gcc static flag  works
configure:6208: result: yes
configure:6226: checking if arm-linux-gcc supports -fno-rtti -fno-exceptions
configure:6247: arm-linux-gcc -c -g -O2 -I/home/depss/DEPSS/library/image/include -fno-rtti -fno-exceptions conftest.c >&5
configure:6251: $? = 0
configure:6259: result: yes
configure:6274: checking for arm-linux-gcc option to produce PIC
configure:6451: result: -fPIC
configure:6459: checking if arm-linux-gcc PIC flag -fPIC works
configure:6480: arm-linux-gcc -c -g -O2 -I/home/depss/DEPSS/library/image/include -fPIC -DPIC conftest.c >&5
configure:6484: $? = 0
configure:6492: result: yes
configure:6516: checking if arm-linux-gcc supports -c -o file.o
configure:6540: arm-linux-gcc -c -g -O2 -I/home/depss/DEPSS/library/image/include -o out/conftest2.o conftest.c >&5
configure:6544: $? = 0
configure:6561: result: yes
configure:6587: checking whether the arm-linux-gcc linker (/usr/local/arm-linux/arm-linux/bin/ld) supports shared libraries
configure:7433: result: yes
configure:7459: checking whether -lc should be explicitly linked in
configure:7464: arm-linux-gcc -c -g -O2 -I/home/depss/DEPSS/library/image/include conftest.c >&5
configure:7467: $? = 0
configure:7481: arm-linux-gcc -shared conftest.o  -v -Wl,-soname -Wl,conftest -o conftest 2\>\&1 \| grep  -lc  \>/dev/null 2\>\&1
configure:7484: $? = 0
configure:7496: result: no
configure:7504: checking dynamic linker characteristics
configure:8044: result: GNU/Linux ld.so
configure:8048: checking how to hardcode library paths into programs
configure:8073: result: immediate
configure:8087: checking whether stripping libraries is possible
configure:8092: result: yes
configure:8915: checking if libtool supports shared libraries
configure:8917: result: yes
configure:8920: checking whether to build shared libraries
configure:8978: result: yes
configure:8981: checking whether to build static libraries
configure:8985: result: yes
configure:9077: creating libtool
configure:9624: checking for ld used by arm-linux-g++
configure:9691: result: /usr/local/arm-linux/arm-linux/bin/ld
configure:9700: checking if the linker (/usr/local/arm-linux/arm-linux/bin/ld) is GNU ld
configure:9715: result: yes
configure:9766: checking whether the arm-linux-g++ linker (/usr/local/arm-linux/arm-linux/bin/ld) supports shared libraries
configure:10592: result: yes
configure:10610: arm-linux-g++ -c -g -O2 -I/home/depss/DEPSS/library/image/include conftest.cc >&5
configure:10613: $? = 0
configure:10709: checking for arm-linux-g++ option to produce PIC
configure:10961: result: -fPIC
configure:10969: checking if arm-linux-g++ PIC flag -fPIC works
configure:10990: arm-linux-g++ -c -g -O2 -I/home/depss/DEPSS/library/image/include -fPIC -DPIC conftest.cc >&5
configure:10994: $? = 0
configure:11002: result: yes
configure:11026: checking if arm-linux-g++ supports -c -o file.o
configure:11050: arm-linux-g++ -c -g -O2 -I/home/depss/DEPSS/library/image/include -o out/conftest2.o conftest.cc >&5
configure:11054: $? = 0
configure:11071: result: yes
configure:11097: checking whether the arm-linux-g++ linker (/usr/local/arm-linux/arm-linux/bin/ld) supports shared libraries
configure:11122: result: yes
configure:11193: checking dynamic linker characteristics
configure:11733: result: GNU/Linux ld.so
configure:11737: checking how to hardcode library paths into programs
configure:11762: result: immediate
configure:11776: checking whether stripping libraries is possible
configure:11781: result: yes
configure:13081: checking if libtool supports shared libraries
configure:13083: result: yes
configure:13086: checking whether to build shared libraries
configure:13104: result: yes
configure:13107: checking whether to build static libraries
configure:13111: result: yes
configure:13123: checking for g77 option to produce PIC
configure:13300: result: -fPIC
configure:13308: checking if g77 PIC flag -fPIC works
configure:13329: g77 -c -g -O2 -fPIC conftest.f >&5
configure:13333: $? = 0
configure:13341: result: yes
configure:13365: checking if g77 supports -c -o file.o
configure:13389: g77 -c -g -O2 -o out/conftest2.o conftest.f >&5
configure:13393: $? = 0
configure:13410: result: yes
configure:13436: checking whether the g77 linker (/usr/local/arm-linux/arm-linux/bin/ld) supports shared libraries
configure:14262: result: yes
configure:14333: checking dynamic linker characteristics
configure:14873: result: GNU/Linux ld.so
configure:14877: checking how to hardcode library paths into programs
configure:14902: result: immediate
configure:14916: checking whether stripping libraries is possible
configure:14921: result: yes
configure:19053: checking for ANSI C header files
configure:19205: result: yes
configure:19230: checking assert.h usability
configure:19242: arm-linux-gcc -c -Wall -I/home/depss/DEPSS/library/image/include conftest.c >&5
configure:19248: $? = 0
configure:19251: test -z 			 || test ! -s conftest.err
configure:19254: $? = 0
configure:19257: test -s conftest.o
configure:19260: $? = 0
configure:19270: result: yes
configure:19274: checking assert.h presence
configure:19284: arm-linux-gcc -E -I/home/depss/DEPSS/library/image/include conftest.c
configure:19290: $? = 0
configure:19310: result: yes
configure:19345: checking for assert.h
configure:19352: result: yes
configure:19221: checking for unistd.h
configure:19226: result: yes
configure:19376: checking zlib.h usability
configure:19388: arm-linux-gcc -c -Wall -I/home/depss/DEPSS/library/image/include conftest.c >&5
configure:19394: $? = 0
configure:19397: test -z 			 || test ! -s conftest.err
configure:19400: $? = 0
configure:19403: test -s conftest.o
configure:19406: $? = 0
configure:19416: result: yes
configure:19420: checking zlib.h presence
configure:19430: arm-linux-gcc -E -I/home/depss/DEPSS/library/image/include conftest.c
configure:19436: $? = 0
configure:19456: result: yes
configure:19491: checking for zlib.h
configure:19498: result: yes
configure:19521: checking for an ANSI C-conforming const
configure:19588: arm-linux-gcc -c -Wall -I/home/depss/DEPSS/library/image/include conftest.c >&5
conftest.c: In function `main':
conftest.c:52: warning: unused variable `s'
conftest.c:72: warning: unused variable `foo'
conftest.c:39: warning: unused variable `zero'
conftest.c:33: warning: unused variable `x'
configure:19594: $? = 0
configure:19597: test -z 			 || test ! -s conftest.err
configure:19600: $? = 0
configure:19603: test -s conftest.o
configure:19606: $? = 0
configure:19617: result: yes
configure:19627: checking for inline
configure:19648: arm-linux-gcc -c -Wall -I/home/depss/DEPSS/library/image/include conftest.c >&5
configure:19654: $? = 0
configure:19657: test -z 			 || test ! -s conftest.err
configure:19660: $? = 0
configure:19663: test -s conftest.o
configure:19666: $? = 0
configure:19678: result: inline
configure:19703: checking for ftruncate
configure:19760: arm-linux-gcc -o conftest -Wall -I/home/depss/DEPSS/library/image/include -L/home/depss/DEPSS/library/image/lib conftest.c  >&5
configure:19766: $? = 0
configure:19769: test -z 			 || test ! -s conftest.err
configure:19772: $? = 0
configure:19775: test -s conftest
configure:19778: $? = 0
configure:19790: result: yes
configure:19802: checking for compress2 in -lz
configure:19832: arm-linux-gcc -o conftest -Wall -I/home/depss/DEPSS/library/image/include -L/home/depss/DEPSS/library/image/lib conftest.c -lz   >&5
configure:19838: $? = 0
configure:19841: test -z 			 || test ! -s conftest.err
configure:19844: $? = 0
configure:19847: test -s conftest
configure:19850: $? = 0
configure:19863: result: yes
configure:19943: checking whether to enable profiling
configure:19954: result: no
configure:19957: checking whether to enable debugging
configure:19994: result: default
configure:20139: creating ./config.status

## ---------------------- ##
## Running config.status. ##
## ---------------------- ##

This file was extended by ID3 Tag config.status 0.15.1b, which was
generated by GNU Autoconf 2.59.  Invocation command line was

  CONFIG_FILES    = 
  CONFIG_HEADERS  = 
  CONFIG_LINKS    = 
  CONFIG_COMMANDS = 
  $ ./config.status 

on depss

config.status:756: creating Makefile
config.status:756: creating msvc++/Makefile
config.status:756: creating libid3tag.list
config.status:822: creating config.h
config.status:1120: executing depfiles commands

## ---------------- ##
## Cache variables. ##
## ---------------- ##

ac_cv_build=i686-pc-linux-gnu
ac_cv_build_alias=i686-pc-linux-gnu
ac_cv_c_compiler_gnu=yes
ac_cv_c_const=yes
ac_cv_c_inline=inline
ac_cv_cxx_compiler_gnu=yes
ac_cv_env_CC_set=
ac_cv_env_CC_value=
ac_cv_env_CFLAGS_set=
ac_cv_env_CFLAGS_value=
ac_cv_env_CPPFLAGS_set=set
ac_cv_env_CPPFLAGS_value=-I/home/depss/DEPSS/library/image/include
ac_cv_env_CPP_set=
ac_cv_env_CPP_value=
ac_cv_env_CXXCPP_set=
ac_cv_env_CXXCPP_value=
ac_cv_env_CXXFLAGS_set=
ac_cv_env_CXXFLAGS_value=
ac_cv_env_CXX_set=
ac_cv_env_CXX_value=
ac_cv_env_F77_set=
ac_cv_env_F77_value=
ac_cv_env_FFLAGS_set=
ac_cv_env_FFLAGS_value=
ac_cv_env_LDFLAGS_set=set
ac_cv_env_LDFLAGS_value=-L/home/depss/DEPSS/library/image/lib
ac_cv_env_build_alias_set=
ac_cv_env_build_alias_value=
ac_cv_env_host_alias_set=set
ac_cv_env_host_alias_value=arm-linux
ac_cv_env_target_alias_set=
ac_cv_env_target_alias_value=
ac_cv_exeext=
ac_cv_f77_compiler_gnu=yes
ac_cv_func_ftruncate=yes
ac_cv_header_assert_h=yes
ac_cv_header_dlfcn_h=yes
ac_cv_header_inttypes_h=yes
ac_cv_header_memory_h=yes
ac_cv_header_stdc=yes
ac_cv_header_stdint_h=yes
ac_cv_header_stdlib_h=yes
ac_cv_header_string_h=yes
ac_cv_header_strings_h=yes
ac_cv_header_sys_stat_h=yes
ac_cv_header_sys_types_h=yes
ac_cv_header_unistd_h=yes
ac_cv_header_zlib_h=yes
ac_cv_host=arm-unknown-linux-gnu
ac_cv_host_alias=arm-linux
ac_cv_lib_z_compress2=yes
ac_cv_objext=o
ac_cv_path_install='/usr/bin/install -c'
ac_cv_prog_AR=arm-linux-ar
ac_cv_prog_AWK=gawk
ac_cv_prog_CC=arm-linux-gcc
ac_cv_prog_CPP='arm-linux-gcc -E'
ac_cv_prog_CXX=arm-linux-g++
ac_cv_prog_CXXCPP='arm-linux-g++ -E'
ac_cv_prog_RANLIB=arm-linux-ranlib
ac_cv_prog_STRIP=arm-linux-strip
ac_cv_prog_ac_ct_F77=g77
ac_cv_prog_cc_g=yes
ac_cv_prog_cc_stdc=
ac_cv_prog_cxx_g=yes
ac_cv_prog_egrep='grep -E'
ac_cv_prog_f77_g=yes
ac_cv_prog_make_make_set=yes
am_cv_CC_dependencies_compiler_type=gcc
am_cv_CXX_dependencies_compiler_type=gcc
lt_cv_deplibs_check_method=pass_all
lt_cv_file_magic_cmd='$MAGIC_CMD'
lt_cv_file_magic_test_file=
lt_cv_ld_reload_flag=-r
lt_cv_objdir=.libs
lt_cv_path_LD=/usr/local/arm-linux/arm-linux/bin/ld
lt_cv_path_LDCXX=/usr/local/arm-linux/arm-linux/bin/ld
lt_cv_path_NM='/usr/local/arm-linux/bin/arm-linux-nm -B'
lt_cv_path_SED=/bin/sed
lt_cv_prog_compiler_c_o=yes
lt_cv_prog_compiler_c_o_CXX=yes
lt_cv_prog_compiler_c_o_F77=yes
lt_cv_prog_compiler_rtti_exceptions=yes
lt_cv_prog_gnu_ld=yes
lt_cv_prog_gnu_ldcxx=yes
lt_cv_sys_global_symbol_pipe='sed -n -e '\''s/^.*[ 	]\([ABCDGIRSTW][ABCDGIRSTW]*\)[ 	][ 	]*\(\)\([_A-Za-z][_A-Za-z0-9]*\)$/\1 \2\3 \3/p'\'''
lt_cv_sys_global_symbol_to_c_name_address='sed -n -e '\''s/^: \([^ ]*\) $/  {\"\1\", (lt_ptr) 0},/p'\'' -e '\''s/^[BCDEGRST] \([^ ]*\) \([^ ]*\)$/  {"\2", (lt_ptr) \&\2},/p'\'''
lt_cv_sys_global_symbol_to_cdecl='sed -n -e '\''s/^. .* \(.*\)$/extern int \1;/p'\'''
lt_cv_sys_max_cmd_len=32768
lt_lt_cv_prog_compiler_c_o='"yes"'
lt_lt_cv_prog_compiler_c_o_CXX='"yes"'
lt_lt_cv_prog_compiler_c_o_F77='"yes"'
lt_lt_cv_sys_global_symbol_pipe='"sed -n -e '\''s/^.*[ 	]\\([ABCDGIRSTW][ABCDGIRSTW]*\\)[ 	][ 	]*\\(\\)\\([_A-Za-z][_A-Za-z0-9]*\\)\$/\\1 \\2\\3 \\3/p'\''"'
lt_lt_cv_sys_global_symbol_to_c_name_address='"sed -n -e '\''s/^: \\([^ ]*\\) \$/  {\\\"\\1\\\", (lt_ptr) 0},/p'\'' -e '\''s/^[BCDEGRST] \\([^ ]*\\) \\([^ ]*\\)\$/  {\"\\2\", (lt_ptr) \\&\\2},/p'\''"'
lt_lt_cv_sys_global_symbol_to_cdecl='"sed -n -e '\''s/^. .* \\(.*\\)\$/extern int \\1;/p'\''"'

## ----------------- ##
## Output variables. ##
## ----------------- ##

ACLOCAL='${SHELL} /home/depss/DEPSS/library/libid3tag/missing --run aclocal-1.8'
AMDEPBACKSLASH='\'
AMDEP_FALSE='#'
AMDEP_TRUE=''
AMTAR='${SHELL} /home/depss/DEPSS/library/libid3tag/missing --run tar'
AR='arm-linux-ar'
AUTOCONF='${SHELL} /home/depss/DEPSS/library/libid3tag/missing --run autoconf'
AUTOHEADER='${SHELL} /home/depss/DEPSS/library/libid3tag/missing --run autoheader'
AUTOMAKE='${SHELL} /home/depss/DEPSS/library/libid3tag/missing --run automake-1.8'
AWK='gawk'
CC='arm-linux-gcc'
CCDEPMODE='depmode=gcc'
CFLAGS='-Wall -g -O2'
CPP='arm-linux-gcc -E'
CPPFLAGS='-I/home/depss/DEPSS/library/image/include'
CXX='arm-linux-g++'
CXXCPP='arm-linux-g++ -E'
CXXDEPMODE='depmode=gcc'
CXXFLAGS='-g -O2'
CYGPATH_W='echo'
DEBUG_FALSE=''
DEBUG_TRUE='#'
DEFS='-DHAVE_CONFIG_H'
DEPDIR='.deps'
ECHO='echo'
ECHO_C=''
ECHO_N='-n'
ECHO_T=''
EGREP='grep -E'
EXEEXT=''
F77='g77'
FFLAGS='-g -O2'
INSTALL_DATA='${INSTALL} -m 644'
INSTALL_PROGRAM='${INSTALL}'
INSTALL_SCRIPT='${INSTALL}'
INSTALL_STRIP_PROGRAM='${SHELL} $(install_sh) -c -s'
LDFLAGS='-L/home/depss/DEPSS/library/image/lib'
LIBOBJS=''
LIBS='-lz '
LIBTOOL='$(SHELL) $(top_builddir)/libtool'
LIBTOOL_DEPS='./ltmain.sh'
LN_S='ln -s'
LTLIBOBJS=''
MAKEINFO='${SHELL} /home/depss/DEPSS/library/libid3tag/missing --run makeinfo'
OBJEXT='o'
PACKAGE='libid3tag'
PACKAGE_BUGREPORT='support@underbit.com'
PACKAGE_NAME='ID3 Tag'
PACKAGE_STRING='ID3 Tag 0.15.1b'
PACKAGE_TARNAME='libid3tag'
PACKAGE_VERSION='0.15.1b'
PATH_SEPARATOR=':'
RANLIB='arm-linux-ranlib'
SET_MAKE=''
SHELL='/bin/sh'
STRIP='arm-linux-strip'
VERSION='0.15.1b'
ac_ct_AR=''
ac_ct_CC=''
ac_ct_CXX=''
ac_ct_F77='g77'
ac_ct_RANLIB=''
ac_ct_STRIP=''
am__fastdepCC_FALSE=''
am__fastdepCC_TRUE='#'
am__fastdepCXX_FALSE=''
am__fastdepCXX_TRUE='#'
am__include='include'
am__leading_dot='.'
am__quote=''
bindir='${exec_prefix}/bin'
build='i686-pc-linux-gnu'
build_alias=''
build_cpu='i686'
build_os='linux-gnu'
build_vendor='pc'
datadir='${prefix}/share'
exec_prefix='${prefix}'
host='arm-unknown-linux-gnu'
host_alias='arm-linux'
host_cpu='arm'
host_os='linux-gnu'
host_vendor='unknown'
includedir='${prefix}/include'
infodir='${prefix}/info'
install_sh='/home/depss/DEPSS/library/libid3tag/install-sh'
libdir='${exec_prefix}/lib'
libexecdir='${exec_prefix}/libexec'
localstatedir='${prefix}/var'
mandir='${prefix}/man'
mkdir_p='mkdir -p -- .'
oldincludedir='/usr/include'
prefix='/home/depss/DEPSS/library/image'
program_transform_name='s,x,x,'
sbindir='${exec_prefix}/sbin'
sharedstatedir='${prefix}/com'
sysconfdir='${prefix}/etc'
target_alias=''

## ----------- ##
## confdefs.h. ##
## ----------- ##

#define HAVE_ASSERT_H 1
#define HAVE_DLFCN_H 1
#define HAVE_FTRUNCATE 1
#define HAVE_INTTYPES_H 1
#define HAVE_LIBZ 1
#define HAVE_MEMORY_H 1
#define HAVE_STDINT_H 1
#define HAVE_STDLIB_H 1
#define HAVE_STRINGS_H 1
#define HAVE_STRING_H 1
#define HAVE_SYS_STAT_H 1
#define HAVE_SYS_TYPES_H 1
#define HAVE_UNISTD_H 1
#define HAVE_UNISTD_H 1
#define PACKAGE "libid3tag"
#define PACKAGE_BUGREPORT "support@underbit.com"
#define PACKAGE_NAME "ID3 Tag"
#define PACKAGE_STRING "ID3 Tag 0.15.1b"
#define PACKAGE_TARNAME "libid3tag"
#define PACKAGE_VERSION "0.15.1b"
#define STDC_HEADERS 1
#define STDC_HEADERS 1
#define VERSION "0.15.1b"

configure: exit 0
