This file contains any messages produced by compilers while
running configure, to aid debugging if configure makes a mistake.

It was created by libpng configure 1.2.15, which was
generated by GNU Autoconf 2.61.  Invocation command line was

  $ ./configure --prefix=/opt/open2x/gcc-4.1.1-glibc-2.3.6 --build=i686 --host=arm-open2x-linux --enable-shared --enable-static

## --------- ##
## Platform. ##
## --------- ##

hostname = The-Alchemist
uname -m = i686
uname -r = 2.6.17-10-generic
uname -s = Linux
uname -v = #2 SMP Tue Dec 5 22:28:26 UTC 2006

/usr/bin/uname -p = unknown
/bin/uname -X     = unknown

/bin/arch              = i686
/usr/bin/arch -k       = unknown
/usr/convex/getsysinfo = unknown
/usr/bin/hostinfo      = unknown
/bin/machine           = unknown
/usr/bin/oslevel       = unknown
/bin/universe          = unknown

PATH: /usr/local/sbin
PATH: /usr/local/bin
PATH: /usr/sbin
PATH: /usr/bin
PATH: /sbin
PATH: /bin
PATH: /usr/bin/X11
PATH: /usr/games
PATH: /opt/open2x/gcc-4.1.1-glibc-2.3.6/bin


## ----------- ##
## Core tests. ##
## ----------- ##

configure:2000: checking for a BSD-compatible install
configure:2056: result: /usr/bin/install -c
configure:2067: checking whether build environment is sane
configure:2110: result: yes
configure:2175: checking for gawk
configure:2205: result: no
configure:2175: checking for mawk
configure:2191: found /usr/bin/mawk
configure:2202: result: mawk
configure:2213: checking whether make sets $(MAKE)
configure:2234: result: yes
configure:2310: checking for arm-open2x-linux-strip
configure:2326: found /opt/open2x/gcc-4.1.1-glibc-2.3.6/bin/arm-open2x-linux-strip
configure:2337: result: arm-open2x-linux-strip
configure:2418: checking whether to enable maintainer-specific portions of Makefiles
configure:2427: result: no
configure:2462: checking for arm-open2x-linux-gcc
configure:2489: result: /opt/open2x/gcc-4.1.1-glibc-2.3.6/bin/arm-open2x-linux-gcc
configure:2767: checking for C compiler version
configure:2774: /opt/open2x/gcc-4.1.1-glibc-2.3.6/bin/arm-open2x-linux-gcc --version >&5
arm-open2x-linux-gcc (GCC) 4.1.1
Copyright (C) 2006 Free Software Foundation, Inc.
This is free software; see the source for copying conditions.  There is NO
warranty; not even for MERCHANTABILITY or FITNESS FOR A PARTICULAR PURPOSE.

configure:2777: $? = 0
configure:2784: /opt/open2x/gcc-4.1.1-glibc-2.3.6/bin/arm-open2x-linux-gcc -v >&5
Using built-in specs.
Target: arm-open2x-linux
Configured with: /storage/file-store/Projects/GP2X/crosstool-0.43/build/arm-open2x-linux/gcc-4.1.1-glibc-2.3.6/gcc-4.1.1/configure --target=arm-open2x-linux --host=i686-host_pc-linux-gnu --prefix=/opt/open2x/gcc-4.1.1-glibc-2.3.6/arm-open2x-linux --with-float=soft --with-cpu=arm920t --enable-cxx-flags=-mcpu=arm920t --with-headers=/opt/open2x/gcc-4.1.1-glibc-2.3.6/arm-open2x-linux/arm-open2x-linux/include --with-local-prefix=/opt/open2x/gcc-4.1.1-glibc-2.3.6/arm-open2x-linux/arm-open2x-linux --disable-nls --enable-threads=posix --enable-symvers=gnu --enable-__cxa_atexit --enable-languages=c,c++ --enable-shared --enable-c99 --enable-long-long
Thread model: posix
gcc version 4.1.1
configure:2787: $? = 0
configure:2794: /opt/open2x/gcc-4.1.1-glibc-2.3.6/bin/arm-open2x-linux-gcc -V >&5
arm-open2x-linux-gcc: '-V' option must have argument
configure:2797: $? = 1
configure:2820: checking for C compiler default output file name
configure:2847: /opt/open2x/gcc-4.1.1-glibc-2.3.6/bin/arm-open2x-linux-gcc -O3 -ffast-math -fomit-frame-pointer -mcpu=arm920t -I/opt/open2x/gcc-4.1.1-glibc-2.3.6/include -I/opt/open2x/gcc-4.1.1-glibc-2.3.6/include/libxml2 -I/opt/open2x/gcc-4.1.1-glibc-2.3.6/include/sdl  -L/opt/open2x/gcc-4.1.1-glibc-2.3.6/lib conftest.c  >&5
configure:2850: $? = 0
configure:2888: result: a.out
configure:2905: checking whether the C compiler works
configure:2935: result: yes
configure:2942: checking whether we are cross compiling
configure:2944: result: yes
configure:2947: checking for suffix of executables
configure:2954: /opt/open2x/gcc-4.1.1-glibc-2.3.6/bin/arm-open2x-linux-gcc -o conftest -O3 -ffast-math -fomit-frame-pointer -mcpu=arm920t -I/opt/open2x/gcc-4.1.1-glibc-2.3.6/include -I/opt/open2x/gcc-4.1.1-glibc-2.3.6/include/libxml2 -I/opt/open2x/gcc-4.1.1-glibc-2.3.6/include/sdl  -L/opt/open2x/gcc-4.1.1-glibc-2.3.6/lib conftest.c  >&5
configure:2957: $? = 0
configure:2981: result: 
configure:2987: checking for suffix of object files
configure:3013: /opt/open2x/gcc-4.1.1-glibc-2.3.6/bin/arm-open2x-linux-gcc -c -O3 -ffast-math -fomit-frame-pointer -mcpu=arm920t -I/opt/open2x/gcc-4.1.1-glibc-2.3.6/include -I/opt/open2x/gcc-4.1.1-glibc-2.3.6/include/libxml2 -I/opt/open2x/gcc-4.1.1-glibc-2.3.6/include/sdl  conftest.c >&5
configure:3016: $? = 0
configure:3039: result: o
configure:3043: checking whether we are using the GNU C compiler
configure:3072: /opt/open2x/gcc-4.1.1-glibc-2.3.6/bin/arm-open2x-linux-gcc -c -O3 -ffast-math -fomit-frame-pointer -mcpu=arm920t -I/opt/open2x/gcc-4.1.1-glibc-2.3.6/include -I/opt/open2x/gcc-4.1.1-glibc-2.3.6/include/libxml2 -I/opt/open2x/gcc-4.1.1-glibc-2.3.6/include/sdl  conftest.c >&5
configure:3078: $? = 0
configure:3095: result: yes
configure:3100: checking whether /opt/open2x/gcc-4.1.1-glibc-2.3.6/bin/arm-open2x-linux-gcc accepts -g
configure:3130: /opt/open2x/gcc-4.1.1-glibc-2.3.6/bin/arm-open2x-linux-gcc -c -g  conftest.c >&5
configure:3136: $? = 0
configure:3235: result: yes
configure:3252: checking for /opt/open2x/gcc-4.1.1-glibc-2.3.6/bin/arm-open2x-linux-gcc option to accept ISO C89
configure:3326: /opt/open2x/gcc-4.1.1-glibc-2.3.6/bin/arm-open2x-linux-gcc  -c -O3 -ffast-math -fomit-frame-pointer -mcpu=arm920t -I/opt/open2x/gcc-4.1.1-glibc-2.3.6/include -I/opt/open2x/gcc-4.1.1-glibc-2.3.6/include/libxml2 -I/opt/open2x/gcc-4.1.1-glibc-2.3.6/include/sdl  conftest.c >&5
configure:3332: $? = 0
configure:3355: result: none needed
configure:3384: checking for style of include used by make
configure:3412: result: GNU
configure:3440: checking dependency style of /opt/open2x/gcc-4.1.1-glibc-2.3.6/bin/arm-open2x-linux-gcc
configure:3530: result: gcc3
configure:3547: checking for a sed that does not truncate output
configure:3601: result: /bin/sed
configure:3610: checking build system type
configure:3628: result: i686-pc-none
configure:3650: checking host system type
configure:3665: result: arm-open2x-linux-gnu
configure:3687: checking for grep that handles long lines and -e
configure:3761: result: /bin/grep
configure:3766: checking for egrep
configure:3844: result: /bin/grep -E
configure:3860: checking for ld used by /opt/open2x/gcc-4.1.1-glibc-2.3.6/bin/arm-open2x-linux-gcc
configure:3927: result: /opt/open2x/gcc-4.1.1-glibc-2.3.6/arm-open2x-linux/bin/ld
configure:3936: checking if the linker (/opt/open2x/gcc-4.1.1-glibc-2.3.6/arm-open2x-linux/bin/ld) is GNU ld
configure:3951: result: yes
configure:3961: checking how to run the C preprocessor
configure:4001: /opt/open2x/gcc-4.1.1-glibc-2.3.6/bin/arm-open2x-linux-gcc -E  conftest.c
configure:4007: $? = 0
configure:4038: /opt/open2x/gcc-4.1.1-glibc-2.3.6/bin/arm-open2x-linux-gcc -E  conftest.c
conftest.c:10:28: error: ac_nonexistent.h: No such file or directory
configure:4044: $? = 1
configure: failed program was:
| /* confdefs.h.  */
| #define PACKAGE_NAME "libpng"
| #define PACKAGE_TARNAME "libpng"
| #define PACKAGE_VERSION "1.2.15"
| #define PACKAGE_STRING "libpng 1.2.15"
| #define PACKAGE_BUGREPORT "png-mng-implement@lists.sourceforge.net"
| #define PACKAGE "libpng"
| #define VERSION "1.2.15"
| /* end confdefs.h.  */
| #include <ac_nonexistent.h>
configure:4077: result: /opt/open2x/gcc-4.1.1-glibc-2.3.6/bin/arm-open2x-linux-gcc -E
configure:4106: /opt/open2x/gcc-4.1.1-glibc-2.3.6/bin/arm-open2x-linux-gcc -E  conftest.c
configure:4112: $? = 0
configure:4143: /opt/open2x/gcc-4.1.1-glibc-2.3.6/bin/arm-open2x-linux-gcc -E  conftest.c
conftest.c:10:28: error: ac_nonexistent.h: No such file or directory
configure:4149: $? = 1
configure: failed program was:
| /* confdefs.h.  */
| #define PACKAGE_NAME "libpng"
| #define PACKAGE_TARNAME "libpng"
| #define PACKAGE_VERSION "1.2.15"
| #define PACKAGE_STRING "libpng 1.2.15"
| #define PACKAGE_BUGREPORT "png-mng-implement@lists.sourceforge.net"
| #define PACKAGE "libpng"
| #define VERSION "1.2.15"
| /* end confdefs.h.  */
| #include <ac_nonexistent.h>
configure:4189: checking for arm-open2x-linux-sed
configure:4216: result: /bin/sed
configure:4295: checking for a BSD-compatible install
configure:4351: result: /usr/bin/install -c
configure:4362: checking whether ln -s works
configure:4366: result: yes
configure:4373: checking whether make sets $(MAKE)
configure:4394: result: yes
configure:4475: checking for /opt/open2x/gcc-4.1.1-glibc-2.3.6/arm-open2x-linux/bin/ld option to reload object files
configure:4482: result: -r
configure:4500: checking for BSD-compatible nm
configure:4549: result: /opt/open2x/gcc-4.1.1-glibc-2.3.6/bin/arm-open2x-linux-nm -B
configure:4553: checking how to recognise dependent libraries
configure:4729: result: pass_all
configure:4959: checking for ANSI C header files
configure:4989: /opt/open2x/gcc-4.1.1-glibc-2.3.6/bin/arm-open2x-linux-gcc -c -O3 -ffast-math -fomit-frame-pointer -mcpu=arm920t -I/opt/open2x/gcc-4.1.1-glibc-2.3.6/include -I/opt/open2x/gcc-4.1.1-glibc-2.3.6/include/libxml2 -I/opt/open2x/gcc-4.1.1-glibc-2.3.6/include/sdl  conftest.c >&5
configure:4995: $? = 0
configure:5123: result: yes
configure:5147: checking for sys/types.h
configure:5168: /opt/open2x/gcc-4.1.1-glibc-2.3.6/bin/arm-open2x-linux-gcc -c -O3 -ffast-math -fomit-frame-pointer -mcpu=arm920t -I/opt/open2x/gcc-4.1.1-glibc-2.3.6/include -I/opt/open2x/gcc-4.1.1-glibc-2.3.6/include/libxml2 -I/opt/open2x/gcc-4.1.1-glibc-2.3.6/include/sdl  conftest.c >&5
configure:5174: $? = 0
configure:5190: result: yes
configure:5147: checking for sys/stat.h
configure:5168: /opt/open2x/gcc-4.1.1-glibc-2.3.6/bin/arm-open2x-linux-gcc -c -O3 -ffast-math -fomit-frame-pointer -mcpu=arm920t -I/opt/open2x/gcc-4.1.1-glibc-2.3.6/include -I/opt/open2x/gcc-4.1.1-glibc-2.3.6/include/libxml2 -I/opt/open2x/gcc-4.1.1-glibc-2.3.6/include/sdl  conftest.c >&5
configure:5174: $? = 0
configure:5190: result: yes
configure:5147: checking for stdlib.h
configure:5168: /opt/open2x/gcc-4.1.1-glibc-2.3.6/bin/arm-open2x-linux-gcc -c -O3 -ffast-math -fomit-frame-pointer -mcpu=arm920t -I/opt/open2x/gcc-4.1.1-glibc-2.3.6/include -I/opt/open2x/gcc-4.1.1-glibc-2.3.6/include/libxml2 -I/opt/open2x/gcc-4.1.1-glibc-2.3.6/include/sdl  conftest.c >&5
configure:5174: $? = 0
configure:5190: result: yes
configure:5147: checking for string.h
configure:5168: /opt/open2x/gcc-4.1.1-glibc-2.3.6/bin/arm-open2x-linux-gcc -c -O3 -ffast-math -fomit-frame-pointer -mcpu=arm920t -I/opt/open2x/gcc-4.1.1-glibc-2.3.6/include -I/opt/open2x/gcc-4.1.1-glibc-2.3.6/include/libxml2 -I/opt/open2x/gcc-4.1.1-glibc-2.3.6/include/sdl  conftest.c >&5
configure:5174: $? = 0
configure:5190: result: yes
configure:5147: checking for memory.h
configure:5168: /opt/open2x/gcc-4.1.1-glibc-2.3.6/bin/arm-open2x-linux-gcc -c -O3 -ffast-math -fomit-frame-pointer -mcpu=arm920t -I/opt/open2x/gcc-4.1.1-glibc-2.3.6/include -I/opt/open2x/gcc-4.1.1-glibc-2.3.6/include/libxml2 -I/opt/open2x/gcc-4.1.1-glibc-2.3.6/include/sdl  conftest.c >&5
configure:5174: $? = 0
configure:5190: result: yes
configure:5147: checking for strings.h
configure:5168: /opt/open2x/gcc-4.1.1-glibc-2.3.6/bin/arm-open2x-linux-gcc -c -O3 -ffast-math -fomit-frame-pointer -mcpu=arm920t -I/opt/open2x/gcc-4.1.1-glibc-2.3.6/include -I/opt/open2x/gcc-4.1.1-glibc-2.3.6/include/libxml2 -I/opt/open2x/gcc-4.1.1-glibc-2.3.6/include/sdl  conftest.c >&5
configure:5174: $? = 0
configure:5190: result: yes
configure:5147: checking for inttypes.h
configure:5168: /opt/open2x/gcc-4.1.1-glibc-2.3.6/bin/arm-open2x-linux-gcc -c -O3 -ffast-math -fomit-frame-pointer -mcpu=arm920t -I/opt/open2x/gcc-4.1.1-glibc-2.3.6/include -I/opt/open2x/gcc-4.1.1-glibc-2.3.6/include/libxml2 -I/opt/open2x/gcc-4.1.1-glibc-2.3.6/include/sdl  conftest.c >&5
configure:5174: $? = 0
configure:5190: result: yes
configure:5147: checking for stdint.h
configure:5168: /opt/open2x/gcc-4.1.1-glibc-2.3.6/bin/arm-open2x-linux-gcc -c -O3 -ffast-math -fomit-frame-pointer -mcpu=arm920t -I/opt/open2x/gcc-4.1.1-glibc-2.3.6/include -I/opt/open2x/gcc-4.1.1-glibc-2.3.6/include/libxml2 -I/opt/open2x/gcc-4.1.1-glibc-2.3.6/include/sdl  conftest.c >&5
configure:5174: $? = 0
configure:5190: result: yes
configure:5147: checking for unistd.h
configure:5168: /opt/open2x/gcc-4.1.1-glibc-2.3.6/bin/arm-open2x-linux-gcc -c -O3 -ffast-math -fomit-frame-pointer -mcpu=arm920t -I/opt/open2x/gcc-4.1.1-glibc-2.3.6/include -I/opt/open2x/gcc-4.1.1-glibc-2.3.6/include/libxml2 -I/opt/open2x/gcc-4.1.1-glibc-2.3.6/include/sdl  conftest.c >&5
configure:5174: $? = 0
configure:5190: result: yes
configure:5217: checking dlfcn.h usability
configure:5234: /opt/open2x/gcc-4.1.1-glibc-2.3.6/bin/arm-open2x-linux-gcc -c -O3 -ffast-math -fomit-frame-pointer -mcpu=arm920t -I/opt/open2x/gcc-4.1.1-glibc-2.3.6/include -I/opt/open2x/gcc-4.1.1-glibc-2.3.6/include/libxml2 -I/opt/open2x/gcc-4.1.1-glibc-2.3.6/include/sdl  conftest.c >&5
configure:5240: $? = 0
configure:5254: result: yes
configure:5258: checking dlfcn.h presence
configure:5273: /opt/open2x/gcc-4.1.1-glibc-2.3.6/bin/arm-open2x-linux-gcc -E  conftest.c
configure:5279: $? = 0
configure:5293: result: yes
configure:5326: checking for dlfcn.h
configure:5334: result: yes
configure:5463: checking for C++ compiler version
configure:5470: /opt/open2x/gcc-4.1.1-glibc-2.3.6/bin/arm-open2x-linux-g++ --version >&5
arm-open2x-linux-g++ (GCC) 4.1.1
Copyright (C) 2006 Free Software Foundation, Inc.
This is free software; see the source for copying conditions.  There is NO
warranty; not even for MERCHANTABILITY or FITNESS FOR A PARTICULAR PURPOSE.

configure:5473: $? = 0
configure:5480: /opt/open2x/gcc-4.1.1-glibc-2.3.6/bin/arm-open2x-linux-g++ -v >&5
Using built-in specs.
Target: arm-open2x-linux
Configured with: /storage/file-store/Projects/GP2X/crosstool-0.43/build/arm-open2x-linux/gcc-4.1.1-glibc-2.3.6/gcc-4.1.1/configure --target=arm-open2x-linux --host=i686-host_pc-linux-gnu --prefix=/opt/open2x/gcc-4.1.1-glibc-2.3.6/arm-open2x-linux --with-float=soft --with-cpu=arm920t --enable-cxx-flags=-mcpu=arm920t --with-headers=/opt/open2x/gcc-4.1.1-glibc-2.3.6/arm-open2x-linux/arm-open2x-linux/include --with-local-prefix=/opt/open2x/gcc-4.1.1-glibc-2.3.6/arm-open2x-linux/arm-open2x-linux --disable-nls --enable-threads=posix --enable-symvers=gnu --enable-__cxa_atexit --enable-languages=c,c++ --enable-shared --enable-c99 --enable-long-long
Thread model: posix
gcc version 4.1.1
configure:5483: $? = 0
configure:5490: /opt/open2x/gcc-4.1.1-glibc-2.3.6/bin/arm-open2x-linux-g++ -V >&5
arm-open2x-linux-g++: '-V' option must have argument
configure:5493: $? = 1
configure:5496: checking whether we are using the GNU C++ compiler
configure:5525: /opt/open2x/gcc-4.1.1-glibc-2.3.6/bin/arm-open2x-linux-g++ -c   conftest.cpp >&5
configure:5531: $? = 0
configure:5548: result: yes
configure:5553: checking whether /opt/open2x/gcc-4.1.1-glibc-2.3.6/bin/arm-open2x-linux-g++ accepts -g
configure:5583: /opt/open2x/gcc-4.1.1-glibc-2.3.6/bin/arm-open2x-linux-g++ -c -g  conftest.cpp >&5
configure:5589: $? = 0
configure:5688: result: yes
configure:5713: checking dependency style of /opt/open2x/gcc-4.1.1-glibc-2.3.6/bin/arm-open2x-linux-g++
configure:5803: result: gcc3
configure:5830: checking how to run the C++ preprocessor
configure:5866: /opt/open2x/gcc-4.1.1-glibc-2.3.6/bin/arm-open2x-linux-g++ -E  conftest.cpp
configure:5872: $? = 0
configure:5903: /opt/open2x/gcc-4.1.1-glibc-2.3.6/bin/arm-open2x-linux-g++ -E  conftest.cpp
conftest.cpp:21:28: error: ac_nonexistent.h: No such file or directory
configure:5909: $? = 1
configure: failed program was:
| /* confdefs.h.  */
| #define PACKAGE_NAME "libpng"
| #define PACKAGE_TARNAME "libpng"
| #define PACKAGE_VERSION "1.2.15"
| #define PACKAGE_STRING "libpng 1.2.15"
| #define PACKAGE_BUGREPORT "png-mng-implement@lists.sourceforge.net"
| #define PACKAGE "libpng"
| #define VERSION "1.2.15"
| #define STDC_HEADERS 1
| #define HAVE_SYS_TYPES_H 1
| #define HAVE_SYS_STAT_H 1
| #define HAVE_STDLIB_H 1
| #define HAVE_STRING_H 1
| #define HAVE_MEMORY_H 1
| #define HAVE_STRINGS_H 1
| #define HAVE_INTTYPES_H 1
| #define HAVE_STDINT_H 1
| #define HAVE_UNISTD_H 1
| #define HAVE_DLFCN_H 1
| /* end confdefs.h.  */
| #include <ac_nonexistent.h>
configure:5942: result: /opt/open2x/gcc-4.1.1-glibc-2.3.6/bin/arm-open2x-linux-g++ -E
configure:5971: /opt/open2x/gcc-4.1.1-glibc-2.3.6/bin/arm-open2x-linux-g++ -E  conftest.cpp
configure:5977: $? = 0
configure:6008: /opt/open2x/gcc-4.1.1-glibc-2.3.6/bin/arm-open2x-linux-g++ -E  conftest.cpp
conftest.cpp:21:28: error: ac_nonexistent.h: No such file or directory
configure:6014: $? = 1
configure: failed program was:
| /* confdefs.h.  */
| #define PACKAGE_NAME "libpng"
| #define PACKAGE_TARNAME "libpng"
| #define PACKAGE_VERSION "1.2.15"
| #define PACKAGE_STRING "libpng 1.2.15"
| #define PACKAGE_BUGREPORT "png-mng-implement@lists.sourceforge.net"
| #define PACKAGE "libpng"
| #define VERSION "1.2.15"
| #define STDC_HEADERS 1
| #define HAVE_SYS_TYPES_H 1
| #define HAVE_SYS_STAT_H 1
| #define HAVE_STDLIB_H 1
| #define HAVE_STRING_H 1
| #define HAVE_MEMORY_H 1
| #define HAVE_STRINGS_H 1
| #define HAVE_INTTYPES_H 1
| #define HAVE_STDINT_H 1
| #define HAVE_UNISTD_H 1
| #define HAVE_DLFCN_H 1
| /* end confdefs.h.  */
| #include <ac_nonexistent.h>
configure:6063: checking for arm-open2x-linux-g77
configure:6093: result: no
configure:6063: checking for arm-open2x-linux-xlf
configure:6093: result: no
configure:6063: checking for arm-open2x-linux-f77
configure:6093: result: no
configure:6063: checking for arm-open2x-linux-frt
configure:6093: result: no
configure:6063: checking for arm-open2x-linux-pgf77
configure:6093: result: no
configure:6063: checking for arm-open2x-linux-cf77
configure:6093: result: no
configure:6063: checking for arm-open2x-linux-fort77
configure:6093: result: no
configure:6063: checking for arm-open2x-linux-fl32
configure:6093: result: no
configure:6063: checking for arm-open2x-linux-af77
configure:6093: result: no
configure:6063: checking for arm-open2x-linux-xlf90
configure:6093: result: no
configure:6063: checking for arm-open2x-linux-f90
configure:6093: result: no
configure:6063: checking for arm-open2x-linux-pgf90
configure:6093: result: no
configure:6063: checking for arm-open2x-linux-pghpf
configure:6093: result: no
configure:6063: checking for arm-open2x-linux-epcf90
configure:6093: result: no
configure:6063: checking for arm-open2x-linux-gfortran
configure:6093: result: no
configure:6063: checking for arm-open2x-linux-g95
configure:6093: result: no
configure:6063: checking for arm-open2x-linux-xlf95
configure:6093: result: no
configure:6063: checking for arm-open2x-linux-f95
configure:6093: result: no
configure:6063: checking for arm-open2x-linux-fort
configure:6093: result: no
configure:6063: checking for arm-open2x-linux-ifort
configure:6093: result: no
configure:6063: checking for arm-open2x-linux-ifc
configure:6093: result: no
configure:6063: checking for arm-open2x-linux-efc
configure:6093: result: no
configure:6063: checking for arm-open2x-linux-pgf95
configure:6093: result: no
configure:6063: checking for arm-open2x-linux-lf95
configure:6093: result: no
configure:6063: checking for arm-open2x-linux-ftn
configure:6093: result: no
configure:6107: checking for g77
configure:6137: result: no
configure:6107: checking for xlf
configure:6137: result: no
configure:6107: checking for f77
configure:6137: result: no
configure:6107: checking for frt
configure:6137: result: no
configure:6107: checking for pgf77
configure:6137: result: no
configure:6107: checking for cf77
configure:6137: result: no
configure:6107: checking for fort77
configure:6137: result: no
configure:6107: checking for fl32
configure:6137: result: no
configure:6107: checking for af77
configure:6137: result: no
configure:6107: checking for xlf90
configure:6137: result: no
configure:6107: checking for f90
configure:6137: result: no
configure:6107: checking for pgf90
configure:6137: result: no
configure:6107: checking for pghpf
configure:6137: result: no
configure:6107: checking for epcf90
configure:6137: result: no
configure:6107: checking for gfortran
configure:6137: result: no
configure:6107: checking for g95
configure:6137: result: no
configure:6107: checking for xlf95
configure:6137: result: no
configure:6107: checking for f95
configure:6137: result: no
configure:6107: checking for fort
configure:6137: result: no
configure:6107: checking for ifort
configure:6137: result: no
configure:6107: checking for ifc
configure:6137: result: no
configure:6107: checking for efc
configure:6137: result: no
configure:6107: checking for pgf95
configure:6137: result: no
configure:6107: checking for lf95
configure:6137: result: no
configure:6107: checking for ftn
configure:6137: result: no
configure:6164: checking for Fortran 77 compiler version
configure:6171:  --version >&5
./configure: line 6172: --version: command not found
configure:6174: $? = 127
configure:6181:  -v >&5
./configure: line 6182: -v: command not found
configure:6184: $? = 127
configure:6191:  -V >&5
./configure: line 6192: -V: command not found
configure:6194: $? = 127
configure:6202: checking whether we are using the GNU Fortran 77 compiler
configure:6221:  -c  conftest.F >&5
./configure: line 6222: -c: command not found
configure:6227: $? = 127
configure: failed program was:
|       program main
| #ifndef __GNUC__
|        choke me
| #endif
| 
|       end
configure:6244: result: no
configure:6250: checking whether  accepts -g
configure:6267:  -c -g conftest.f >&5
./configure: line 6268: -c: command not found
configure:6273: $? = 127
configure: failed program was:
|       program main
| 
|       end
configure:6289: result: no
configure:6319: checking the maximum length of command line arguments
configure:6428: result: 32768
configure:6439: checking command to parse /opt/open2x/gcc-4.1.1-glibc-2.3.6/bin/arm-open2x-linux-nm -B output from /opt/open2x/gcc-4.1.1-glibc-2.3.6/bin/arm-open2x-linux-gcc object
configure:6544: /opt/open2x/gcc-4.1.1-glibc-2.3.6/bin/arm-open2x-linux-gcc -c -O3 -ffast-math -fomit-frame-pointer -mcpu=arm920t -I/opt/open2x/gcc-4.1.1-glibc-2.3.6/include -I/opt/open2x/gcc-4.1.1-glibc-2.3.6/include/libxml2 -I/opt/open2x/gcc-4.1.1-glibc-2.3.6/include/sdl  conftest.c >&5
configure:6547: $? = 0
configure:6551: /opt/open2x/gcc-4.1.1-glibc-2.3.6/bin/arm-open2x-linux-nm -B conftest.o \| sed -n -e 's/^.*[ 	]\([ABCDGIRSTW][ABCDGIRSTW]*\)[ 	][ 	]*\([_A-Za-z][_A-Za-z0-9]*\)$/\1 \2 \2/p' \> conftest.nm
configure:6554: $? = 0
configure:6606: /opt/open2x/gcc-4.1.1-glibc-2.3.6/bin/arm-open2x-linux-gcc -o conftest -O3 -ffast-math -fomit-frame-pointer -mcpu=arm920t -I/opt/open2x/gcc-4.1.1-glibc-2.3.6/include -I/opt/open2x/gcc-4.1.1-glibc-2.3.6/include/libxml2 -I/opt/open2x/gcc-4.1.1-glibc-2.3.6/include/sdl  -L/opt/open2x/gcc-4.1.1-glibc-2.3.6/lib conftest.c conftstm.o >&5
configure:6609: $? = 0
configure:6647: result: ok
configure:6651: checking for objdir
configure:6666: result: .libs
configure:6718: checking for arm-open2x-linux-ar
configure:6745: result: /opt/open2x/gcc-4.1.1-glibc-2.3.6/bin/arm-open2x-linux-ar
configure:6814: checking for arm-open2x-linux-ranlib
configure:6841: result: /opt/open2x/gcc-4.1.1-glibc-2.3.6/bin/arm-open2x-linux-ranlib
configure:6910: checking for arm-open2x-linux-strip
configure:6937: result: arm-open2x-linux-strip
configure:7263: checking if /opt/open2x/gcc-4.1.1-glibc-2.3.6/bin/arm-open2x-linux-gcc supports -fno-rtti -fno-exceptions
configure:7281: /opt/open2x/gcc-4.1.1-glibc-2.3.6/bin/arm-open2x-linux-gcc -c -O3 -ffast-math -fomit-frame-pointer -mcpu=arm920t -I/opt/open2x/gcc-4.1.1-glibc-2.3.6/include -I/opt/open2x/gcc-4.1.1-glibc-2.3.6/include/libxml2 -I/opt/open2x/gcc-4.1.1-glibc-2.3.6/include/sdl  -fno-rtti -fno-exceptions conftest.c >&5
cc1: warning: command line option "-fno-rtti" is valid for C++/ObjC++ but not for C
configure:7285: $? = 0
configure:7298: result: no
configure:7313: checking for /opt/open2x/gcc-4.1.1-glibc-2.3.6/bin/arm-open2x-linux-gcc option to produce PIC
configure:7523: result: -fPIC
configure:7531: checking if /opt/open2x/gcc-4.1.1-glibc-2.3.6/bin/arm-open2x-linux-gcc PIC flag -fPIC works
configure:7549: /opt/open2x/gcc-4.1.1-glibc-2.3.6/bin/arm-open2x-linux-gcc -c -O3 -ffast-math -fomit-frame-pointer -mcpu=arm920t -I/opt/open2x/gcc-4.1.1-glibc-2.3.6/include -I/opt/open2x/gcc-4.1.1-glibc-2.3.6/include/libxml2 -I/opt/open2x/gcc-4.1.1-glibc-2.3.6/include/sdl  -fPIC -DPIC conftest.c >&5
configure:7553: $? = 0
configure:7566: result: yes
configure:7594: checking if /opt/open2x/gcc-4.1.1-glibc-2.3.6/bin/arm-open2x-linux-gcc static flag -static works
configure:7622: result: yes
configure:7632: checking if /opt/open2x/gcc-4.1.1-glibc-2.3.6/bin/arm-open2x-linux-gcc supports -c -o file.o
configure:7653: /opt/open2x/gcc-4.1.1-glibc-2.3.6/bin/arm-open2x-linux-gcc -c -O3 -ffast-math -fomit-frame-pointer -mcpu=arm920t -I/opt/open2x/gcc-4.1.1-glibc-2.3.6/include -I/opt/open2x/gcc-4.1.1-glibc-2.3.6/include/libxml2 -I/opt/open2x/gcc-4.1.1-glibc-2.3.6/include/sdl  -o out/conftest2.o conftest.c >&5
configure:7657: $? = 0
configure:7679: result: yes
configure:7705: checking whether the /opt/open2x/gcc-4.1.1-glibc-2.3.6/bin/arm-open2x-linux-gcc linker (/opt/open2x/gcc-4.1.1-glibc-2.3.6/arm-open2x-linux/bin/ld) supports shared libraries
configure:8659: result: yes
configure:8680: checking whether -lc should be explicitly linked in
configure:8685: /opt/open2x/gcc-4.1.1-glibc-2.3.6/bin/arm-open2x-linux-gcc -c -O3 -ffast-math -fomit-frame-pointer -mcpu=arm920t -I/opt/open2x/gcc-4.1.1-glibc-2.3.6/include -I/opt/open2x/gcc-4.1.1-glibc-2.3.6/include/libxml2 -I/opt/open2x/gcc-4.1.1-glibc-2.3.6/include/sdl  conftest.c >&5
configure:8688: $? = 0
configure:8703: /opt/open2x/gcc-4.1.1-glibc-2.3.6/bin/arm-open2x-linux-gcc -shared conftest.o  -v -Wl,-soname -Wl,conftest -o conftest 2\>\&1 \| grep  -lc  \>/dev/null 2\>\&1
configure:8706: $? = 0
configure:8718: result: no
configure:8726: checking dynamic linker characteristics
configure:9314: result: GNU/Linux ld.so
configure:9323: checking how to hardcode library paths into programs
configure:9348: result: immediate
configure:9362: checking whether stripping libraries is possible
configure:9367: result: yes
configure:10168: checking if libtool supports shared libraries
configure:10170: result: yes
configure:10173: checking whether to build shared libraries
configure:10194: result: yes
configure:10197: checking whether to build static libraries
configure:10201: result: yes
configure:10293: creating libtool
configure:10881: checking for ld used by /opt/open2x/gcc-4.1.1-glibc-2.3.6/bin/arm-open2x-linux-g++
configure:10948: result: /opt/open2x/gcc-4.1.1-glibc-2.3.6/arm-open2x-linux/bin/ld
configure:10957: checking if the linker (/opt/open2x/gcc-4.1.1-glibc-2.3.6/arm-open2x-linux/bin/ld) is GNU ld
configure:10972: result: yes
configure:11023: checking whether the /opt/open2x/gcc-4.1.1-glibc-2.3.6/bin/arm-open2x-linux-g++ linker (/opt/open2x/gcc-4.1.1-glibc-2.3.6/arm-open2x-linux/bin/ld) supports shared libraries
configure:11957: result: yes
configure:11975: /opt/open2x/gcc-4.1.1-glibc-2.3.6/bin/arm-open2x-linux-g++ -c -g -O2  conftest.cpp >&5
configure:11978: $? = 0
configure:12097: checking for /opt/open2x/gcc-4.1.1-glibc-2.3.6/bin/arm-open2x-linux-g++ option to produce PIC
configure:12371: result: -fPIC
configure:12379: checking if /opt/open2x/gcc-4.1.1-glibc-2.3.6/bin/arm-open2x-linux-g++ PIC flag -fPIC works
configure:12397: /opt/open2x/gcc-4.1.1-glibc-2.3.6/bin/arm-open2x-linux-g++ -c -g -O2  -fPIC -DPIC conftest.cpp >&5
configure:12401: $? = 0
configure:12414: result: yes
configure:12442: checking if /opt/open2x/gcc-4.1.1-glibc-2.3.6/bin/arm-open2x-linux-g++ static flag -static works
configure:12470: result: yes
configure:12480: checking if /opt/open2x/gcc-4.1.1-glibc-2.3.6/bin/arm-open2x-linux-g++ supports -c -o file.o
configure:12501: /opt/open2x/gcc-4.1.1-glibc-2.3.6/bin/arm-open2x-linux-g++ -c -g -O2  -o out/conftest2.o conftest.cpp >&5
configure:12505: $? = 0
configure:12527: result: yes
configure:12553: checking whether the /opt/open2x/gcc-4.1.1-glibc-2.3.6/bin/arm-open2x-linux-g++ linker (/opt/open2x/gcc-4.1.1-glibc-2.3.6/arm-open2x-linux/bin/ld) supports shared libraries
configure:12578: result: yes
configure:12645: checking dynamic linker characteristics
configure:13233: result: GNU/Linux ld.so
configure:13242: checking how to hardcode library paths into programs
configure:13267: result: immediate
configure:19409: checking for ANSI C header files
configure:19573: result: yes
configure:19601: checking malloc.h usability
configure:19618: /opt/open2x/gcc-4.1.1-glibc-2.3.6/bin/arm-open2x-linux-gcc -c -O3 -ffast-math -fomit-frame-pointer -mcpu=arm920t -I/opt/open2x/gcc-4.1.1-glibc-2.3.6/include -I/opt/open2x/gcc-4.1.1-glibc-2.3.6/include/libxml2 -I/opt/open2x/gcc-4.1.1-glibc-2.3.6/include/sdl  conftest.c >&5
configure:19624: $? = 0
configure:19638: result: yes
configure:19642: checking malloc.h presence
configure:19657: /opt/open2x/gcc-4.1.1-glibc-2.3.6/bin/arm-open2x-linux-gcc -E  conftest.c
configure:19663: $? = 0
configure:19677: result: yes
configure:19710: checking for malloc.h
configure:19718: result: yes
configure:19591: checking for stdlib.h
configure:19597: result: yes
configure:19591: checking for string.h
configure:19597: result: yes
configure:19591: checking for strings.h
configure:19597: result: yes
configure:19733: checking for an ANSI C-conforming const
configure:19808: /opt/open2x/gcc-4.1.1-glibc-2.3.6/bin/arm-open2x-linux-gcc -c -O3 -ffast-math -fomit-frame-pointer -mcpu=arm920t -I/opt/open2x/gcc-4.1.1-glibc-2.3.6/include -I/opt/open2x/gcc-4.1.1-glibc-2.3.6/include/libxml2 -I/opt/open2x/gcc-4.1.1-glibc-2.3.6/include/sdl  conftest.c >&5
configure:19814: $? = 0
configure:19829: result: yes
configure:19839: checking for size_t
configure:19869: /opt/open2x/gcc-4.1.1-glibc-2.3.6/bin/arm-open2x-linux-gcc -c -O3 -ffast-math -fomit-frame-pointer -mcpu=arm920t -I/opt/open2x/gcc-4.1.1-glibc-2.3.6/include -I/opt/open2x/gcc-4.1.1-glibc-2.3.6/include/libxml2 -I/opt/open2x/gcc-4.1.1-glibc-2.3.6/include/sdl  conftest.c >&5
configure:19875: $? = 0
configure:19890: result: yes
configure:19902: checking whether struct tm is in sys/time.h or time.h
configure:19932: /opt/open2x/gcc-4.1.1-glibc-2.3.6/bin/arm-open2x-linux-gcc -c -O3 -ffast-math -fomit-frame-pointer -mcpu=arm920t -I/opt/open2x/gcc-4.1.1-glibc-2.3.6/include -I/opt/open2x/gcc-4.1.1-glibc-2.3.6/include/libxml2 -I/opt/open2x/gcc-4.1.1-glibc-2.3.6/include/sdl  conftest.c >&5
configure:19938: $? = 0
configure:19953: result: time.h
configure:19965: checking for working strtod
configure:20044: result: no
configure:20053: checking for pow
configure:20109: /opt/open2x/gcc-4.1.1-glibc-2.3.6/bin/arm-open2x-linux-gcc -o conftest -O3 -ffast-math -fomit-frame-pointer -mcpu=arm920t -I/opt/open2x/gcc-4.1.1-glibc-2.3.6/include -I/opt/open2x/gcc-4.1.1-glibc-2.3.6/include/libxml2 -I/opt/open2x/gcc-4.1.1-glibc-2.3.6/include/sdl  -L/opt/open2x/gcc-4.1.1-glibc-2.3.6/lib conftest.c  >&5
conftest.c:49: warning: conflicting types for built-in function 'pow'
/tmp/ccy8Vj6r.o: In function `main':
conftest.c:(.text+0x4): undefined reference to `pow'
collect2: ld returned 1 exit status
configure:20115: $? = 1
configure: failed program was:
| /* confdefs.h.  */
| #define PACKAGE_NAME "libpng"
| #define PACKAGE_TARNAME "libpng"
| #define PACKAGE_VERSION "1.2.15"
| #define PACKAGE_STRING "libpng 1.2.15"
| #define PACKAGE_BUGREPORT "png-mng-implement@lists.sourceforge.net"
| #define PACKAGE "libpng"
| #define VERSION "1.2.15"
| #define STDC_HEADERS 1
| #define HAVE_SYS_TYPES_H 1
| #define HAVE_SYS_STAT_H 1
| #define HAVE_STDLIB_H 1
| #define HAVE_STRING_H 1
| #define HAVE_MEMORY_H 1
| #define HAVE_STRINGS_H 1
| #define HAVE_INTTYPES_H 1
| #define HAVE_STDINT_H 1
| #define HAVE_UNISTD_H 1
| #define HAVE_DLFCN_H 1
| #define STDC_HEADERS 1
| #define HAVE_MALLOC_H 1
| #define HAVE_STDLIB_H 1
| #define HAVE_STRING_H 1
| #define HAVE_STRINGS_H 1
| /* end confdefs.h.  */
| /* Define pow to an innocuous variant, in case <limits.h> declares pow.
|    For example, HP-UX 11i <limits.h> declares gettimeofday.  */
| #define pow innocuous_pow
| 
| /* System header to define __stub macros and hopefully few prototypes,
|     which can conflict with char pow (); below.
|     Prefer <limits.h> to <assert.h> if __STDC__ is defined, since
|     <limits.h> exists even on freestanding compilers.  */
| 
| #ifdef __STDC__
| # include <limits.h>
| #else
| # include <assert.h>
| #endif
| 
| #undef pow
| 
| /* Override any GCC internal prototype to avoid an error.
|    Use char because int might match the return type of a GCC
|    builtin and then its argument prototype would still apply.  */
| #ifdef __cplusplus
| extern "C"
| #endif
| char pow ();
| /* The GNU C library defines this for functions which it implements
|     to always fail with ENOSYS.  Some functions are actually named
|     something starting with __ and the normal name is an alias.  */
| #if defined __stub_pow || defined __stub___pow
| choke me
| #endif
| 
| int
| main ()
| {
| return pow ();
|   ;
|   return 0;
| }
configure:20132: result: no
configure:20136: checking for pow in -lm
configure:20171: /opt/open2x/gcc-4.1.1-glibc-2.3.6/bin/arm-open2x-linux-gcc -o conftest -O3 -ffast-math -fomit-frame-pointer -mcpu=arm920t -I/opt/open2x/gcc-4.1.1-glibc-2.3.6/include -I/opt/open2x/gcc-4.1.1-glibc-2.3.6/include/libxml2 -I/opt/open2x/gcc-4.1.1-glibc-2.3.6/include/sdl  -L/opt/open2x/gcc-4.1.1-glibc-2.3.6/lib conftest.c -lm   >&5
conftest.c:33: warning: conflicting types for built-in function 'pow'
configure:20177: $? = 0
configure:20195: result: yes
configure:20212: checking for memset
configure:20268: /opt/open2x/gcc-4.1.1-glibc-2.3.6/bin/arm-open2x-linux-gcc -o conftest -O3 -ffast-math -fomit-frame-pointer -mcpu=arm920t -I/opt/open2x/gcc-4.1.1-glibc-2.3.6/include -I/opt/open2x/gcc-4.1.1-glibc-2.3.6/include/libxml2 -I/opt/open2x/gcc-4.1.1-glibc-2.3.6/include/sdl  -L/opt/open2x/gcc-4.1.1-glibc-2.3.6/lib conftest.c  >&5
conftest.c:49: warning: conflicting types for built-in function 'memset'
configure:20274: $? = 0
configure:20292: result: yes
configure:20310: checking for pow
configure:20390: result: no
configure:20399: checking for pow in -lm
configure:20458: result: yes
configure:20477: checking for zlibVersion in -lz
configure:20512: /opt/open2x/gcc-4.1.1-glibc-2.3.6/bin/arm-open2x-linux-gcc -o conftest -O3 -ffast-math -fomit-frame-pointer -mcpu=arm920t -I/opt/open2x/gcc-4.1.1-glibc-2.3.6/include -I/opt/open2x/gcc-4.1.1-glibc-2.3.6/include/libxml2 -I/opt/open2x/gcc-4.1.1-glibc-2.3.6/include/sdl  -L/opt/open2x/gcc-4.1.1-glibc-2.3.6/lib conftest.c -lz  -lm  >&5
configure:20518: $? = 0
configure:20536: result: yes
configure:20553: checking if assembler code in pnggccrd.c can be compiled without PNG_NO_MMX_CODE
configure:20576: /opt/open2x/gcc-4.1.1-glibc-2.3.6/bin/arm-open2x-linux-gcc -c -O3 -ffast-math -fomit-frame-pointer -mcpu=arm920t -I/opt/open2x/gcc-4.1.1-glibc-2.3.6/include -I/opt/open2x/gcc-4.1.1-glibc-2.3.6/include/libxml2 -I/opt/open2x/gcc-4.1.1-glibc-2.3.6/include/sdl  conftest.c >&5
configure:20582: $? = 0
configure:20587: result: yes
configure:20604: checking if libraries can be versioned
configure:20609: result: yes
configure:20647: pkgconfig directory is ${libdir}/pkgconfig
configure:20826: creating ./config.status

## ---------------------- ##
## Running config.status. ##
## ---------------------- ##

This file was extended by libpng config.status 1.2.15, which was
generated by GNU Autoconf 2.61.  Invocation command line was

  CONFIG_FILES    = 
  CONFIG_HEADERS  = 
  CONFIG_LINKS    = 
  CONFIG_COMMANDS = 
  $ ./config.status 

on The-Alchemist

config.status:677: creating Makefile
config.status:677: creating libpng.pc
config.status:677: creating libpng-config
config.status:677: creating config.h
config.status:906: config.h is unchanged
config.status:952: executing depfiles commands

## ---------------- ##
## Cache variables. ##
## ---------------- ##

ac_cv_build=i686-pc-none
ac_cv_c_compiler_gnu=yes
ac_cv_c_const=yes
ac_cv_cxx_compiler_gnu=yes
ac_cv_env_CCC_set=
ac_cv_env_CCC_value=
ac_cv_env_CC_set=set
ac_cv_env_CC_value=/opt/open2x/gcc-4.1.1-glibc-2.3.6/bin/arm-open2x-linux-gcc
ac_cv_env_CFLAGS_set=set
ac_cv_env_CFLAGS_value='-O3 -ffast-math -fomit-frame-pointer -mcpu=arm920t -I/opt/open2x/gcc-4.1.1-glibc-2.3.6/include -I/opt/open2x/gcc-4.1.1-glibc-2.3.6/include/libxml2 -I/opt/open2x/gcc-4.1.1-glibc-2.3.6/include/sdl'
ac_cv_env_CPPFLAGS_set=
ac_cv_env_CPPFLAGS_value=
ac_cv_env_CPP_set=
ac_cv_env_CPP_value=
ac_cv_env_CXXCPP_set=
ac_cv_env_CXXCPP_value=
ac_cv_env_CXXFLAGS_set=
ac_cv_env_CXXFLAGS_value=
ac_cv_env_CXX_set=set
ac_cv_env_CXX_value=/opt/open2x/gcc-4.1.1-glibc-2.3.6/bin/arm-open2x-linux-g++
ac_cv_env_F77_set=
ac_cv_env_F77_value=
ac_cv_env_FFLAGS_set=
ac_cv_env_FFLAGS_value=
ac_cv_env_LDFLAGS_set=set
ac_cv_env_LDFLAGS_value=-L/opt/open2x/gcc-4.1.1-glibc-2.3.6/lib
ac_cv_env_LIBS_set=
ac_cv_env_LIBS_value=
ac_cv_env_build_alias_set=set
ac_cv_env_build_alias_value=i686
ac_cv_env_host_alias_set=set
ac_cv_env_host_alias_value=arm-open2x-linux
ac_cv_env_target_alias_set=
ac_cv_env_target_alias_value=
ac_cv_f77_compiler_gnu=no
ac_cv_func_memset=yes
ac_cv_func_pow=no
ac_cv_func_strtod=no
ac_cv_header_dlfcn_h=yes
ac_cv_header_inttypes_h=yes
ac_cv_header_malloc_h=yes
ac_cv_header_memory_h=yes
ac_cv_header_stdc=yes
ac_cv_header_stdint_h=yes
ac_cv_header_stdlib_h=yes
ac_cv_header_string_h=yes
ac_cv_header_strings_h=yes
ac_cv_header_sys_stat_h=yes
ac_cv_header_sys_types_h=yes
ac_cv_header_unistd_h=yes
ac_cv_host=arm-open2x-linux-gnu
ac_cv_lib_m_pow=yes
ac_cv_lib_z_zlibVersion=yes
ac_cv_objext=o
ac_cv_path_EGREP='/bin/grep -E'
ac_cv_path_GREP=/bin/grep
ac_cv_path_install='/usr/bin/install -c'
ac_cv_prog_AR=/opt/open2x/gcc-4.1.1-glibc-2.3.6/bin/arm-open2x-linux-ar
ac_cv_prog_AWK=mawk
ac_cv_prog_CC=/opt/open2x/gcc-4.1.1-glibc-2.3.6/bin/arm-open2x-linux-gcc
ac_cv_prog_CPP='/opt/open2x/gcc-4.1.1-glibc-2.3.6/bin/arm-open2x-linux-gcc -E'
ac_cv_prog_CXXCPP='/opt/open2x/gcc-4.1.1-glibc-2.3.6/bin/arm-open2x-linux-g++ -E'
ac_cv_prog_RANLIB=/opt/open2x/gcc-4.1.1-glibc-2.3.6/bin/arm-open2x-linux-ranlib
ac_cv_prog_SED=/bin/sed
ac_cv_prog_STRIP=arm-open2x-linux-strip
ac_cv_prog_cc_c89=
ac_cv_prog_cc_g=yes
ac_cv_prog_cxx_g=yes
ac_cv_prog_f77_g=no
ac_cv_prog_make_make_set=yes
ac_cv_struct_tm=time.h
ac_cv_type_size_t=yes
am_cv_CC_dependencies_compiler_type=gcc3
am_cv_CXX_dependencies_compiler_type=gcc3
lt_cv_deplibs_check_method=pass_all
lt_cv_file_magic_cmd='$MAGIC_CMD'
lt_cv_file_magic_test_file=
lt_cv_ld_reload_flag=-r
lt_cv_objdir=.libs
lt_cv_path_LD=/opt/open2x/gcc-4.1.1-glibc-2.3.6/arm-open2x-linux/bin/ld
lt_cv_path_LDCXX=/opt/open2x/gcc-4.1.1-glibc-2.3.6/arm-open2x-linux/bin/ld
lt_cv_path_NM='/opt/open2x/gcc-4.1.1-glibc-2.3.6/bin/arm-open2x-linux-nm -B'
lt_cv_path_SED=/bin/sed
lt_cv_prog_compiler_c_o=yes
lt_cv_prog_compiler_c_o_CXX=yes
lt_cv_prog_compiler_rtti_exceptions=no
lt_cv_prog_gnu_ld=yes
lt_cv_prog_gnu_ldcxx=yes
lt_cv_sys_global_symbol_pipe='sed -n -e '\''s/^.*[ 	]\([ABCDGIRSTW][ABCDGIRSTW]*\)[ 	][ 	]*\([_A-Za-z][_A-Za-z0-9]*\)$/\1 \2 \2/p'\'''
lt_cv_sys_global_symbol_to_c_name_address='sed -n -e '\''s/^: \([^ ]*\) $/  {\"\1\", (lt_ptr) 0},/p'\'' -e '\''s/^[BCDEGRST] \([^ ]*\) \([^ ]*\)$/  {"\2", (lt_ptr) \&\2},/p'\'''
lt_cv_sys_global_symbol_to_cdecl='sed -n -e '\''s/^. .* \(.*\)$/extern int \1;/p'\'''
lt_cv_sys_max_cmd_len=32768
lt_lt_cv_prog_compiler_c_o='"yes"'
lt_lt_cv_prog_compiler_c_o_CXX='"yes"'
lt_lt_cv_sys_global_symbol_pipe='"sed -n -e '\''s/^.*[ 	]\\([ABCDGIRSTW][ABCDGIRSTW]*\\)[ 	][ 	]*\\([_A-Za-z][_A-Za-z0-9]*\\)\$/\\1 \\2 \\2/p'\''"'
lt_lt_cv_sys_global_symbol_to_c_name_address='"sed -n -e '\''s/^: \\([^ ]*\\) \$/  {\\\"\\1\\\", (lt_ptr) 0},/p'\'' -e '\''s/^[BCDEGRST] \\([^ ]*\\) \\([^ ]*\\)\$/  {\"\\2\", (lt_ptr) \\&\\2},/p'\''"'
lt_lt_cv_sys_global_symbol_to_cdecl='"sed -n -e '\''s/^. .* \\(.*\\)\$/extern int \\1;/p'\''"'

## ----------------- ##
## Output variables. ##
## ----------------- ##

ACLOCAL='${SHELL} /storage/file-store/Projects/GP2X/open2x-svn/libs/libpng-1.2.15/missing --run aclocal-1.9'
AMDEPBACKSLASH='\'
AMDEP_FALSE='#'
AMDEP_TRUE=''
AMTAR='${SHELL} /storage/file-store/Projects/GP2X/open2x-svn/libs/libpng-1.2.15/missing --run tar'
AR='/opt/open2x/gcc-4.1.1-glibc-2.3.6/bin/arm-open2x-linux-ar'
AUTOCONF='${SHELL} /storage/file-store/Projects/GP2X/open2x-svn/libs/libpng-1.2.15/missing --run autoconf'
AUTOHEADER='${SHELL} /storage/file-store/Projects/GP2X/open2x-svn/libs/libpng-1.2.15/missing --run autoheader'
AUTOMAKE='${SHELL} /storage/file-store/Projects/GP2X/open2x-svn/libs/libpng-1.2.15/missing --run automake-1.9'
AWK='mawk'
CC='/opt/open2x/gcc-4.1.1-glibc-2.3.6/bin/arm-open2x-linux-gcc'
CCDEPMODE='depmode=gcc3'
CFLAGS='-O3 -ffast-math -fomit-frame-pointer -mcpu=arm920t -I/opt/open2x/gcc-4.1.1-glibc-2.3.6/include -I/opt/open2x/gcc-4.1.1-glibc-2.3.6/include/libxml2 -I/opt/open2x/gcc-4.1.1-glibc-2.3.6/include/sdl'
CPP='/opt/open2x/gcc-4.1.1-glibc-2.3.6/bin/arm-open2x-linux-gcc -E'
CPPFLAGS=''
CXX='/opt/open2x/gcc-4.1.1-glibc-2.3.6/bin/arm-open2x-linux-g++'
CXXCPP='/opt/open2x/gcc-4.1.1-glibc-2.3.6/bin/arm-open2x-linux-g++ -E'
CXXDEPMODE='depmode=gcc3'
CXXFLAGS='-g -O2'
CYGPATH_W='echo'
DEFS='-DHAVE_CONFIG_H'
DEPDIR='.deps'
ECHO='echo'
ECHO_C=''
ECHO_N='-n'
ECHO_T=''
EGREP='/bin/grep -E'
EXEEXT=''
F77=''
FFLAGS=''
GREP='/bin/grep'
HAVE_LD_VERSION_SCRIPT_FALSE='#'
HAVE_LD_VERSION_SCRIPT_TRUE=''
INSTALL_DATA='${INSTALL} -m 644'
INSTALL_PROGRAM='${INSTALL}'
INSTALL_SCRIPT='${INSTALL}'
INSTALL_STRIP_PROGRAM='${SHELL} $(install_sh) -c -s'
LDFLAGS='-L/opt/open2x/gcc-4.1.1-glibc-2.3.6/lib'
LIBOBJS=' ${LIBOBJDIR}strtod$U.o'
LIBPNG_DEFINES='-DPNG_CONFIGURE_LIBPNG '
LIBPNG_NO_MMX=''
LIBS='-lz -lm '
LIBTOOL='$(SHELL) $(top_builddir)/libtool'
LN_S='ln -s'
LTLIBOBJS=' ${LIBOBJDIR}strtod$U.lo'
MAINT='#'
MAINTAINER_MODE_FALSE=''
MAINTAINER_MODE_TRUE='#'
MAKEINFO='${SHELL} /storage/file-store/Projects/GP2X/open2x-svn/libs/libpng-1.2.15/missing --run makeinfo'
OBJEXT='o'
PACKAGE='libpng'
PACKAGE_BUGREPORT='png-mng-implement@lists.sourceforge.net'
PACKAGE_NAME='libpng'
PACKAGE_STRING='libpng 1.2.15'
PACKAGE_TARNAME='libpng'
PACKAGE_VERSION='1.2.15'
PATH_SEPARATOR=':'
PNGLIB_MAJOR='1'
PNGLIB_MINOR='2'
PNGLIB_RELEASE='15'
PNGLIB_VERSION='1.2.15'
POW_LIB='-lm'
RANLIB='/opt/open2x/gcc-4.1.1-glibc-2.3.6/bin/arm-open2x-linux-ranlib'
SED='/bin/sed'
SET_MAKE=''
SHELL='/bin/bash'
STRIP='arm-open2x-linux-strip'
VERSION='1.2.15'
ac_ct_CC=''
ac_ct_CXX=''
ac_ct_F77=''
am__fastdepCC_FALSE='#'
am__fastdepCC_TRUE=''
am__fastdepCXX_FALSE='#'
am__fastdepCXX_TRUE=''
am__include='include'
am__leading_dot='.'
am__quote=''
am__tar='${AMTAR} chof - "$$tardir"'
am__untar='${AMTAR} xf -'
binconfigs='${binconfigs}'
bindir='${exec_prefix}/bin'
build='i686-pc-none'
build_alias='i686'
build_cpu='i686'
build_os='none'
build_vendor='pc'
compatlib='libpng.la'
datadir='${datarootdir}'
datarootdir='${prefix}/share'
docdir='${datarootdir}/doc/${PACKAGE_TARNAME}'
dvidir='${docdir}'
exec_prefix='${prefix}'
host='arm-open2x-linux-gnu'
host_alias='arm-open2x-linux'
host_cpu='arm'
host_os='linux-gnu'
host_vendor='open2x'
htmldir='${docdir}'
includedir='${prefix}/include'
infodir='${datarootdir}/info'
install_sh='/storage/file-store/Projects/GP2X/open2x-svn/libs/libpng-1.2.15/install-sh'
libdir='${exec_prefix}/lib'
libexecdir='${exec_prefix}/libexec'
localedir='${datarootdir}/locale'
localstatedir='${prefix}/var'
mandir='${datarootdir}/man'
mkdir_p='mkdir -p --'
oldincludedir='/usr/include'
pdfdir='${docdir}'
pkgconfigdir='${libdir}/pkgconfig'
prefix='/opt/open2x/gcc-4.1.1-glibc-2.3.6'
program_transform_name='s,x,x,'
psdir='${docdir}'
sbindir='${exec_prefix}/sbin'
sharedstatedir='${prefix}/com'
sysconfdir='${prefix}/etc'
target_alias=''

## ----------- ##
## confdefs.h. ##
## ----------- ##

#define PACKAGE_NAME "libpng"
#define PACKAGE_TARNAME "libpng"
#define PACKAGE_VERSION "1.2.15"
#define PACKAGE_STRING "libpng 1.2.15"
#define PACKAGE_BUGREPORT "png-mng-implement@lists.sourceforge.net"
#define PACKAGE "libpng"
#define VERSION "1.2.15"
#define STDC_HEADERS 1
#define HAVE_SYS_TYPES_H 1
#define HAVE_SYS_STAT_H 1
#define HAVE_STDLIB_H 1
#define HAVE_STRING_H 1
#define HAVE_MEMORY_H 1
#define HAVE_STRINGS_H 1
#define HAVE_INTTYPES_H 1
#define HAVE_STDINT_H 1
#define HAVE_UNISTD_H 1
#define HAVE_DLFCN_H 1
#define STDC_HEADERS 1
#define HAVE_MALLOC_H 1
#define HAVE_STDLIB_H 1
#define HAVE_STRING_H 1
#define HAVE_STRINGS_H 1
#define HAVE_MEMSET 1
#define HAVE_LIBM 1
#define HAVE_LIBZ 1

configure: exit 0
