This file contains any messages produced by compilers while
running configure, to aid debugging if configure makes a mistake.

It was created by configure, which was
generated by GNU Autoconf 2.59.  Invocation command line was

  $ ./configure --prefix=/opt/open2x/gcc-4.1.1-glibc-2.3.6 --build=i686 --host=arm-open2x-linux --enable-shared --enable-static --with-sdl-prefix=/opt/open2x/gcc-4.1.1-glibc-2.3.6 --enable-music-mp3=yes --enable-music-mod=yes --enable-music-libmikmod=yes --enable-music-ogg-tremor=yes

## --------- ##
## Platform. ##
## --------- ##

hostname = the-alchemist
uname -m = i686
uname -r = 2.6.20-16-generic
uname -s = Linux
uname -v = #2 SMP Thu Jun 7 20:19:32 UTC 2007

/usr/bin/uname -p = unknown
/bin/uname -X     = unknown

/bin/arch              = i686
/usr/bin/arch -k       = unknown
/usr/convex/getsysinfo = unknown
hostinfo               = unknown
/bin/machine           = unknown
/usr/bin/oslevel       = unknown
/bin/universe          = unknown

PATH: /home/djwillis/bin
PATH: /usr/local/sbin
PATH: /usr/local/bin
PATH: /usr/sbin
PATH: /usr/bin
PATH: /sbin
PATH: /bin
PATH: /usr/bin/X11
PATH: /usr/games
PATH: /opt/open2x/gcc-4.1.1-glibc-2.3.6/bin


## ----------- ##
## Core tests. ##
## ----------- ##

configure:1582: checking build system type
configure:1600: result: i686-pc-none
configure:1608: checking host system type
configure:1622: result: arm-open2x-linux-gnu
configure:1740: checking for arm-open2x-linux-gcc
configure:1766: result: /opt/open2x/gcc-4.1.1-glibc-2.3.6/bin/arm-open2x-linux-gcc
configure:2048: checking for C compiler version
configure:2051: /opt/open2x/gcc-4.1.1-glibc-2.3.6/bin/arm-open2x-linux-gcc --version </dev/null >&5
arm-open2x-linux-gcc (GCC) 4.1.1
Copyright (C) 2006 Free Software Foundation, Inc.
This is free software; see the source for copying conditions.  There is NO
warranty; not even for MERCHANTABILITY or FITNESS FOR A PARTICULAR PURPOSE.

configure:2054: $? = 0
configure:2056: /opt/open2x/gcc-4.1.1-glibc-2.3.6/bin/arm-open2x-linux-gcc -v </dev/null >&5
Using built-in specs.
Target: arm-open2x-linux
Configured with: /storage/file-store/Projects/GP2X/crosstool-0.43/build/arm-open2x-linux/gcc-4.1.1-glibc-2.3.6/gcc-4.1.1/configure --target=arm-open2x-linux --host=i686-host_pc-linux-gnu --prefix=/opt/open2x/gcc-4.1.1-glibc-2.3.6/arm-open2x-linux --with-float=soft --with-cpu=arm920t --enable-cxx-flags=-mcpu=arm920t --with-headers=/opt/open2x/gcc-4.1.1-glibc-2.3.6/arm-open2x-linux/arm-open2x-linux/include --with-local-prefix=/opt/open2x/gcc-4.1.1-glibc-2.3.6/arm-open2x-linux/arm-open2x-linux --disable-nls --enable-threads=posix --enable-symvers=gnu --enable-__cxa_atexit --enable-languages=c,c++ --enable-shared --enable-c99 --enable-long-long
Thread model: posix
gcc version 4.1.1
configure:2059: $? = 0
configure:2061: /opt/open2x/gcc-4.1.1-glibc-2.3.6/bin/arm-open2x-linux-gcc -V </dev/null >&5
arm-open2x-linux-gcc: '-V' option must have argument
configure:2064: $? = 1
configure:2087: checking for C compiler default output file name
configure:2090: /opt/open2x/gcc-4.1.1-glibc-2.3.6/bin/arm-open2x-linux-gcc -O3 -ffast-math -fomit-frame-pointer -mcpu=arm920t -DARM -D_ARM_ASSEM_ -I/opt/open2x/gcc-4.1.1-glibc-2.3.6/include -I/opt/open2x/gcc-4.1.1-glibc-2.3.6/include/libxml2 -I/opt/open2x/gcc-4.1.1-glibc-2.3.6/include/SDL  -D_GNU_SOURCE=1   -D_GNU_SOURCE=1 -L/opt/open2x/gcc-4.1.1-glibc-2.3.6/lib  -L/usr/local/lib conftest.c  >&5
configure:2093: $? = 0
configure:2139: result: a.out
configure:2144: checking whether the C compiler works
configure:2170: result: yes
configure:2177: checking whether we are cross compiling
configure:2179: result: yes
configure:2182: checking for suffix of executables
configure:2184: /opt/open2x/gcc-4.1.1-glibc-2.3.6/bin/arm-open2x-linux-gcc -o conftest -O3 -ffast-math -fomit-frame-pointer -mcpu=arm920t -DARM -D_ARM_ASSEM_ -I/opt/open2x/gcc-4.1.1-glibc-2.3.6/include -I/opt/open2x/gcc-4.1.1-glibc-2.3.6/include/libxml2 -I/opt/open2x/gcc-4.1.1-glibc-2.3.6/include/SDL  -D_GNU_SOURCE=1   -D_GNU_SOURCE=1 -L/opt/open2x/gcc-4.1.1-glibc-2.3.6/lib  -L/usr/local/lib conftest.c  >&5
configure:2187: $? = 0
configure:2212: result: 
configure:2218: checking for suffix of object files
configure:2239: /opt/open2x/gcc-4.1.1-glibc-2.3.6/bin/arm-open2x-linux-gcc -c -O3 -ffast-math -fomit-frame-pointer -mcpu=arm920t -DARM -D_ARM_ASSEM_ -I/opt/open2x/gcc-4.1.1-glibc-2.3.6/include -I/opt/open2x/gcc-4.1.1-glibc-2.3.6/include/libxml2 -I/opt/open2x/gcc-4.1.1-glibc-2.3.6/include/SDL  -D_GNU_SOURCE=1   -D_GNU_SOURCE=1 conftest.c >&5
configure:2242: $? = 0
configure:2264: result: o
configure:2268: checking whether we are using the GNU C compiler
configure:2292: /opt/open2x/gcc-4.1.1-glibc-2.3.6/bin/arm-open2x-linux-gcc -c -O3 -ffast-math -fomit-frame-pointer -mcpu=arm920t -DARM -D_ARM_ASSEM_ -I/opt/open2x/gcc-4.1.1-glibc-2.3.6/include -I/opt/open2x/gcc-4.1.1-glibc-2.3.6/include/libxml2 -I/opt/open2x/gcc-4.1.1-glibc-2.3.6/include/SDL  -D_GNU_SOURCE=1   -D_GNU_SOURCE=1 conftest.c >&5
configure:2298: $? = 0
configure:2302: test -z 
			 || test ! -s conftest.err
configure:2305: $? = 0
configure:2308: test -s conftest.o
configure:2311: $? = 0
configure:2324: result: yes
configure:2330: checking whether /opt/open2x/gcc-4.1.1-glibc-2.3.6/bin/arm-open2x-linux-gcc accepts -g
configure:2351: /opt/open2x/gcc-4.1.1-glibc-2.3.6/bin/arm-open2x-linux-gcc -c -g   -D_GNU_SOURCE=1 conftest.c >&5
configure:2357: $? = 0
configure:2361: test -z 
			 || test ! -s conftest.err
configure:2364: $? = 0
configure:2367: test -s conftest.o
configure:2370: $? = 0
configure:2381: result: yes
configure:2398: checking for /opt/open2x/gcc-4.1.1-glibc-2.3.6/bin/arm-open2x-linux-gcc option to accept ANSI C
configure:2468: /opt/open2x/gcc-4.1.1-glibc-2.3.6/bin/arm-open2x-linux-gcc  -c -O3 -ffast-math -fomit-frame-pointer -mcpu=arm920t -DARM -D_ARM_ASSEM_ -I/opt/open2x/gcc-4.1.1-glibc-2.3.6/include -I/opt/open2x/gcc-4.1.1-glibc-2.3.6/include/libxml2 -I/opt/open2x/gcc-4.1.1-glibc-2.3.6/include/SDL  -D_GNU_SOURCE=1   -D_GNU_SOURCE=1 conftest.c >&5
configure:2474: $? = 0
configure:2478: test -z 
			 || test ! -s conftest.err
configure:2481: $? = 0
configure:2484: test -s conftest.o
configure:2487: $? = 0
configure:2505: result: none needed
configure:2523: /opt/open2x/gcc-4.1.1-glibc-2.3.6/bin/arm-open2x-linux-gcc -c -O3 -ffast-math -fomit-frame-pointer -mcpu=arm920t -DARM -D_ARM_ASSEM_ -I/opt/open2x/gcc-4.1.1-glibc-2.3.6/include -I/opt/open2x/gcc-4.1.1-glibc-2.3.6/include/libxml2 -I/opt/open2x/gcc-4.1.1-glibc-2.3.6/include/SDL  -D_GNU_SOURCE=1   -D_GNU_SOURCE=1 conftest.c >&5
conftest.c:2: error: expected '=', ',', ';', 'asm' or '__attribute__' before 'me'
configure:2529: $? = 1
configure: failed program was:
| #ifndef __cplusplus
|   choke me
| #endif
configure:2662: checking for a sed that does not truncate output
configure:2716: result: /bin/sed
configure:2719: checking for egrep
configure:2729: result: grep -E
configure:2745: checking for ld used by /opt/open2x/gcc-4.1.1-glibc-2.3.6/bin/arm-open2x-linux-gcc
configure:2812: result: /opt/open2x/gcc-4.1.1-glibc-2.3.6/arm-open2x-linux/bin/ld
configure:2821: checking if the linker (/opt/open2x/gcc-4.1.1-glibc-2.3.6/arm-open2x-linux/bin/ld) is GNU ld
configure:2836: result: yes
configure:2841: checking for /opt/open2x/gcc-4.1.1-glibc-2.3.6/arm-open2x-linux/bin/ld option to reload object files
configure:2848: result: -r
configure:2866: checking for BSD-compatible nm
configure:2915: result: /opt/open2x/gcc-4.1.1-glibc-2.3.6/bin/arm-open2x-linux-nm -B
configure:2919: checking whether ln -s works
configure:2923: result: yes
configure:2930: checking how to recognise dependent libraries
configure:3108: result: pass_all
configure:3587: checking how to run the C preprocessor
configure:3622: /opt/open2x/gcc-4.1.1-glibc-2.3.6/bin/arm-open2x-linux-gcc -E   -D_GNU_SOURCE=1 conftest.c
configure:3628: $? = 0
configure:3660: /opt/open2x/gcc-4.1.1-glibc-2.3.6/bin/arm-open2x-linux-gcc -E   -D_GNU_SOURCE=1 conftest.c
conftest.c:9:28: error: ac_nonexistent.h: No such file or directory
configure:3666: $? = 1
configure: failed program was:
| /* confdefs.h.  */
| 
| #define PACKAGE_NAME ""
| #define PACKAGE_TARNAME ""
| #define PACKAGE_VERSION ""
| #define PACKAGE_STRING ""
| #define PACKAGE_BUGREPORT ""
| /* end confdefs.h.  */
| #include <ac_nonexistent.h>
configure:3705: result: /opt/open2x/gcc-4.1.1-glibc-2.3.6/bin/arm-open2x-linux-gcc -E
configure:3729: /opt/open2x/gcc-4.1.1-glibc-2.3.6/bin/arm-open2x-linux-gcc -E   -D_GNU_SOURCE=1 conftest.c
configure:3735: $? = 0
configure:3767: /opt/open2x/gcc-4.1.1-glibc-2.3.6/bin/arm-open2x-linux-gcc -E   -D_GNU_SOURCE=1 conftest.c
conftest.c:9:28: error: ac_nonexistent.h: No such file or directory
configure:3773: $? = 1
configure: failed program was:
| /* confdefs.h.  */
| 
| #define PACKAGE_NAME ""
| #define PACKAGE_TARNAME ""
| #define PACKAGE_VERSION ""
| #define PACKAGE_STRING ""
| #define PACKAGE_BUGREPORT ""
| /* end confdefs.h.  */
| #include <ac_nonexistent.h>
configure:3817: checking for ANSI C header files
configure:3842: /opt/open2x/gcc-4.1.1-glibc-2.3.6/bin/arm-open2x-linux-gcc -c -O3 -ffast-math -fomit-frame-pointer -mcpu=arm920t -DARM -D_ARM_ASSEM_ -I/opt/open2x/gcc-4.1.1-glibc-2.3.6/include -I/opt/open2x/gcc-4.1.1-glibc-2.3.6/include/libxml2 -I/opt/open2x/gcc-4.1.1-glibc-2.3.6/include/SDL  -D_GNU_SOURCE=1   -D_GNU_SOURCE=1 conftest.c >&5
configure:3848: $? = 0
configure:3852: test -z 
			 || test ! -s conftest.err
configure:3855: $? = 0
configure:3858: test -s conftest.o
configure:3861: $? = 0
configure:3973: result: yes
configure:3997: checking for sys/types.h
configure:4013: /opt/open2x/gcc-4.1.1-glibc-2.3.6/bin/arm-open2x-linux-gcc -c -O3 -ffast-math -fomit-frame-pointer -mcpu=arm920t -DARM -D_ARM_ASSEM_ -I/opt/open2x/gcc-4.1.1-glibc-2.3.6/include -I/opt/open2x/gcc-4.1.1-glibc-2.3.6/include/libxml2 -I/opt/open2x/gcc-4.1.1-glibc-2.3.6/include/SDL  -D_GNU_SOURCE=1   -D_GNU_SOURCE=1 conftest.c >&5
configure:4019: $? = 0
configure:4023: test -z 
			 || test ! -s conftest.err
configure:4026: $? = 0
configure:4029: test -s conftest.o
configure:4032: $? = 0
configure:4043: result: yes
configure:3997: checking for sys/stat.h
configure:4013: /opt/open2x/gcc-4.1.1-glibc-2.3.6/bin/arm-open2x-linux-gcc -c -O3 -ffast-math -fomit-frame-pointer -mcpu=arm920t -DARM -D_ARM_ASSEM_ -I/opt/open2x/gcc-4.1.1-glibc-2.3.6/include -I/opt/open2x/gcc-4.1.1-glibc-2.3.6/include/libxml2 -I/opt/open2x/gcc-4.1.1-glibc-2.3.6/include/SDL  -D_GNU_SOURCE=1   -D_GNU_SOURCE=1 conftest.c >&5
configure:4019: $? = 0
configure:4023: test -z 
			 || test ! -s conftest.err
configure:4026: $? = 0
configure:4029: test -s conftest.o
configure:4032: $? = 0
configure:4043: result: yes
configure:3997: checking for stdlib.h
configure:4013: /opt/open2x/gcc-4.1.1-glibc-2.3.6/bin/arm-open2x-linux-gcc -c -O3 -ffast-math -fomit-frame-pointer -mcpu=arm920t -DARM -D_ARM_ASSEM_ -I/opt/open2x/gcc-4.1.1-glibc-2.3.6/include -I/opt/open2x/gcc-4.1.1-glibc-2.3.6/include/libxml2 -I/opt/open2x/gcc-4.1.1-glibc-2.3.6/include/SDL  -D_GNU_SOURCE=1   -D_GNU_SOURCE=1 conftest.c >&5
configure:4019: $? = 0
configure:4023: test -z 
			 || test ! -s conftest.err
configure:4026: $? = 0
configure:4029: test -s conftest.o
configure:4032: $? = 0
configure:4043: result: yes
configure:3997: checking for string.h
configure:4013: /opt/open2x/gcc-4.1.1-glibc-2.3.6/bin/arm-open2x-linux-gcc -c -O3 -ffast-math -fomit-frame-pointer -mcpu=arm920t -DARM -D_ARM_ASSEM_ -I/opt/open2x/gcc-4.1.1-glibc-2.3.6/include -I/opt/open2x/gcc-4.1.1-glibc-2.3.6/include/libxml2 -I/opt/open2x/gcc-4.1.1-glibc-2.3.6/include/SDL  -D_GNU_SOURCE=1   -D_GNU_SOURCE=1 conftest.c >&5
configure:4019: $? = 0
configure:4023: test -z 
			 || test ! -s conftest.err
configure:4026: $? = 0
configure:4029: test -s conftest.o
configure:4032: $? = 0
configure:4043: result: yes
configure:3997: checking for memory.h
configure:4013: /opt/open2x/gcc-4.1.1-glibc-2.3.6/bin/arm-open2x-linux-gcc -c -O3 -ffast-math -fomit-frame-pointer -mcpu=arm920t -DARM -D_ARM_ASSEM_ -I/opt/open2x/gcc-4.1.1-glibc-2.3.6/include -I/opt/open2x/gcc-4.1.1-glibc-2.3.6/include/libxml2 -I/opt/open2x/gcc-4.1.1-glibc-2.3.6/include/SDL  -D_GNU_SOURCE=1   -D_GNU_SOURCE=1 conftest.c >&5
configure:4019: $? = 0
configure:4023: test -z 
			 || test ! -s conftest.err
configure:4026: $? = 0
configure:4029: test -s conftest.o
configure:4032: $? = 0
configure:4043: result: yes
configure:3997: checking for strings.h
configure:4013: /opt/open2x/gcc-4.1.1-glibc-2.3.6/bin/arm-open2x-linux-gcc -c -O3 -ffast-math -fomit-frame-pointer -mcpu=arm920t -DARM -D_ARM_ASSEM_ -I/opt/open2x/gcc-4.1.1-glibc-2.3.6/include -I/opt/open2x/gcc-4.1.1-glibc-2.3.6/include/libxml2 -I/opt/open2x/gcc-4.1.1-glibc-2.3.6/include/SDL  -D_GNU_SOURCE=1   -D_GNU_SOURCE=1 conftest.c >&5
configure:4019: $? = 0
configure:4023: test -z 
			 || test ! -s conftest.err
configure:4026: $? = 0
configure:4029: test -s conftest.o
configure:4032: $? = 0
configure:4043: result: yes
configure:3997: checking for inttypes.h
configure:4013: /opt/open2x/gcc-4.1.1-glibc-2.3.6/bin/arm-open2x-linux-gcc -c -O3 -ffast-math -fomit-frame-pointer -mcpu=arm920t -DARM -D_ARM_ASSEM_ -I/opt/open2x/gcc-4.1.1-glibc-2.3.6/include -I/opt/open2x/gcc-4.1.1-glibc-2.3.6/include/libxml2 -I/opt/open2x/gcc-4.1.1-glibc-2.3.6/include/SDL  -D_GNU_SOURCE=1   -D_GNU_SOURCE=1 conftest.c >&5
configure:4019: $? = 0
configure:4023: test -z 
			 || test ! -s conftest.err
configure:4026: $? = 0
configure:4029: test -s conftest.o
configure:4032: $? = 0
configure:4043: result: yes
configure:3997: checking for stdint.h
configure:4013: /opt/open2x/gcc-4.1.1-glibc-2.3.6/bin/arm-open2x-linux-gcc -c -O3 -ffast-math -fomit-frame-pointer -mcpu=arm920t -DARM -D_ARM_ASSEM_ -I/opt/open2x/gcc-4.1.1-glibc-2.3.6/include -I/opt/open2x/gcc-4.1.1-glibc-2.3.6/include/libxml2 -I/opt/open2x/gcc-4.1.1-glibc-2.3.6/include/SDL  -D_GNU_SOURCE=1   -D_GNU_SOURCE=1 conftest.c >&5
configure:4019: $? = 0
configure:4023: test -z 
			 || test ! -s conftest.err
configure:4026: $? = 0
configure:4029: test -s conftest.o
configure:4032: $? = 0
configure:4043: result: yes
configure:3997: checking for unistd.h
configure:4013: /opt/open2x/gcc-4.1.1-glibc-2.3.6/bin/arm-open2x-linux-gcc -c -O3 -ffast-math -fomit-frame-pointer -mcpu=arm920t -DARM -D_ARM_ASSEM_ -I/opt/open2x/gcc-4.1.1-glibc-2.3.6/include -I/opt/open2x/gcc-4.1.1-glibc-2.3.6/include/libxml2 -I/opt/open2x/gcc-4.1.1-glibc-2.3.6/include/SDL  -D_GNU_SOURCE=1   -D_GNU_SOURCE=1 conftest.c >&5
configure:4019: $? = 0
configure:4023: test -z 
			 || test ! -s conftest.err
configure:4026: $? = 0
configure:4029: test -s conftest.o
configure:4032: $? = 0
configure:4043: result: yes
configure:4069: checking dlfcn.h usability
configure:4081: /opt/open2x/gcc-4.1.1-glibc-2.3.6/bin/arm-open2x-linux-gcc -c -O3 -ffast-math -fomit-frame-pointer -mcpu=arm920t -DARM -D_ARM_ASSEM_ -I/opt/open2x/gcc-4.1.1-glibc-2.3.6/include -I/opt/open2x/gcc-4.1.1-glibc-2.3.6/include/libxml2 -I/opt/open2x/gcc-4.1.1-glibc-2.3.6/include/SDL  -D_GNU_SOURCE=1   -D_GNU_SOURCE=1 conftest.c >&5
configure:4087: $? = 0
configure:4091: test -z 
			 || test ! -s conftest.err
configure:4094: $? = 0
configure:4097: test -s conftest.o
configure:4100: $? = 0
configure:4110: result: yes
configure:4114: checking dlfcn.h presence
configure:4124: /opt/open2x/gcc-4.1.1-glibc-2.3.6/bin/arm-open2x-linux-gcc -E   -D_GNU_SOURCE=1 conftest.c
configure:4130: $? = 0
configure:4150: result: yes
configure:4185: checking for dlfcn.h
configure:4192: result: yes
configure:4215: checking for arm-open2x-linux-g++
configure:4241: result: /opt/open2x/gcc-4.1.1-glibc-2.3.6/bin/arm-open2x-linux-g++
configure:4299: checking for C++ compiler version
configure:4302: /opt/open2x/gcc-4.1.1-glibc-2.3.6/bin/arm-open2x-linux-g++ --version </dev/null >&5
arm-open2x-linux-g++ (GCC) 4.1.1
Copyright (C) 2006 Free Software Foundation, Inc.
This is free software; see the source for copying conditions.  There is NO
warranty; not even for MERCHANTABILITY or FITNESS FOR A PARTICULAR PURPOSE.

configure:4305: $? = 0
configure:4307: /opt/open2x/gcc-4.1.1-glibc-2.3.6/bin/arm-open2x-linux-g++ -v </dev/null >&5
Using built-in specs.
Target: arm-open2x-linux
Configured with: /storage/file-store/Projects/GP2X/crosstool-0.43/build/arm-open2x-linux/gcc-4.1.1-glibc-2.3.6/gcc-4.1.1/configure --target=arm-open2x-linux --host=i686-host_pc-linux-gnu --prefix=/opt/open2x/gcc-4.1.1-glibc-2.3.6/arm-open2x-linux --with-float=soft --with-cpu=arm920t --enable-cxx-flags=-mcpu=arm920t --with-headers=/opt/open2x/gcc-4.1.1-glibc-2.3.6/arm-open2x-linux/arm-open2x-linux/include --with-local-prefix=/opt/open2x/gcc-4.1.1-glibc-2.3.6/arm-open2x-linux/arm-open2x-linux --disable-nls --enable-threads=posix --enable-symvers=gnu --enable-__cxa_atexit --enable-languages=c,c++ --enable-shared --enable-c99 --enable-long-long
Thread model: posix
gcc version 4.1.1
configure:4310: $? = 0
configure:4312: /opt/open2x/gcc-4.1.1-glibc-2.3.6/bin/arm-open2x-linux-g++ -V </dev/null >&5
arm-open2x-linux-g++: '-V' option must have argument
configure:4315: $? = 1
configure:4318: checking whether we are using the GNU C++ compiler
configure:4342: /opt/open2x/gcc-4.1.1-glibc-2.3.6/bin/arm-open2x-linux-g++ -c    -D_GNU_SOURCE=1 conftest.cc >&5
configure:4348: $? = 0
configure:4352: test -z 
			 || test ! -s conftest.err
configure:4355: $? = 0
configure:4358: test -s conftest.o
configure:4361: $? = 0
configure:4374: result: yes
configure:4380: checking whether /opt/open2x/gcc-4.1.1-glibc-2.3.6/bin/arm-open2x-linux-g++ accepts -g
configure:4401: /opt/open2x/gcc-4.1.1-glibc-2.3.6/bin/arm-open2x-linux-g++ -c -g   -D_GNU_SOURCE=1 conftest.cc >&5
configure:4407: $? = 0
configure:4411: test -z 
			 || test ! -s conftest.err
configure:4414: $? = 0
configure:4417: test -s conftest.o
configure:4420: $? = 0
configure:4431: result: yes
configure:4473: /opt/open2x/gcc-4.1.1-glibc-2.3.6/bin/arm-open2x-linux-g++ -c -g -O2   -D_GNU_SOURCE=1 conftest.cc >&5
configure:4479: $? = 0
configure:4483: test -z 
			 || test ! -s conftest.err
configure:4486: $? = 0
configure:4489: test -s conftest.o
configure:4492: $? = 0
configure:4518: /opt/open2x/gcc-4.1.1-glibc-2.3.6/bin/arm-open2x-linux-g++ -c -g -O2   -D_GNU_SOURCE=1 conftest.cc >&5
conftest.cc: In function 'int main()':
conftest.cc:24: error: 'exit' was not declared in this scope
configure:4524: $? = 1
configure: failed program was:
| /* confdefs.h.  */
| 
| #define PACKAGE_NAME ""
| #define PACKAGE_TARNAME ""
| #define PACKAGE_VERSION ""
| #define PACKAGE_STRING ""
| #define PACKAGE_BUGREPORT ""
| #define STDC_HEADERS 1
| #define HAVE_SYS_TYPES_H 1
| #define HAVE_SYS_STAT_H 1
| #define HAVE_STDLIB_H 1
| #define HAVE_STRING_H 1
| #define HAVE_MEMORY_H 1
| #define HAVE_STRINGS_H 1
| #define HAVE_INTTYPES_H 1
| #define HAVE_STDINT_H 1
| #define HAVE_UNISTD_H 1
| #define HAVE_DLFCN_H 1
| /* end confdefs.h.  */
| 
| int
| main ()
| {
| exit (42);
|   ;
|   return 0;
| }
configure:4473: /opt/open2x/gcc-4.1.1-glibc-2.3.6/bin/arm-open2x-linux-g++ -c -g -O2   -D_GNU_SOURCE=1 conftest.cc >&5
configure:4479: $? = 0
configure:4483: test -z 
			 || test ! -s conftest.err
configure:4486: $? = 0
configure:4489: test -s conftest.o
configure:4492: $? = 0
configure:4518: /opt/open2x/gcc-4.1.1-glibc-2.3.6/bin/arm-open2x-linux-g++ -c -g -O2   -D_GNU_SOURCE=1 conftest.cc >&5
configure:4524: $? = 0
configure:4528: test -z 
			 || test ! -s conftest.err
configure:4531: $? = 0
configure:4534: test -s conftest.o
configure:4537: $? = 0
configure:4570: checking how to run the C++ preprocessor
configure:4601: /opt/open2x/gcc-4.1.1-glibc-2.3.6/bin/arm-open2x-linux-g++ -E   -D_GNU_SOURCE=1 conftest.cc
configure:4607: $? = 0
configure:4639: /opt/open2x/gcc-4.1.1-glibc-2.3.6/bin/arm-open2x-linux-g++ -E   -D_GNU_SOURCE=1 conftest.cc
conftest.cc:23:28: error: ac_nonexistent.h: No such file or directory
configure:4645: $? = 1
configure: failed program was:
| /* confdefs.h.  */
| 
| #define PACKAGE_NAME ""
| #define PACKAGE_TARNAME ""
| #define PACKAGE_VERSION ""
| #define PACKAGE_STRING ""
| #define PACKAGE_BUGREPORT ""
| #define STDC_HEADERS 1
| #define HAVE_SYS_TYPES_H 1
| #define HAVE_SYS_STAT_H 1
| #define HAVE_STDLIB_H 1
| #define HAVE_STRING_H 1
| #define HAVE_MEMORY_H 1
| #define HAVE_STRINGS_H 1
| #define HAVE_INTTYPES_H 1
| #define HAVE_STDINT_H 1
| #define HAVE_UNISTD_H 1
| #define HAVE_DLFCN_H 1
| #ifdef __cplusplus
| extern "C" void std::exit (int) throw (); using std::exit;
| #endif
| /* end confdefs.h.  */
| #include <ac_nonexistent.h>
configure:4684: result: /opt/open2x/gcc-4.1.1-glibc-2.3.6/bin/arm-open2x-linux-g++ -E
configure:4708: /opt/open2x/gcc-4.1.1-glibc-2.3.6/bin/arm-open2x-linux-g++ -E   -D_GNU_SOURCE=1 conftest.cc
configure:4714: $? = 0
configure:4746: /opt/open2x/gcc-4.1.1-glibc-2.3.6/bin/arm-open2x-linux-g++ -E   -D_GNU_SOURCE=1 conftest.cc
conftest.cc:23:28: error: ac_nonexistent.h: No such file or directory
configure:4752: $? = 1
configure: failed program was:
| /* confdefs.h.  */
| 
| #define PACKAGE_NAME ""
| #define PACKAGE_TARNAME ""
| #define PACKAGE_VERSION ""
| #define PACKAGE_STRING ""
| #define PACKAGE_BUGREPORT ""
| #define STDC_HEADERS 1
| #define HAVE_SYS_TYPES_H 1
| #define HAVE_SYS_STAT_H 1
| #define HAVE_STDLIB_H 1
| #define HAVE_STRING_H 1
| #define HAVE_MEMORY_H 1
| #define HAVE_STRINGS_H 1
| #define HAVE_INTTYPES_H 1
| #define HAVE_STDINT_H 1
| #define HAVE_UNISTD_H 1
| #define HAVE_DLFCN_H 1
| #ifdef __cplusplus
| extern "C" void std::exit (int) throw (); using std::exit;
| #endif
| /* end confdefs.h.  */
| #include <ac_nonexistent.h>
configure:4807: checking for arm-open2x-linux-g77
configure:4836: result: no
configure:4807: checking for arm-open2x-linux-f77
configure:4836: result: no
configure:4807: checking for arm-open2x-linux-xlf
configure:4836: result: no
configure:4807: checking for arm-open2x-linux-frt
configure:4836: result: no
configure:4807: checking for arm-open2x-linux-pgf77
configure:4836: result: no
configure:4807: checking for arm-open2x-linux-fort77
configure:4836: result: no
configure:4807: checking for arm-open2x-linux-fl32
configure:4836: result: no
configure:4807: checking for arm-open2x-linux-af77
configure:4836: result: no
configure:4807: checking for arm-open2x-linux-f90
configure:4836: result: no
configure:4807: checking for arm-open2x-linux-xlf90
configure:4836: result: no
configure:4807: checking for arm-open2x-linux-pgf90
configure:4836: result: no
configure:4807: checking for arm-open2x-linux-epcf90
configure:4836: result: no
configure:4807: checking for arm-open2x-linux-f95
configure:4836: result: no
configure:4807: checking for arm-open2x-linux-fort
configure:4836: result: no
configure:4807: checking for arm-open2x-linux-xlf95
configure:4836: result: no
configure:4807: checking for arm-open2x-linux-ifc
configure:4836: result: no
configure:4807: checking for arm-open2x-linux-efc
configure:4836: result: no
configure:4807: checking for arm-open2x-linux-pgf95
configure:4836: result: no
configure:4807: checking for arm-open2x-linux-lf95
configure:4836: result: no
configure:4807: checking for arm-open2x-linux-gfortran
configure:4836: result: no
configure:4849: checking for g77
configure:4878: result: no
configure:4849: checking for f77
configure:4878: result: no
configure:4849: checking for xlf
configure:4878: result: no
configure:4849: checking for frt
configure:4878: result: no
configure:4849: checking for pgf77
configure:4878: result: no
configure:4849: checking for fort77
configure:4878: result: no
configure:4849: checking for fl32
configure:4878: result: no
configure:4849: checking for af77
configure:4878: result: no
configure:4849: checking for f90
configure:4878: result: no
configure:4849: checking for xlf90
configure:4878: result: no
configure:4849: checking for pgf90
configure:4878: result: no
configure:4849: checking for epcf90
configure:4878: result: no
configure:4849: checking for f95
configure:4878: result: no
configure:4849: checking for fort
configure:4878: result: no
configure:4849: checking for xlf95
configure:4878: result: no
configure:4849: checking for ifc
configure:4878: result: no
configure:4849: checking for efc
configure:4878: result: no
configure:4849: checking for pgf95
configure:4878: result: no
configure:4849: checking for lf95
configure:4878: result: no
configure:4849: checking for gfortran
configure:4878: result: no
configure:4890: checking for Fortran 77 compiler version
configure:4893:  --version </dev/null >&5
./configure: line 4894: --version: command not found
configure:4896: $? = 127
configure:4898:  -v </dev/null >&5
./configure: line 4899: -v: command not found
configure:4901: $? = 127
configure:4903:  -V </dev/null >&5
./configure: line 4904: -V: command not found
configure:4906: $? = 127
configure:4914: checking whether we are using the GNU Fortran 77 compiler
configure:4928:  -c  conftest.F >&5
./configure: line 4929: -c: command not found
configure:4934: $? = 127
configure: failed program was:
|       program main
| #ifndef __GNUC__
|        choke me
| #endif
| 
|       end
configure:4960: result: no
configure:4966: checking whether  accepts -g
configure:4978:  -c -g conftest.f >&5
./configure: line 4979: -c: command not found
configure:4984: $? = 127
configure: failed program was:
|       program main
| 
|       end
configure:5009: result: no
configure:5039: checking the maximum length of command line arguments
configure:5154: result: 32768
configure:5165: checking command to parse /opt/open2x/gcc-4.1.1-glibc-2.3.6/bin/arm-open2x-linux-nm -B output from /opt/open2x/gcc-4.1.1-glibc-2.3.6/bin/arm-open2x-linux-gcc object
configure:5270: /opt/open2x/gcc-4.1.1-glibc-2.3.6/bin/arm-open2x-linux-gcc -c -O3 -ffast-math -fomit-frame-pointer -mcpu=arm920t -DARM -D_ARM_ASSEM_ -I/opt/open2x/gcc-4.1.1-glibc-2.3.6/include -I/opt/open2x/gcc-4.1.1-glibc-2.3.6/include/libxml2 -I/opt/open2x/gcc-4.1.1-glibc-2.3.6/include/SDL  -D_GNU_SOURCE=1   -D_GNU_SOURCE=1 conftest.c >&5
configure:5273: $? = 0
configure:5277: /opt/open2x/gcc-4.1.1-glibc-2.3.6/bin/arm-open2x-linux-nm -B conftest.o \| sed -n -e 's/^.*[ 	]\([ABCDGIRSTW][ABCDGIRSTW]*\)[ 	][ 	]*\([_A-Za-z][_A-Za-z0-9]*\)$/\1 \2 \2/p' \> conftest.nm
configure:5280: $? = 0
configure:5332: /opt/open2x/gcc-4.1.1-glibc-2.3.6/bin/arm-open2x-linux-gcc -o conftest -O3 -ffast-math -fomit-frame-pointer -mcpu=arm920t -DARM -D_ARM_ASSEM_ -I/opt/open2x/gcc-4.1.1-glibc-2.3.6/include -I/opt/open2x/gcc-4.1.1-glibc-2.3.6/include/libxml2 -I/opt/open2x/gcc-4.1.1-glibc-2.3.6/include/SDL  -D_GNU_SOURCE=1   -D_GNU_SOURCE=1 -L/opt/open2x/gcc-4.1.1-glibc-2.3.6/lib  -L/usr/local/lib conftest.c conftstm.o >&5
configure:5335: $? = 0
configure:5373: result: ok
configure:5377: checking for objdir
configure:5392: result: .libs
configure:5444: checking for arm-open2x-linux-ar
configure:5470: result: /opt/open2x/gcc-4.1.1-glibc-2.3.6/bin/arm-open2x-linux-ar
configure:5524: checking for arm-open2x-linux-ranlib
configure:5550: result: /opt/open2x/gcc-4.1.1-glibc-2.3.6/bin/arm-open2x-linux-ranlib
configure:5604: checking for arm-open2x-linux-strip
configure:5630: result: /opt/open2x/gcc-4.1.1-glibc-2.3.6/bin/arm-open2x-linux-strip
configure:5945: checking if /opt/open2x/gcc-4.1.1-glibc-2.3.6/bin/arm-open2x-linux-gcc supports -fno-rtti -fno-exceptions
configure:5963: /opt/open2x/gcc-4.1.1-glibc-2.3.6/bin/arm-open2x-linux-gcc -c -O3 -ffast-math -fomit-frame-pointer -mcpu=arm920t -DARM -D_ARM_ASSEM_ -I/opt/open2x/gcc-4.1.1-glibc-2.3.6/include -I/opt/open2x/gcc-4.1.1-glibc-2.3.6/include/libxml2 -I/opt/open2x/gcc-4.1.1-glibc-2.3.6/include/SDL  -D_GNU_SOURCE=1   -D_GNU_SOURCE=1 -fno-rtti -fno-exceptions conftest.c >&5
cc1: warning: command line option "-fno-rtti" is valid for C++/ObjC++ but not for C
configure:5967: $? = 0
configure:5980: result: no
configure:5995: checking for /opt/open2x/gcc-4.1.1-glibc-2.3.6/bin/arm-open2x-linux-gcc option to produce PIC
configure:6205: result: -fPIC
configure:6213: checking if /opt/open2x/gcc-4.1.1-glibc-2.3.6/bin/arm-open2x-linux-gcc PIC flag -fPIC works
configure:6231: /opt/open2x/gcc-4.1.1-glibc-2.3.6/bin/arm-open2x-linux-gcc -c -O3 -ffast-math -fomit-frame-pointer -mcpu=arm920t -DARM -D_ARM_ASSEM_ -I/opt/open2x/gcc-4.1.1-glibc-2.3.6/include -I/opt/open2x/gcc-4.1.1-glibc-2.3.6/include/libxml2 -I/opt/open2x/gcc-4.1.1-glibc-2.3.6/include/SDL  -D_GNU_SOURCE=1   -D_GNU_SOURCE=1 -fPIC -DPIC conftest.c >&5
configure:6235: $? = 0
configure:6248: result: yes
configure:6276: checking if /opt/open2x/gcc-4.1.1-glibc-2.3.6/bin/arm-open2x-linux-gcc static flag -static works
configure:6304: result: yes
configure:6314: checking if /opt/open2x/gcc-4.1.1-glibc-2.3.6/bin/arm-open2x-linux-gcc supports -c -o file.o
configure:6335: /opt/open2x/gcc-4.1.1-glibc-2.3.6/bin/arm-open2x-linux-gcc -c -O3 -ffast-math -fomit-frame-pointer -mcpu=arm920t -DARM -D_ARM_ASSEM_ -I/opt/open2x/gcc-4.1.1-glibc-2.3.6/include -I/opt/open2x/gcc-4.1.1-glibc-2.3.6/include/libxml2 -I/opt/open2x/gcc-4.1.1-glibc-2.3.6/include/SDL  -D_GNU_SOURCE=1   -D_GNU_SOURCE=1 -o out/conftest2.o conftest.c >&5
configure:6339: $? = 0
configure:6361: result: yes
configure:6387: checking whether the /opt/open2x/gcc-4.1.1-glibc-2.3.6/bin/arm-open2x-linux-gcc linker (/opt/open2x/gcc-4.1.1-glibc-2.3.6/arm-open2x-linux/bin/ld) supports shared libraries
configure:7345: result: yes
configure:7366: checking whether -lc should be explicitly linked in
configure:7371: /opt/open2x/gcc-4.1.1-glibc-2.3.6/bin/arm-open2x-linux-gcc -c -O3 -ffast-math -fomit-frame-pointer -mcpu=arm920t -DARM -D_ARM_ASSEM_ -I/opt/open2x/gcc-4.1.1-glibc-2.3.6/include -I/opt/open2x/gcc-4.1.1-glibc-2.3.6/include/libxml2 -I/opt/open2x/gcc-4.1.1-glibc-2.3.6/include/SDL  -D_GNU_SOURCE=1   -D_GNU_SOURCE=1 conftest.c >&5
configure:7374: $? = 0
configure:7389: /opt/open2x/gcc-4.1.1-glibc-2.3.6/bin/arm-open2x-linux-gcc -shared conftest.o  -v -Wl,-soname -Wl,conftest -o conftest 2\>\&1 \| grep  -lc  \>/dev/null 2\>\&1
configure:7392: $? = 0
configure:7404: result: no
configure:7412: checking dynamic linker characteristics
configure:8002: result: GNU/Linux ld.so
configure:8011: checking how to hardcode library paths into programs
configure:8036: result: immediate
configure:8050: checking whether stripping libraries is possible
configure:8055: result: yes
configure:8889: checking if libtool supports shared libraries
configure:8891: result: yes
configure:8894: checking whether to build shared libraries
configure:8915: result: yes
configure:8918: checking whether to build static libraries
configure:8922: result: yes
configure:9014: creating libtool
configure:9602: checking for ld used by /opt/open2x/gcc-4.1.1-glibc-2.3.6/bin/arm-open2x-linux-g++
configure:9669: result: /opt/open2x/gcc-4.1.1-glibc-2.3.6/arm-open2x-linux/bin/ld
configure:9678: checking if the linker (/opt/open2x/gcc-4.1.1-glibc-2.3.6/arm-open2x-linux/bin/ld) is GNU ld
configure:9693: result: yes
configure:9744: checking whether the /opt/open2x/gcc-4.1.1-glibc-2.3.6/bin/arm-open2x-linux-g++ linker (/opt/open2x/gcc-4.1.1-glibc-2.3.6/arm-open2x-linux/bin/ld) supports shared libraries
configure:10682: result: yes
configure:10704: /opt/open2x/gcc-4.1.1-glibc-2.3.6/bin/arm-open2x-linux-g++ -c -g -O2   -D_GNU_SOURCE=1 conftest.cpp >&5
configure:10707: $? = 0
configure:10826: checking for /opt/open2x/gcc-4.1.1-glibc-2.3.6/bin/arm-open2x-linux-g++ option to produce PIC
configure:11100: result: -fPIC
configure:11108: checking if /opt/open2x/gcc-4.1.1-glibc-2.3.6/bin/arm-open2x-linux-g++ PIC flag -fPIC works
configure:11126: /opt/open2x/gcc-4.1.1-glibc-2.3.6/bin/arm-open2x-linux-g++ -c -g -O2   -D_GNU_SOURCE=1 -fPIC -DPIC conftest.cpp >&5
configure:11130: $? = 0
configure:11143: result: yes
configure:11171: checking if /opt/open2x/gcc-4.1.1-glibc-2.3.6/bin/arm-open2x-linux-g++ static flag -static works
configure:11199: result: yes
configure:11209: checking if /opt/open2x/gcc-4.1.1-glibc-2.3.6/bin/arm-open2x-linux-g++ supports -c -o file.o
configure:11230: /opt/open2x/gcc-4.1.1-glibc-2.3.6/bin/arm-open2x-linux-g++ -c -g -O2   -D_GNU_SOURCE=1 -o out/conftest2.o conftest.cpp >&5
configure:11234: $? = 0
configure:11256: result: yes
configure:11282: checking whether the /opt/open2x/gcc-4.1.1-glibc-2.3.6/bin/arm-open2x-linux-g++ linker (/opt/open2x/gcc-4.1.1-glibc-2.3.6/arm-open2x-linux/bin/ld) supports shared libraries
configure:11307: result: yes
configure:11374: checking dynamic linker characteristics
configure:11964: result: GNU/Linux ld.so
configure:11973: checking how to hardcode library paths into programs
configure:11998: result: immediate
configure:18164: checking for arm-open2x-linux-gcc
configure:18190: result: /opt/open2x/gcc-4.1.1-glibc-2.3.6/bin/arm-open2x-linux-gcc
configure:18472: checking for C compiler version
configure:18475: /opt/open2x/gcc-4.1.1-glibc-2.3.6/bin/arm-open2x-linux-gcc --version </dev/null >&5
arm-open2x-linux-gcc (GCC) 4.1.1
Copyright (C) 2006 Free Software Foundation, Inc.
This is free software; see the source for copying conditions.  There is NO
warranty; not even for MERCHANTABILITY or FITNESS FOR A PARTICULAR PURPOSE.

configure:18478: $? = 0
configure:18480: /opt/open2x/gcc-4.1.1-glibc-2.3.6/bin/arm-open2x-linux-gcc -v </dev/null >&5
Using built-in specs.
Target: arm-open2x-linux
Configured with: /storage/file-store/Projects/GP2X/crosstool-0.43/build/arm-open2x-linux/gcc-4.1.1-glibc-2.3.6/gcc-4.1.1/configure --target=arm-open2x-linux --host=i686-host_pc-linux-gnu --prefix=/opt/open2x/gcc-4.1.1-glibc-2.3.6/arm-open2x-linux --with-float=soft --with-cpu=arm920t --enable-cxx-flags=-mcpu=arm920t --with-headers=/opt/open2x/gcc-4.1.1-glibc-2.3.6/arm-open2x-linux/arm-open2x-linux/include --with-local-prefix=/opt/open2x/gcc-4.1.1-glibc-2.3.6/arm-open2x-linux/arm-open2x-linux --disable-nls --enable-threads=posix --enable-symvers=gnu --enable-__cxa_atexit --enable-languages=c,c++ --enable-shared --enable-c99 --enable-long-long
Thread model: posix
gcc version 4.1.1
configure:18483: $? = 0
configure:18485: /opt/open2x/gcc-4.1.1-glibc-2.3.6/bin/arm-open2x-linux-gcc -V </dev/null >&5
arm-open2x-linux-gcc: '-V' option must have argument
configure:18488: $? = 1
configure:18491: checking whether we are using the GNU C compiler
configure:18547: result: yes
configure:18553: checking whether /opt/open2x/gcc-4.1.1-glibc-2.3.6/bin/arm-open2x-linux-gcc accepts -g
configure:18604: result: yes
configure:18621: checking for /opt/open2x/gcc-4.1.1-glibc-2.3.6/bin/arm-open2x-linux-gcc option to accept ANSI C
configure:18728: result: none needed
configure:18746: /opt/open2x/gcc-4.1.1-glibc-2.3.6/bin/arm-open2x-linux-gcc -c -O3 -ffast-math -fomit-frame-pointer -mcpu=arm920t -DARM -D_ARM_ASSEM_ -I/opt/open2x/gcc-4.1.1-glibc-2.3.6/include -I/opt/open2x/gcc-4.1.1-glibc-2.3.6/include/libxml2 -I/opt/open2x/gcc-4.1.1-glibc-2.3.6/include/SDL  -D_GNU_SOURCE=1   -D_GNU_SOURCE=1 conftest.c >&5
conftest.c:2: error: expected '=', ',', ';', 'asm' or '__attribute__' before 'me'
configure:18752: $? = 1
configure: failed program was:
| #ifndef __cplusplus
|   choke me
| #endif
configure:18895: checking for arm-open2x-linux-g++
configure:18921: result: /opt/open2x/gcc-4.1.1-glibc-2.3.6/bin/arm-open2x-linux-g++
configure:18979: checking for C++ compiler version
configure:18982: /opt/open2x/gcc-4.1.1-glibc-2.3.6/bin/arm-open2x-linux-g++ --version </dev/null >&5
arm-open2x-linux-g++ (GCC) 4.1.1
Copyright (C) 2006 Free Software Foundation, Inc.
This is free software; see the source for copying conditions.  There is NO
warranty; not even for MERCHANTABILITY or FITNESS FOR A PARTICULAR PURPOSE.

configure:18985: $? = 0
configure:18987: /opt/open2x/gcc-4.1.1-glibc-2.3.6/bin/arm-open2x-linux-g++ -v </dev/null >&5
Using built-in specs.
Target: arm-open2x-linux
Configured with: /storage/file-store/Projects/GP2X/crosstool-0.43/build/arm-open2x-linux/gcc-4.1.1-glibc-2.3.6/gcc-4.1.1/configure --target=arm-open2x-linux --host=i686-host_pc-linux-gnu --prefix=/opt/open2x/gcc-4.1.1-glibc-2.3.6/arm-open2x-linux --with-float=soft --with-cpu=arm920t --enable-cxx-flags=-mcpu=arm920t --with-headers=/opt/open2x/gcc-4.1.1-glibc-2.3.6/arm-open2x-linux/arm-open2x-linux/include --with-local-prefix=/opt/open2x/gcc-4.1.1-glibc-2.3.6/arm-open2x-linux/arm-open2x-linux --disable-nls --enable-threads=posix --enable-symvers=gnu --enable-__cxa_atexit --enable-languages=c,c++ --enable-shared --enable-c99 --enable-long-long
Thread model: posix
gcc version 4.1.1
configure:18990: $? = 0
configure:18992: /opt/open2x/gcc-4.1.1-glibc-2.3.6/bin/arm-open2x-linux-g++ -V </dev/null >&5
arm-open2x-linux-g++: '-V' option must have argument
configure:18995: $? = 1
configure:18998: checking whether we are using the GNU C++ compiler
configure:19054: result: yes
configure:19060: checking whether /opt/open2x/gcc-4.1.1-glibc-2.3.6/bin/arm-open2x-linux-g++ accepts -g
configure:19111: result: yes
configure:19153: /opt/open2x/gcc-4.1.1-glibc-2.3.6/bin/arm-open2x-linux-g++ -c -g -O2   -D_GNU_SOURCE=1 conftest.cc >&5
configure:19159: $? = 0
configure:19163: test -z 
			 || test ! -s conftest.err
configure:19166: $? = 0
configure:19169: test -s conftest.o
configure:19172: $? = 0
configure:19198: /opt/open2x/gcc-4.1.1-glibc-2.3.6/bin/arm-open2x-linux-g++ -c -g -O2   -D_GNU_SOURCE=1 conftest.cc >&5
configure:19204: $? = 0
configure:19208: test -z 
			 || test ! -s conftest.err
configure:19211: $? = 0
configure:19214: test -s conftest.o
configure:19217: $? = 0
configure:19253: checking for a BSD-compatible install
configure:19308: result: /usr/bin/install -c
configure:19319: checking whether make sets $(MAKE)
configure:19339: result: yes
configure:19349: checking for an ANSI C-conforming const
configure:19416: /opt/open2x/gcc-4.1.1-glibc-2.3.6/bin/arm-open2x-linux-gcc -c -O3 -ffast-math -fomit-frame-pointer -mcpu=arm920t -DARM -D_ARM_ASSEM_ -I/opt/open2x/gcc-4.1.1-glibc-2.3.6/include -I/opt/open2x/gcc-4.1.1-glibc-2.3.6/include/libxml2 -I/opt/open2x/gcc-4.1.1-glibc-2.3.6/include/SDL  -D_GNU_SOURCE=1   -D_GNU_SOURCE=1 conftest.c >&5
configure:19422: $? = 0
configure:19426: test -z 
			 || test ! -s conftest.err
configure:19429: $? = 0
configure:19432: test -s conftest.o
configure:19435: $? = 0
configure:19446: result: yes
configure:19519: checking for sdl-config
configure:19550: result: /opt/open2x/gcc-4.1.1-glibc-2.3.6/bin/sdl-config
configure:19558: checking for SDL - version >= 1.2.10
configure:19677: result: yes
configure:19818: checking for libmikmod-config
configure:19836: found /opt/open2x/gcc-4.1.1-glibc-2.3.6/bin/libmikmod-config
configure:19849: result: /opt/open2x/gcc-4.1.1-glibc-2.3.6/bin/libmikmod-config
configure:19862: checking for libmikmod - version >= 3.1.10
configure:19998: checking for Ogg Vorbis headers and libraries
configure:20020: /opt/open2x/gcc-4.1.1-glibc-2.3.6/bin/arm-open2x-linux-gcc -c -O3 -ffast-math -fomit-frame-pointer -mcpu=arm920t -DARM -D_ARM_ASSEM_ -I/opt/open2x/gcc-4.1.1-glibc-2.3.6/include -I/opt/open2x/gcc-4.1.1-glibc-2.3.6/include/libxml2 -I/opt/open2x/gcc-4.1.1-glibc-2.3.6/include/SDL  -D_GNU_SOURCE=1 -DLIBMIKMOD_MUSIC -I/opt/open2x/gcc-4.1.1-glibc-2.3.6/include -pthread -D_REENTRANT   -D_GNU_SOURCE=1 conftest.c >&5
configure:20026: $? = 0
configure:20030: test -z 
			 || test ! -s conftest.err
configure:20033: $? = 0
configure:20036: test -s conftest.o
configure:20039: $? = 0
configure:20050: result: yes
configure:20133: checking for smpeg-config
configure:20151: found /opt/open2x/gcc-4.1.1-glibc-2.3.6/bin/smpeg-config
configure:20164: result: /opt/open2x/gcc-4.1.1-glibc-2.3.6/bin/smpeg-config
configure:20172: checking for SMPEG - version >= 0.4.3
configure:20288: result: yes
configure:20553: creating ./config.status

## ---------------------- ##
## Running config.status. ##
## ---------------------- ##

This file was extended by config.status, which was
generated by GNU Autoconf 2.59.  Invocation command line was

  CONFIG_FILES    = 
  CONFIG_HEADERS  = 
  CONFIG_LINKS    = 
  CONFIG_COMMANDS = 
  $ ./config.status 

on the-alchemist

config.status:705: creating Makefile
config.status:705: creating SDL_mixer.spec
config.status:705: creating SDL_mixer.qpg
config.status:888: executing default commands

## ---------------- ##
## Cache variables. ##
## ---------------- ##

ac_cv_build=i686-pc-none
ac_cv_build_alias=i686
ac_cv_c_compiler_gnu=yes
ac_cv_c_const=yes
ac_cv_cxx_compiler_gnu=yes
ac_cv_env_CC_set=set
ac_cv_env_CC_value=/opt/open2x/gcc-4.1.1-glibc-2.3.6/bin/arm-open2x-linux-gcc
ac_cv_env_CFLAGS_set=set
ac_cv_env_CFLAGS_value='-O3 -ffast-math -fomit-frame-pointer -mcpu=arm920t -DARM -D_ARM_ASSEM_ -I/opt/open2x/gcc-4.1.1-glibc-2.3.6/include -I/opt/open2x/gcc-4.1.1-glibc-2.3.6/include/libxml2 -I/opt/open2x/gcc-4.1.1-glibc-2.3.6/include/SDL'
ac_cv_env_CPPFLAGS_set=
ac_cv_env_CPPFLAGS_value=
ac_cv_env_CPP_set=
ac_cv_env_CPP_value=
ac_cv_env_CXXCPP_set=
ac_cv_env_CXXCPP_value=
ac_cv_env_CXXFLAGS_set=
ac_cv_env_CXXFLAGS_value=
ac_cv_env_CXX_set=set
ac_cv_env_CXX_value=/opt/open2x/gcc-4.1.1-glibc-2.3.6/bin/arm-open2x-linux-g++
ac_cv_env_F77_set=
ac_cv_env_F77_value=
ac_cv_env_FFLAGS_set=
ac_cv_env_FFLAGS_value=
ac_cv_env_LDFLAGS_set=set
ac_cv_env_LDFLAGS_value=-L/opt/open2x/gcc-4.1.1-glibc-2.3.6/lib
ac_cv_env_build_alias_set=set
ac_cv_env_build_alias_value=i686
ac_cv_env_host_alias_set=set
ac_cv_env_host_alias_value=arm-open2x-linux
ac_cv_env_target_alias_set=
ac_cv_env_target_alias_value=
ac_cv_exeext=
ac_cv_f77_compiler_gnu=no
ac_cv_header_dlfcn_h=yes
ac_cv_header_inttypes_h=yes
ac_cv_header_memory_h=yes
ac_cv_header_stdc=yes
ac_cv_header_stdint_h=yes
ac_cv_header_stdlib_h=yes
ac_cv_header_string_h=yes
ac_cv_header_strings_h=yes
ac_cv_header_sys_stat_h=yes
ac_cv_header_sys_types_h=yes
ac_cv_header_unistd_h=yes
ac_cv_host=arm-open2x-linux-gnu
ac_cv_host_alias=arm-open2x-linux
ac_cv_objext=o
ac_cv_path_LIBMIKMOD_CONFIG=/opt/open2x/gcc-4.1.1-glibc-2.3.6/bin/libmikmod-config
ac_cv_path_SDL_CONFIG=/opt/open2x/gcc-4.1.1-glibc-2.3.6/bin/sdl-config
ac_cv_path_SMPEG_CONFIG=/opt/open2x/gcc-4.1.1-glibc-2.3.6/bin/smpeg-config
ac_cv_path_install='/usr/bin/install -c'
ac_cv_prog_AR=/opt/open2x/gcc-4.1.1-glibc-2.3.6/bin/arm-open2x-linux-ar
ac_cv_prog_CC=/opt/open2x/gcc-4.1.1-glibc-2.3.6/bin/arm-open2x-linux-gcc
ac_cv_prog_CPP='/opt/open2x/gcc-4.1.1-glibc-2.3.6/bin/arm-open2x-linux-gcc -E'
ac_cv_prog_CXX=/opt/open2x/gcc-4.1.1-glibc-2.3.6/bin/arm-open2x-linux-g++
ac_cv_prog_CXXCPP='/opt/open2x/gcc-4.1.1-glibc-2.3.6/bin/arm-open2x-linux-g++ -E'
ac_cv_prog_RANLIB=/opt/open2x/gcc-4.1.1-glibc-2.3.6/bin/arm-open2x-linux-ranlib
ac_cv_prog_STRIP=/opt/open2x/gcc-4.1.1-glibc-2.3.6/bin/arm-open2x-linux-strip
ac_cv_prog_cc_g=yes
ac_cv_prog_cc_stdc=
ac_cv_prog_cxx_g=yes
ac_cv_prog_egrep='grep -E'
ac_cv_prog_f77_g=no
ac_cv_prog_make_make_set=yes
lt_cv_deplibs_check_method=pass_all
lt_cv_file_magic_cmd='$MAGIC_CMD'
lt_cv_file_magic_test_file=
lt_cv_ld_reload_flag=-r
lt_cv_objdir=.libs
lt_cv_path_LD=/opt/open2x/gcc-4.1.1-glibc-2.3.6/arm-open2x-linux/bin/ld
lt_cv_path_LDCXX=/opt/open2x/gcc-4.1.1-glibc-2.3.6/arm-open2x-linux/bin/ld
lt_cv_path_NM='/opt/open2x/gcc-4.1.1-glibc-2.3.6/bin/arm-open2x-linux-nm -B'
lt_cv_path_SED=/bin/sed
lt_cv_prog_compiler_c_o=yes
lt_cv_prog_compiler_c_o_CXX=yes
lt_cv_prog_compiler_rtti_exceptions=no
lt_cv_prog_gnu_ld=yes
lt_cv_prog_gnu_ldcxx=yes
lt_cv_sys_global_symbol_pipe='sed -n -e '\''s/^.*[ 	]\([ABCDGIRSTW][ABCDGIRSTW]*\)[ 	][ 	]*\([_A-Za-z][_A-Za-z0-9]*\)$/\1 \2 \2/p'\'''
lt_cv_sys_global_symbol_to_c_name_address='sed -n -e '\''s/^: \([^ ]*\) $/  {\"\1\", (lt_ptr) 0},/p'\'' -e '\''s/^[BCDEGRST] \([^ ]*\) \([^ ]*\)$/  {"\2", (lt_ptr) \&\2},/p'\'''
lt_cv_sys_global_symbol_to_cdecl='sed -n -e '\''s/^. .* \(.*\)$/extern int \1;/p'\'''
lt_cv_sys_max_cmd_len=32768
lt_lt_cv_prog_compiler_c_o='"yes"'
lt_lt_cv_prog_compiler_c_o_CXX='"yes"'
lt_lt_cv_sys_global_symbol_pipe='"sed -n -e '\''s/^.*[ 	]\\([ABCDGIRSTW][ABCDGIRSTW]*\\)[ 	][ 	]*\\([_A-Za-z][_A-Za-z0-9]*\\)\$/\\1 \\2 \\2/p'\''"'
lt_lt_cv_sys_global_symbol_to_c_name_address='"sed -n -e '\''s/^: \\([^ ]*\\) \$/  {\\\"\\1\\\", (lt_ptr) 0},/p'\'' -e '\''s/^[BCDEGRST] \\([^ ]*\\) \\([^ ]*\\)\$/  {\"\\2\", (lt_ptr) \\&\\2},/p'\''"'
lt_lt_cv_sys_global_symbol_to_cdecl='"sed -n -e '\''s/^. .* \\(.*\\)\$/extern int \\1;/p'\''"'

## ----------------- ##
## Output variables. ##
## ----------------- ##

AR='/opt/open2x/gcc-4.1.1-glibc-2.3.6/bin/arm-open2x-linux-ar'
AS='as'
BINARY_AGE='7'
BUILD_CFLAGS='-O3 -ffast-math -fomit-frame-pointer -mcpu=arm920t -DARM -D_ARM_ASSEM_ -I/opt/open2x/gcc-4.1.1-glibc-2.3.6/include -I/opt/open2x/gcc-4.1.1-glibc-2.3.6/include/libxml2 -I/opt/open2x/gcc-4.1.1-glibc-2.3.6/include/SDL '
BUILD_LDFLAGS='-L/opt/open2x/gcc-4.1.1-glibc-2.3.6/lib'
CC='/opt/open2x/gcc-4.1.1-glibc-2.3.6/bin/arm-open2x-linux-gcc'
CFLAGS='-O3 -ffast-math -fomit-frame-pointer -mcpu=arm920t -DARM -D_ARM_ASSEM_ -I/opt/open2x/gcc-4.1.1-glibc-2.3.6/include -I/opt/open2x/gcc-4.1.1-glibc-2.3.6/include/libxml2 -I/opt/open2x/gcc-4.1.1-glibc-2.3.6/include/SDL  -D_GNU_SOURCE=1 -DLIBMIKMOD_MUSIC -I/opt/open2x/gcc-4.1.1-glibc-2.3.6/include -pthread -D_REENTRANT'
CPP='/opt/open2x/gcc-4.1.1-glibc-2.3.6/bin/arm-open2x-linux-gcc -E'
CPPFLAGS='  -D_GNU_SOURCE=1'
CXX='/opt/open2x/gcc-4.1.1-glibc-2.3.6/bin/arm-open2x-linux-g++'
CXXCPP='/opt/open2x/gcc-4.1.1-glibc-2.3.6/bin/arm-open2x-linux-g++ -E'
CXXFLAGS='-g -O2'
DEFS='-DPACKAGE_NAME=\"\" -DPACKAGE_TARNAME=\"\" -DPACKAGE_VERSION=\"\" -DPACKAGE_STRING=\"\" -DPACKAGE_BUGREPORT=\"\" -DSTDC_HEADERS=1 -DHAVE_SYS_TYPES_H=1 -DHAVE_SYS_STAT_H=1 -DHAVE_STDLIB_H=1 -DHAVE_STRING_H=1 -DHAVE_MEMORY_H=1 -DHAVE_STRINGS_H=1 -DHAVE_INTTYPES_H=1 -DHAVE_STDINT_H=1 -DHAVE_UNISTD_H=1 -DHAVE_DLFCN_H=1 '
DLLTOOL='dlltool'
ECHO='echo'
ECHO_C=''
ECHO_N='-n'
ECHO_T=''
EGREP='grep -E'
EXE=''
EXEEXT=''
EXTRA_CFLAGS=' -D_GNU_SOURCE=1 -I/opt/open2x/gcc-4.1.1-glibc-2.3.6/include/SDL -D_GNU_SOURCE=1 -D_REENTRANT -DCMD_MUSIC -DWAV_MUSIC -DMOD_MUSIC -I$(srcdir)/mikmod -DMID_MUSIC -DUSE_TIMIDITY_MIDI -I$(srcdir)/timidity -DOGG_MUSIC -DOGG_DYNAMIC=\"libvorbisfile.so.3\" -DMP3_MUSIC -I/opt/open2x/gcc-4.1.1-glibc-2.3.6/include -I/opt/open2x/gcc-4.1.1-glibc-2.3.6/include/smpeg -I/opt/open2x/gcc-4.1.1-glibc-2.3.6/include/SDL -D_GNU_SOURCE=1 -D_REENTRANT'
EXTRA_LDFLAGS=' -L/usr/local/lib -L/opt/open2x/gcc-4.1.1-glibc-2.3.6/lib -Wl,-rpath,/opt/open2x/gcc-4.1.1-glibc-2.3.6/lib -lSDL -lpthread -L/opt/open2x/gcc-4.1.1-glibc-2.3.6/lib -lsmpeg -L/opt/open2x/gcc-4.1.1-glibc-2.3.6/lib -Wl,-rpath,/opt/open2x/gcc-4.1.1-glibc-2.3.6/lib -lSDL -lpthread'
F77=''
FFLAGS=''
INSTALL_DATA='${INSTALL} -m 644'
INSTALL_PROGRAM='${INSTALL}'
INSTALL_SCRIPT='${INSTALL}'
INTERFACE_AGE='5'
LDFLAGS='-L/opt/open2x/gcc-4.1.1-glibc-2.3.6/lib  -L/usr/local/lib'
LIBMIKMOD_CONFIG='/opt/open2x/gcc-4.1.1-glibc-2.3.6/bin/libmikmod-config'
LIBOBJS=''
LIBS=' -L/opt/open2x/gcc-4.1.1-glibc-2.3.6/lib -lmikmod -ldl'
LIBTOOL='$(SHELL) $(top_builddir)/libtool'
LN_S='ln -s'
LTLIBOBJS=''
LT_AGE='2'
LT_CURRENT='2'
LT_RELEASE='1.2'
LT_REVISION='5'
MAJOR_VERSION='1'
MICRO_VERSION='7'
MINOR_VERSION='2'
OBJDUMP='objdump'
OBJECTS='$(objects)/effect_position.lo $(objects)/effect_stereoreverse.lo $(objects)/effects_internal.lo $(objects)/load_aiff.lo $(objects)/load_voc.lo $(objects)/mixer.lo $(objects)/music.lo $(objects)/music_cmd.lo $(objects)/wavestream.lo $(objects)/drv_nos.lo $(objects)/load_it.lo $(objects)/load_mod.lo $(objects)/load_s3m.lo $(objects)/load_xm.lo $(objects)/mdreg.lo $(objects)/mdriver.lo $(objects)/mloader.lo $(objects)/mlreg.lo $(objects)/mlutil.lo $(objects)/mmalloc.lo $(objects)/mmerror.lo $(objects)/mmio.lo $(objects)/mplayer.lo $(objects)/munitrk.lo $(objects)/mwav.lo $(objects)/npertab.lo $(objects)/sloader.lo $(objects)/virtch.lo $(objects)/virtch2.lo $(objects)/virtch_common.lo $(objects)/common.lo $(objects)/ctrlmode.lo $(objects)/filter.lo $(objects)/instrum.lo $(objects)/mix.lo $(objects)/output.lo $(objects)/playmidi.lo $(objects)/readmidi.lo $(objects)/resample.lo $(objects)/sdl_a.lo $(objects)/sdl_c.lo $(objects)/tables.lo $(objects)/timidity.lo $(objects)/dynamic_ogg.lo $(objects)/load_ogg.lo $(objects)/music_ogg.lo $(objects)/dynamic_mp3.lo'
OBJEXT='o'
PACKAGE_BUGREPORT=''
PACKAGE_NAME=''
PACKAGE_STRING=''
PACKAGE_TARNAME=''
PACKAGE_VERSION=''
PATH_SEPARATOR=':'
RANLIB='/opt/open2x/gcc-4.1.1-glibc-2.3.6/bin/arm-open2x-linux-ranlib'
SDL_CFLAGS='-I/opt/open2x/gcc-4.1.1-glibc-2.3.6/include/SDL -D_GNU_SOURCE=1 -D_REENTRANT'
SDL_CONFIG='/opt/open2x/gcc-4.1.1-glibc-2.3.6/bin/sdl-config'
SDL_LIBS='-L/opt/open2x/gcc-4.1.1-glibc-2.3.6/lib -Wl,-rpath,/opt/open2x/gcc-4.1.1-glibc-2.3.6/lib -lSDL -lpthread'
SET_MAKE=''
SHELL='/bin/bash'
SMPEG_CFLAGS='-I/opt/open2x/gcc-4.1.1-glibc-2.3.6/include -I/opt/open2x/gcc-4.1.1-glibc-2.3.6/include/smpeg -I/opt/open2x/gcc-4.1.1-glibc-2.3.6/include/SDL -D_GNU_SOURCE=1 -D_REENTRANT'
SMPEG_CONFIG='/opt/open2x/gcc-4.1.1-glibc-2.3.6/bin/smpeg-config'
SMPEG_LIBS='-L/opt/open2x/gcc-4.1.1-glibc-2.3.6/lib -lsmpeg -L/opt/open2x/gcc-4.1.1-glibc-2.3.6/lib -Wl,-rpath,/opt/open2x/gcc-4.1.1-glibc-2.3.6/lib -lSDL -lpthread'
SOURCES=' ./effect_position.c ./effect_stereoreverse.c ./effects_internal.c ./load_aiff.c ./load_voc.c ./mixer.c ./music.c ./music_cmd.c ./wavestream.c ./mikmod/*.c ./timidity/*.c ./*_ogg.c ./*_mp3.c'
STRIP='/opt/open2x/gcc-4.1.1-glibc-2.3.6/bin/arm-open2x-linux-strip'
VERSION='1.2.7'
ac_aux_dir='./build-scripts'
ac_ct_AR=''
ac_ct_AS=''
ac_ct_CC=''
ac_ct_CXX=''
ac_ct_DLLTOOL=''
ac_ct_F77=''
ac_ct_OBJDUMP=''
ac_ct_RANLIB=''
ac_ct_STRIP=''
bindir='${exec_prefix}/bin'
build='i686-pc-none'
build_alias='i686'
build_cpu='i686'
build_os='none'
build_vendor='pc'
datadir='${prefix}/share'
exec_prefix='${prefix}'
host='arm-open2x-linux-gnu'
host_alias='arm-open2x-linux'
host_cpu='arm'
host_os='linux-gnu'
host_vendor='open2x'
includedir='${prefix}/include'
infodir='${prefix}/info'
libdir='${exec_prefix}/lib'
libexecdir='${exec_prefix}/libexec'
localstatedir='${prefix}/var'
mandir='${prefix}/man'
oldincludedir='/usr/include'
prefix='/opt/open2x/gcc-4.1.1-glibc-2.3.6'
program_transform_name='s,x,x,'
sbindir='${exec_prefix}/sbin'
sharedstatedir='${prefix}/com'
sysconfdir='${prefix}/etc'
target_alias=''

## ----------- ##
## confdefs.h. ##
## ----------- ##

#define HAVE_DLFCN_H 1
#define HAVE_INTTYPES_H 1
#define HAVE_MEMORY_H 1
#define HAVE_STDINT_H 1
#define HAVE_STDLIB_H 1
#define HAVE_STRINGS_H 1
#define HAVE_STRING_H 1
#define HAVE_SYS_STAT_H 1
#define HAVE_SYS_TYPES_H 1
#define HAVE_UNISTD_H 1
#define PACKAGE_BUGREPORT ""
#define PACKAGE_NAME ""
#define PACKAGE_STRING ""
#define PACKAGE_TARNAME ""
#define PACKAGE_VERSION ""
#define STDC_HEADERS 1
#endif
#ifdef __cplusplus
extern "C" void std::exit (int) throw (); using std::exit;

configure: exit 0
