This file contains any messages produced by compilers while
running configure, to aid debugging if configure makes a mistake.

It was created by configure, which was
generated by GNU Autoconf 2.59.  Invocation command line was

  $ ./configure --build=i386 --host=arm-linux --target=arm-linux --prefix=/home/depss/DEPSS/library/image --enable-video-fbcon --disable-video-qtopia --disable-video-photon --disable-video-direct --disable-video-ggi --disable-video-svga --disable-video-aalib --disable-video-dummy --disable-video-dga --disable-arts --disable-esd --disable-alsa --disable-video-x11 --disable-nasm --disable-debug --disable-joystick-amigaos --disable-joystick-beos --disable-joystick-bsd --disable-joystick-darwin --disable-joystick-dc --disable-joystick-linux --disable-joystick-macos --disable-joystick-mint --disable-joystick-win32 --disable-shared

## --------- ##
## Platform. ##
## --------- ##

hostname = hhsong
uname -m = i686
uname -r = 2.4.20-8
uname -s = Linux
uname -v = #1 Thu Mar 13 17:54:28 EST 2003

/usr/bin/uname -p = unknown
/bin/uname -X     = unknown

/bin/arch              = i686
/usr/bin/arch -k       = unknown
/usr/convex/getsysinfo = unknown
hostinfo               = unknown
/bin/machine           = unknown
/usr/bin/oslevel       = unknown
/bin/universe          = unknown

PATH: /usr/kerberos/bin
PATH: /usr/local/bin
PATH: /usr/bin
PATH: /bin
PATH: /usr/X11R6/bin
PATH: /usr/local/arm-linux/bin/
PATH: /usr/bin/
PATH: usr/local/bin/
PATH: .
PATH: /home/depss/bin
PATH: /home/depss/CrossTool-gcc3.3.2/usr/bin
PATH: /usr/local/arm-linux/bin/
PATH: /usr/bin/
PATH: usr/local/bin/
PATH: .


## ----------- ##
## Core tests. ##
## ----------- ##

configure:1630: checking build system type
configure:1648: result: i386-pc-none
configure:1656: checking host system type
configure:1670: result: arm-unknown-linux-gnu
configure:1678: checking target system type
configure:1692: result: arm-unknown-linux-gnu
configure:1721: checking for a BSD-compatible install
configure:1776: result: /usr/bin/install -c
configure:1787: checking whether build environment is sane
configure:1830: result: yes
configure:1854: WARNING: `missing' script is too old or missing
configure:1887: checking for gawk
configure:1903: found /usr/bin/gawk
configure:1913: result: gawk
configure:1923: checking whether make sets $(MAKE)
configure:1943: result: yes
configure:2022: checking for arm-linux-strip
configure:2038: found /usr/local/arm-linux/bin//arm-linux-strip
configure:2048: result: arm-linux-strip
configure:2195: checking for style of include used by make
configure:2223: result: GNU
configure:2256: checking for arm-linux-gcc
configure:2272: found /usr/local/arm-linux/bin//arm-linux-gcc
configure:2282: result: arm-linux-gcc
configure:2564: checking for C compiler version
configure:2567: arm-linux-gcc --version </dev/null >&5
2.95.3
configure:2570: $? = 0
configure:2572: arm-linux-gcc -v </dev/null >&5
Reading specs from /usr/local/arm-linux/lib/gcc-lib/arm-linux/2.95.3/specs
gcc version 2.95.3 20010315 (release)
configure:2575: $? = 0
configure:2577: arm-linux-gcc -V </dev/null >&5
arm-linux-gcc: argument to `-V' is missing
configure:2580: $? = 1
configure:2603: checking for C compiler default output file name
configure:2606: arm-linux-gcc    conftest.c  >&5
configure:2609: $? = 0
configure:2655: result: a.out
configure:2660: checking whether the C compiler works
configure:2686: result: yes
configure:2693: checking whether we are cross compiling
configure:2695: result: yes
configure:2698: checking for suffix of executables
configure:2700: arm-linux-gcc -o conftest    conftest.c  >&5
configure:2703: $? = 0
configure:2728: result: 
configure:2734: checking for suffix of object files
configure:2755: arm-linux-gcc -c   conftest.c >&5
configure:2758: $? = 0
configure:2780: result: o
configure:2784: checking whether we are using the GNU C compiler
configure:2808: arm-linux-gcc -c   conftest.c >&5
configure:2814: $? = 0
configure:2818: test -z 
			 || test ! -s conftest.err
configure:2821: $? = 0
configure:2824: test -s conftest.o
configure:2827: $? = 0
configure:2840: result: yes
configure:2846: checking whether arm-linux-gcc accepts -g
configure:2867: arm-linux-gcc -c -g  conftest.c >&5
configure:2873: $? = 0
configure:2877: test -z 
			 || test ! -s conftest.err
configure:2880: $? = 0
configure:2883: test -s conftest.o
configure:2886: $? = 0
configure:2897: result: yes
configure:2914: checking for arm-linux-gcc option to accept ANSI C
configure:2984: arm-linux-gcc  -c -g -O2  conftest.c >&5
configure:2990: $? = 0
configure:2994: test -z 
			 || test ! -s conftest.err
configure:2997: $? = 0
configure:3000: test -s conftest.o
configure:3003: $? = 0
configure:3021: result: none needed
configure:3039: arm-linux-gcc -c -g -O2  conftest.c >&5
conftest.c:2: parse error before `me'
configure:3045: $? = 1
configure: failed program was:
| #ifndef __cplusplus
|   choke me
| #endif
configure:3180: checking dependency style of arm-linux-gcc
configure:3263: result: gcc
configure:3280: checking for a sed that does not truncate output
configure:3334: result: /bin/sed
configure:3337: checking for egrep
configure:3347: result: grep -E
configure:3363: checking for ld used by arm-linux-gcc
configure:3430: result: /usr/local/arm-linux/arm-linux/bin/ld
configure:3439: checking if the linker (/usr/local/arm-linux/arm-linux/bin/ld) is GNU ld
configure:3454: result: yes
configure:3459: checking for /usr/local/arm-linux/arm-linux/bin/ld option to reload object files
configure:3466: result: -r
configure:3475: checking for BSD-compatible nm
configure:3517: result: /usr/local/arm-linux/bin//arm-linux-nm -B
configure:3521: checking whether ln -s works
configure:3525: result: yes
configure:3532: checking how to recognise dependent libraries
configure:3733: result: file_magic ELF [0-9][0-9]*-bit [LM]SB (shared object|dynamic lib )
configure:4189: checking how to run the C preprocessor
configure:4224: arm-linux-gcc -E  conftest.c
configure:4230: $? = 0
configure:4262: arm-linux-gcc -E  conftest.c
conftest.c:11: ac_nonexistent.h: No such file or directory
configure:4268: $? = 1
configure: failed program was:
| /* confdefs.h.  */
| 
| #define PACKAGE_NAME ""
| #define PACKAGE_TARNAME ""
| #define PACKAGE_VERSION ""
| #define PACKAGE_STRING ""
| #define PACKAGE_BUGREPORT ""
| #define PACKAGE "SDL"
| #define VERSION "1.2.7"
| /* end confdefs.h.  */
| #include <ac_nonexistent.h>
configure:4307: result: arm-linux-gcc -E
configure:4331: arm-linux-gcc -E  conftest.c
configure:4337: $? = 0
configure:4369: arm-linux-gcc -E  conftest.c
conftest.c:11: ac_nonexistent.h: No such file or directory
configure:4375: $? = 1
configure: failed program was:
| /* confdefs.h.  */
| 
| #define PACKAGE_NAME ""
| #define PACKAGE_TARNAME ""
| #define PACKAGE_VERSION ""
| #define PACKAGE_STRING ""
| #define PACKAGE_BUGREPORT ""
| #define PACKAGE "SDL"
| #define VERSION "1.2.7"
| /* end confdefs.h.  */
| #include <ac_nonexistent.h>
configure:4419: checking for ANSI C header files
configure:4444: arm-linux-gcc -c -g -O2  conftest.c >&5
configure:4450: $? = 0
configure:4454: test -z 
			 || test ! -s conftest.err
configure:4457: $? = 0
configure:4460: test -s conftest.o
configure:4463: $? = 0
configure:4572: result: yes
configure:4596: checking for sys/types.h
configure:4612: arm-linux-gcc -c -g -O2  conftest.c >&5
configure:4618: $? = 0
configure:4622: test -z 
			 || test ! -s conftest.err
configure:4625: $? = 0
configure:4628: test -s conftest.o
configure:4631: $? = 0
configure:4642: result: yes
configure:4596: checking for sys/stat.h
configure:4612: arm-linux-gcc -c -g -O2  conftest.c >&5
configure:4618: $? = 0
configure:4622: test -z 
			 || test ! -s conftest.err
configure:4625: $? = 0
configure:4628: test -s conftest.o
configure:4631: $? = 0
configure:4642: result: yes
configure:4596: checking for stdlib.h
configure:4612: arm-linux-gcc -c -g -O2  conftest.c >&5
configure:4618: $? = 0
configure:4622: test -z 
			 || test ! -s conftest.err
configure:4625: $? = 0
configure:4628: test -s conftest.o
configure:4631: $? = 0
configure:4642: result: yes
configure:4596: checking for string.h
configure:4612: arm-linux-gcc -c -g -O2  conftest.c >&5
configure:4618: $? = 0
configure:4622: test -z 
			 || test ! -s conftest.err
configure:4625: $? = 0
configure:4628: test -s conftest.o
configure:4631: $? = 0
configure:4642: result: yes
configure:4596: checking for memory.h
configure:4612: arm-linux-gcc -c -g -O2  conftest.c >&5
configure:4618: $? = 0
configure:4622: test -z 
			 || test ! -s conftest.err
configure:4625: $? = 0
configure:4628: test -s conftest.o
configure:4631: $? = 0
configure:4642: result: yes
configure:4596: checking for strings.h
configure:4612: arm-linux-gcc -c -g -O2  conftest.c >&5
configure:4618: $? = 0
configure:4622: test -z 
			 || test ! -s conftest.err
configure:4625: $? = 0
configure:4628: test -s conftest.o
configure:4631: $? = 0
configure:4642: result: yes
configure:4596: checking for inttypes.h
configure:4612: arm-linux-gcc -c -g -O2  conftest.c >&5
configure:4618: $? = 0
configure:4622: test -z 
			 || test ! -s conftest.err
configure:4625: $? = 0
configure:4628: test -s conftest.o
configure:4631: $? = 0
configure:4642: result: yes
configure:4596: checking for stdint.h
configure:4612: arm-linux-gcc -c -g -O2  conftest.c >&5
configure:4618: $? = 0
configure:4622: test -z 
			 || test ! -s conftest.err
configure:4625: $? = 0
configure:4628: test -s conftest.o
configure:4631: $? = 0
configure:4642: result: yes
configure:4596: checking for unistd.h
configure:4612: arm-linux-gcc -c -g -O2  conftest.c >&5
configure:4618: $? = 0
configure:4622: test -z 
			 || test ! -s conftest.err
configure:4625: $? = 0
configure:4628: test -s conftest.o
configure:4631: $? = 0
configure:4642: result: yes
configure:4668: checking dlfcn.h usability
configure:4680: arm-linux-gcc -c -g -O2  conftest.c >&5
configure:4686: $? = 0
configure:4690: test -z 
			 || test ! -s conftest.err
configure:4693: $? = 0
configure:4696: test -s conftest.o
configure:4699: $? = 0
configure:4709: result: yes
configure:4713: checking dlfcn.h presence
configure:4723: arm-linux-gcc -E  conftest.c
configure:4729: $? = 0
configure:4749: result: yes
configure:4784: checking for dlfcn.h
configure:4791: result: yes
configure:4814: checking for arm-linux-g++
configure:4830: found /usr/local/arm-linux/bin//arm-linux-g++
configure:4840: result: arm-linux-g++
configure:4898: checking for C++ compiler version
configure:4901: arm-linux-g++ --version </dev/null >&5
2.95.3
configure:4904: $? = 0
configure:4906: arm-linux-g++ -v </dev/null >&5
Reading specs from /usr/local/arm-linux/lib/gcc-lib/arm-linux/2.95.3/specs
gcc version 2.95.3 20010315 (release)
configure:4909: $? = 0
configure:4911: arm-linux-g++ -V </dev/null >&5
arm-linux-g++: argument to `-V' missing

configure:4914: $? = 1
configure:4917: checking whether we are using the GNU C++ compiler
configure:4941: arm-linux-g++ -c   conftest.cc >&5
configure:4947: $? = 0
configure:4951: test -z 
			 || test ! -s conftest.err
configure:4954: $? = 0
configure:4957: test -s conftest.o
configure:4960: $? = 0
configure:4973: result: yes
configure:4979: checking whether arm-linux-g++ accepts -g
configure:5000: arm-linux-g++ -c -g  conftest.cc >&5
configure:5006: $? = 0
configure:5010: test -z 
			 || test ! -s conftest.err
configure:5013: $? = 0
configure:5016: test -s conftest.o
configure:5019: $? = 0
configure:5030: result: yes
configure:5072: arm-linux-g++ -c -g -O2  conftest.cc >&5
configure:5078: $? = 0
configure:5082: test -z 
			 || test ! -s conftest.err
configure:5085: $? = 0
configure:5088: test -s conftest.o
configure:5091: $? = 0
configure:5117: arm-linux-g++ -c -g -O2  conftest.cc >&5
configure:5123: $? = 0
configure:5127: test -z 
			 || test ! -s conftest.err
configure:5130: $? = 0
configure:5133: test -s conftest.o
configure:5136: $? = 0
configure:5161: checking dependency style of arm-linux-g++
configure:5244: result: gcc
configure:5266: checking how to run the C++ preprocessor
configure:5297: arm-linux-g++ -E  conftest.cc
configure:5303: $? = 0
configure:5335: arm-linux-g++ -E  conftest.cc
conftest.cc:22: ac_nonexistent.h: No such file or directory
configure:5341: $? = 1
configure: failed program was:
| /* confdefs.h.  */
| 
| #define PACKAGE_NAME ""
| #define PACKAGE_TARNAME ""
| #define PACKAGE_VERSION ""
| #define PACKAGE_STRING ""
| #define PACKAGE_BUGREPORT ""
| #define PACKAGE "SDL"
| #define VERSION "1.2.7"
| #define STDC_HEADERS 1
| #define HAVE_SYS_TYPES_H 1
| #define HAVE_SYS_STAT_H 1
| #define HAVE_STDLIB_H 1
| #define HAVE_STRING_H 1
| #define HAVE_MEMORY_H 1
| #define HAVE_STRINGS_H 1
| #define HAVE_INTTYPES_H 1
| #define HAVE_STDINT_H 1
| #define HAVE_UNISTD_H 1
| #define HAVE_DLFCN_H 1
| /* end confdefs.h.  */
| #include <ac_nonexistent.h>
configure:5380: result: arm-linux-g++ -E
configure:5404: arm-linux-g++ -E  conftest.cc
configure:5410: $? = 0
configure:5442: arm-linux-g++ -E  conftest.cc
conftest.cc:22: ac_nonexistent.h: No such file or directory
configure:5448: $? = 1
configure: failed program was:
| /* confdefs.h.  */
| 
| #define PACKAGE_NAME ""
| #define PACKAGE_TARNAME ""
| #define PACKAGE_VERSION ""
| #define PACKAGE_STRING ""
| #define PACKAGE_BUGREPORT ""
| #define PACKAGE "SDL"
| #define VERSION "1.2.7"
| #define STDC_HEADERS 1
| #define HAVE_SYS_TYPES_H 1
| #define HAVE_SYS_STAT_H 1
| #define HAVE_STDLIB_H 1
| #define HAVE_STRING_H 1
| #define HAVE_MEMORY_H 1
| #define HAVE_STRINGS_H 1
| #define HAVE_INTTYPES_H 1
| #define HAVE_STDINT_H 1
| #define HAVE_UNISTD_H 1
| #define HAVE_DLFCN_H 1
| /* end confdefs.h.  */
| #include <ac_nonexistent.h>
configure:5501: checking for arm-linux-g77
configure:5530: result: no
configure:5501: checking for arm-linux-f77
configure:5530: result: no
configure:5501: checking for arm-linux-xlf
configure:5530: result: no
configure:5501: checking for arm-linux-frt
configure:5530: result: no
configure:5501: checking for arm-linux-pgf77
configure:5530: result: no
configure:5501: checking for arm-linux-fort77
configure:5530: result: no
configure:5501: checking for arm-linux-fl32
configure:5530: result: no
configure:5501: checking for arm-linux-af77
configure:5530: result: no
configure:5501: checking for arm-linux-f90
configure:5530: result: no
configure:5501: checking for arm-linux-xlf90
configure:5530: result: no
configure:5501: checking for arm-linux-pgf90
configure:5530: result: no
configure:5501: checking for arm-linux-epcf90
configure:5530: result: no
configure:5501: checking for arm-linux-f95
configure:5530: result: no
configure:5501: checking for arm-linux-fort
configure:5530: result: no
configure:5501: checking for arm-linux-xlf95
configure:5530: result: no
configure:5501: checking for arm-linux-ifc
configure:5530: result: no
configure:5501: checking for arm-linux-efc
configure:5530: result: no
configure:5501: checking for arm-linux-pgf95
configure:5530: result: no
configure:5501: checking for arm-linux-lf95
configure:5530: result: no
configure:5501: checking for arm-linux-gfortran
configure:5530: result: no
configure:5543: checking for g77
configure:5559: found /usr/bin/g77
configure:5569: result: g77
configure:5587: checking for Fortran 77 compiler version
configure:5587: g77 --version </dev/null >&5
GNU Fortran (GCC 3.2.2 20030222 (Red Hat Linux 3.2.2-5)) 3.2.2 20030222 (Red Hat Linux 3.2.2-5)
Copyright (C) 2002 Free Software Foundation, Inc.

GNU Fortran comes with NO WARRANTY, to the extent permitted by law.
You may redistribute copies of GNU Fortran
under the terms of the GNU General Public License.
For more information about these matters, see the file named COPYING
or type the command `info -f g77 Copying'.
configure:5590: $? = 0
configure:5592: g77 -v </dev/null >&5
Reading specs from /usr/lib/gcc-lib/i386-redhat-linux/3.2.2/specs
Configured with: ../configure --prefix=/usr --mandir=/usr/share/man --infodir=/usr/share/info --enable-shared --enable-threads=posix --disable-checking --with-system-zlib --enable-__cxa_atexit --host=i386-redhat-linux
Thread model: posix
gcc version 3.2.2 20030222 (Red Hat Linux 3.2.2-5)
configure:5595: $? = 0
configure:5597: g77 -V </dev/null >&5
g77: argument to `-V' missing
configure:5600: $? = 1
configure:5608: checking whether we are using the GNU Fortran 77 compiler
configure:5622: g77 -c  conftest.F >&5
configure:5628: $? = 0
configure:5632: test -z 
			 || test ! -s conftest.err
configure:5635: $? = 0
configure:5638: test -s conftest.o
configure:5641: $? = 0
configure:5654: result: yes
configure:5660: checking whether g77 accepts -g
configure:5672: g77 -c -g conftest.f >&5
configure:5678: $? = 0
configure:5682: test -z 
			 || test ! -s conftest.err
configure:5685: $? = 0
configure:5688: test -s conftest.o
configure:5691: $? = 0
configure:5703: result: yes
configure:5733: checking the maximum length of command line arguments
configure:5792: result: 32768
configure:5803: checking command to parse /usr/local/arm-linux/bin//arm-linux-nm -B output from arm-linux-gcc object
configure:5892: arm-linux-gcc -c -g -O2  conftest.c >&5
configure:5895: $? = 0
configure:5899: /usr/local/arm-linux/bin//arm-linux-nm -B conftest.o \| sed -n -e 's/^.*[ 	]\([ABCDGISTW][ABCDGISTW]*\)[ 	][ 	]*\(\)\([_A-Za-z][_A-Za-z0-9]*\)$/\1 \2\3 \3/p' \> conftest.nm
configure:5902: $? = 0
configure:5954: arm-linux-gcc -o conftest -g -O2   conftest.c conftstm.o >&5
configure:5957: $? = 0
configure:5995: result: ok
configure:5999: checking for objdir
configure:6014: result: .libs
configure:6066: checking for arm-linux-ar
configure:6082: found /usr/local/arm-linux/bin//arm-linux-ar
configure:6092: result: arm-linux-ar
configure:6146: checking for arm-linux-ranlib
configure:6162: found /usr/local/arm-linux/bin//arm-linux-ranlib
configure:6172: result: arm-linux-ranlib
configure:6226: checking for arm-linux-strip
configure:6252: result: arm-linux-strip
configure:6345: checking for arm-linux-file
configure:6401: result: no
configure:6407: checking for file
configure:6460: result: /usr/bin/file
configure:6553: checking if arm-linux-gcc static flag  works
configure:6576: result: yes
configure:6597: checking if arm-linux-gcc supports -fno-rtti -fno-exceptions
configure:6618: arm-linux-gcc -c -g -O2  -fno-rtti -fno-exceptions conftest.c >&5
configure:6622: $? = 0
configure:6630: result: yes
configure:6645: checking for arm-linux-gcc option to produce PIC
configure:6822: result: -fPIC
configure:6829: checking if arm-linux-gcc PIC flag -fPIC works
configure:6850: arm-linux-gcc -c -g -O2  -fPIC -DPIC conftest.c >&5
configure:6854: $? = 0
configure:6862: result: yes
configure:6886: checking if arm-linux-gcc supports -c -o file.o
configure:6917: arm-linux-gcc -c -g -O2  -o out/conftest2.o conftest.c >&5
configure:6921: $? = 0
configure:6935: result: yes
configure:6961: checking whether the arm-linux-gcc linker (/usr/local/arm-linux/arm-linux/bin/ld) supports shared libraries
configure:7775: result: yes
configure:7846: checking how to hardcode library paths into programs
configure:7871: result: immediate
configure:7885: checking whether stripping libraries is possible
configure:7890: result: yes
configure:7912: checking dynamic linker characteristics
configure:8425: result: GNU/Linux ld.so
configure:9237: checking if libtool supports shared libraries
configure:9239: result: yes
configure:9242: checking whether to build shared libraries
configure:9291: result: no
configure:9294: checking whether to build static libraries
configure:9298: result: yes
configure:9389: creating libtool
configure:9933: checking for ld used by arm-linux-g++
configure:10000: result: /usr/local/arm-linux/arm-linux/bin/ld
configure:10009: checking if the linker (/usr/local/arm-linux/arm-linux/bin/ld) is GNU ld
configure:10024: result: yes
configure:10075: checking whether the arm-linux-g++ linker (/usr/local/arm-linux/arm-linux/bin/ld) supports shared libraries
configure:10890: result: yes
configure:10912: arm-linux-g++ -c -g -O2  conftest.cc >&5
configure:10915: $? = 0
configure:11011: checking for arm-linux-g++ option to produce PIC
configure:11263: result: -fPIC
configure:11270: checking if arm-linux-g++ PIC flag -fPIC works
configure:11291: arm-linux-g++ -c -g -O2  -fPIC -DPIC conftest.cc >&5
configure:11295: $? = 0
configure:11303: result: yes
configure:11327: checking if arm-linux-g++ supports -c -o file.o
configure:11358: arm-linux-g++ -c -g -O2  -o out/conftest2.o conftest.cc >&5
configure:11362: $? = 0
configure:11376: result: yes
configure:11402: checking whether the arm-linux-g++ linker (/usr/local/arm-linux/arm-linux/bin/ld) supports shared libraries
configure:11427: result: yes
configure:11498: checking how to hardcode library paths into programs
configure:11523: result: immediate
configure:11537: checking whether stripping libraries is possible
configure:11542: result: yes
configure:11564: checking dynamic linker characteristics
configure:12077: result: GNU/Linux ld.so
configure:13362: checking if libtool supports shared libraries
configure:13364: result: yes
configure:13367: checking whether to build shared libraries
configure:13385: result: no
configure:13388: checking whether to build static libraries
configure:13392: result: yes
configure:13404: checking for g77 option to produce PIC
configure:13581: result: -fPIC
configure:13588: checking if g77 PIC flag -fPIC works
configure:13609: g77 -c -g -O2 -fPIC conftest.f >&5
configure:13613: $? = 0
configure:13621: result: yes
configure:13645: checking if g77 supports -c -o file.o
configure:13676: g77 -c -g -O2 -o out/conftest2.o conftest.f >&5
configure:13680: $? = 0
configure:13694: result: yes
configure:13720: checking whether the g77 linker (/usr/local/arm-linux/arm-linux/bin/ld) supports shared libraries
configure:14514: result: yes
configure:14585: checking how to hardcode library paths into programs
configure:14610: result: immediate
configure:14624: checking whether stripping libraries is possible
configure:14629: result: yes
configure:14651: checking dynamic linker characteristics
configure:15164: result: GNU/Linux ld.so
configure:19164: checking whether make sets $(MAKE)
configure:19184: result: yes
configure:19201: checking for arm-linux-gcc
configure:19227: result: arm-linux-gcc
configure:19509: checking for C compiler version
configure:19512: arm-linux-gcc --version </dev/null >&5
2.95.3
configure:19515: $? = 0
configure:19517: arm-linux-gcc -v </dev/null >&5
Reading specs from /usr/local/arm-linux/lib/gcc-lib/arm-linux/2.95.3/specs
gcc version 2.95.3 20010315 (release)
configure:19520: $? = 0
configure:19522: arm-linux-gcc -V </dev/null >&5
arm-linux-gcc: argument to `-V' is missing
configure:19525: $? = 1
configure:19528: checking whether we are using the GNU C compiler
configure:19584: result: yes
configure:19590: checking whether arm-linux-gcc accepts -g
configure:19641: result: yes
configure:19658: checking for arm-linux-gcc option to accept ANSI C
configure:19765: result: none needed
configure:19783: arm-linux-gcc -c -g -O2  conftest.c >&5
conftest.c:2: parse error before `me'
configure:19789: $? = 1
configure: failed program was:
| #ifndef __cplusplus
|   choke me
| #endif
configure:19924: checking dependency style of arm-linux-gcc
configure:20007: result: gcc
configure:20024: checking for inline
configure:20045: arm-linux-gcc -c -g -O2  conftest.c >&5
configure:20051: $? = 0
configure:20055: test -z 
			 || test ! -s conftest.err
configure:20058: $? = 0
configure:20061: test -s conftest.o
configure:20064: $? = 0
configure:20076: result: inline
configure:20095: checking for an ANSI C-conforming const
configure:20162: arm-linux-gcc -c -g -O2  conftest.c >&5
configure:20168: $? = 0
configure:20172: test -z 
			 || test ! -s conftest.err
configure:20175: $? = 0
configure:20178: test -s conftest.o
configure:20181: $? = 0
configure:20192: result: yes
configure:20212: checking for arm-linux-g++
configure:20238: result: arm-linux-g++
configure:20296: checking for C++ compiler version
configure:20299: arm-linux-g++ --version </dev/null >&5
2.95.3
configure:20302: $? = 0
configure:20304: arm-linux-g++ -v </dev/null >&5
Reading specs from /usr/local/arm-linux/lib/gcc-lib/arm-linux/2.95.3/specs
gcc version 2.95.3 20010315 (release)
configure:20307: $? = 0
configure:20309: arm-linux-g++ -V </dev/null >&5
arm-linux-g++: argument to `-V' missing

configure:20312: $? = 1
configure:20315: checking whether we are using the GNU C++ compiler
configure:20371: result: yes
configure:20377: checking whether arm-linux-g++ accepts -g
configure:20428: result: yes
configure:20470: arm-linux-g++ -c -g -O2  conftest.cc >&5
configure:20476: $? = 0
configure:20480: test -z 
			 || test ! -s conftest.err
configure:20483: $? = 0
configure:20486: test -s conftest.o
configure:20489: $? = 0
configure:20515: arm-linux-g++ -c -g -O2  conftest.cc >&5
configure:20521: $? = 0
configure:20525: test -z 
			 || test ! -s conftest.err
configure:20528: $? = 0
configure:20531: test -s conftest.o
configure:20534: $? = 0
configure:20559: checking dependency style of arm-linux-g++
configure:20642: result: gcc
configure:20672: checking for a BSD-compatible install
configure:20727: result: /usr/bin/install -c
configure:20740: checking for working alloca.h
configure:20761: arm-linux-gcc -o conftest -g -O2   conftest.c  >&5
configure:20767: $? = 0
configure:20771: test -z 
			 || test ! -s conftest.err
configure:20774: $? = 0
configure:20777: test -s conftest
configure:20780: $? = 0
configure:20792: result: yes
configure:20802: checking for alloca
configure:20843: arm-linux-gcc -o conftest -g -O2   conftest.c  >&5
configure:20849: $? = 0
configure:20853: test -z 
			 || test ! -s conftest.err
configure:20856: $? = 0
configure:20859: test -s conftest
configure:20862: $? = 0
configure:20874: result: yes
configure:27182: checking for dlopen
configure:27204: arm-linux-gcc -c -g -O2 -fexpensive-optimizations -Wall -DDISKAUD_SUPPORT  conftest.c >&5
configure:27210: $? = 0
configure:27214: test -z 
			 || test ! -s conftest.err
configure:27217: $? = 0
configure:27220: test -s conftest.o
configure:27223: $? = 0
configure:27234: result: yes
configure:27239: checking for dlopen in -lc
configure:27269: arm-linux-gcc -o conftest -g -O2 -fexpensive-optimizations -Wall -DDISKAUD_SUPPORT -DUSE_DLOPEN   conftest.c -lc   >&5
/tmp/ccrGUfP6.o: In function `main':
/home/depss/DEPSS/library/SDL/conftest.c:35: undefined reference to `dlopen'
collect2: ld returned 1 exit status
configure:27275: $? = 1
configure: failed program was:
| /* confdefs.h.  */
| 
| #define PACKAGE_NAME ""
| #define PACKAGE_TARNAME ""
| #define PACKAGE_VERSION ""
| #define PACKAGE_STRING ""
| #define PACKAGE_BUGREPORT ""
| #define PACKAGE "SDL"
| #define VERSION "1.2.7"
| #define STDC_HEADERS 1
| #define HAVE_SYS_TYPES_H 1
| #define HAVE_SYS_STAT_H 1
| #define HAVE_STDLIB_H 1
| #define HAVE_STRING_H 1
| #define HAVE_MEMORY_H 1
| #define HAVE_STRINGS_H 1
| #define HAVE_INTTYPES_H 1
| #define HAVE_STDINT_H 1
| #define HAVE_UNISTD_H 1
| #define HAVE_DLFCN_H 1
| #define HAVE_ALLOCA_H 1
| #define HAVE_ALLOCA 1
| /* end confdefs.h.  */
| 
| /* Override any gcc2 internal prototype to avoid an error.  */
| #ifdef __cplusplus
| extern "C"
| #endif
| /* We use char because int might match the return type of a gcc2
|    builtin and then its argument prototype would still apply.  */
| char dlopen ();
| int
| main ()
| {
| dlopen ();
|   ;
|   return 0;
| }
configure:27301: result: no
configure:27306: checking for dlopen in -ldl
configure:27336: arm-linux-gcc -o conftest -g -O2 -fexpensive-optimizations -Wall -DDISKAUD_SUPPORT -DUSE_DLOPEN   conftest.c -ldl   >&5
configure:27342: $? = 0
configure:27346: test -z 
			 || test ! -s conftest.err
configure:27349: $? = 0
configure:27352: test -s conftest
configure:27355: $? = 0
configure:27368: result: yes
configure:21451: checking for OSS audio support
configure:21475: arm-linux-gcc -c -g -O2 -fexpensive-optimizations -Wall -DDISKAUD_SUPPORT -DUSE_DLOPEN  conftest.c >&5
conftest.c: In function `main':
conftest.c:31: warning: unused variable `arg'
configure:21481: $? = 0
configure:21485: test -z 
			 || test ! -s conftest.err
configure:21488: $? = 0
configure:21491: test -s conftest.o
configure:21494: $? = 0
configure:21559: result: yes
configure:22259: checking for NAS audio support
configure:22277: result: no
configure:24586: checking for framebuffer console support
configure:24610: arm-linux-gcc -c -g -O2 -fexpensive-optimizations -Wall -DDISKAUD_SUPPORT -DUSE_DLOPEN -DOSS_SUPPORT  conftest.c >&5
configure:24616: $? = 0
configure:24620: test -z 
			 || test ! -s conftest.err
configure:24623: $? = 0
configure:24626: test -s conftest.o
configure:24629: $? = 0
configure:24640: result: yes
configure:24747: checking for PlayStation 2 GS support
configure:24770: arm-linux-gcc -c -g -O2 -fexpensive-optimizations -Wall -DDISKAUD_SUPPORT -DUSE_DLOPEN -DOSS_SUPPORT -DENABLE_FBCON  conftest.c >&5
conftest.c:25: linux/ps2/dev.h: No such file or directory
conftest.c:26: linux/ps2/gs.h: No such file or directory
configure:24776: $? = 1
configure: failed program was:
| /* confdefs.h.  */
| 
| #define PACKAGE_NAME ""
| #define PACKAGE_TARNAME ""
| #define PACKAGE_VERSION ""
| #define PACKAGE_STRING ""
| #define PACKAGE_BUGREPORT ""
| #define PACKAGE "SDL"
| #define VERSION "1.2.7"
| #define STDC_HEADERS 1
| #define HAVE_SYS_TYPES_H 1
| #define HAVE_SYS_STAT_H 1
| #define HAVE_STDLIB_H 1
| #define HAVE_STRING_H 1
| #define HAVE_MEMORY_H 1
| #define HAVE_STRINGS_H 1
| #define HAVE_INTTYPES_H 1
| #define HAVE_STDINT_H 1
| #define HAVE_UNISTD_H 1
| #define HAVE_DLFCN_H 1
| #define HAVE_ALLOCA_H 1
| #define HAVE_ALLOCA 1
| /* end confdefs.h.  */
| 
|          #include <linux/ps2/dev.h>
|          #include <linux/ps2/gs.h>
| 
| int
| main ()
| {
| 
| 
|   ;
|   return 0;
| }
configure:24800: result: no
configure:25400: checking for OpenGL (GLX) support
configure:25424: arm-linux-gcc -c -g -O2 -fexpensive-optimizations -Wall -DDISKAUD_SUPPORT -DUSE_DLOPEN -DOSS_SUPPORT -DENABLE_FBCON  conftest.c >&5
conftest.c:25: GL/gl.h: No such file or directory
conftest.c:26: GL/glx.h: No such file or directory
configure:25430: $? = 1
configure: failed program was:
| /* confdefs.h.  */
| 
| #define PACKAGE_NAME ""
| #define PACKAGE_TARNAME ""
| #define PACKAGE_VERSION ""
| #define PACKAGE_STRING ""
| #define PACKAGE_BUGREPORT ""
| #define PACKAGE "SDL"
| #define VERSION "1.2.7"
| #define STDC_HEADERS 1
| #define HAVE_SYS_TYPES_H 1
| #define HAVE_SYS_STAT_H 1
| #define HAVE_STDLIB_H 1
| #define HAVE_STRING_H 1
| #define HAVE_MEMORY_H 1
| #define HAVE_STRINGS_H 1
| #define HAVE_INTTYPES_H 1
| #define HAVE_STDINT_H 1
| #define HAVE_UNISTD_H 1
| #define HAVE_DLFCN_H 1
| #define HAVE_ALLOCA_H 1
| #define HAVE_ALLOCA 1
| /* end confdefs.h.  */
| 
|          #include <GL/gl.h>
|          #include <GL/glx.h>
|          #include <dlfcn.h> /* For loading extensions */
| 
| int
| main ()
| {
| 
| 
|   ;
|   return 0;
| }
configure:25454: result: no
configure:25764: checking for Linux 2.4 unified input interface
configure:25789: arm-linux-gcc -c -g -O2 -fexpensive-optimizations -Wall -DDISKAUD_SUPPORT -DUSE_DLOPEN -DOSS_SUPPORT -DENABLE_FBCON  conftest.c >&5
configure:25795: $? = 0
configure:25799: test -z 
			 || test ! -s conftest.err
configure:25802: $? = 0
configure:25805: test -s conftest.o
configure:25808: $? = 0
configure:25819: result: yes
configure:25972: checking for pthreads
configure:25996: arm-linux-gcc -o conftest -g -O2 -fexpensive-optimizations -Wall -DDISKAUD_SUPPORT -DUSE_DLOPEN -DOSS_SUPPORT -DENABLE_FBCON -DUSE_INPUT_EVENTS -D_REENTRANT   conftest.c  -lpthread >&5
configure:26002: $? = 0
configure:26006: test -z 
			 || test ! -s conftest.err
configure:26009: $? = 0
configure:26012: test -s conftest
configure:26015: $? = 0
configure:26027: result: yes
configure:26039: checking for recursive mutexes
configure:26067: arm-linux-gcc -o conftest -g -O2 -fexpensive-optimizations -Wall -DDISKAUD_SUPPORT -DUSE_DLOPEN -DOSS_SUPPORT -DENABLE_FBCON -DUSE_INPUT_EVENTS -D_REENTRANT -DSDL_USE_PTHREADS   conftest.c  -lpthread >&5
conftest.c: In function `main':
conftest.c:33: warning: implicit declaration of function `pthread_mutexattr_setkind_np'
configure:26073: $? = 0
configure:26077: test -z 
			 || test ! -s conftest.err
configure:26080: $? = 0
configure:26083: test -s conftest
configure:26086: $? = 0
configure:26107: result: yes
configure:26115: checking for pthread semaphores
configure:26138: arm-linux-gcc -c -g -O2 -fexpensive-optimizations -Wall -DDISKAUD_SUPPORT -DUSE_DLOPEN -DOSS_SUPPORT -DENABLE_FBCON -DUSE_INPUT_EVENTS -D_REENTRANT -DSDL_USE_PTHREADS  conftest.c >&5
configure:26144: $? = 0
configure:26148: test -z 
			 || test ! -s conftest.err
configure:26151: $? = 0
configure:26154: test -s conftest.o
configure:26157: $? = 0
configure:26168: result: yes
configure:26175: checking for broken glibc 2.0 pthreads
configure:26202: arm-linux-gcc -c -g -O2 -fexpensive-optimizations -Wall -DDISKAUD_SUPPORT -DUSE_DLOPEN -DOSS_SUPPORT -DENABLE_FBCON -DUSE_INPUT_EVENTS -D_REENTRANT -DSDL_USE_PTHREADS  conftest.c >&5
conftest.c:29: #error pthread implementation okay
configure:26208: $? = 1
configure: failed program was:
| /* confdefs.h.  */
| 
| #define PACKAGE_NAME ""
| #define PACKAGE_TARNAME ""
| #define PACKAGE_VERSION ""
| #define PACKAGE_STRING ""
| #define PACKAGE_BUGREPORT ""
| #define PACKAGE "SDL"
| #define VERSION "1.2.7"
| #define STDC_HEADERS 1
| #define HAVE_SYS_TYPES_H 1
| #define HAVE_SYS_STAT_H 1
| #define HAVE_STDLIB_H 1
| #define HAVE_STRING_H 1
| #define HAVE_MEMORY_H 1
| #define HAVE_STRINGS_H 1
| #define HAVE_INTTYPES_H 1
| #define HAVE_STDINT_H 1
| #define HAVE_UNISTD_H 1
| #define HAVE_DLFCN_H 1
| #define HAVE_ALLOCA_H 1
| #define HAVE_ALLOCA 1
| /* end confdefs.h.  */
| 
|                       #include <features.h>
|                       #if (__GLIBC__ == 2) && (__GLIBC_MINOR__ == 0)
|                       #warning Working around a bug in glibc 2.0 pthreads
|                       #else
|                       #error pthread implementation okay
|                       #endif /* glibc 2.0 */
| 
| int
| main ()
| {
| 
| 
|   ;
|   return 0;
| }
configure:26232: result: no
configure:26238: checking whether semun is defined in /usr/include/sys/sem.h
configure:26262: arm-linux-gcc -c -g -O2 -fexpensive-optimizations -Wall -DDISKAUD_SUPPORT -DUSE_DLOPEN -DOSS_SUPPORT -DENABLE_FBCON -DUSE_INPUT_EVENTS -D_REENTRANT -DSDL_USE_PTHREADS  conftest.c >&5
conftest.c: In function `main':
conftest.c:32: storage size of `t' isn't known
conftest.c:32: warning: unused variable `t'
configure:26268: $? = 1
configure: failed program was:
| /* confdefs.h.  */
| 
| #define PACKAGE_NAME ""
| #define PACKAGE_TARNAME ""
| #define PACKAGE_VERSION ""
| #define PACKAGE_STRING ""
| #define PACKAGE_BUGREPORT ""
| #define PACKAGE "SDL"
| #define VERSION "1.2.7"
| #define STDC_HEADERS 1
| #define HAVE_SYS_TYPES_H 1
| #define HAVE_SYS_STAT_H 1
| #define HAVE_STDLIB_H 1
| #define HAVE_STRING_H 1
| #define HAVE_MEMORY_H 1
| #define HAVE_STRINGS_H 1
| #define HAVE_INTTYPES_H 1
| #define HAVE_STDINT_H 1
| #define HAVE_UNISTD_H 1
| #define HAVE_DLFCN_H 1
| #define HAVE_ALLOCA_H 1
| #define HAVE_ALLOCA 1
| /* end confdefs.h.  */
| 
|       #include <sys/types.h>
|       #include <sys/sem.h>
| 
| int
| main ()
| {
| 
|       union semun t;
| 
|   ;
|   return 0;
| }
configure:26292: result: no
configure:26724: checking sigaction
configure:26748: arm-linux-gcc -c -g -O2 -fexpensive-optimizations -Wall -DDISKAUD_SUPPORT -DUSE_DLOPEN -DOSS_SUPPORT -DENABLE_FBCON -DUSE_INPUT_EVENTS -D_REENTRANT -DSDL_USE_PTHREADS  conftest.c >&5
configure:26754: $? = 0
configure:26758: test -z 
			 || test ! -s conftest.err
configure:26761: $? = 0
configure:26764: test -s conftest.o
configure:26767: $? = 0
configure:26778: result: yes
configure:28630: checking for GCC Altivec instruction support
configure:28655: arm-linux-gcc -c -g -O2 -fexpensive-optimizations -Wall -DDISKAUD_SUPPORT -DUSE_DLOPEN -DOSS_SUPPORT -DENABLE_FBCON -DUSE_INPUT_EVENTS -D_REENTRANT -DSDL_USE_PTHREADS -DHAVE_SIGACTION  conftest.c >&5
/tmp/cc8yVAaC.s: Assembler messages:
/tmp/cc8yVAaC.s:40: Error: bad instruction `mtspr 256,r3'
/tmp/cc8yVAaC.s:41: Error: bad instruction `vand %v0,%v0,%v0'
configure:28661: $? = 1
configure: failed program was:
| /* confdefs.h.  */
| 
| #define PACKAGE_NAME ""
| #define PACKAGE_TARNAME ""
| #define PACKAGE_VERSION ""
| #define PACKAGE_STRING ""
| #define PACKAGE_BUGREPORT ""
| #define PACKAGE "SDL"
| #define VERSION "1.2.7"
| #define STDC_HEADERS 1
| #define HAVE_SYS_TYPES_H 1
| #define HAVE_SYS_STAT_H 1
| #define HAVE_STDLIB_H 1
| #define HAVE_STRING_H 1
| #define HAVE_MEMORY_H 1
| #define HAVE_STRINGS_H 1
| #define HAVE_INTTYPES_H 1
| #define HAVE_STDINT_H 1
| #define HAVE_UNISTD_H 1
| #define HAVE_DLFCN_H 1
| #define HAVE_ALLOCA_H 1
| #define HAVE_ALLOCA 1
| /* end confdefs.h.  */
| 
| 
| int
| main ()
| {
| 
|         asm volatile ("mtspr 256, %0\n\t"
|                       "vand %%v0, %%v0, %%v0"
|                       :
|                       : "r" (-1));
| 
|   ;
|   return 0;
| }
configure:28688: result: no
configure:30835: creating ./config.status

## ---------------------- ##
## Running config.status. ##
## ---------------------- ##

This file was extended by config.status, which was
generated by GNU Autoconf 2.59.  Invocation command line was

  CONFIG_FILES    = 
  CONFIG_HEADERS  = 
  CONFIG_LINKS    = 
  CONFIG_COMMANDS = 
  $ ./config.status 

on hhsong

config.status:911: creating Makefile
config.status:911: creating docs/Makefile
config.status:911: creating docs/html/Makefile
config.status:911: creating docs/man3/Makefile
config.status:911: creating include/Makefile
config.status:911: creating src/Makefile
config.status:911: creating src/main/Makefile
config.status:911: creating src/main/macosx/Makefile
config.status:911: creating src/main/macosx/Info.plist
config.status:911: creating src/audio/Makefile
config.status:911: creating src/audio/alsa/Makefile
config.status:911: creating src/audio/arts/Makefile
config.status:911: creating src/audio/baudio/Makefile
config.status:911: creating src/audio/dc/Makefile
config.status:911: creating src/audio/disk/Makefile
config.status:911: creating src/audio/dma/Makefile
config.status:911: creating src/audio/dmedia/Makefile
config.status:911: creating src/audio/dsp/Makefile
config.status:911: creating src/audio/esd/Makefile
config.status:911: creating src/audio/macrom/Makefile
config.status:911: creating src/audio/mint/Makefile
config.status:911: creating src/audio/mme/Makefile
config.status:911: creating src/audio/nas/Makefile
config.status:911: creating src/audio/nto/Makefile
config.status:911: creating src/audio/openbsd/Makefile
config.status:911: creating src/audio/paudio/Makefile
config.status:911: creating src/audio/riscos/Makefile
config.status:911: creating src/audio/sun/Makefile
config.status:911: creating src/audio/ums/Makefile
config.status:911: creating src/audio/windib/Makefile
config.status:911: creating src/audio/windx5/Makefile
config.status:911: creating src/video/Makefile
config.status:911: creating src/video/aalib/Makefile
config.status:911: creating src/video/ataricommon/Makefile
config.status:911: creating src/video/bwindow/Makefile
config.status:911: creating src/video/cybergfx/Makefile
config.status:911: creating src/video/dc/Makefile
config.status:911: creating src/video/dga/Makefile
config.status:911: creating src/video/directfb/Makefile
config.status:911: creating src/video/dummy/Makefile
config.status:911: creating src/video/epoc/Makefile
config.status:911: creating src/video/fbcon/Makefile
config.status:911: creating src/video/gem/Makefile
config.status:911: creating src/video/ggi/Makefile
config.status:911: creating src/video/maccommon/Makefile
config.status:911: creating src/video/macdsp/Makefile
config.status:911: creating src/video/macrom/Makefile
config.status:911: creating src/video/nanox/Makefile
config.status:911: creating src/video/photon/Makefile
config.status:911: creating src/video/picogui/Makefile
config.status:911: creating src/video/ps2gs/Makefile
config.status:911: creating src/video/qtopia/Makefile
config.status:911: creating src/video/quartz/Makefile
config.status:911: creating src/video/riscos/Makefile
config.status:911: creating src/video/svga/Makefile
config.status:911: creating src/video/vgl/Makefile
config.status:911: creating src/video/wincommon/Makefile
config.status:911: creating src/video/windib/Makefile
config.status:911: creating src/video/windx5/Makefile
config.status:911: creating src/video/x11/Makefile
config.status:911: creating src/video/xbios/Makefile
config.status:911: creating src/video/XFree86/Makefile
config.status:911: creating src/video/XFree86/extensions/Makefile
config.status:911: creating src/video/XFree86/Xinerama/Makefile
config.status:911: creating src/video/XFree86/Xv/Makefile
config.status:911: creating src/video/XFree86/Xxf86dga/Makefile
config.status:911: creating src/video/XFree86/Xxf86vm/Makefile
config.status:911: creating src/events/Makefile
config.status:911: creating src/joystick/Makefile
config.status:911: creating src/joystick/amigaos/Makefile
config.status:911: creating src/joystick/beos/Makefile
config.status:911: creating src/joystick/bsd/Makefile
config.status:911: creating src/joystick/darwin/Makefile
config.status:911: creating src/joystick/dc/Makefile
config.status:911: creating src/joystick/dummy/Makefile
config.status:911: creating src/joystick/linux/Makefile
config.status:911: creating src/joystick/macos/Makefile
config.status:911: creating src/joystick/mint/Makefile
config.status:911: creating src/joystick/riscos/Makefile
config.status:911: creating src/joystick/win32/Makefile
config.status:911: creating src/cdrom/Makefile
config.status:911: creating src/cdrom/aix/Makefile
config.status:911: creating src/cdrom/beos/Makefile
config.status:911: creating src/cdrom/dc/Makefile
config.status:911: creating src/cdrom/dummy/Makefile
config.status:911: creating src/cdrom/bsdi/Makefile
config.status:911: creating src/cdrom/freebsd/Makefile
config.status:911: creating src/cdrom/linux/Makefile
config.status:911: creating src/cdrom/macos/Makefile
config.status:911: creating src/cdrom/macosx/Makefile
config.status:911: creating src/cdrom/mint/Makefile
config.status:911: creating src/cdrom/openbsd/Makefile
config.status:911: creating src/cdrom/osf/Makefile
config.status:911: creating src/cdrom/qnx/Makefile
config.status:911: creating src/cdrom/win32/Makefile
config.status:911: creating src/thread/Makefile
config.status:911: creating src/timer/Makefile
config.status:911: creating src/endian/Makefile
config.status:911: creating src/file/Makefile
config.status:911: creating src/cpuinfo/Makefile
config.status:911: creating src/hermes/Makefile
config.status:911: creating sdl-config
config.status:911: creating SDL.spec
config.status:911: creating SDL.qpg
config.status:1094: executing depfiles commands
config.status:1094: executing default commands

## ---------------- ##
## Cache variables. ##
## ---------------- ##

ac_cv_build=i386-pc-none
ac_cv_build_alias=i386
ac_cv_c_compiler_gnu=yes
ac_cv_c_const=yes
ac_cv_c_inline=inline
ac_cv_cxx_compiler_gnu=yes
ac_cv_env_CC_set=
ac_cv_env_CC_value=
ac_cv_env_CFLAGS_set=
ac_cv_env_CFLAGS_value=
ac_cv_env_CPPFLAGS_set=
ac_cv_env_CPPFLAGS_value=
ac_cv_env_CPP_set=
ac_cv_env_CPP_value=
ac_cv_env_CXXCPP_set=
ac_cv_env_CXXCPP_value=
ac_cv_env_CXXFLAGS_set=
ac_cv_env_CXXFLAGS_value=
ac_cv_env_CXX_set=
ac_cv_env_CXX_value=
ac_cv_env_F77_set=
ac_cv_env_F77_value=
ac_cv_env_FFLAGS_set=
ac_cv_env_FFLAGS_value=
ac_cv_env_LDFLAGS_set=
ac_cv_env_LDFLAGS_value=
ac_cv_env_build_alias_set=set
ac_cv_env_build_alias_value=i386
ac_cv_env_host_alias_set=set
ac_cv_env_host_alias_value=arm-linux
ac_cv_env_target_alias_set=set
ac_cv_env_target_alias_value=arm-linux
ac_cv_exeext=
ac_cv_f77_compiler_gnu=yes
ac_cv_func_alloca_works=yes
ac_cv_header_dlfcn_h=yes
ac_cv_header_inttypes_h=yes
ac_cv_header_memory_h=yes
ac_cv_header_stdc=yes
ac_cv_header_stdint_h=yes
ac_cv_header_stdlib_h=yes
ac_cv_header_string_h=yes
ac_cv_header_strings_h=yes
ac_cv_header_sys_stat_h=yes
ac_cv_header_sys_types_h=yes
ac_cv_header_unistd_h=yes
ac_cv_host=arm-unknown-linux-gnu
ac_cv_host_alias=arm-linux
ac_cv_lib_c_dlopen=no
ac_cv_lib_dl_dlopen=yes
ac_cv_objext=o
ac_cv_path_install='/usr/bin/install -c'
ac_cv_prog_AR=arm-linux-ar
ac_cv_prog_AWK=gawk
ac_cv_prog_CC=arm-linux-gcc
ac_cv_prog_CPP='arm-linux-gcc -E'
ac_cv_prog_CXX=arm-linux-g++
ac_cv_prog_CXXCPP='arm-linux-g++ -E'
ac_cv_prog_RANLIB=arm-linux-ranlib
ac_cv_prog_STRIP=arm-linux-strip
ac_cv_prog_ac_ct_F77=g77
ac_cv_prog_cc_g=yes
ac_cv_prog_cc_stdc=
ac_cv_prog_cxx_g=yes
ac_cv_prog_egrep='grep -E'
ac_cv_prog_f77_g=yes
ac_cv_prog_make_make_set=yes
ac_cv_target=arm-unknown-linux-gnu
ac_cv_target_alias=arm-linux
ac_cv_working_alloca_h=yes
am_cv_CC_dependencies_compiler_type=gcc
am_cv_CXX_dependencies_compiler_type=gcc
lt_cv_deplibs_check_method='file_magic ELF [0-9][0-9]*-bit [LM]SB (shared object|dynamic lib )'
lt_cv_file_magic_cmd='$MAGIC_CMD'
lt_cv_file_magic_test_file='/lib/libc.so.6 /lib/libc-2.3.2.so'
lt_cv_ld_reload_flag=-r
lt_cv_objdir=.libs
lt_cv_path_LD=/usr/local/arm-linux/arm-linux/bin/ld
lt_cv_path_LDCXX=/usr/local/arm-linux/arm-linux/bin/ld
lt_cv_path_MAGIC_CMD=/usr/bin/file
lt_cv_path_NM='/usr/local/arm-linux/bin//arm-linux-nm -B'
lt_cv_path_SED=/bin/sed
lt_cv_prog_compiler_c_o=yes
lt_cv_prog_compiler_c_o_CXX=yes
lt_cv_prog_compiler_c_o_F77=yes
lt_cv_prog_compiler_rtti_exceptions=yes
lt_cv_prog_gnu_ld=yes
lt_cv_prog_gnu_ldcxx=yes
lt_cv_sys_global_symbol_pipe='sed -n -e '\''s/^.*[ 	]\([ABCDGISTW][ABCDGISTW]*\)[ 	][ 	]*\(\)\([_A-Za-z][_A-Za-z0-9]*\)$/\1 \2\3 \3/p'\'''
lt_cv_sys_global_symbol_to_c_name_address='sed -n -e '\''s/^: \([^ ]*\) $/  {\"\1\", (lt_ptr) 0},/p'\'' -e '\''s/^[BCDEGRST] \([^ ]*\) \([^ ]*\)$/  {"\2", (lt_ptr) \&\2},/p'\'''
lt_cv_sys_global_symbol_to_cdecl='sed -n -e '\''s/^. .* \(.*\)$/extern int \1;/p'\'''
lt_cv_sys_max_cmd_len=32768
lt_lt_cv_prog_compiler_c_o='"yes"'
lt_lt_cv_prog_compiler_c_o_CXX='"yes"'
lt_lt_cv_prog_compiler_c_o_F77='"yes"'
lt_lt_cv_sys_global_symbol_pipe='"sed -n -e '\''s/^.*[ 	]\\([ABCDGISTW][ABCDGISTW]*\\)[ 	][ 	]*\\(\\)\\([_A-Za-z][_A-Za-z0-9]*\\)\$/\\1 \\2\\3 \\3/p'\''"'
lt_lt_cv_sys_global_symbol_to_c_name_address='"sed -n -e '\''s/^: \\([^ ]*\\) \$/  {\\\"\\1\\\", (lt_ptr) 0},/p'\'' -e '\''s/^[BCDEGRST] \\([^ ]*\\) \\([^ ]*\\)\$/  {\"\\2\", (lt_ptr) \\&\\2},/p'\''"'
lt_lt_cv_sys_global_symbol_to_cdecl='"sed -n -e '\''s/^. .* \\(.*\\)\$/extern int \\1;/p'\''"'

## ----------------- ##
## Output variables. ##
## ----------------- ##

ACLOCAL='aclocal-1.8'
ALLOCA=''
AMDEPBACKSLASH='\'
AMDEP_FALSE='#'
AMDEP_TRUE=''
AMTAR='tar'
AR='arm-linux-ar'
ARCH='linux'
ARTSCCONFIG=''
AS='as'
ASFLAGS=''
AUDIO_DRIVERS=' disk/libaudio_disk.la dsp/libaudio_dsp.la dma/libaudio_dma.la'
AUDIO_SUBDIRS=' disk dsp dma'
AUTOCONF='autoconf'
AUTOHEADER='autoheader'
AUTOMAKE='automake-1.8'
AWK='gawk'
CC='arm-linux-gcc'
CCAS='arm-linux-gcc'
CCASFLAGS=''
CCDEPMODE='depmode=gcc'
CDROM_DRIVERS=' linux/libcdrom_linux.la'
CDROM_SUBDIRS=' linux'
CFLAGS='-g -O2 -fexpensive-optimizations -Wall -DDISKAUD_SUPPORT -DUSE_DLOPEN -DOSS_SUPPORT -DENABLE_FBCON -DUSE_INPUT_EVENTS -D_REENTRANT -DSDL_USE_PTHREADS -DHAVE_SIGACTION -I$(top_srcdir)/include -I$(top_srcdir)/include/SDL -I$(top_srcdir)/src -I$(top_srcdir)/src/main/linux -I$(top_srcdir)/src/audio -I$(top_srcdir)/src/video -I$(top_srcdir)/src/video/XFree86/extensions -I$(top_srcdir)/src/events -I$(top_srcdir)/src/joystick -I$(top_srcdir)/src/cdrom -I$(top_srcdir)/src/thread -I$(top_srcdir)/src/timer -I$(top_srcdir)/src/endian -I$(top_srcdir)/src/file -I$(top_builddir)/src/thread'
CPP='arm-linux-gcc -E'
CPPFLAGS=''
CXX='arm-linux-g++'
CXXCPP='arm-linux-g++ -E'
CXXDEPMODE='depmode=gcc'
CXXFLAGS='-g -O2 -fexpensive-optimizations -Wall -DDISKAUD_SUPPORT -DUSE_DLOPEN -DOSS_SUPPORT -DENABLE_FBCON -DUSE_INPUT_EVENTS -D_REENTRANT -DSDL_USE_PTHREADS -DHAVE_SIGACTION -I$(top_srcdir)/include -I$(top_srcdir)/include/SDL -I$(top_srcdir)/src -I$(top_srcdir)/src/main/linux -I$(top_srcdir)/src/audio -I$(top_srcdir)/src/video -I$(top_srcdir)/src/video/XFree86/extensions -I$(top_srcdir)/src/events -I$(top_srcdir)/src/joystick -I$(top_srcdir)/src/cdrom -I$(top_srcdir)/src/thread -I$(top_srcdir)/src/timer -I$(top_srcdir)/src/endian -I$(top_srcdir)/src/file -I$(top_builddir)/src/thread'
CYGPATH_W='echo'
DEFS='-DPACKAGE_NAME=\"\" -DPACKAGE_TARNAME=\"\" -DPACKAGE_VERSION=\"\" -DPACKAGE_STRING=\"\" -DPACKAGE_BUGREPORT=\"\" -DPACKAGE=\"SDL\" -DVERSION=\"1.2.7\" -DSTDC_HEADERS=1 -DHAVE_SYS_TYPES_H=1 -DHAVE_SYS_STAT_H=1 -DHAVE_STDLIB_H=1 -DHAVE_STRING_H=1 -DHAVE_MEMORY_H=1 -DHAVE_STRINGS_H=1 -DHAVE_INTTYPES_H=1 -DHAVE_STDINT_H=1 -DHAVE_UNISTD_H=1 -DHAVE_DLFCN_H=1 -DHAVE_ALLOCA_H=1 -DHAVE_ALLOCA=1 '
DEPDIR='.deps'
DIRECTFB_CFLAGS=''
DIRECTFB_LIBS=''
DLLTOOL='dlltool'
ECHO='echo'
ECHO_C=''
ECHO_N='-n'
ECHO_T=''
EGREP='grep -E'
ENABLE_SHARED_FALSE=''
ENABLE_SHARED_TRUE='#'
ENABLE_STATIC_FALSE='#'
ENABLE_STATIC_TRUE=''
ESD_CFLAGS=''
ESD_CONFIG=''
ESD_LIBS=''
EXEEXT=''
F77='g77'
FFLAGS='-g -O2'
HAVE_NASM_FALSE=''
HAVE_NASM_TRUE='#'
INSTALL_DATA='${INSTALL} -m 644'
INSTALL_PROGRAM='${INSTALL}'
INSTALL_SCRIPT='${INSTALL}'
INSTALL_STRIP_PROGRAM='${SHELL} $(install_sh) -c -s'
JOYSTICK_DRIVERS=' linux/libjoystick_linux.la'
JOYSTICK_SUBDIRS=' linux'
LDFLAGS=''
LIBOBJS=''
LIBS=' -lpthread'
LIBTOOL='$(SHELL) $(top_builddir)/libtool'
LN_S='ln -s'
LTLIBOBJS=''
LT_AGE='7'
LT_CURRENT='7'
LT_RELEASE='1.2'
LT_REVISION='0'
MAKEINFO='makeinfo'
NASM=''
NASMFLAGS=''
OBJC=''
OBJCDEPMODE=''
OBJCFLAGS=''
OBJDUMP='objdump'
OBJEXT='o'
PACKAGE='SDL'
PACKAGE_BUGREPORT=''
PACKAGE_NAME=''
PACKAGE_STRING=''
PACKAGE_TARNAME=''
PACKAGE_VERSION=''
PATH_SEPARATOR=':'
PKG_CONFIG=''
PTH_CONFIG=''
RANLIB='arm-linux-ranlib'
SDL_BINARY_AGE='7'
SDL_CFLAGS=' -D_REENTRANT'
SDL_EXTRADIRS=' audio video events joystick cdrom thread timer endian file cpuinfo'
SDL_EXTRALIBS=' audio/libaudio.la video/libvideo.la events/libevents.la joystick/libjoystick.la cdrom/libcdrom.la thread/libthread.la timer/libtimer.la endian/libendian.la file/libfile.la cpuinfo/libcpuinfo.la'
SDL_INTERFACE_AGE='0'
SDL_LIBS='-lSDL -lpthread'
SDL_MAJOR_VERSION='1'
SDL_MICRO_VERSION='7'
SDL_MINOR_VERSION='2'
SDL_RLD_FLAGS='-Wl,-rpath,${exec_prefix}/lib'
SDL_STATIC_LIBS='-lSDL -lpthread'
SDL_VERSION='1.2.7'
SET_MAKE=''
SHARED_SYSTEM_LIBS=''
SHELL='/bin/sh'
STATIC_SYSTEM_LIBS=' -lm -ldl'
STRIP='arm-linux-strip'
SYSTEM_LIBS=' -lm -ldl'
TARGET_AIX_FALSE=''
TARGET_AIX_TRUE='#'
TARGET_BEOS_FALSE=''
TARGET_BEOS_TRUE='#'
TARGET_BSDI_FALSE=''
TARGET_BSDI_TRUE='#'
TARGET_FREEBSD_FALSE=''
TARGET_FREEBSD_TRUE='#'
TARGET_IRIX_FALSE=''
TARGET_IRIX_TRUE='#'
TARGET_LINUX_FALSE='#'
TARGET_LINUX_TRUE=''
TARGET_MACOSX_FALSE=''
TARGET_MACOSX_TRUE='#'
TARGET_MACOS_FALSE=''
TARGET_MACOS_TRUE='#'
TARGET_MINT_FALSE=''
TARGET_MINT_TRUE='#'
TARGET_NETBSD_FALSE=''
TARGET_NETBSD_TRUE='#'
TARGET_OPENBSD_FALSE=''
TARGET_OPENBSD_TRUE='#'
TARGET_QNX_FALSE=''
TARGET_QNX_TRUE='#'
TARGET_QTOPIA_FALSE=''
TARGET_QTOPIA_TRUE='#'
TARGET_SOLARIS_FALSE=''
TARGET_SOLARIS_TRUE='#'
TARGET_WIN32_FALSE=''
TARGET_WIN32_TRUE='#'
USE_CLONE_FALSE=''
USE_CLONE_TRUE='#'
USE_DIRECTX_FALSE=''
USE_DIRECTX_TRUE='#'
VERSION='1.2.7'
VIDEO_DRIVERS=' fbcon/libvideo_fbcon.la'
VIDEO_SUBDIRS=' fbcon'
X_CFLAGS=''
X_EXTRA_LIBS=''
X_LIBS=''
X_PRE_LIBS=''
ac_ct_AR=''
ac_ct_AS=''
ac_ct_CC=''
ac_ct_CXX=''
ac_ct_DLLTOOL=''
ac_ct_F77='g77'
ac_ct_OBJDUMP=''
ac_ct_RANLIB=''
ac_ct_STRIP=''
am__fastdepCC_FALSE=''
am__fastdepCC_TRUE='#'
am__fastdepCXX_FALSE=''
am__fastdepCXX_TRUE='#'
am__fastdepOBJC_FALSE=''
am__fastdepOBJC_TRUE='#'
am__include='include'
am__leading_dot='.'
am__quote=''
arts_lib=''
bindir='${exec_prefix}/bin'
build='i386-pc-none'
build_alias='i386'
build_cpu='i386'
build_os='none'
build_vendor='pc'
datadir='${prefix}/share'
esd_lib=''
exec_prefix='${prefix}'
host='arm-unknown-linux-gnu'
host_alias='arm-linux'
host_cpu='arm'
host_os='linux-gnu'
host_vendor='unknown'
includedir='${prefix}/include'
infodir='${prefix}/info'
install_sh='/home/depss/DEPSS/library/SDL/install-sh'
libdir='${exec_prefix}/lib'
libexecdir='${exec_prefix}/libexec'
localstatedir='${prefix}/var'
mandir='${prefix}/man'
mkdir_p='mkdir -p -- .'
oldincludedir='/usr/include'
prefix='/home/depss/DEPSS/library/image'
program_transform_name='s,^,arm-linux-,'
sbindir='${exec_prefix}/sbin'
sharedstatedir='${prefix}/com'
sysconfdir='${prefix}/etc'
target='arm-unknown-linux-gnu'
target_alias='arm-linux'
target_cpu='arm'
target_os='linux-gnu'
target_vendor='unknown'

## ----------- ##
## confdefs.h. ##
## ----------- ##

#define HAVE_ALLOCA 1
#define HAVE_ALLOCA_H 1
#define HAVE_DLFCN_H 1
#define HAVE_INTTYPES_H 1
#define HAVE_MEMORY_H 1
#define HAVE_STDINT_H 1
#define HAVE_STDLIB_H 1
#define HAVE_STRINGS_H 1
#define HAVE_STRING_H 1
#define HAVE_SYS_STAT_H 1
#define HAVE_SYS_TYPES_H 1
#define HAVE_UNISTD_H 1
#define PACKAGE "SDL"
#define PACKAGE_BUGREPORT ""
#define PACKAGE_NAME ""
#define PACKAGE_STRING ""
#define PACKAGE_TARNAME ""
#define PACKAGE_VERSION ""
#define STDC_HEADERS 1
#define VERSION "1.2.7"

configure: exit 0
