This file contains any messages produced by compilers while
running configure, to aid debugging if configure makes a mistake.

It was created by configure, which was
generated by GNU Autoconf 2.60.  Invocation command line was

  $ ./configure --target=arm-open2x-linux --host=arm-open2x-linux --build=i686 --with-gif --with-bzip2

## --------- ##
## Platform. ##
## --------- ##

hostname = adan-desktop
uname -m = i686
uname -r = 2.6.20-16-generic
uname -s = Linux
uname -v = #2 SMP Fri Aug 31 00:55:27 UTC 2007

/usr/bin/uname -p = unknown
/bin/uname -X     = unknown

/bin/arch              = i686
/usr/bin/arch -k       = unknown
/usr/convex/getsysinfo = unknown
/usr/bin/hostinfo      = unknown
/bin/machine           = unknown
/usr/bin/oslevel       = unknown
/bin/universe          = unknown

PATH: /usr/local/sbin
PATH: /usr/local/bin
PATH: /usr/sbin
PATH: /usr/bin
PATH: /sbin
PATH: /bin
PATH: /usr/bin/X11
PATH: /usr/games


## ----------- ##
## Core tests. ##
## ----------- ##

configure:1969: checking build system type
configure:1987: result: i686-pc-none
configure:2009: checking host system type
configure:2024: result: arm-open2x-linux-gnu
configure:2054: checking for arm-open2x-linux-gcc
configure:2084: result: no
configure:2094: checking for gcc
configure:2110: found /usr/bin/gcc
configure:2121: result: gcc
configure:2135: WARNING: In the future, Autoconf will not detect cross-tools
whose name does not start with the host triplet.  If you think this
configuration is useful to you, please write to autoconf@gnu.org.
configure:2359: checking for C compiler version
configure:2366: gcc --version >&5
gcc (GCC) 4.1.2 (Ubuntu 4.1.2-0ubuntu4)
Copyright (C) 2006 Free Software Foundation, Inc.
This is free software; see the source for copying conditions.  There is NO
warranty; not even for MERCHANTABILITY or FITNESS FOR A PARTICULAR PURPOSE.

configure:2369: $? = 0
configure:2376: gcc -v >&5
Using built-in specs.
Target: i486-linux-gnu
Configured with: ../src/configure -v --enable-languages=c,c++,fortran,objc,obj-c++,treelang --prefix=/usr --enable-shared --with-system-zlib --libexecdir=/usr/lib --without-included-gettext --enable-threads=posix --enable-nls --program-suffix=-4.1 --enable-__cxa_atexit --enable-clocale=gnu --enable-libstdcxx-debug --enable-mpfr --enable-checking=release i486-linux-gnu
Thread model: posix
gcc version 4.1.2 (Ubuntu 4.1.2-0ubuntu4)
configure:2379: $? = 0
configure:2386: gcc -V >&5
gcc: '-V' option must have argument
configure:2389: $? = 1
configure:2412: checking for C compiler default output file name
configure:2439: gcc    conftest.c  >&5
configure:2442: $? = 0
configure:2488: result: a.out
configure:2493: checking whether the C compiler works
configure:2523: result: yes
configure:2530: checking whether we are cross compiling
configure:2532: result: yes
configure:2535: checking for suffix of executables
configure:2542: gcc -o conftest    conftest.c  >&5
configure:2545: $? = 0
configure:2569: result: 
configure:2575: checking for suffix of object files
configure:2601: gcc -c   conftest.c >&5
configure:2604: $? = 0
configure:2627: result: o
configure:2631: checking whether we are using the GNU C compiler
configure:2660: gcc -c   conftest.c >&5
configure:2666: $? = 0
configure:2673: test -z "$ac_c_werror_flag" || test ! -s conftest.err
configure:2676: $? = 0
configure:2683: test -s conftest.o
configure:2686: $? = 0
configure:2700: result: yes
configure:2705: checking whether gcc accepts -g
configure:2735: gcc -c -g  conftest.c >&5
configure:2741: $? = 0
configure:2748: test -z "$ac_c_werror_flag" || test ! -s conftest.err
configure:2751: $? = 0
configure:2758: test -s conftest.o
configure:2761: $? = 0
configure:2891: result: yes
configure:2908: checking for gcc option to accept ISO C89
configure:2982: gcc  -c -g -O2  conftest.c >&5
configure:2988: $? = 0
configure:2995: test -z "$ac_c_werror_flag" || test ! -s conftest.err
configure:2998: $? = 0
configure:3005: test -s conftest.o
configure:3008: $? = 0
configure:3028: result: none needed
configure:3047: checking for library containing strerror
configure:3088: gcc -o conftest -g -O2   conftest.c  >&5
configure:3094: $? = 0
configure:3101: test -z "$ac_c_werror_flag" || test ! -s conftest.err
configure:3104: $? = 0
configure:3111: test -s conftest
configure:3114: $? = 0
configure:3138: result: none required
configure:3160: checking for a BSD-compatible install
configure:3216: result: /usr/bin/install -c
configure:3227: checking whether build environment is sane
configure:3270: result: yes
configure:3294: WARNING: `missing' script is too old or missing
configure:3335: checking for gawk
configure:3351: found /usr/bin/gawk
configure:3362: result: gawk
configure:3373: checking whether make sets $(MAKE)
configure:3394: result: yes
configure:3424: checking for style of include used by make
configure:3452: result: GNU
configure:3535: checking for arm-open2x-linux-strip
configure:3565: result: no
configure:3575: checking for strip
configure:3591: found /usr/bin/strip
configure:3602: result: strip
configure:3644: checking dependency style of gcc
configure:3734: result: gcc3
configure:3760: checking how to run the C preprocessor
configure:3800: gcc -E  conftest.c
configure:3806: $? = 0
configure:3844: gcc -E  conftest.c
conftest.c:10:28: error: ac_nonexistent.h: No such file or directory
configure:3850: $? = 1
configure: failed program was:
| /* confdefs.h.  */
| #define PACKAGE_NAME ""
| #define PACKAGE_TARNAME ""
| #define PACKAGE_VERSION ""
| #define PACKAGE_STRING ""
| #define PACKAGE_BUGREPORT ""
| #define PACKAGE "imlib2"
| #define VERSION "1.2.2"
| /* end confdefs.h.  */
| #include <ac_nonexistent.h>
configure:3890: result: gcc -E
configure:3919: gcc -E  conftest.c
configure:3925: $? = 0
configure:3963: gcc -E  conftest.c
conftest.c:10:28: error: ac_nonexistent.h: No such file or directory
configure:3969: $? = 1
configure: failed program was:
| /* confdefs.h.  */
| #define PACKAGE_NAME ""
| #define PACKAGE_TARNAME ""
| #define PACKAGE_VERSION ""
| #define PACKAGE_STRING ""
| #define PACKAGE_BUGREPORT ""
| #define PACKAGE "imlib2"
| #define VERSION "1.2.2"
| /* end confdefs.h.  */
| #include <ac_nonexistent.h>
configure:4014: checking for grep that handles long lines and -e
configure:4088: result: /bin/grep
configure:4093: checking for egrep
configure:4171: result: /bin/grep -E
configure:4176: checking for ANSI C header files
configure:4206: gcc -c -g -O2  conftest.c >&5
configure:4212: $? = 0
configure:4219: test -z "$ac_c_werror_flag" || test ! -s conftest.err
configure:4222: $? = 0
configure:4229: test -s conftest.o
configure:4232: $? = 0
configure:4357: result: yes
configure:4381: checking for sys/types.h
configure:4402: gcc -c -g -O2  conftest.c >&5
configure:4408: $? = 0
configure:4415: test -z "$ac_c_werror_flag" || test ! -s conftest.err
configure:4418: $? = 0
configure:4425: test -s conftest.o
configure:4428: $? = 0
configure:4441: result: yes
configure:4381: checking for sys/stat.h
configure:4402: gcc -c -g -O2  conftest.c >&5
configure:4408: $? = 0
configure:4415: test -z "$ac_c_werror_flag" || test ! -s conftest.err
configure:4418: $? = 0
configure:4425: test -s conftest.o
configure:4428: $? = 0
configure:4441: result: yes
configure:4381: checking for stdlib.h
configure:4402: gcc -c -g -O2  conftest.c >&5
configure:4408: $? = 0
configure:4415: test -z "$ac_c_werror_flag" || test ! -s conftest.err
configure:4418: $? = 0
configure:4425: test -s conftest.o
configure:4428: $? = 0
configure:4441: result: yes
configure:4381: checking for string.h
configure:4402: gcc -c -g -O2  conftest.c >&5
configure:4408: $? = 0
configure:4415: test -z "$ac_c_werror_flag" || test ! -s conftest.err
configure:4418: $? = 0
configure:4425: test -s conftest.o
configure:4428: $? = 0
configure:4441: result: yes
configure:4381: checking for memory.h
configure:4402: gcc -c -g -O2  conftest.c >&5
configure:4408: $? = 0
configure:4415: test -z "$ac_c_werror_flag" || test ! -s conftest.err
configure:4418: $? = 0
configure:4425: test -s conftest.o
configure:4428: $? = 0
configure:4441: result: yes
configure:4381: checking for strings.h
configure:4402: gcc -c -g -O2  conftest.c >&5
configure:4408: $? = 0
configure:4415: test -z "$ac_c_werror_flag" || test ! -s conftest.err
configure:4418: $? = 0
configure:4425: test -s conftest.o
configure:4428: $? = 0
configure:4441: result: yes
configure:4381: checking for inttypes.h
configure:4402: gcc -c -g -O2  conftest.c >&5
configure:4408: $? = 0
configure:4415: test -z "$ac_c_werror_flag" || test ! -s conftest.err
configure:4418: $? = 0
configure:4425: test -s conftest.o
configure:4428: $? = 0
configure:4441: result: yes
configure:4381: checking for stdint.h
configure:4402: gcc -c -g -O2  conftest.c >&5
configure:4408: $? = 0
configure:4415: test -z "$ac_c_werror_flag" || test ! -s conftest.err
configure:4418: $? = 0
configure:4425: test -s conftest.o
configure:4428: $? = 0
configure:4441: result: yes
configure:4381: checking for unistd.h
configure:4402: gcc -c -g -O2  conftest.c >&5
configure:4408: $? = 0
configure:4415: test -z "$ac_c_werror_flag" || test ! -s conftest.err
configure:4418: $? = 0
configure:4425: test -s conftest.o
configure:4428: $? = 0
configure:4441: result: yes
configure:4453: checking whether byte ordering is bigendian
configure:4485: gcc -c -g -O2  conftest.c >&5
configure:4491: $? = 0
configure:4498: test -z "$ac_c_werror_flag" || test ! -s conftest.err
configure:4501: $? = 0
configure:4508: test -s conftest.o
configure:4511: $? = 0
configure:4540: gcc -c -g -O2  conftest.c >&5
conftest.c: In function 'main':
conftest.c:27: error: 'not' undeclared (first use in this function)
conftest.c:27: error: (Each undeclared identifier is reported only once
conftest.c:27: error: for each function it appears in.)
conftest.c:27: error: expected ';' before 'big'
configure:4546: $? = 1
configure: failed program was:
| /* confdefs.h.  */
| #define PACKAGE_NAME ""
| #define PACKAGE_TARNAME ""
| #define PACKAGE_VERSION ""
| #define PACKAGE_STRING ""
| #define PACKAGE_BUGREPORT ""
| #define PACKAGE "imlib2"
| #define VERSION "1.2.2"
| #define STDC_HEADERS 1
| #define HAVE_SYS_TYPES_H 1
| #define HAVE_SYS_STAT_H 1
| #define HAVE_STDLIB_H 1
| #define HAVE_STRING_H 1
| #define HAVE_MEMORY_H 1
| #define HAVE_STRINGS_H 1
| #define HAVE_INTTYPES_H 1
| #define HAVE_STDINT_H 1
| #define HAVE_UNISTD_H 1
| /* end confdefs.h.  */
| #include <sys/types.h>
| #include <sys/param.h>
| 
| int
| main ()
| {
| #if BYTE_ORDER != BIG_ENDIAN
|  not big endian
| #endif
| 
|   ;
|   return 0;
| }
configure:4720: result: no
configure:4747: checking for arm-open2x-linux-gcc
configure:4774: result: gcc
configure:5052: checking for C compiler version
configure:5059: gcc --version >&5
gcc (GCC) 4.1.2 (Ubuntu 4.1.2-0ubuntu4)
Copyright (C) 2006 Free Software Foundation, Inc.
This is free software; see the source for copying conditions.  There is NO
warranty; not even for MERCHANTABILITY or FITNESS FOR A PARTICULAR PURPOSE.

configure:5062: $? = 0
configure:5069: gcc -v >&5
Using built-in specs.
Target: i486-linux-gnu
Configured with: ../src/configure -v --enable-languages=c,c++,fortran,objc,obj-c++,treelang --prefix=/usr --enable-shared --with-system-zlib --libexecdir=/usr/lib --without-included-gettext --enable-threads=posix --enable-nls --program-suffix=-4.1 --enable-__cxa_atexit --enable-clocale=gnu --enable-libstdcxx-debug --enable-mpfr --enable-checking=release i486-linux-gnu
Thread model: posix
gcc version 4.1.2 (Ubuntu 4.1.2-0ubuntu4)
configure:5072: $? = 0
configure:5079: gcc -V >&5
gcc: '-V' option must have argument
configure:5082: $? = 1
configure:5085: checking whether we are using the GNU C compiler
configure:5154: result: yes
configure:5159: checking whether gcc accepts -g
configure:5345: result: yes
configure:5362: checking for gcc option to accept ISO C89
configure:5482: result: none needed
configure:5508: checking for arm-open2x-linux-gcc
configure:5535: result: gcc
configure:5813: checking for C compiler version
configure:5820: gcc --version >&5
gcc (GCC) 4.1.2 (Ubuntu 4.1.2-0ubuntu4)
Copyright (C) 2006 Free Software Foundation, Inc.
This is free software; see the source for copying conditions.  There is NO
warranty; not even for MERCHANTABILITY or FITNESS FOR A PARTICULAR PURPOSE.

configure:5823: $? = 0
configure:5830: gcc -v >&5
Using built-in specs.
Target: i486-linux-gnu
Configured with: ../src/configure -v --enable-languages=c,c++,fortran,objc,obj-c++,treelang --prefix=/usr --enable-shared --with-system-zlib --libexecdir=/usr/lib --without-included-gettext --enable-threads=posix --enable-nls --program-suffix=-4.1 --enable-__cxa_atexit --enable-clocale=gnu --enable-libstdcxx-debug --enable-mpfr --enable-checking=release i486-linux-gnu
Thread model: posix
gcc version 4.1.2 (Ubuntu 4.1.2-0ubuntu4)
configure:5833: $? = 0
configure:5840: gcc -V >&5
gcc: '-V' option must have argument
configure:5843: $? = 1
configure:5846: checking whether we are using the GNU C compiler
configure:5915: result: yes
configure:5920: checking whether gcc accepts -g
configure:6106: result: yes
configure:6123: checking for gcc option to accept ISO C89
configure:6243: result: none needed
configure:6264: checking for ANSI C header files
configure:6445: result: yes
configure:6455: checking for an ANSI C-conforming const
configure:6530: gcc -c -g -O2  conftest.c >&5
configure:6536: $? = 0
configure:6543: test -z "$ac_c_werror_flag" || test ! -s conftest.err
configure:6546: $? = 0
configure:6553: test -s conftest.o
configure:6556: $? = 0
configure:6568: result: yes
configure:6656: checking for a sed that does not truncate output
configure:6710: result: /bin/sed
configure:6724: checking for ld used by gcc
configure:6791: result: /usr/bin/ld
configure:6800: checking if the linker (/usr/bin/ld) is GNU ld
configure:6815: result: yes
configure:6820: checking for /usr/bin/ld option to reload object files
configure:6827: result: -r
configure:6845: checking for BSD-compatible nm
configure:6894: result: nm
configure:6898: checking whether ln -s works
configure:6902: result: yes
configure:6909: checking how to recognise dependent libraries
configure:7085: result: pass_all
configure:7344: checking dlfcn.h usability
configure:7361: gcc -c -g -O2  conftest.c >&5
configure:7367: $? = 0
configure:7374: test -z "$ac_c_werror_flag" || test ! -s conftest.err
configure:7377: $? = 0
configure:7384: test -s conftest.o
configure:7387: $? = 0
configure:7398: result: yes
configure:7402: checking dlfcn.h presence
configure:7417: gcc -E  conftest.c
configure:7423: $? = 0
configure:7444: result: yes
configure:7472: checking for dlfcn.h
configure:7480: result: yes
configure:7762: checking the maximum length of command line arguments
configure:7871: result: 32768
configure:7882: checking command to parse nm output from gcc object
configure:7987: gcc -c -g -O2  conftest.c >&5
configure:7990: $? = 0
configure:7994: nm conftest.o \| sed -n -e 's/^.*[ 	]\([ABCDGIRSTW][ABCDGIRSTW]*\)[ 	][ 	]*\([_A-Za-z][_A-Za-z0-9]*\)$/\1 \2 \2/p' \> conftest.nm
configure:7997: $? = 0
configure:8049: gcc -o conftest -g -O2   conftest.c conftstm.o >&5
configure:8052: $? = 0
configure:8090: result: ok
configure:8094: checking for objdir
configure:8109: result: .libs
configure:8161: checking for arm-open2x-linux-ar
configure:8191: result: no
configure:8201: checking for ar
configure:8217: found /usr/bin/ar
configure:8228: result: ar
configure:8257: checking for arm-open2x-linux-ranlib
configure:8287: result: no
configure:8297: checking for ranlib
configure:8313: found /usr/bin/ranlib
configure:8324: result: ranlib
configure:8353: checking for arm-open2x-linux-strip
configure:8380: result: strip
configure:8706: checking if gcc supports -fno-rtti -fno-exceptions
configure:8724: gcc -c -g -O2  -fno-rtti -fno-exceptions conftest.c >&5
cc1: warning: command line option "-fno-rtti" is valid for C++/ObjC++ but not for C
configure:8728: $? = 0
configure:8741: result: no
configure:8756: checking for gcc option to produce PIC
configure:8966: result: -fPIC
configure:8974: checking if gcc PIC flag -fPIC works
configure:8992: gcc -c -g -O2  -fPIC -DPIC conftest.c >&5
configure:8996: $? = 0
configure:9009: result: yes
configure:9037: checking if gcc static flag -static works
configure:9065: result: yes
configure:9075: checking if gcc supports -c -o file.o
configure:9096: gcc -c -g -O2  -o out/conftest2.o conftest.c >&5
configure:9100: $? = 0
configure:9122: result: yes
configure:9148: checking whether the gcc linker (/usr/bin/ld) supports shared libraries
configure:10144: result: yes
configure:10165: checking whether -lc should be explicitly linked in
configure:10170: gcc -c -g -O2  conftest.c >&5
configure:10173: $? = 0
configure:10188: gcc -shared conftest.o  -v -Wl,-soname -Wl,conftest -o conftest 2\>\&1 \| grep  -lc  \>/dev/null 2\>\&1
configure:10191: $? = 0
configure:10203: result: no
configure:10211: checking dynamic linker characteristics
configure:10811: result: GNU/Linux ld.so
configure:10820: checking how to hardcode library paths into programs
configure:10845: result: immediate
configure:10859: checking whether stripping libraries is possible
configure:10864: result: yes
configure:11777: checking if libtool supports shared libraries
configure:11779: result: yes
configure:11782: checking whether to build shared libraries
configure:11803: result: yes
configure:11806: checking whether to build static libraries
configure:11810: result: yes
configure:11902: creating libtool
configure:21319: checking whether to enable x86 mmx support
configure:21328: result: no
configure:21341: checking whether to enable amd64 asm support
configure:21350: result: no
configure:21378: checking for freetype-config
configure:21396: found /usr/bin/freetype-config
configure:21409: result: /usr/bin/freetype-config
configure:21424: checking for X
configure:21601: gcc -o conftest -g -O2   conftest.c -lXt  >&5
configure:21607: $? = 0
configure:21614: test -z "$ac_c_werror_flag" || test ! -s conftest.err
configure:21617: $? = 0
configure:21624: test -s conftest
configure:21627: $? = 0
configure:21682: result: libraries , headers 
configure:21737: checking for dlopen in -ldl
configure:21772: gcc -o conftest -g -O2   conftest.c -ldl   >&5
configure:21778: $? = 0
configure:21785: test -z "$ac_c_werror_flag" || test ! -s conftest.err
configure:21788: $? = 0
configure:21795: test -s conftest
configure:21798: $? = 0
configure:21812: result: yes
configure:21826: checking whether to enable jpeg support
configure:21843: result: auto
configure:21847: checking for jpeg_destroy_decompress in -ljpeg
configure:21882: gcc -o conftest -g -O2   conftest.c -ljpeg   >&5
configure:21888: $? = 0
configure:21895: test -z "$ac_c_werror_flag" || test ! -s conftest.err
configure:21898: $? = 0
configure:21905: test -s conftest
configure:21908: $? = 0
configure:21922: result: yes
configure:21931: checking for jpeglib.h
configure:21949: gcc -E  conftest.c
configure:21955: $? = 0
configure:21976: result: yes
configure:22009: checking whether to enable png support
configure:22026: result: auto
configure:22030: checking for png_read_info in -lpng
configure:22065: gcc -o conftest -g -O2   conftest.c -lpng -lz -lm  >&5
configure:22071: $? = 0
configure:22078: test -z "$ac_c_werror_flag" || test ! -s conftest.err
configure:22081: $? = 0
configure:22088: test -s conftest
configure:22091: $? = 0
configure:22105: result: yes
configure:22114: checking for png.h
configure:22132: gcc -E  conftest.c
configure:22138: $? = 0
configure:22159: result: yes
configure:22192: checking whether to enable tiff support
configure:22209: result: auto
configure:22213: checking for TIFFReadScanline in -ltiff
configure:22248: gcc -o conftest -g -O2   conftest.c -ltiff   >&5
configure:22254: $? = 0
configure:22261: test -z "$ac_c_werror_flag" || test ! -s conftest.err
configure:22264: $? = 0
configure:22271: test -s conftest
configure:22274: $? = 0
configure:22288: result: yes
configure:22464: checking for tiffio.h
configure:22482: gcc -E  conftest.c
configure:22488: $? = 0
configure:22509: result: yes
configure:22542: checking whether to enable gif support
configure:22564: result: yes
configure:22568: checking for preferred gif provider
configure:22570: result: any
configure:22574: checking for DGifOpenFileName in -lgif
configure:22609: gcc -o conftest -g -O2   conftest.c -lgif   >&5
/usr/bin/ld: cannot find -lgif
collect2: ld returned 1 exit status
configure:22615: $? = 1
configure: failed program was:
| /* confdefs.h.  */
| #define PACKAGE_NAME ""
| #define PACKAGE_TARNAME ""
| #define PACKAGE_VERSION ""
| #define PACKAGE_STRING ""
| #define PACKAGE_BUGREPORT ""
| #define PACKAGE "imlib2"
| #define VERSION "1.2.2"
| #define STDC_HEADERS 1
| #define HAVE_SYS_TYPES_H 1
| #define HAVE_SYS_STAT_H 1
| #define HAVE_STDLIB_H 1
| #define HAVE_STRING_H 1
| #define HAVE_MEMORY_H 1
| #define HAVE_STRINGS_H 1
| #define HAVE_INTTYPES_H 1
| #define HAVE_STDINT_H 1
| #define HAVE_UNISTD_H 1
| #define STDC_HEADERS 1
| #define HAVE_DLFCN_H 1
| #define PACKAGE_BIN_DIR "/usr/local/bin"
| #define PACKAGE_LIB_DIR "/usr/local/lib"
| #define PACKAGE_DATA_DIR "${datarootdir}/imlib2"
| #define PACKAGE_SOURCE_DIR "/home/adan/Desktop/libs/imlib2/imlib2-1.2.2"
| #define BUILD_X11 1
| /* end confdefs.h.  */
| 
| /* Override any GCC internal prototype to avoid an error.
|    Use char because int might match the return type of a GCC
|    builtin and then its argument prototype would still apply.  */
| #ifdef __cplusplus
| extern "C"
| #endif
| char DGifOpenFileName ();
| int
| main ()
| {
| return DGifOpenFileName ();
|   ;
|   return 0;
| }
configure:22649: result: no
configure:22714: checking for DGifOpenFileName in -lungif
configure:22749: gcc -o conftest -g -O2   conftest.c -lungif   >&5
/usr/bin/ld: cannot find -lungif
collect2: ld returned 1 exit status
configure:22755: $? = 1
configure: failed program was:
| /* confdefs.h.  */
| #define PACKAGE_NAME ""
| #define PACKAGE_TARNAME ""
| #define PACKAGE_VERSION ""
| #define PACKAGE_STRING ""
| #define PACKAGE_BUGREPORT ""
| #define PACKAGE "imlib2"
| #define VERSION "1.2.2"
| #define STDC_HEADERS 1
| #define HAVE_SYS_TYPES_H 1
| #define HAVE_SYS_STAT_H 1
| #define HAVE_STDLIB_H 1
| #define HAVE_STRING_H 1
| #define HAVE_MEMORY_H 1
| #define HAVE_STRINGS_H 1
| #define HAVE_INTTYPES_H 1
| #define HAVE_STDINT_H 1
| #define HAVE_UNISTD_H 1
| #define STDC_HEADERS 1
| #define HAVE_DLFCN_H 1
| #define PACKAGE_BIN_DIR "/usr/local/bin"
| #define PACKAGE_LIB_DIR "/usr/local/lib"
| #define PACKAGE_DATA_DIR "${datarootdir}/imlib2"
| #define PACKAGE_SOURCE_DIR "/home/adan/Desktop/libs/imlib2/imlib2-1.2.2"
| #define BUILD_X11 1
| /* end confdefs.h.  */
| 
| /* Override any GCC internal prototype to avoid an error.
|    Use char because int might match the return type of a GCC
|    builtin and then its argument prototype would still apply.  */
| #ifdef __cplusplus
| extern "C"
| #endif
| char DGifOpenFileName ();
| int
| main ()
| {
| return DGifOpenFileName ();
|   ;
|   return 0;
| }
configure:22789: result: no
configure:22855: error: GIF support was requested but system does not support it

## ---------------- ##
## Cache variables. ##
## ---------------- ##

ac_cv_build=i686-pc-none
ac_cv_c_bigendian=no
ac_cv_c_compiler_gnu=yes
ac_cv_c_const=yes
ac_cv_env_CC_set=
ac_cv_env_CC_value=
ac_cv_env_CFLAGS_set=
ac_cv_env_CFLAGS_value=
ac_cv_env_CPPFLAGS_set=
ac_cv_env_CPPFLAGS_value=
ac_cv_env_CPP_set=
ac_cv_env_CPP_value=
ac_cv_env_CXXCPP_set=
ac_cv_env_CXXCPP_value=
ac_cv_env_LDFLAGS_set=
ac_cv_env_LDFLAGS_value=
ac_cv_env_XMKMF_set=
ac_cv_env_XMKMF_value=
ac_cv_env_build_alias_set=set
ac_cv_env_build_alias_value=i686
ac_cv_env_host_alias_set=set
ac_cv_env_host_alias_value=arm-open2x-linux
ac_cv_env_target_alias_set=set
ac_cv_env_target_alias_value=arm-open2x-linux
ac_cv_have_x='have_x=yes	ac_x_includes='\'''\''	ac_x_libraries='\'''\'''
ac_cv_header_dlfcn_h=yes
ac_cv_header_inttypes_h=yes
ac_cv_header_memory_h=yes
ac_cv_header_stdc=yes
ac_cv_header_stdint_h=yes
ac_cv_header_stdlib_h=yes
ac_cv_header_string_h=yes
ac_cv_header_strings_h=yes
ac_cv_header_sys_stat_h=yes
ac_cv_header_sys_types_h=yes
ac_cv_header_unistd_h=yes
ac_cv_host=arm-open2x-linux-gnu
ac_cv_lib_dl_dlopen=yes
ac_cv_lib_gif_DGifOpenFileName=no
ac_cv_lib_jpeg_jpeg_destroy_decompress=yes
ac_cv_lib_png_png_read_info=yes
ac_cv_lib_tiff_TIFFReadScanline=yes
ac_cv_lib_ungif_DGifOpenFileName=no
ac_cv_objext=o
ac_cv_path_EGREP='/bin/grep -E'
ac_cv_path_FREETYPE_CONFIG=/usr/bin/freetype-config
ac_cv_path_GREP=/bin/grep
ac_cv_path_install='/usr/bin/install -c'
ac_cv_prog_AWK=gawk
ac_cv_prog_CC=gcc
ac_cv_prog_CPP='gcc -E'
ac_cv_prog_STRIP=strip
ac_cv_prog_ac_ct_AR=ar
ac_cv_prog_ac_ct_CC=gcc
ac_cv_prog_ac_ct_RANLIB=ranlib
ac_cv_prog_ac_ct_STRIP=strip
ac_cv_prog_cc_c89=
ac_cv_prog_cc_g=yes
ac_cv_prog_make_make_set=yes
ac_cv_search_strerror='none required'
am_cv_CC_dependencies_compiler_type=gcc3
am_cv_prog_cc_stdc=
lt_cv_deplibs_check_method=pass_all
lt_cv_file_magic_cmd='$MAGIC_CMD'
lt_cv_file_magic_test_file=
lt_cv_ld_reload_flag=-r
lt_cv_objdir=.libs
lt_cv_path_LD=/usr/bin/ld
lt_cv_path_NM=nm
lt_cv_path_SED=/bin/sed
lt_cv_prog_compiler_c_o=yes
lt_cv_prog_compiler_rtti_exceptions=no
lt_cv_prog_gnu_ld=yes
lt_cv_sys_global_symbol_pipe='sed -n -e '\''s/^.*[ 	]\([ABCDGIRSTW][ABCDGIRSTW]*\)[ 	][ 	]*\([_A-Za-z][_A-Za-z0-9]*\)$/\1 \2 \2/p'\'''
lt_cv_sys_global_symbol_to_c_name_address='sed -n -e '\''s/^: \([^ ]*\) $/  {\"\1\", (lt_ptr) 0},/p'\'' -e '\''s/^[BCDEGRST] \([^ ]*\) \([^ ]*\)$/  {"\2", (lt_ptr) \&\2},/p'\'''
lt_cv_sys_global_symbol_to_cdecl='sed -n -e '\''s/^. .* \(.*\)$/extern int \1;/p'\'''
lt_cv_sys_max_cmd_len=32768
lt_lt_cv_prog_compiler_c_o='"yes"'
lt_lt_cv_sys_global_symbol_pipe='"sed -n -e '\''s/^.*[ 	]\\([ABCDGIRSTW][ABCDGIRSTW]*\\)[ 	][ 	]*\\([_A-Za-z][_A-Za-z0-9]*\\)\$/\\1 \\2 \\2/p'\''"'
lt_lt_cv_sys_global_symbol_to_c_name_address='"sed -n -e '\''s/^: \\([^ ]*\\) \$/  {\\\"\\1\\\", (lt_ptr) 0},/p'\'' -e '\''s/^[BCDEGRST] \\([^ ]*\\) \\([^ ]*\\)\$/  {\"\\2\", (lt_ptr) \\&\\2},/p'\''"'
lt_lt_cv_sys_global_symbol_to_cdecl='"sed -n -e '\''s/^. .* \\(.*\\)\$/extern int \\1;/p'\''"'

## ----------------- ##
## Output variables. ##
## ----------------- ##

ACLOCAL='aclocal-1.9'
AMDEPBACKSLASH='\'
AMDEP_FALSE='#'
AMDEP_TRUE=''
AMTAR='tar'
AR='ar'
AUTOCONF='autoconf'
AUTOHEADER='autoheader'
AUTOMAKE='automake-1.9'
AWK='gawk'
BUILD_AMD64_FALSE=''
BUILD_AMD64_TRUE='#'
BUILD_BZ2_LOADER_FALSE=''
BUILD_BZ2_LOADER_TRUE=''
BUILD_GIF_LOADER_FALSE=''
BUILD_GIF_LOADER_TRUE=''
BUILD_ID3_LOADER_FALSE=''
BUILD_ID3_LOADER_TRUE=''
BUILD_JPEG_LOADER_FALSE='#'
BUILD_JPEG_LOADER_TRUE=''
BUILD_MMX_FALSE=''
BUILD_MMX_TRUE='#'
BUILD_PNG_LOADER_FALSE='#'
BUILD_PNG_LOADER_TRUE=''
BUILD_TIFF_LOADER_FALSE='#'
BUILD_TIFF_LOADER_TRUE=''
BUILD_X11_FALSE='#'
BUILD_X11_TRUE=''
BUILD_ZLIB_LOADER_FALSE=''
BUILD_ZLIB_LOADER_TRUE=''
BZ2LIBS=''
CC='gcc'
CCDEPMODE='depmode=gcc3'
CFLAGS='-g -O2'
CPP='gcc -E'
CPPFLAGS=''
CXXCPP=''
CYGPATH_W='echo'
DEFS=''
DEPDIR='.deps'
ECHO='echo'
ECHO_C=''
ECHO_N='-n'
ECHO_T=''
EGREP='/bin/grep -E'
EXEEXT=''
FREETYPE_CONFIG='/usr/bin/freetype-config'
GIFLIBS=''
GREP='/bin/grep'
ID3LIBS=''
INSTALL_DATA='${INSTALL} -m 644'
INSTALL_PROGRAM='${INSTALL}'
INSTALL_SCRIPT='${INSTALL}'
INSTALL_STRIP_PROGRAM='${SHELL} $(install_sh) -c -s'
JPEGLIBS='-ljpeg'
LDFLAGS=''
LIBOBJS=''
LIBS=''
LIBTOOL='$(SHELL) $(top_builddir)/libtool'
LN_S='ln -s'
LTLIBOBJS=''
MAKEINFO='makeinfo'
OBJEXT='o'
PACKAGE='imlib2'
PACKAGE_BUGREPORT=''
PACKAGE_NAME=''
PACKAGE_STRING=''
PACKAGE_TARNAME=''
PACKAGE_VERSION=''
PATH_SEPARATOR=':'
PNGLIBS='-lpng -lz -lm'
RANLIB='ranlib'
SET_MAKE=''
SHELL='/bin/bash'
STRIP='strip'
TIFFLIBS='-ltiff'
VERSION='1.2.2'
XMKMF=''
ZLIBLIBS=''
ac_ct_CC='gcc'
am__fastdepCC_FALSE='#'
am__fastdepCC_TRUE=''
am__include='include'
am__leading_dot='.'
am__quote=''
am__tar='${AMTAR} chof - "$$tardir"'
am__untar='${AMTAR} xf -'
bindir='/usr/local/bin'
build='i686-pc-none'
build_alias='i686'
build_cpu='i686'
build_os='none'
build_vendor='pc'
datadir='${datarootdir}'
datarootdir='${prefix}/share'
docdir='${datarootdir}/doc/${PACKAGE}'
dvidir='${docdir}'
exec_prefix='NONE'
host='arm-open2x-linux-gnu'
host_alias='arm-open2x-linux'
host_cpu='arm'
host_os='linux-gnu'
host_vendor='open2x'
htmldir='${docdir}'
includedir='${prefix}/include'
infodir='${datarootdir}/info'
install_sh='/home/adan/Desktop/libs/imlib2/imlib2-1.2.2/install-sh'
libdir='/usr/local/lib'
libexecdir='${exec_prefix}/libexec'
localedir='${datarootdir}/locale'
localstatedir='${prefix}/var'
mandir='${datarootdir}/man'
mkdir_p='mkdir -p --'
my_includes='-I/usr/include/freetype2  '
my_libs='-lfreetype -lz -lX11 -lXext -ldl -lm'
oldincludedir='/usr/include'
pdfdir='${docdir}'
prefix='NONE'
program_transform_name='s,x,x,'
psdir='${docdir}'
requirements='freetype2'
sbindir='${exec_prefix}/sbin'
sharedstatedir='${prefix}/com'
sysconfdir='${prefix}/etc'
target_alias='arm-open2x-linux'

## ----------- ##
## confdefs.h. ##
## ----------- ##

#define PACKAGE_NAME ""
#define PACKAGE_TARNAME ""
#define PACKAGE_VERSION ""
#define PACKAGE_STRING ""
#define PACKAGE_BUGREPORT ""
#define PACKAGE "imlib2"
#define VERSION "1.2.2"
#define STDC_HEADERS 1
#define HAVE_SYS_TYPES_H 1
#define HAVE_SYS_STAT_H 1
#define HAVE_STDLIB_H 1
#define HAVE_STRING_H 1
#define HAVE_MEMORY_H 1
#define HAVE_STRINGS_H 1
#define HAVE_INTTYPES_H 1
#define HAVE_STDINT_H 1
#define HAVE_UNISTD_H 1
#define STDC_HEADERS 1
#define HAVE_DLFCN_H 1
#define PACKAGE_BIN_DIR "/usr/local/bin"
#define PACKAGE_LIB_DIR "/usr/local/lib"
#define PACKAGE_DATA_DIR "${datarootdir}/imlib2"
#define PACKAGE_SOURCE_DIR "/home/adan/Desktop/libs/imlib2/imlib2-1.2.2"
#define BUILD_X11 1

configure: exit 1
