This file contains any messages produced by compilers while
running configure, to aid debugging if configure makes a mistake.

It was created by configure, which was
generated by GNU Autoconf 2.59.  Invocation command line was

  $ ./configure --prefix=/opt/open2x/gcc-4.1.1-glibc-2.3.6 --target=arm-open2x-linux --host=arm-open2x-linux --build= --enable-shared --enable-static --with-ogg=/opt/open2x/gcc-4.1.1-glibc-2.3.6

## --------- ##
## Platform. ##
## --------- ##

hostname = adan-desktop
uname -m = i686
uname -r = 2.6.20-16-generic
uname -s = Linux
uname -v = #2 SMP Fri Aug 31 00:55:27 UTC 2007

/usr/bin/uname -p = unknown
/bin/uname -X     = unknown

/bin/arch              = i686
/usr/bin/arch -k       = unknown
/usr/convex/getsysinfo = unknown
hostinfo               = unknown
/bin/machine           = unknown
/usr/bin/oslevel       = unknown
/bin/universe          = unknown

PATH: /usr/local/sbin
PATH: /usr/local/bin
PATH: /usr/sbin
PATH: /usr/bin
PATH: /sbin
PATH: /bin
PATH: /usr/bin/X11
PATH: /usr/games
PATH: /opt/open2x/gcc-4.1.1-glibc-2.3.6/bin


## ----------- ##
## Core tests. ##
## ----------- ##

configure:1537: checking build system type
configure:1555: result: i686-pc-linux-gnu
configure:1563: checking host system type
configure:1577: result: arm-open2x-linux-gnu
configure:1585: checking target system type
configure:1599: result: arm-open2x-linux-gnu
configure:1631: checking for a BSD-compatible install
configure:1686: result: /usr/bin/install -c
configure:1697: checking whether build environment is sane

## ---------------- ##
## Cache variables. ##
## ---------------- ##

ac_cv_build=i686-pc-linux-gnu
ac_cv_build_alias=i686-pc-linux-gnu
ac_cv_env_CC_set=set
ac_cv_env_CC_value=/opt/open2x/gcc-4.1.1-glibc-2.3.6/bin/arm-open2x-linux-gcc
ac_cv_env_CFLAGS_set=set
ac_cv_env_CFLAGS_value='-O3 -ffast-math -fomit-frame-pointer -mcpu=arm920t -DARM -D_ARM_ASSEM_ -I/opt/open2x/gcc-4.1.1-glibc-2.3.6/include -I/opt/open2x/gcc-4.1.1-glibc-2.3.6/include/libxml2 -I/opt/open2x/gcc-4.1.1-glibc-2.3.6/include/SDL'
ac_cv_env_CPPFLAGS_set=
ac_cv_env_CPPFLAGS_value=
ac_cv_env_CPP_set=
ac_cv_env_CPP_value=
ac_cv_env_CXXCPP_set=
ac_cv_env_CXXCPP_value=
ac_cv_env_CXXFLAGS_set=
ac_cv_env_CXXFLAGS_value=
ac_cv_env_CXX_set=set
ac_cv_env_CXX_value=/opt/open2x/gcc-4.1.1-glibc-2.3.6/bin/arm-open2x-linux-g++
ac_cv_env_F77_set=
ac_cv_env_F77_value=
ac_cv_env_FFLAGS_set=
ac_cv_env_FFLAGS_value=
ac_cv_env_LDFLAGS_set=set
ac_cv_env_LDFLAGS_value=-L/opt/open2x/gcc-4.1.1-glibc-2.3.6/lib
ac_cv_env_build_alias_set=set
ac_cv_env_build_alias_value=
ac_cv_env_host_alias_set=set
ac_cv_env_host_alias_value=arm-open2x-linux
ac_cv_env_target_alias_set=set
ac_cv_env_target_alias_value=arm-open2x-linux
ac_cv_host=arm-open2x-linux-gnu
ac_cv_host_alias=arm-open2x-linux
ac_cv_path_install='/usr/bin/install -c'
ac_cv_target=arm-open2x-linux-gnu
ac_cv_target_alias=arm-open2x-linux

## ----------------- ##
## Output variables. ##
## ----------------- ##

ACLOCAL=''
ALLOCA=''
AMDEPBACKSLASH=''
AMDEP_FALSE=''
AMDEP_TRUE=''
AMTAR=''
AR='/opt/open2x/gcc-4.1.1-glibc-2.3.6/bin/arm-open2x-linux-ar'
AUTOCONF=''
AUTOHEADER=''
AUTOMAKE=''
AWK=''
BUILD_DOCS_FALSE=''
BUILD_DOCS_TRUE=''
CC='/opt/open2x/gcc-4.1.1-glibc-2.3.6/bin/arm-open2x-linux-gcc'
CCDEPMODE=''
CFLAGS='-O3 -ffast-math -fomit-frame-pointer -mcpu=arm920t -DARM -D_ARM_ASSEM_ -I/opt/open2x/gcc-4.1.1-glibc-2.3.6/include -I/opt/open2x/gcc-4.1.1-glibc-2.3.6/include/libxml2 -I/opt/open2x/gcc-4.1.1-glibc-2.3.6/include/SDL'
CPP=''
CPPFLAGS=''
CXX='/opt/open2x/gcc-4.1.1-glibc-2.3.6/bin/arm-open2x-linux-g++'
CXXCPP=''
CXXDEPMODE=''
CXXFLAGS=''
CYGPATH_W=''
DEBUG=''
DEFS=''
DEPDIR=''
ECHO='echo'
ECHO_C=''
ECHO_N='-n'
ECHO_T=''
EGREP=''
EXEEXT=''
F77=''
FFLAGS=''
HAVE_PKG_CONFIG=''
INSTALL_DATA='${INSTALL} -m 644'
INSTALL_PROGRAM='${INSTALL}'
INSTALL_SCRIPT='${INSTALL}'
INSTALL_STRIP_PROGRAM=''
LDFLAGS='-L/opt/open2x/gcc-4.1.1-glibc-2.3.6/lib'
LIBOBJS=''
LIBS=''
LIBTOOL=''
LN_S=''
LTLIBOBJS=''
MAINT=''
MAINTAINER_MODE_FALSE=''
MAINTAINER_MODE_TRUE=''
MAKEINFO=''
OBJEXT=''
OGG_CFLAGS=''
OGG_LIBS=''
PACKAGE=''
PACKAGE_BUGREPORT=''
PACKAGE_NAME=''
PACKAGE_STRING=''
PACKAGE_TARNAME=''
PACKAGE_VERSION=''
PATH_SEPARATOR=':'
PDFXMLTEX=''
PKG_CONFIG='/opt/open2x/gcc-4.1.1-glibc-2.3.6/bin/pkg-config'
PROFILE=''
RANLIB='/opt/open2x/gcc-4.1.1-glibc-2.3.6/bin/arm-open2x-linux-ranlib'
SET_MAKE=''
SHELL='/bin/bash'
STRIP='/opt/open2x/gcc-4.1.1-glibc-2.3.6/bin/arm-open2x-linux-strip'
VERSION=''
VE_LIB_AGE=''
VE_LIB_CURRENT=''
VE_LIB_REVISION=''
VF_LIB_AGE=''
VF_LIB_CURRENT=''
VF_LIB_REVISION=''
VORBIS_LIBS=''
V_LIB_AGE=''
V_LIB_CURRENT=''
V_LIB_REVISION=''
XSLTPROC=''
ac_ct_AR=''
ac_ct_CC=''
ac_ct_CXX=''
ac_ct_F77=''
ac_ct_RANLIB=''
ac_ct_STRIP=''
am__fastdepCC_FALSE=''
am__fastdepCC_TRUE=''
am__fastdepCXX_FALSE=''
am__fastdepCXX_TRUE=''
am__include=''
am__leading_dot=''
am__quote=''
am__tar=''
am__untar=''
bindir='${exec_prefix}/bin'
build='i686-pc-linux-gnu'
build_alias=''
build_cpu='i686'
build_os='linux-gnu'
build_vendor='pc'
datadir='${prefix}/share'
exec_prefix='NONE'
host='arm-open2x-linux-gnu'
host_alias='arm-open2x-linux'
host_cpu='arm'
host_os='linux-gnu'
host_vendor='open2x'
includedir='${prefix}/include'
infodir='${prefix}/info'
install_sh=''
libdir='${exec_prefix}/lib'
libexecdir='${exec_prefix}/libexec'
localstatedir='${prefix}/var'
mandir='${prefix}/man'
mkdir_p=''
oldincludedir='/usr/include'
prefix='/opt/open2x/gcc-4.1.1-glibc-2.3.6'
program_transform_name='s,x,x,'
pthread_lib=''
sbindir='${exec_prefix}/sbin'
sharedstatedir='${prefix}/com'
sysconfdir='${prefix}/etc'
target='arm-open2x-linux-gnu'
target_alias='arm-open2x-linux'
target_cpu='arm'
target_os='linux-gnu'
target_vendor='open2x'

## ----------- ##
## confdefs.h. ##
## ----------- ##

#define PACKAGE_BUGREPORT ""
#define PACKAGE_NAME ""
#define PACKAGE_STRING ""
#define PACKAGE_TARNAME ""
#define PACKAGE_VERSION ""

configure: caught signal 2
configure: exit 1
