This file contains any messages produced by compilers while
running configure, to aid debugging if configure makes a mistake.

configure:633: checking for a BSD compatible install
configure:686: checking whether build environment is sane
configure:743: checking whether make sets ${MAKE}
configure:789: checking for working aclocal
configure:802: checking for working autoconf
configure:815: checking for working automake
configure:828: checking for working autoheader
configure:841: checking for working makeinfo
configure:862: checking host system type
configure:883: checking target system type
configure:903: checking whether make sets ${MAKE}
configure:932: checking for gcc
configure:1045: checking whether the C compiler (gp2x-gcc -I/usr/local/gp2xdev/include -I/usr/local/gp2xdev/include/libxml2 -L/usr/local/gp2xdev/lib) works
configure:1061: gp2x-gcc -o conftest -I/usr/local/gp2xdev/include -I/usr/local/gp2xdev/include/libxml2  -L/usr/local/gp2xdev/lib conftest.c  1>&5
configure:1087: checking whether the C compiler (gp2x-gcc -I/usr/local/gp2xdev/include -I/usr/local/gp2xdev/include/libxml2 -L/usr/local/gp2xdev/lib) is a cross-compiler
configure:1092: checking whether we are using GNU C
configure:1101: gp2x-gcc -E conftest.c
configure:1120: checking whether gp2x-gcc accepts -g
configure:1156: checking for c++
configure:1188: checking whether the C++ compiler (gp2x-g++  -L/usr/local/gp2xdev/lib) works
configure:1204: gp2x-g++ -o conftest   -L/usr/local/gp2xdev/lib conftest.C  1>&5
configure:1230: checking whether the C++ compiler (gp2x-g++  -L/usr/local/gp2xdev/lib) is a cross-compiler
configure:1235: checking whether we are using GNU C++
configure:1244: gp2x-g++ -E conftest.C
configure:1263: checking whether gp2x-g++ accepts -g
configure:1365: checking build system type
configure:1385: checking for ranlib
configure:1424: checking for ld used by GCC
configure:1486: checking if the linker (/usr/local/gp2xdev/gp2x/bin/ld) is GNU ld
GNU ld version 2.16.1
configure:1502: checking for BSD-compatible nm
configure:1538: checking whether ln -s works
ltconfig:603: checking for object suffix
ltconfig:604: gp2x-gcc -c -I/usr/local/gp2xdev/include -I/usr/local/gp2xdev/include/libxml2  conftest.c 1>&5
ltconfig:629: checking for executable suffix
ltconfig:630: gp2x-gcc -o conftest -I/usr/local/gp2xdev/include -I/usr/local/gp2xdev/include/libxml2  -L/usr/local/gp2xdev/lib conftest.c  1>&5
ltconfig:776: checking if gp2x-gcc PIC flag -fPIC works
ltconfig:777: gp2x-gcc -c -I/usr/local/gp2xdev/include -I/usr/local/gp2xdev/include/libxml2 -fPIC -DPIC  conftest.c 1>&5
ltconfig:829: checking if gp2x-gcc supports -c -o file.o
ltconfig:830: gp2x-gcc -c -I/usr/local/gp2xdev/include -I/usr/local/gp2xdev/include/libxml2 -o out/conftest2.o  conftest.c 1>&5
ltconfig:862: checking if gp2x-gcc supports -c -o file.lo
ltconfig:863: gp2x-gcc -c -I/usr/local/gp2xdev/include -I/usr/local/gp2xdev/include/libxml2 -c -o conftest.lo  conftest.c 1>&5
ltconfig:914: checking if gp2x-gcc supports -fno-rtti -fno-exceptions
ltconfig:915: gp2x-gcc -c -I/usr/local/gp2xdev/include -I/usr/local/gp2xdev/include/libxml2 -fno-rtti -fno-exceptions -c conftest.c  conftest.c 1>&5
ltconfig:958: checking if gp2x-gcc static flag -static works
ltconfig:959: gp2x-gcc -o conftest -I/usr/local/gp2xdev/include -I/usr/local/gp2xdev/include/libxml2  -L/usr/local/gp2xdev/lib -static conftest.c  1>&5
GNU ld version 2.16.1
ltconfig:1653: checking if global_symbol_pipe works
ltconfig:1654: gp2x-gcc -c -I/usr/local/gp2xdev/include -I/usr/local/gp2xdev/include/libxml2  conftest.c 1>&5
ltconfig:1657: eval "/usr/bin/nm -B conftest.o | sed -n -e 's/^.*[ 	]\([ABCDGISTW]\)[ 	][ 	]*\(\)\([_A-Za-z][_A-Za-z0-9]*\)$/\1 \2\3 \3/p' > conftest.nm"
ltconfig:1709: gp2x-gcc -o conftest -I/usr/local/gp2xdev/include -I/usr/local/gp2xdev/include/libxml2 -fno-builtin  -L/usr/local/gp2xdev/lib conftest.c conftstm.o 1>&5
configure:1943: checking for a BSD compatible install
configure:1997: checking for socklen_t
configure:2010: gp2x-gcc -c -I/usr/local/gp2xdev/include -I/usr/local/gp2xdev/include/libxml2  conftest.c 1>&5
configure:2139: checking for sdl-config
configure:2174: checking for SDL - version >= 1.2.0
configure:2341: checking for sqrt in -lm
configure:2360: gp2x-gcc -o conftest -I/usr/local/gp2xdev/include -I/usr/local/gp2xdev/include/libxml2 -I/usr/local/gp2xdev/include/SDL -D_REENTRANT  -L/usr/local/gp2xdev/lib conftest.c -lm   -L/usr/local/gp2xdev/lib -Wl,-rpath,/usr/local/gp2xdev/lib -lSDL -lpthread 1>&5
configure:2353: warning: conflicting types for built-in function 'sqrt'
configure:3883: checking if gp2x-g++ supports -fno-rtti -fno-exceptions
configure:3899: gp2x-g++ -c -fno-rtti -fno-exceptions  conftest.c 1>&5
