This file contains any messages produced by compilers while
running configure, to aid debugging if configure makes a mistake.

It was created by fakeroot configure 1.7.1, which was
generated by GNU Autoconf 2.61.  Invocation command line was

  $ /home/adan/Desktop/open2x/buildroot/build_arm/fakeroot-1.7.1/configure --prefix=/usr --disable-nls

## --------- ##
## Platform. ##
## --------- ##

hostname = adan-desktop
uname -m = i686
uname -r = 2.6.17-12-generic
uname -s = Linux
uname -v = #2 SMP Mon Jul 16 19:37:58 UTC 2007

/usr/bin/uname -p = unknown
/bin/uname -X     = unknown

/bin/arch              = i686
/usr/bin/arch -k       = unknown
/usr/convex/getsysinfo = unknown
/usr/bin/hostinfo      = unknown
/bin/machine           = unknown
/usr/bin/oslevel       = unknown
/bin/universe          = unknown

PATH: /usr/local/sbin
PATH: /usr/local/bin
PATH: /usr/sbin
PATH: /usr/bin
PATH: /sbin
PATH: /bin
PATH: /usr/bin/X11
PATH: /usr/games
PATH: /usr/local/devkitPro/devkitARM/bin
PATH: /usr/local/devkitPro/devkitPPC/bin
PATH: /opt/open2x/gcc-4.1.1-glibc-2.3.6/bin
PATH: /usr/local/arm-dev/bin


## ----------- ##
## Core tests. ##
## ----------- ##

configure:1968: checking build system type
configure:1986: result: i686-pc-linux-gnu
configure:2008: checking host system type
configure:2023: result: i686-pc-linux-gnu
configure:2045: checking target system type
configure:2060: result: i686-pc-linux-gnu
configure:2103: checking for a BSD-compatible install
configure:2159: result: /usr/bin/install -c
configure:2170: checking whether build environment is sane
configure:2213: result: yes
configure:2241: checking for a thread-safe mkdir -p
configure:2280: result: /bin/mkdir -p
configure:2293: checking for gawk
configure:2309: found /usr/bin/gawk
configure:2320: result: gawk
configure:2331: checking whether make sets $(MAKE)
configure:2352: result: yes
configure:2540: checking whether to enable maintainer-specific portions of Makefiles
configure:2549: result: no
configure:2564: checking whether make sets $(MAKE)
configure:2585: result: yes
configure:2742: checking for style of include used by make
configure:2770: result: GNU
configure:2840: checking for gcc
configure:2867: result: /usr/bin/gcc
configure:3105: checking for C compiler version
configure:3112: /usr/bin/gcc --version >&5
gcc (GCC) 4.1.2 20060928 (prerelease) (Ubuntu 4.1.1-13ubuntu5)
Copyright (C) 2006 Free Software Foundation, Inc.
This is free software; see the source for copying conditions.  There is NO
warranty; not even for MERCHANTABILITY or FITNESS FOR A PARTICULAR PURPOSE.

configure:3115: $? = 0
configure:3122: /usr/bin/gcc -v >&5
Using built-in specs.
Target: i486-linux-gnu
Configured with: ../src/configure -v --enable-languages=c,c++,fortran,objc,obj-c++,treelang --prefix=/usr --enable-shared --with-system-zlib --libexecdir=/usr/lib --without-included-gettext --enable-threads=posix --enable-nls --program-suffix=-4.1 --enable-__cxa_atexit --enable-clocale=gnu --enable-libstdcxx-debug --enable-mpfr --enable-checking=release i486-linux-gnu
Thread model: posix
gcc version 4.1.2 20060928 (prerelease) (Ubuntu 4.1.1-13ubuntu5)
configure:3125: $? = 0
configure:3132: /usr/bin/gcc -V >&5
gcc: '-V' option must have argument
configure:3135: $? = 1
configure:3158: checking for C compiler default output file name
configure:3185: /usr/bin/gcc    conftest.c  >&5
configure:3188: $? = 0
configure:3226: result: a.out
configure:3243: checking whether the C compiler works
configure:3253: ./a.out
configure:3256: $? = 0
configure:3273: result: yes
configure:3280: checking whether we are cross compiling
configure:3282: result: no
configure:3285: checking for suffix of executables
configure:3292: /usr/bin/gcc -o conftest    conftest.c  >&5
configure:3295: $? = 0
configure:3319: result: 
configure:3325: checking for suffix of object files
configure:3351: /usr/bin/gcc -c   conftest.c >&5
configure:3354: $? = 0
configure:3377: result: o
configure:3381: checking whether we are using the GNU C compiler
configure:3410: /usr/bin/gcc -c   conftest.c >&5
configure:3416: $? = 0
configure:3433: result: yes
configure:3438: checking whether /usr/bin/gcc accepts -g
configure:3468: /usr/bin/gcc -c -g  conftest.c >&5
configure:3474: $? = 0
configure:3573: result: yes
configure:3590: checking for /usr/bin/gcc option to accept ISO C89
configure:3664: /usr/bin/gcc  -c -g -O2  conftest.c >&5
configure:3670: $? = 0
configure:3693: result: none needed
configure:3713: checking dependency style of /usr/bin/gcc
configure:3804: result: gcc3
configure:3819: checking for a sed that does not truncate output
configure:3898: result: /bin/sed
configure:3915: checking for grep that handles long lines and -e
configure:3989: result: /bin/grep
configure:3994: checking for egrep
configure:4072: result: /bin/grep -E
configure:4077: checking for fgrep
configure:4155: result: /bin/grep -F
configure:4190: checking for ld used by /usr/bin/gcc
configure:4257: result: /usr/bin/ld
configure:4266: checking if the linker (/usr/bin/ld) is GNU ld
configure:4281: result: yes
configure:4294: checking for BSD- or MS-compatible name lister (nm)
configure:4343: result: /usr/bin/nm -B
configure:4465: checking the name lister (/usr/bin/nm -B) interface
configure:4472: /usr/bin/gcc -c -g -O2  conftest.c >&5
configure:4475: /usr/bin/nm -B "conftest.o"
configure:4478: output
00000000 B some_variable
configure:4485: result: BSD nm
configure:4488: checking whether ln -s works
configure:4492: result: yes
configure:4500: checking the maximum length of command line arguments
configure:4614: result: 32768
configure:4632: checking whether the shell understands some XSI constructs
configure:4640: result: yes
configure:4644: checking for /usr/bin/ld option to reload object files
configure:4651: result: -r
configure:4678: checking how to recognise dependent libraries
configure:4858: result: pass_all
configure:4918: checking for ar
configure:4934: found /usr/bin/ar
configure:4945: result: ar
configure:5027: checking for strip
configure:5043: found /usr/bin/strip
configure:5054: result: strip
configure:5130: checking for ranlib
configure:5146: found /usr/bin/ranlib
configure:5157: result: ranlib
configure:5251: checking command to parse /usr/bin/nm -B output from /usr/bin/gcc object
configure:5367: /usr/bin/gcc -c -g -O2  conftest.c >&5
configure:5370: $? = 0
configure:5374: /usr/bin/nm -B conftest.o \| sed -n -e 's/^.*[ 	]\([ABCDGIRSTW][ABCDGIRSTW]*\)[ 	][ 	]*\([_A-Za-z][_A-Za-z0-9]*\)$/\1 \2 \2/p' \> conftest.nm
configure:5377: $? = 0
configure:5431: /usr/bin/gcc -o conftest -g -O2   conftest.c conftstm.o >&5
configure:5434: $? = 0
configure:5472: result: ok
configure:5705: checking how to run the C preprocessor
configure:5745: /usr/bin/gcc -E  conftest.c
configure:5751: $? = 0
configure:5782: /usr/bin/gcc -E  conftest.c
conftest.c:10:28: error: ac_nonexistent.h: No such file or directory
configure:5788: $? = 1
configure: failed program was:
| /* confdefs.h.  */
| #define PACKAGE_NAME "fakeroot"
| #define PACKAGE_TARNAME "fakeroot"
| #define PACKAGE_VERSION "1.7.1"
| #define PACKAGE_STRING "fakeroot 1.7.1"
| #define PACKAGE_BUGREPORT "schizo@debian.org"
| #define PACKAGE "fakeroot"
| #define VERSION "1.7.1"
| /* end confdefs.h.  */
| #include <ac_nonexistent.h>
configure:5821: result: /usr/bin/gcc -E
configure:5850: /usr/bin/gcc -E  conftest.c
configure:5856: $? = 0
configure:5887: /usr/bin/gcc -E  conftest.c
conftest.c:10:28: error: ac_nonexistent.h: No such file or directory
configure:5893: $? = 1
configure: failed program was:
| /* confdefs.h.  */
| #define PACKAGE_NAME "fakeroot"
| #define PACKAGE_TARNAME "fakeroot"
| #define PACKAGE_VERSION "1.7.1"
| #define PACKAGE_STRING "fakeroot 1.7.1"
| #define PACKAGE_BUGREPORT "schizo@debian.org"
| #define PACKAGE "fakeroot"
| #define VERSION "1.7.1"
| /* end confdefs.h.  */
| #include <ac_nonexistent.h>
configure:5931: checking for ANSI C header files
configure:5961: /usr/bin/gcc -c -g -O2  conftest.c >&5
configure:5967: $? = 0
configure:6066: /usr/bin/gcc -o conftest -g -O2   conftest.c  >&5
configure:6069: $? = 0
configure:6075: ./conftest
configure:6078: $? = 0
configure:6095: result: yes
configure:6119: checking for sys/types.h
configure:6140: /usr/bin/gcc -c -g -O2  conftest.c >&5
configure:6146: $? = 0
configure:6162: result: yes
configure:6119: checking for sys/stat.h
configure:6140: /usr/bin/gcc -c -g -O2  conftest.c >&5
configure:6146: $? = 0
configure:6162: result: yes
configure:6119: checking for stdlib.h
configure:6140: /usr/bin/gcc -c -g -O2  conftest.c >&5
configure:6146: $? = 0
configure:6162: result: yes
configure:6119: checking for string.h
configure:6140: /usr/bin/gcc -c -g -O2  conftest.c >&5
configure:6146: $? = 0
configure:6162: result: yes
configure:6119: checking for memory.h
configure:6140: /usr/bin/gcc -c -g -O2  conftest.c >&5
configure:6146: $? = 0
configure:6162: result: yes
configure:6119: checking for strings.h
configure:6140: /usr/bin/gcc -c -g -O2  conftest.c >&5
configure:6146: $? = 0
configure:6162: result: yes
configure:6119: checking for inttypes.h
configure:6140: /usr/bin/gcc -c -g -O2  conftest.c >&5
configure:6146: $? = 0
configure:6162: result: yes
configure:6119: checking for stdint.h
configure:6140: /usr/bin/gcc -c -g -O2  conftest.c >&5
configure:6146: $? = 0
configure:6162: result: yes
configure:6119: checking for unistd.h
configure:6140: /usr/bin/gcc -c -g -O2  conftest.c >&5
configure:6146: $? = 0
configure:6162: result: yes
configure:6178: checking for dlfcn.h
configure:6199: /usr/bin/gcc -c -g -O2  conftest.c >&5
configure:6205: $? = 0
configure:6221: result: yes
configure:6283: checking for objdir
configure:6298: result: .libs
configure:6591: checking if /usr/bin/gcc supports -fno-rtti -fno-exceptions
configure:6609: /usr/bin/gcc -c -g -O2  -fno-rtti -fno-exceptions conftest.c >&5
cc1: warning: command line option "-fno-rtti" is valid for C++/ObjC++ but not for C
configure:6613: $? = 0
configure:6626: result: no
configure:6646: checking for /usr/bin/gcc option to produce PIC
configure:6879: result: -fPIC -DPIC
configure:6891: checking if /usr/bin/gcc PIC flag -fPIC -DPIC works
configure:6909: /usr/bin/gcc -c -g -O2  -fPIC -DPIC -DPIC conftest.c >&5
configure:6913: $? = 0
configure:6926: result: yes
configure:6950: checking if /usr/bin/gcc static flag -static works
configure:6978: result: yes
configure:6993: checking if /usr/bin/gcc supports -c -o file.o
configure:7014: /usr/bin/gcc -c -g -O2  -o out/conftest2.o conftest.c >&5
configure:7018: $? = 0
configure:7040: result: yes
configure:7048: checking if /usr/bin/gcc supports -c -o file.o
configure:7095: result: yes
configure:7128: checking whether the /usr/bin/gcc linker (/usr/bin/ld) supports shared libraries
configure:8181: result: yes
configure:8218: checking whether -lc should be explicitly linked in
configure:8223: /usr/bin/gcc -c -g -O2  conftest.c >&5
configure:8226: $? = 0
configure:8241: /usr/bin/gcc -shared conftest.o  -v -Wl,-soname -Wl,conftest -o conftest 2\>\&1 \| /bin/grep  -lc  \>/dev/null 2\>\&1
configure:8244: $? = 0
configure:8256: result: no
configure:8410: checking dynamic linker characteristics
configure:9029: result: GNU/Linux ld.so
configure:9124: checking how to hardcode library paths into programs
configure:9149: result: immediate
configure:9962: checking whether stripping libraries is possible
configure:9967: result: yes
configure:10002: checking if libtool supports shared libraries
configure:10004: result: yes
configure:10007: checking whether to build shared libraries
configure:10028: result: yes
configure:10031: checking whether to build static libraries
configure:10035: result: yes
configure:10082: checking which IPC method to use
configure:10089: result: sysv
configure:10101: checking which database format to use
configure:10108: result: inode
configure:10122: checking for dlopen in -ldl
configure:10157: /usr/bin/gcc -o conftest -g -O2   conftest.c -ldl   >&5
configure:10163: $? = 0
configure:10181: result: yes
configure:10356: checking for dirent.h that defines DIR
configure:10385: /usr/bin/gcc -c -g -O2  conftest.c >&5
configure:10391: $? = 0
configure:10407: result: yes
configure:10420: checking for library containing opendir
configure:10461: /usr/bin/gcc -o conftest -g -O2   conftest.c -ldl  >&5
configure:10467: $? = 0
configure:10495: result: none required
configure:10589: checking for ANSI C header files
configure:10753: result: yes
configure:10788: checking fcntl.h usability
configure:10805: /usr/bin/gcc -c -g -O2  conftest.c >&5
configure:10811: $? = 0
configure:10825: result: yes
configure:10829: checking fcntl.h presence
configure:10844: /usr/bin/gcc -E  conftest.c
configure:10850: $? = 0
configure:10864: result: yes
configure:10897: checking for fcntl.h
configure:10905: result: yes
configure:10778: checking for unistd.h
configure:10784: result: yes
configure:10788: checking features.h usability
configure:10805: /usr/bin/gcc -c -g -O2  conftest.c >&5
configure:10811: $? = 0
configure:10825: result: yes
configure:10829: checking features.h presence
configure:10844: /usr/bin/gcc -E  conftest.c
configure:10850: $? = 0
configure:10864: result: yes
configure:10897: checking for features.h
configure:10905: result: yes
configure:10788: checking sys/feature_tests.h usability
configure:10805: /usr/bin/gcc -c -g -O2  conftest.c >&5
conftest.c:61:31: error: sys/feature_tests.h: No such file or directory
configure:10811: $? = 1
configure: failed program was:
| /* confdefs.h.  */
| #define PACKAGE_NAME "fakeroot"
| #define PACKAGE_TARNAME "fakeroot"
| #define PACKAGE_VERSION "1.7.1"
| #define PACKAGE_STRING "fakeroot 1.7.1"
| #define PACKAGE_BUGREPORT "schizo@debian.org"
| #define PACKAGE "fakeroot"
| #define VERSION "1.7.1"
| #define STDC_HEADERS 1
| #define HAVE_SYS_TYPES_H 1
| #define HAVE_SYS_STAT_H 1
| #define HAVE_STDLIB_H 1
| #define HAVE_STRING_H 1
| #define HAVE_MEMORY_H 1
| #define HAVE_STRINGS_H 1
| #define HAVE_INTTYPES_H 1
| #define HAVE_STDINT_H 1
| #define HAVE_UNISTD_H 1
| #define HAVE_DLFCN_H 1
| #define LT_OBJDIR ".libs/"
| #define HAVE_LIBDL 1
| #define HAVE_DIRENT_H 1
| #define STDC_HEADERS 1
| #define HAVE_FCNTL_H 1
| #define HAVE_UNISTD_H 1
| #define HAVE_FEATURES_H 1
| /* end confdefs.h.  */
| #include <stdio.h>
| #ifdef HAVE_SYS_TYPES_H
| # include <sys/types.h>
| #endif
| #ifdef HAVE_SYS_STAT_H
| # include <sys/stat.h>
| #endif
| #ifdef STDC_HEADERS
| # include <stdlib.h>
| # include <stddef.h>
| #else
| # ifdef HAVE_STDLIB_H
| #  include <stdlib.h>
| # endif
| #endif
| #ifdef HAVE_STRING_H
| # if !defined STDC_HEADERS && defined HAVE_MEMORY_H
| #  include <memory.h>
| # endif
| # include <string.h>
| #endif
| #ifdef HAVE_STRINGS_H
| # include <strings.h>
| #endif
| #ifdef HAVE_INTTYPES_H
| # include <inttypes.h>
| #endif
| #ifdef HAVE_STDINT_H
| # include <stdint.h>
| #endif
| #ifdef HAVE_UNISTD_H
| # include <unistd.h>
| #endif
| #include <sys/feature_tests.h>
configure:10825: result: no
configure:10829: checking sys/feature_tests.h presence
configure:10844: /usr/bin/gcc -E  conftest.c
conftest.c:28:31: error: sys/feature_tests.h: No such file or directory
configure:10850: $? = 1
configure: failed program was:
| /* confdefs.h.  */
| #define PACKAGE_NAME "fakeroot"
| #define PACKAGE_TARNAME "fakeroot"
| #define PACKAGE_VERSION "1.7.1"
| #define PACKAGE_STRING "fakeroot 1.7.1"
| #define PACKAGE_BUGREPORT "schizo@debian.org"
| #define PACKAGE "fakeroot"
| #define VERSION "1.7.1"
| #define STDC_HEADERS 1
| #define HAVE_SYS_TYPES_H 1
| #define HAVE_SYS_STAT_H 1
| #define HAVE_STDLIB_H 1
| #define HAVE_STRING_H 1
| #define HAVE_MEMORY_H 1
| #define HAVE_STRINGS_H 1
| #define HAVE_INTTYPES_H 1
| #define HAVE_STDINT_H 1
| #define HAVE_UNISTD_H 1
| #define HAVE_DLFCN_H 1
| #define LT_OBJDIR ".libs/"
| #define HAVE_LIBDL 1
| #define HAVE_DIRENT_H 1
| #define STDC_HEADERS 1
| #define HAVE_FCNTL_H 1
| #define HAVE_UNISTD_H 1
| #define HAVE_FEATURES_H 1
| /* end confdefs.h.  */
| #include <sys/feature_tests.h>
configure:10864: result: no
configure:10897: checking for sys/feature_tests.h
configure:10905: result: no
configure:10788: checking pthread.h usability
configure:10805: /usr/bin/gcc -c -g -O2  conftest.c >&5
configure:10811: $? = 0
configure:10825: result: yes
configure:10829: checking pthread.h presence
configure:10844: /usr/bin/gcc -E  conftest.c
configure:10850: $? = 0
configure:10864: result: yes
configure:10897: checking for pthread.h
configure:10905: result: yes
configure:10778: checking for stdint.h
configure:10784: result: yes
configure:10778: checking for inttypes.h
configure:10784: result: yes
configure:10788: checking grp.h usability
configure:10805: /usr/bin/gcc -c -g -O2  conftest.c >&5
configure:10811: $? = 0
configure:10825: result: yes
configure:10829: checking grp.h presence
configure:10844: /usr/bin/gcc -E  conftest.c
configure:10850: $? = 0
configure:10864: result: yes
configure:10897: checking for grp.h
configure:10905: result: yes
configure:10788: checking endian.h usability
configure:10805: /usr/bin/gcc -c -g -O2  conftest.c >&5
configure:10811: $? = 0
configure:10825: result: yes
configure:10829: checking endian.h presence
configure:10844: /usr/bin/gcc -E  conftest.c
configure:10850: $? = 0
configure:10864: result: yes
configure:10897: checking for endian.h
configure:10905: result: yes
configure:10788: checking sys/sysmacros.h usability
configure:10805: /usr/bin/gcc -c -g -O2  conftest.c >&5
configure:10811: $? = 0
configure:10825: result: yes
configure:10829: checking sys/sysmacros.h presence
configure:10844: /usr/bin/gcc -E  conftest.c
configure:10850: $? = 0
configure:10864: result: yes
configure:10897: checking for sys/sysmacros.h
configure:10905: result: yes
configure:10788: checking sys/socket.h usability
configure:10805: /usr/bin/gcc -c -g -O2  conftest.c >&5
configure:10811: $? = 0
configure:10825: result: yes
configure:10829: checking sys/socket.h presence
configure:10844: /usr/bin/gcc -E  conftest.c
configure:10850: $? = 0
configure:10864: result: yes
configure:10897: checking for sys/socket.h
configure:10905: result: yes
configure:10919: checking for an ANSI C-conforming const
configure:10994: /usr/bin/gcc -c -g -O2  conftest.c >&5
configure:11000: $? = 0
configure:11015: result: yes
configure:11025: checking for mode_t
configure:11055: /usr/bin/gcc -c -g -O2  conftest.c >&5
configure:11061: $? = 0
configure:11076: result: yes
configure:11088: checking for off_t
configure:11118: /usr/bin/gcc -c -g -O2  conftest.c >&5
configure:11124: $? = 0
configure:11139: result: yes
configure:11151: checking for size_t
configure:11181: /usr/bin/gcc -c -g -O2  conftest.c >&5
configure:11187: $? = 0
configure:11202: result: yes
configure:11225: checking for second and third argument of readlink
configure:11253: /usr/bin/gcc -c -g -O2  conftest.c >&5
conftest.c:37: error: conflicting types for 'readlink'
/usr/include/unistd.h:774: error: previous declaration of 'readlink' was here
configure:11259: $? = 1
configure: failed program was:
| /* confdefs.h.  */
| #define PACKAGE_NAME "fakeroot"
| #define PACKAGE_TARNAME "fakeroot"
| #define PACKAGE_VERSION "1.7.1"
| #define PACKAGE_STRING "fakeroot 1.7.1"
| #define PACKAGE_BUGREPORT "schizo@debian.org"
| #define PACKAGE "fakeroot"
| #define VERSION "1.7.1"
| #define STDC_HEADERS 1
| #define HAVE_SYS_TYPES_H 1
| #define HAVE_SYS_STAT_H 1
| #define HAVE_STDLIB_H 1
| #define HAVE_STRING_H 1
| #define HAVE_MEMORY_H 1
| #define HAVE_STRINGS_H 1
| #define HAVE_INTTYPES_H 1
| #define HAVE_STDINT_H 1
| #define HAVE_UNISTD_H 1
| #define HAVE_DLFCN_H 1
| #define LT_OBJDIR ".libs/"
| #define HAVE_LIBDL 1
| #define HAVE_DIRENT_H 1
| #define STDC_HEADERS 1
| #define HAVE_FCNTL_H 1
| #define HAVE_UNISTD_H 1
| #define HAVE_FEATURES_H 1
| #define HAVE_PTHREAD_H 1
| #define HAVE_STDINT_H 1
| #define HAVE_INTTYPES_H 1
| #define HAVE_GRP_H 1
| #define HAVE_ENDIAN_H 1
| #define HAVE_SYS_SYSMACROS_H 1
| #define HAVE_SYS_SOCKET_H 1
| #define FAKEROOT_ATTR(x) __attribute__ ((x))
| /* end confdefs.h.  */
| #include <unistd.h>
|       int readlink(const char *path, void *buf, size_t bufsiz);
| int
| main ()
| {
| puts("hello, world");
|   ;
|   return 0;
| }
configure:11253: /usr/bin/gcc -c -g -O2  conftest.c >&5
conftest.c:37: error: conflicting types for 'readlink'
/usr/include/unistd.h:774: error: previous declaration of 'readlink' was here
configure:11259: $? = 1
configure: failed program was:
| /* confdefs.h.  */
| #define PACKAGE_NAME "fakeroot"
| #define PACKAGE_TARNAME "fakeroot"
| #define PACKAGE_VERSION "1.7.1"
| #define PACKAGE_STRING "fakeroot 1.7.1"
| #define PACKAGE_BUGREPORT "schizo@debian.org"
| #define PACKAGE "fakeroot"
| #define VERSION "1.7.1"
| #define STDC_HEADERS 1
| #define HAVE_SYS_TYPES_H 1
| #define HAVE_SYS_STAT_H 1
| #define HAVE_STDLIB_H 1
| #define HAVE_STRING_H 1
| #define HAVE_MEMORY_H 1
| #define HAVE_STRINGS_H 1
| #define HAVE_INTTYPES_H 1
| #define HAVE_STDINT_H 1
| #define HAVE_UNISTD_H 1
| #define HAVE_DLFCN_H 1
| #define LT_OBJDIR ".libs/"
| #define HAVE_LIBDL 1
| #define HAVE_DIRENT_H 1
| #define STDC_HEADERS 1
| #define HAVE_FCNTL_H 1
| #define HAVE_UNISTD_H 1
| #define HAVE_FEATURES_H 1
| #define HAVE_PTHREAD_H 1
| #define HAVE_STDINT_H 1
| #define HAVE_INTTYPES_H 1
| #define HAVE_GRP_H 1
| #define HAVE_ENDIAN_H 1
| #define HAVE_SYS_SYSMACROS_H 1
| #define HAVE_SYS_SOCKET_H 1
| #define FAKEROOT_ATTR(x) __attribute__ ((x))
| /* end confdefs.h.  */
| #include <unistd.h>
|       int readlink(const char *path, void *buf, int bufsiz);
| int
| main ()
| {
| puts("hello, world");
|   ;
|   return 0;
| }
configure:11253: /usr/bin/gcc -c -g -O2  conftest.c >&5
configure:11259: $? = 0
configure:11253: /usr/bin/gcc -c -g -O2  conftest.c >&5
conftest.c:37: error: conflicting types for 'readlink'
/usr/include/unistd.h:774: error: previous declaration of 'readlink' was here
configure:11259: $? = 1
configure: failed program was:
| /* confdefs.h.  */
| #define PACKAGE_NAME "fakeroot"
| #define PACKAGE_TARNAME "fakeroot"
| #define PACKAGE_VERSION "1.7.1"
| #define PACKAGE_STRING "fakeroot 1.7.1"
| #define PACKAGE_BUGREPORT "schizo@debian.org"
| #define PACKAGE "fakeroot"
| #define VERSION "1.7.1"
| #define STDC_HEADERS 1
| #define HAVE_SYS_TYPES_H 1
| #define HAVE_SYS_STAT_H 1
| #define HAVE_STDLIB_H 1
| #define HAVE_STRING_H 1
| #define HAVE_MEMORY_H 1
| #define HAVE_STRINGS_H 1
| #define HAVE_INTTYPES_H 1
| #define HAVE_STDINT_H 1
| #define HAVE_UNISTD_H 1
| #define HAVE_DLFCN_H 1
| #define LT_OBJDIR ".libs/"
| #define HAVE_LIBDL 1
| #define HAVE_DIRENT_H 1
| #define STDC_HEADERS 1
| #define HAVE_FCNTL_H 1
| #define HAVE_UNISTD_H 1
| #define HAVE_FEATURES_H 1
| #define HAVE_PTHREAD_H 1
| #define HAVE_STDINT_H 1
| #define HAVE_INTTYPES_H 1
| #define HAVE_GRP_H 1
| #define HAVE_ENDIAN_H 1
| #define HAVE_SYS_SYSMACROS_H 1
| #define HAVE_SYS_SOCKET_H 1
| #define FAKEROOT_ATTR(x) __attribute__ ((x))
| /* end confdefs.h.  */
| #include <unistd.h>
|       int readlink(const char *path, char *buf, int bufsiz);
| int
| main ()
| {
| puts("hello, world");
|   ;
|   return 0;
| }
configure:11277: result: char, size_t
configure:11292: checking for first argument of setgroups
configure:11325: /usr/bin/gcc -c -g -O2  conftest.c >&5
configure:11331: $? = 0
configure:11325: /usr/bin/gcc -c -g -O2  conftest.c >&5
conftest.c:46: error: conflicting types for 'setgroups'
/usr/include/grp.h:178: error: previous declaration of 'setgroups' was here
configure:11331: $? = 1
configure: failed program was:
| /* confdefs.h.  */
| #define PACKAGE_NAME "fakeroot"
| #define PACKAGE_TARNAME "fakeroot"
| #define PACKAGE_VERSION "1.7.1"
| #define PACKAGE_STRING "fakeroot 1.7.1"
| #define PACKAGE_BUGREPORT "schizo@debian.org"
| #define PACKAGE "fakeroot"
| #define VERSION "1.7.1"
| #define STDC_HEADERS 1
| #define HAVE_SYS_TYPES_H 1
| #define HAVE_SYS_STAT_H 1
| #define HAVE_STDLIB_H 1
| #define HAVE_STRING_H 1
| #define HAVE_MEMORY_H 1
| #define HAVE_STRINGS_H 1
| #define HAVE_INTTYPES_H 1
| #define HAVE_STDINT_H 1
| #define HAVE_UNISTD_H 1
| #define HAVE_DLFCN_H 1
| #define LT_OBJDIR ".libs/"
| #define HAVE_LIBDL 1
| #define HAVE_DIRENT_H 1
| #define STDC_HEADERS 1
| #define HAVE_FCNTL_H 1
| #define HAVE_UNISTD_H 1
| #define HAVE_FEATURES_H 1
| #define HAVE_PTHREAD_H 1
| #define HAVE_STDINT_H 1
| #define HAVE_INTTYPES_H 1
| #define HAVE_GRP_H 1
| #define HAVE_ENDIAN_H 1
| #define HAVE_SYS_SYSMACROS_H 1
| #define HAVE_SYS_SOCKET_H 1
| #define FAKEROOT_ATTR(x) __attribute__ ((x))
| #define READLINK_BUF_TYPE char
| #define READLINK_BUFSIZE_TYPE size_t
| /* end confdefs.h.  */
| #define _BSD_SOURCE
| #ifdef HAVE_SYS_TYPES_H
| #include <sys/types.h>
| #endif
| #include <unistd.h>
| #ifdef HAVE_GRP_H
| #include <grp.h>
| #endif
|   int setgroups(int size, const gid_t *list);
| int
| main ()
| {
| puts("hello, world");
|   ;
|   return 0;
| }
configure:11346: result: size_t
configure:11358: checking for union semun
configure:11387: /usr/bin/gcc -c -g -O2  conftest.c >&5
conftest.c: In function 'main':
conftest.c:48: error: storage size of 's' isn't known
configure:11393: $? = 1
configure: failed program was:
| /* confdefs.h.  */
| #define PACKAGE_NAME "fakeroot"
| #define PACKAGE_TARNAME "fakeroot"
| #define PACKAGE_VERSION "1.7.1"
| #define PACKAGE_STRING "fakeroot 1.7.1"
| #define PACKAGE_BUGREPORT "schizo@debian.org"
| #define PACKAGE "fakeroot"
| #define VERSION "1.7.1"
| #define STDC_HEADERS 1
| #define HAVE_SYS_TYPES_H 1
| #define HAVE_SYS_STAT_H 1
| #define HAVE_STDLIB_H 1
| #define HAVE_STRING_H 1
| #define HAVE_MEMORY_H 1
| #define HAVE_STRINGS_H 1
| #define HAVE_INTTYPES_H 1
| #define HAVE_STDINT_H 1
| #define HAVE_UNISTD_H 1
| #define HAVE_DLFCN_H 1
| #define LT_OBJDIR ".libs/"
| #define HAVE_LIBDL 1
| #define HAVE_DIRENT_H 1
| #define STDC_HEADERS 1
| #define HAVE_FCNTL_H 1
| #define HAVE_UNISTD_H 1
| #define HAVE_FEATURES_H 1
| #define HAVE_PTHREAD_H 1
| #define HAVE_STDINT_H 1
| #define HAVE_INTTYPES_H 1
| #define HAVE_GRP_H 1
| #define HAVE_ENDIAN_H 1
| #define HAVE_SYS_SYSMACROS_H 1
| #define HAVE_SYS_SOCKET_H 1
| #define FAKEROOT_ATTR(x) __attribute__ ((x))
| #define READLINK_BUF_TYPE char
| #define READLINK_BUFSIZE_TYPE size_t
| #define SETGROUPS_SIZE_TYPE size_t
| /* end confdefs.h.  */
| 
|        # include <sys/types.h>
|        # include <sys/ipc.h>
|        # include <sys/sem.h>
| 
| int
| main ()
| {
| 
|        union semun s;
| 
|   ;
|   return 0;
| }
configure:11409: result: no
configure:11418: checking for type of arg of __xmknod
configure:11450: /usr/bin/gcc -c -g -O2  conftest.c >&5
conftest.c: In function 'main':
conftest.c:51: error: conflicting types for '__xmknod'
/usr/include/sys/stat.h:424: error: previous declaration of '__xmknod' was here
configure:11456: $? = 1
configure: failed program was:
| /* confdefs.h.  */
| #define PACKAGE_NAME "fakeroot"
| #define PACKAGE_TARNAME "fakeroot"
| #define PACKAGE_VERSION "1.7.1"
| #define PACKAGE_STRING "fakeroot 1.7.1"
| #define PACKAGE_BUGREPORT "schizo@debian.org"
| #define PACKAGE "fakeroot"
| #define VERSION "1.7.1"
| #define STDC_HEADERS 1
| #define HAVE_SYS_TYPES_H 1
| #define HAVE_SYS_STAT_H 1
| #define HAVE_STDLIB_H 1
| #define HAVE_STRING_H 1
| #define HAVE_MEMORY_H 1
| #define HAVE_STRINGS_H 1
| #define HAVE_INTTYPES_H 1
| #define HAVE_STDINT_H 1
| #define HAVE_UNISTD_H 1
| #define HAVE_DLFCN_H 1
| #define LT_OBJDIR ".libs/"
| #define HAVE_LIBDL 1
| #define HAVE_DIRENT_H 1
| #define STDC_HEADERS 1
| #define HAVE_FCNTL_H 1
| #define HAVE_UNISTD_H 1
| #define HAVE_FEATURES_H 1
| #define HAVE_PTHREAD_H 1
| #define HAVE_STDINT_H 1
| #define HAVE_INTTYPES_H 1
| #define HAVE_GRP_H 1
| #define HAVE_ENDIAN_H 1
| #define HAVE_SYS_SYSMACROS_H 1
| #define HAVE_SYS_SOCKET_H 1
| #define FAKEROOT_ATTR(x) __attribute__ ((x))
| #define READLINK_BUF_TYPE char
| #define READLINK_BUFSIZE_TYPE size_t
| #define SETGROUPS_SIZE_TYPE size_t
| /* end confdefs.h.  */
| 
|        #include <sys/types.h>
|        #include <sys/stat.h>
|        #include <fcntl.h>
|        #include <unistd.h>
| 
| int
| main ()
| {
| 
|        int __xmknod  ( int ver,
|                        const char *pathname ,
|                        mode_t  mode ,  dev_t dev);
| 
|   ;
|   return 0;
| }
configure:11478: result: needs *
configure:11488: checking for type of arg of __xmknodat
configure:11521: /usr/bin/gcc -c -g -O2  conftest.c >&5
conftest.c: In function 'main':
conftest.c:51: error: expected declaration specifiers or '...' before 'inf'
conftest.c:53: error: conflicting types for '__xmknodat'
/usr/include/sys/stat.h:428: error: previous declaration of '__xmknodat' was here
configure:11527: $? = 1
configure: failed program was:
| /* confdefs.h.  */
| #define PACKAGE_NAME "fakeroot"
| #define PACKAGE_TARNAME "fakeroot"
| #define PACKAGE_VERSION "1.7.1"
| #define PACKAGE_STRING "fakeroot 1.7.1"
| #define PACKAGE_BUGREPORT "schizo@debian.org"
| #define PACKAGE "fakeroot"
| #define VERSION "1.7.1"
| #define STDC_HEADERS 1
| #define HAVE_SYS_TYPES_H 1
| #define HAVE_SYS_STAT_H 1
| #define HAVE_STDLIB_H 1
| #define HAVE_STRING_H 1
| #define HAVE_MEMORY_H 1
| #define HAVE_STRINGS_H 1
| #define HAVE_INTTYPES_H 1
| #define HAVE_STDINT_H 1
| #define HAVE_UNISTD_H 1
| #define HAVE_DLFCN_H 1
| #define LT_OBJDIR ".libs/"
| #define HAVE_LIBDL 1
| #define HAVE_DIRENT_H 1
| #define STDC_HEADERS 1
| #define HAVE_FCNTL_H 1
| #define HAVE_UNISTD_H 1
| #define HAVE_FEATURES_H 1
| #define HAVE_PTHREAD_H 1
| #define HAVE_STDINT_H 1
| #define HAVE_INTTYPES_H 1
| #define HAVE_GRP_H 1
| #define HAVE_ENDIAN_H 1
| #define HAVE_SYS_SYSMACROS_H 1
| #define HAVE_SYS_SOCKET_H 1
| #define FAKEROOT_ATTR(x) __attribute__ ((x))
| #define READLINK_BUF_TYPE char
| #define READLINK_BUFSIZE_TYPE size_t
| #define SETGROUPS_SIZE_TYPE size_t
| #define XMKNOD_FRTH_ARG *
| /* end confdefs.h.  */
| 
|        #include <sys/types.h>
|        #include <sys/stat.h>
|        #include <fcntl.h>
|        #include <unistd.h>
| 
| int
| main ()
| {
| 
|        int __xmknodat  ( int ver,
|                          inf dirfd,
|                          const char *pathname ,
|                          mode_t  mode ,  dev_t dev);
| 
|   ;
|   return 0;
| }
configure:11549: result: needs *
configure:11559: checking for type of arg of initgroups
configure:11587: /usr/bin/gcc -c -g -O2  conftest.c >&5
configure:11593: $? = 0
configure:11603: result: gid_t
configure:11624: checking for type of arg of setreuid
configure:11652: /usr/bin/gcc -c -g -O2  conftest.c >&5
configure:11658: $? = 0
configure:11668: result: gid_t
configure:11689: checking for type of arg of setregid
configure:11717: /usr/bin/gcc -c -g -O2  conftest.c >&5
configure:11723: $? = 0
configure:11733: result: gid_t
configure:11754: checking for type of second arg to stat
configure:11783: /usr/bin/gcc -c -g -O2  conftest.c >&5
configure:11789: $? = 0
configure:11799: result: struct stat *
configure:11871: checking for d_off in struct dirent
configure:11901: /usr/bin/gcc -c -g -O2  conftest.c >&5
configure:11907: $? = 0
configure:11916: result: yes
configure:11871: checking for d_type in struct dirent
configure:11901: /usr/bin/gcc -c -g -O2  conftest.c >&5
configure:11907: $? = 0
configure:11916: result: yes
configure:11942: checking for fchmodat
configure:11998: /usr/bin/gcc -o conftest -g -O2   conftest.c -ldl  >&5
configure:12004: $? = 0
configure:12022: result: yes
configure:11942: checking for fchownat
configure:11998: /usr/bin/gcc -o conftest -g -O2   conftest.c -ldl  >&5
configure:12004: $? = 0
configure:12022: result: yes
configure:11942: checking for fstatat
configure:11998: /usr/bin/gcc -o conftest -g -O2   conftest.c -ldl  >&5
configure:12004: $? = 0
configure:12022: result: yes
configure:11942: checking for mkdirat
configure:11998: /usr/bin/gcc -o conftest -g -O2   conftest.c -ldl  >&5
configure:12004: $? = 0
configure:12022: result: yes
configure:11942: checking for mknodat
configure:11998: /usr/bin/gcc -o conftest -g -O2   conftest.c -ldl  >&5
configure:12004: $? = 0
configure:12022: result: yes
configure:11942: checking for openat
configure:11998: /usr/bin/gcc -o conftest -g -O2   conftest.c -ldl  >&5
configure:12004: $? = 0
configure:12022: result: yes
configure:11942: checking for renameat
configure:11998: /usr/bin/gcc -o conftest -g -O2   conftest.c -ldl  >&5
configure:12004: $? = 0
configure:12022: result: yes
configure:11942: checking for unlinkat
configure:11998: /usr/bin/gcc -o conftest -g -O2   conftest.c -ldl  >&5
configure:12004: $? = 0
configure:12022: result: yes
configure:12045: checking for __xstat
configure:12101: /usr/bin/gcc -o conftest -g -O2   conftest.c -ldl  >&5
configure:12107: $? = 0
configure:12125: result: yes
configure:12045: checking for __fxstat
configure:12101: /usr/bin/gcc -o conftest -g -O2   conftest.c -ldl  >&5
configure:12107: $? = 0
configure:12125: result: yes
configure:12045: checking for __lxstat
configure:12101: /usr/bin/gcc -o conftest -g -O2   conftest.c -ldl  >&5
configure:12107: $? = 0
configure:12125: result: yes
configure:12045: checking for __fxstatat
configure:12101: /usr/bin/gcc -o conftest -g -O2   conftest.c -ldl  >&5
configure:12107: $? = 0
configure:12125: result: yes
configure:12045: checking for __xstat64
configure:12101: /usr/bin/gcc -o conftest -g -O2   conftest.c -ldl  >&5
configure:12107: $? = 0
configure:12125: result: yes
configure:12045: checking for __fxstat64
configure:12101: /usr/bin/gcc -o conftest -g -O2   conftest.c -ldl  >&5
configure:12107: $? = 0
configure:12125: result: yes
configure:12045: checking for __lxstat64
configure:12101: /usr/bin/gcc -o conftest -g -O2   conftest.c -ldl  >&5
configure:12107: $? = 0
configure:12125: result: yes
configure:12045: checking for __fxstatat64
configure:12101: /usr/bin/gcc -o conftest -g -O2   conftest.c -ldl  >&5
configure:12107: $? = 0
configure:12125: result: yes
configure:12045: checking for __xmknod
configure:12101: /usr/bin/gcc -o conftest -g -O2   conftest.c -ldl  >&5
configure:12107: $? = 0
configure:12125: result: yes
configure:12045: checking for __xmknodat
configure:12101: /usr/bin/gcc -o conftest -g -O2   conftest.c -ldl  >&5
configure:12107: $? = 0
configure:12125: result: yes
configure:12196: result: created fakerootconfig.h
configure:12273: checking for strdup
configure:12329: /usr/bin/gcc -o conftest -g -O2   conftest.c -ldl  >&5
conftest.c:129: warning: conflicting types for built-in function 'strdup'
configure:12335: $? = 0
configure:12353: result: yes
configure:12273: checking for strstr
configure:12329: /usr/bin/gcc -o conftest -g -O2   conftest.c -ldl  >&5
conftest.c:130: warning: conflicting types for built-in function 'strstr'
configure:12335: $? = 0
configure:12353: result: yes
configure:12273: checking for getresuid
configure:12329: /usr/bin/gcc -o conftest -g -O2   conftest.c -ldl  >&5
configure:12335: $? = 0
configure:12353: result: yes
configure:12273: checking for setresuid
configure:12329: /usr/bin/gcc -o conftest -g -O2   conftest.c -ldl  >&5
configure:12335: $? = 0
configure:12353: result: yes
configure:12273: checking for getresgid
configure:12329: /usr/bin/gcc -o conftest -g -O2   conftest.c -ldl  >&5
configure:12335: $? = 0
configure:12353: result: yes
configure:12273: checking for setresgid
configure:12329: /usr/bin/gcc -o conftest -g -O2   conftest.c -ldl  >&5
configure:12335: $? = 0
configure:12353: result: yes
configure:12273: checking for setfsuid
configure:12329: /usr/bin/gcc -o conftest -g -O2   conftest.c -ldl  >&5
configure:12335: $? = 0
configure:12353: result: yes
configure:12273: checking for setfsgid
configure:12329: /usr/bin/gcc -o conftest -g -O2   conftest.c -ldl  >&5
configure:12335: $? = 0
configure:12353: result: yes
configure:12367: checking for a working shell...
configure:12379: result: /bin/sh
configure:12545: creating ./config.status

## ---------------------- ##
## Running config.status. ##
## ---------------------- ##

This file was extended by fakeroot config.status 1.7.1, which was
generated by GNU Autoconf 2.61.  Invocation command line was

  CONFIG_FILES    = 
  CONFIG_HEADERS  = 
  CONFIG_LINKS    = 
  CONFIG_COMMANDS = 
  $ ./config.status 

on adan-desktop

config.status:846: creating Makefile
config.status:846: creating scripts/Makefile
config.status:846: creating doc/Makefile
config.status:846: creating doc/es/Makefile
config.status:846: creating doc/fr/Makefile
config.status:846: creating doc/nl/Makefile
config.status:846: creating doc/sv/Makefile
config.status:846: creating test/Makefile
config.status:846: creating config.h
config.status:1221: executing depfiles commands
config.status:1221: executing libtool commands

## ---------------- ##
## Cache variables. ##
## ---------------- ##

ac_cv_build=i686-pc-linux-gnu
ac_cv_c_compiler_gnu=yes
ac_cv_c_const=yes
ac_cv_dbformat=inode
ac_cv_env_CC_set=set
ac_cv_env_CC_value=/usr/bin/gcc
ac_cv_env_CFLAGS_set=
ac_cv_env_CFLAGS_value=
ac_cv_env_CPPFLAGS_set=
ac_cv_env_CPPFLAGS_value=
ac_cv_env_CPP_set=
ac_cv_env_CPP_value=
ac_cv_env_LDFLAGS_set=
ac_cv_env_LDFLAGS_value=
ac_cv_env_LIBS_set=
ac_cv_env_LIBS_value=
ac_cv_env_build_alias_set=
ac_cv_env_build_alias_value=
ac_cv_env_host_alias_set=
ac_cv_env_host_alias_value=
ac_cv_env_target_alias_set=
ac_cv_env_target_alias_value=
ac_cv_func___fxstat64=yes
ac_cv_func___fxstat=yes
ac_cv_func___fxstatat64=yes
ac_cv_func___fxstatat=yes
ac_cv_func___lxstat64=yes
ac_cv_func___lxstat=yes
ac_cv_func___xmknod=yes
ac_cv_func___xmknodat=yes
ac_cv_func___xstat64=yes
ac_cv_func___xstat=yes
ac_cv_func_fchmodat=yes
ac_cv_func_fchownat=yes
ac_cv_func_fstatat=yes
ac_cv_func_getresgid=yes
ac_cv_func_getresuid=yes
ac_cv_func_mkdirat=yes
ac_cv_func_mknodat=yes
ac_cv_func_openat=yes
ac_cv_func_renameat=yes
ac_cv_func_setfsgid=yes
ac_cv_func_setfsuid=yes
ac_cv_func_setresgid=yes
ac_cv_func_setresuid=yes
ac_cv_func_strdup=yes
ac_cv_func_strstr=yes
ac_cv_func_unlinkat=yes
ac_cv_header_dirent_dirent_h=yes
ac_cv_header_dlfcn_h=yes
ac_cv_header_endian_h=yes
ac_cv_header_fcntl_h=yes
ac_cv_header_features_h=yes
ac_cv_header_grp_h=yes
ac_cv_header_inttypes_h=yes
ac_cv_header_memory_h=yes
ac_cv_header_pthread_h=yes
ac_cv_header_stdc=yes
ac_cv_header_stdint_h=yes
ac_cv_header_stdlib_h=yes
ac_cv_header_string_h=yes
ac_cv_header_strings_h=yes
ac_cv_header_sys_feature_tests_h=no
ac_cv_header_sys_socket_h=yes
ac_cv_header_sys_stat_h=yes
ac_cv_header_sys_sysmacros_h=yes
ac_cv_header_sys_types_h=yes
ac_cv_header_unistd_h=yes
ac_cv_host=i686-pc-linux-gnu
ac_cv_lib_dl_dlopen=yes
ac_cv_objext=o
ac_cv_path_EGREP='/bin/grep -E'
ac_cv_path_FGREP='/bin/grep -F'
ac_cv_path_GREP=/bin/grep
ac_cv_path_SED=/bin/sed
ac_cv_path_install='/usr/bin/install -c'
ac_cv_path_mkdir=/bin/mkdir
ac_cv_prog_AWK=gawk
ac_cv_prog_CPP='/usr/bin/gcc -E'
ac_cv_prog_ac_ct_AR=ar
ac_cv_prog_ac_ct_CC=/usr/bin/gcc
ac_cv_prog_ac_ct_RANLIB=ranlib
ac_cv_prog_ac_ct_STRIP=strip
ac_cv_prog_cc_c89=
ac_cv_prog_cc_g=yes
ac_cv_prog_make_make_set=yes
ac_cv_search_opendir='none required'
ac_cv_target=i686-pc-linux-gnu
ac_cv_type_mode_t=yes
ac_cv_type_off_t=yes
ac_cv_type_size_t=yes
ac_cv_use_ipc=sysv
am_cv_CC_dependencies_compiler_type=gcc3
lt_cv_deplibs_check_method=pass_all
lt_cv_file_magic_cmd='$MAGIC_CMD'
lt_cv_file_magic_test_file=
lt_cv_ld_reload_flag=-r
lt_cv_nm_interface='BSD nm'
lt_cv_objdir=.libs
lt_cv_path_LD=/usr/bin/ld
lt_cv_path_NM='/usr/bin/nm -B'
lt_cv_prog_compiler_c_o=yes
lt_cv_prog_compiler_rtti_exceptions=no
lt_cv_prog_gnu_ld=yes
lt_cv_sys_global_symbol_pipe='sed -n -e '\''s/^.*[ 	]\([ABCDGIRSTW][ABCDGIRSTW]*\)[ 	][ 	]*\([_A-Za-z][_A-Za-z0-9]*\)$/\1 \2 \2/p'\'''
lt_cv_sys_global_symbol_to_c_name_address='sed -n -e '\''s/^: \([^ ]*\) $/  {\"\1\", (void *) 0},/p'\'' -e '\''s/^[ABCDGIRSTW]* \([^ ]*\) \([^ ]*\)$/  {"\2", (void *) \&\2},/p'\'''
lt_cv_sys_global_symbol_to_cdecl='sed -n -e '\''s/^T .* \(.*\)$/extern int \1();/p'\'' -e '\''s/^[ABCDGIRSTW]* .* \(.*\)$/extern char \1;/p'\'''
lt_cv_sys_max_cmd_len=32768

## ----------------- ##
## Output variables. ##
## ----------------- ##

ACLOCAL='${SHELL} /home/adan/Desktop/open2x/buildroot/build_arm/fakeroot-1.7.1/missing --run aclocal-1.10'
AMDEPBACKSLASH='\'
AMDEP_FALSE='#'
AMDEP_TRUE=''
AMTAR='${SHELL} /home/adan/Desktop/open2x/buildroot/build_arm/fakeroot-1.7.1/missing --run tar'
AR='ar'
AUTOCONF='${SHELL} /home/adan/Desktop/open2x/buildroot/build_arm/fakeroot-1.7.1/missing --run autoconf'
AUTOHEADER='${SHELL} /home/adan/Desktop/open2x/buildroot/build_arm/fakeroot-1.7.1/missing --run autoheader'
AUTOMAKE='${SHELL} /home/adan/Desktop/open2x/buildroot/build_arm/fakeroot-1.7.1/missing --run automake-1.10'
AWK='gawk'
CC='/usr/bin/gcc'
CCDEPMODE='depmode=gcc3'
CFLAGS='-g -O2'
CPP='/usr/bin/gcc -E'
CPPFLAGS=''
CYGPATH_W='echo'
DEFS='-DHAVE_CONFIG_H'
DEPDIR='.deps'
DLSUFFIX='.so'
DUMPBIN=''
ECHO_C=''
ECHO_N='-n'
ECHO_T=''
EGREP='/bin/grep -E'
EXEEXT=''
FGREP='/bin/grep -F'
GREP='/bin/grep'
INSTALL_DATA='${INSTALL} -m 644'
INSTALL_PROGRAM='${INSTALL}'
INSTALL_SCRIPT='${INSTALL}'
INSTALL_STRIP_PROGRAM='$(install_sh) -c -s'
LD='/usr/bin/ld'
LDEXTRAVAR=''
LDFLAGS=''
LDLIBPATHVAR='LD_LIBRARY_PATH'
LDPRELOADABS='0'
LDPRELOADVAR='LD_PRELOAD'
LIBOBJS=''
LIBS='-ldl '
LIBTOOL='$(SHELL) $(top_builddir)/libtool'
LN_S='ln -s'
LTLIBOBJS=''
MAINT='#'
MAINTAINER_MODE_FALSE=''
MAINTAINER_MODE_TRUE='#'
MAKEINFO='${SHELL} /home/adan/Desktop/open2x/buildroot/build_arm/fakeroot-1.7.1/missing --run makeinfo'
NM='/usr/bin/nm -B'
OBJEXT='o'
PACKAGE='fakeroot'
PACKAGE_BUGREPORT='schizo@debian.org'
PACKAGE_NAME='fakeroot'
PACKAGE_STRING='fakeroot 1.7.1'
PACKAGE_TARNAME='fakeroot'
PACKAGE_VERSION='1.7.1'
PATH_SEPARATOR=':'
RANLIB='ranlib'
SED='/bin/sed'
SET_MAKE=''
SHELL='/bin/sh'
STRIP='strip'
VERSION='1.7.1'
ac_ct_CC='/usr/bin/gcc'
ac_ct_DUMPBIN=''
am__fastdepCC_FALSE='#'
am__fastdepCC_TRUE=''
am__include='include'
am__isrc=' -I$(srcdir)'
am__leading_dot='.'
am__quote=''
am__tar='${AMTAR} chof - "$$tardir"'
am__untar='${AMTAR} xf -'
bindir='${exec_prefix}/bin'
build='i686-pc-linux-gnu'
build_alias=''
build_cpu='i686'
build_os='linux-gnu'
build_vendor='pc'
datadir='${datarootdir}'
datarootdir='${prefix}/share'
docdir='${datarootdir}/doc/${PACKAGE_TARNAME}'
dvidir='${docdir}'
exec_prefix='${prefix}'
host='i686-pc-linux-gnu'
host_alias=''
host_cpu='i686'
host_os='linux-gnu'
host_vendor='pc'
htmldir='${docdir}'
includedir='${prefix}/include'
infodir='${datarootdir}/info'
install_sh='$(SHELL) /home/adan/Desktop/open2x/buildroot/build_arm/fakeroot-1.7.1/install-sh'
libdir='${exec_prefix}/lib'
libexecdir='${exec_prefix}/libexec'
localedir='${datarootdir}/locale'
localstatedir='${prefix}/var'
lt_ECHO='echo'
mandir='${datarootdir}/man'
mkdir_p='/bin/mkdir -p'
oldincludedir='/usr/include'
pdfdir='${docdir}'
prefix='/usr'
program_transform_name='s,x,x,'
psdir='${docdir}'
sbindir='${exec_prefix}/sbin'
sharedstatedir='${prefix}/com'
signal='TERM'
sysconfdir='${prefix}/etc'
target='i686-pc-linux-gnu'
target_alias=''
target_cpu='i686'
target_os='linux-gnu'
target_vendor='pc'

## ----------- ##
## confdefs.h. ##
## ----------- ##

#define PACKAGE_NAME "fakeroot"
#define PACKAGE_TARNAME "fakeroot"
#define PACKAGE_VERSION "1.7.1"
#define PACKAGE_STRING "fakeroot 1.7.1"
#define PACKAGE_BUGREPORT "schizo@debian.org"
#define PACKAGE "fakeroot"
#define VERSION "1.7.1"
#define STDC_HEADERS 1
#define HAVE_SYS_TYPES_H 1
#define HAVE_SYS_STAT_H 1
#define HAVE_STDLIB_H 1
#define HAVE_STRING_H 1
#define HAVE_MEMORY_H 1
#define HAVE_STRINGS_H 1
#define HAVE_INTTYPES_H 1
#define HAVE_STDINT_H 1
#define HAVE_UNISTD_H 1
#define HAVE_DLFCN_H 1
#define LT_OBJDIR ".libs/"
#define HAVE_LIBDL 1
#define HAVE_DIRENT_H 1
#define STDC_HEADERS 1
#define HAVE_FCNTL_H 1
#define HAVE_UNISTD_H 1
#define HAVE_FEATURES_H 1
#define HAVE_PTHREAD_H 1
#define HAVE_STDINT_H 1
#define HAVE_INTTYPES_H 1
#define HAVE_GRP_H 1
#define HAVE_ENDIAN_H 1
#define HAVE_SYS_SYSMACROS_H 1
#define HAVE_SYS_SOCKET_H 1
#define FAKEROOT_ATTR(x) __attribute__ ((x))
#define READLINK_BUF_TYPE char
#define READLINK_BUFSIZE_TYPE size_t
#define SETGROUPS_SIZE_TYPE size_t
#define XMKNOD_FRTH_ARG *
#define XMKNODAT_FIFTH_ARG *
#define INITGROUPS_SECOND_ARG gid_t
#define SETREUID_ARG gid_t
#define SETREGID_ARG gid_t
#define STAT_SECOND_ARG struct stat *
#define STAT_HAS_d_off 1
#define STAT_HAS_d_type 1
#define HAVE_FCHMODAT 1
#define HAVE_FCHOWNAT 1
#define HAVE_FSTATAT 1
#define HAVE_MKDIRAT 1
#define HAVE_MKNODAT 1
#define HAVE_OPENAT 1
#define HAVE_RENAMEAT 1
#define HAVE_UNLINKAT 1
#define HAVE___XSTAT 1
#define WRAP_STAT __xstat
#define WRAP_STAT_QUOTE "__xstat"
#define TMP_STAT tmp___xstat
#define NEXT_STAT_NOARG next___xstat
#define HAVE___FXSTAT 1
#define WRAP_FSTAT __fxstat
#define WRAP_FSTAT_QUOTE "__fxstat"
#define TMP_FSTAT tmp___fxstat
#define NEXT_FSTAT_NOARG next___fxstat
#define HAVE___LXSTAT 1
#define WRAP_LSTAT __lxstat
#define WRAP_LSTAT_QUOTE "__lxstat"
#define TMP_LSTAT tmp___lxstat
#define NEXT_LSTAT_NOARG next___lxstat
#define HAVE___FXSTATAT 1
#define WRAP_FSTATAT __fxstatat
#define WRAP_FSTATAT_QUOTE "__fxstatat"
#define TMP_FSTATAT tmp___fxstatat
#define NEXT_FSTATAT_NOARG next___fxstatat
#define HAVE___XSTAT64 1
#define WRAP_STAT64 __xstat64
#define WRAP_STAT64_QUOTE "__xstat64"
#define TMP_STAT64 tmp___xstat64
#define NEXT_STAT64_NOARG next___xstat64
#define HAVE___FXSTAT64 1
#define WRAP_FSTAT64 __fxstat64
#define WRAP_FSTAT64_QUOTE "__fxstat64"
#define TMP_FSTAT64 tmp___fxstat64
#define NEXT_FSTAT64_NOARG next___fxstat64
#define HAVE___LXSTAT64 1
#define WRAP_LSTAT64 __lxstat64
#define WRAP_LSTAT64_QUOTE "__lxstat64"
#define TMP_LSTAT64 tmp___lxstat64
#define NEXT_LSTAT64_NOARG next___lxstat64
#define HAVE___FXSTATAT64 1
#define WRAP_FSTATAT64 __fxstatat64
#define WRAP_FSTATAT64_QUOTE "__fxstatat64"
#define TMP_FSTATAT64 tmp___fxstatat64
#define NEXT_FSTATAT64_NOARG next___fxstatat64
#define HAVE___XMKNOD 1
#define WRAP_MKNOD __xmknod
#define WRAP_MKNOD_QUOTE "__xmknod"
#define TMP_MKNOD tmp___xmknod
#define NEXT_MKNOD_NOARG next___xmknod
#define HAVE___XMKNODAT 1
#define WRAP_MKNODAT __xmknodat
#define WRAP_MKNODAT_QUOTE "__xmknodat"
#define TMP_MKNODAT tmp___xmknodat
#define NEXT_MKNODAT_NOARG next___xmknodat
#define LIBCPATH "/lib/libc.so.6"
#define HAVE_STRDUP 1
#define HAVE_STRSTR 1
#define HAVE_GETRESUID 1
#define HAVE_SETRESUID 1
#define HAVE_GETRESGID 1
#define HAVE_SETRESGID 1
#define HAVE_SETFSUID 1
#define HAVE_SETFSGID 1

configure: exit 0

## ---------------------- ##
## Running config.status. ##
## ---------------------- ##

This file was extended by fakeroot config.status 1.7.1, which was
generated by GNU Autoconf 2.61.  Invocation command line was

  CONFIG_FILES    = 
  CONFIG_HEADERS  = 
  CONFIG_LINKS    = 
  CONFIG_COMMANDS = 
  $ ./config.status 

on adan-desktop

config.status:1221: executing depfiles commands
config.status:1221: executing libtool commands

## ---------------------- ##
## Running config.status. ##
## ---------------------- ##

This file was extended by fakeroot config.status 1.7.1, which was
generated by GNU Autoconf 2.61.  Invocation command line was

  CONFIG_FILES    = 
  CONFIG_HEADERS  = 
  CONFIG_LINKS    = 
  CONFIG_COMMANDS = 
  $ ./config.status 

on adan-desktop

config.status:1221: executing depfiles commands
config.status:1221: executing libtool commands
