This file contains any messages produced by compilers while
running configure, to aid debugging if configure makes a mistake.

It was created by configure, which was
generated by GNU Autoconf 2.60.  Invocation command line was

  $ ./configure --prefix=/opt/open2x/gcc-4.1.1-glibc-2.3.6 --build=i686 --host=arm-open2x-linux --disable-gtk-player --disable-opengl-player --enable-shared --enable-static --with-sdl-prefix=/opt/open2x/gcc-4.1.1-glibc-2.3.6 --without-x

## --------- ##
## Platform. ##
## --------- ##

hostname = the-alchemist
uname -m = i686
uname -r = 2.6.20-16-generic
uname -s = Linux
uname -v = #2 SMP Thu Jun 7 20:19:32 UTC 2007

/usr/bin/uname -p = unknown
/bin/uname -X     = unknown

/bin/arch              = i686
/usr/bin/arch -k       = unknown
/usr/convex/getsysinfo = unknown
/usr/bin/hostinfo      = unknown
/bin/machine           = unknown
/usr/bin/oslevel       = unknown
/bin/universe          = unknown

PATH: /home/djwillis/bin
PATH: /usr/local/sbin
PATH: /usr/local/bin
PATH: /usr/sbin
PATH: /usr/bin
PATH: /sbin
PATH: /bin
PATH: /usr/bin/X11
PATH: /usr/games
PATH: /opt/open2x/gcc-4.1.1-glibc-2.3.6/bin


## ----------- ##
## Core tests. ##
## ----------- ##

configure:2033: checking build system type
configure:2051: result: i686-pc-none
configure:2073: checking host system type
configure:2088: result: arm-open2x-linux-gnu
configure:2125: checking for a BSD-compatible install
configure:2181: result: /usr/bin/install -c
configure:2192: checking whether build environment is sane
configure:2235: result: yes
configure:2300: checking for gawk
configure:2330: result: no
configure:2300: checking for mawk
configure:2316: found /usr/bin/mawk
configure:2327: result: mawk
configure:2338: checking whether make sets $(MAKE)
configure:2359: result: yes
configure:2435: checking for arm-open2x-linux-strip
configure:2462: result: /opt/open2x/gcc-4.1.1-glibc-2.3.6/bin/arm-open2x-linux-strip
configure:2545: checking whether make sets $(MAKE)
configure:2566: result: yes
configure:2583: checking for arm-open2x-linux-gcc
configure:2610: result: /opt/open2x/gcc-4.1.1-glibc-2.3.6/bin/arm-open2x-linux-gcc
configure:2888: checking for C compiler version
configure:2895: /opt/open2x/gcc-4.1.1-glibc-2.3.6/bin/arm-open2x-linux-gcc --version >&5
arm-open2x-linux-gcc (GCC) 4.1.1
Copyright (C) 2006 Free Software Foundation, Inc.
This is free software; see the source for copying conditions.  There is NO
warranty; not even for MERCHANTABILITY or FITNESS FOR A PARTICULAR PURPOSE.

configure:2898: $? = 0
configure:2905: /opt/open2x/gcc-4.1.1-glibc-2.3.6/bin/arm-open2x-linux-gcc -v >&5
Using built-in specs.
Target: arm-open2x-linux
Configured with: /storage/file-store/Projects/GP2X/crosstool-0.43/build/arm-open2x-linux/gcc-4.1.1-glibc-2.3.6/gcc-4.1.1/configure --target=arm-open2x-linux --host=i686-host_pc-linux-gnu --prefix=/opt/open2x/gcc-4.1.1-glibc-2.3.6/arm-open2x-linux --with-float=soft --with-cpu=arm920t --enable-cxx-flags=-mcpu=arm920t --with-headers=/opt/open2x/gcc-4.1.1-glibc-2.3.6/arm-open2x-linux/arm-open2x-linux/include --with-local-prefix=/opt/open2x/gcc-4.1.1-glibc-2.3.6/arm-open2x-linux/arm-open2x-linux --disable-nls --enable-threads=posix --enable-symvers=gnu --enable-__cxa_atexit --enable-languages=c,c++ --enable-shared --enable-c99 --enable-long-long
Thread model: posix
gcc version 4.1.1
configure:2908: $? = 0
configure:2915: /opt/open2x/gcc-4.1.1-glibc-2.3.6/bin/arm-open2x-linux-gcc -V >&5
arm-open2x-linux-gcc: '-V' option must have argument
configure:2918: $? = 1
configure:2941: checking for C compiler default output file name
configure:2968: /opt/open2x/gcc-4.1.1-glibc-2.3.6/bin/arm-open2x-linux-gcc -O3 -ffast-math -fomit-frame-pointer -mcpu=arm920t -I/opt/open2x/gcc-4.1.1-glibc-2.3.6/include -I/opt/open2x/gcc-4.1.1-glibc-2.3.6/include/libxml2 -I/opt/open2x/gcc-4.1.1-glibc-2.3.6/include/SDL  -L/opt/open2x/gcc-4.1.1-glibc-2.3.6/lib conftest.c  >&5
configure:2971: $? = 0
configure:3017: result: a.out
configure:3022: checking whether the C compiler works
configure:3052: result: yes
configure:3059: checking whether we are cross compiling
configure:3061: result: yes
configure:3064: checking for suffix of executables
configure:3071: /opt/open2x/gcc-4.1.1-glibc-2.3.6/bin/arm-open2x-linux-gcc -o conftest -O3 -ffast-math -fomit-frame-pointer -mcpu=arm920t -I/opt/open2x/gcc-4.1.1-glibc-2.3.6/include -I/opt/open2x/gcc-4.1.1-glibc-2.3.6/include/libxml2 -I/opt/open2x/gcc-4.1.1-glibc-2.3.6/include/SDL  -L/opt/open2x/gcc-4.1.1-glibc-2.3.6/lib conftest.c  >&5
configure:3074: $? = 0
configure:3098: result: 
configure:3104: checking for suffix of object files
configure:3130: /opt/open2x/gcc-4.1.1-glibc-2.3.6/bin/arm-open2x-linux-gcc -c -O3 -ffast-math -fomit-frame-pointer -mcpu=arm920t -I/opt/open2x/gcc-4.1.1-glibc-2.3.6/include -I/opt/open2x/gcc-4.1.1-glibc-2.3.6/include/libxml2 -I/opt/open2x/gcc-4.1.1-glibc-2.3.6/include/SDL  conftest.c >&5
configure:3133: $? = 0
configure:3156: result: o
configure:3160: checking whether we are using the GNU C compiler
configure:3189: /opt/open2x/gcc-4.1.1-glibc-2.3.6/bin/arm-open2x-linux-gcc -c -O3 -ffast-math -fomit-frame-pointer -mcpu=arm920t -I/opt/open2x/gcc-4.1.1-glibc-2.3.6/include -I/opt/open2x/gcc-4.1.1-glibc-2.3.6/include/libxml2 -I/opt/open2x/gcc-4.1.1-glibc-2.3.6/include/SDL  conftest.c >&5
configure:3195: $? = 0
configure:3202: test -z "$ac_c_werror_flag" || test ! -s conftest.err
configure:3205: $? = 0
configure:3212: test -s conftest.o
configure:3215: $? = 0
configure:3229: result: yes
configure:3234: checking whether /opt/open2x/gcc-4.1.1-glibc-2.3.6/bin/arm-open2x-linux-gcc accepts -g
configure:3264: /opt/open2x/gcc-4.1.1-glibc-2.3.6/bin/arm-open2x-linux-gcc -c -g  conftest.c >&5
configure:3270: $? = 0
configure:3277: test -z "$ac_c_werror_flag" || test ! -s conftest.err
configure:3280: $? = 0
configure:3287: test -s conftest.o
configure:3290: $? = 0
configure:3420: result: yes
configure:3437: checking for /opt/open2x/gcc-4.1.1-glibc-2.3.6/bin/arm-open2x-linux-gcc option to accept ISO C89
configure:3511: /opt/open2x/gcc-4.1.1-glibc-2.3.6/bin/arm-open2x-linux-gcc  -c -O3 -ffast-math -fomit-frame-pointer -mcpu=arm920t -I/opt/open2x/gcc-4.1.1-glibc-2.3.6/include -I/opt/open2x/gcc-4.1.1-glibc-2.3.6/include/libxml2 -I/opt/open2x/gcc-4.1.1-glibc-2.3.6/include/SDL  conftest.c >&5
configure:3517: $? = 0
configure:3524: test -z "$ac_c_werror_flag" || test ! -s conftest.err
configure:3527: $? = 0
configure:3534: test -s conftest.o
configure:3537: $? = 0
configure:3557: result: none needed
configure:3586: checking for style of include used by make
configure:3614: result: GNU
configure:3642: checking dependency style of /opt/open2x/gcc-4.1.1-glibc-2.3.6/bin/arm-open2x-linux-gcc
configure:3732: result: gcc3
configure:3865: checking for C++ compiler version
configure:3872: /opt/open2x/gcc-4.1.1-glibc-2.3.6/bin/arm-open2x-linux-g++ --version >&5
arm-open2x-linux-g++ (GCC) 4.1.1
Copyright (C) 2006 Free Software Foundation, Inc.
This is free software; see the source for copying conditions.  There is NO
warranty; not even for MERCHANTABILITY or FITNESS FOR A PARTICULAR PURPOSE.

configure:3875: $? = 0
configure:3882: /opt/open2x/gcc-4.1.1-glibc-2.3.6/bin/arm-open2x-linux-g++ -v >&5
Using built-in specs.
Target: arm-open2x-linux
Configured with: /storage/file-store/Projects/GP2X/crosstool-0.43/build/arm-open2x-linux/gcc-4.1.1-glibc-2.3.6/gcc-4.1.1/configure --target=arm-open2x-linux --host=i686-host_pc-linux-gnu --prefix=/opt/open2x/gcc-4.1.1-glibc-2.3.6/arm-open2x-linux --with-float=soft --with-cpu=arm920t --enable-cxx-flags=-mcpu=arm920t --with-headers=/opt/open2x/gcc-4.1.1-glibc-2.3.6/arm-open2x-linux/arm-open2x-linux/include --with-local-prefix=/opt/open2x/gcc-4.1.1-glibc-2.3.6/arm-open2x-linux/arm-open2x-linux --disable-nls --enable-threads=posix --enable-symvers=gnu --enable-__cxa_atexit --enable-languages=c,c++ --enable-shared --enable-c99 --enable-long-long
Thread model: posix
gcc version 4.1.1
configure:3885: $? = 0
configure:3892: /opt/open2x/gcc-4.1.1-glibc-2.3.6/bin/arm-open2x-linux-g++ -V >&5
arm-open2x-linux-g++: '-V' option must have argument
configure:3895: $? = 1
configure:3898: checking whether we are using the GNU C++ compiler
configure:3927: /opt/open2x/gcc-4.1.1-glibc-2.3.6/bin/arm-open2x-linux-g++ -c   conftest.cpp >&5
configure:3933: $? = 0
configure:3940: test -z "$ac_cxx_werror_flag" || test ! -s conftest.err
configure:3943: $? = 0
configure:3950: test -s conftest.o
configure:3953: $? = 0
configure:3967: result: yes
configure:3972: checking whether /opt/open2x/gcc-4.1.1-glibc-2.3.6/bin/arm-open2x-linux-g++ accepts -g
configure:4002: /opt/open2x/gcc-4.1.1-glibc-2.3.6/bin/arm-open2x-linux-g++ -c -g  conftest.cpp >&5
configure:4008: $? = 0
configure:4015: test -z "$ac_cxx_werror_flag" || test ! -s conftest.err
configure:4018: $? = 0
configure:4025: test -s conftest.o
configure:4028: $? = 0
configure:4158: result: yes
configure:4183: checking dependency style of /opt/open2x/gcc-4.1.1-glibc-2.3.6/bin/arm-open2x-linux-g++
configure:4273: result: gcc3
configure:4364: checking for a sed that does not truncate output
configure:4418: result: /bin/sed
configure:4421: checking for grep that handles long lines and -e
configure:4495: result: /bin/grep
configure:4500: checking for egrep
configure:4578: result: /bin/grep -E
configure:4594: checking for ld used by /opt/open2x/gcc-4.1.1-glibc-2.3.6/bin/arm-open2x-linux-gcc
configure:4661: result: /opt/open2x/gcc-4.1.1-glibc-2.3.6/arm-open2x-linux/bin/ld
configure:4670: checking if the linker (/opt/open2x/gcc-4.1.1-glibc-2.3.6/arm-open2x-linux/bin/ld) is GNU ld
configure:4685: result: yes
configure:4690: checking for /opt/open2x/gcc-4.1.1-glibc-2.3.6/arm-open2x-linux/bin/ld option to reload object files
configure:4697: result: -r
configure:4715: checking for BSD-compatible nm
configure:4764: result: /opt/open2x/gcc-4.1.1-glibc-2.3.6/bin/arm-open2x-linux-nm -B
configure:4768: checking whether ln -s works
configure:4772: result: yes
configure:4779: checking how to recognise dependent libraries
configure:4957: result: pass_all
configure:5497: checking how to run the C preprocessor
configure:5537: /opt/open2x/gcc-4.1.1-glibc-2.3.6/bin/arm-open2x-linux-gcc -E  conftest.c
configure:5543: $? = 0
configure:5581: /opt/open2x/gcc-4.1.1-glibc-2.3.6/bin/arm-open2x-linux-gcc -E  conftest.c
conftest.c:10:28: error: ac_nonexistent.h: No such file or directory
configure:5587: $? = 1
configure: failed program was:
| /* confdefs.h.  */
| #define PACKAGE_NAME ""
| #define PACKAGE_TARNAME ""
| #define PACKAGE_VERSION ""
| #define PACKAGE_STRING ""
| #define PACKAGE_BUGREPORT ""
| #define PACKAGE "smpeg"
| #define VERSION "0.4.5"
| /* end confdefs.h.  */
| #include <ac_nonexistent.h>
configure:5627: result: /opt/open2x/gcc-4.1.1-glibc-2.3.6/bin/arm-open2x-linux-gcc -E
configure:5656: /opt/open2x/gcc-4.1.1-glibc-2.3.6/bin/arm-open2x-linux-gcc -E  conftest.c
configure:5662: $? = 0
configure:5700: /opt/open2x/gcc-4.1.1-glibc-2.3.6/bin/arm-open2x-linux-gcc -E  conftest.c
conftest.c:10:28: error: ac_nonexistent.h: No such file or directory
configure:5706: $? = 1
configure: failed program was:
| /* confdefs.h.  */
| #define PACKAGE_NAME ""
| #define PACKAGE_TARNAME ""
| #define PACKAGE_VERSION ""
| #define PACKAGE_STRING ""
| #define PACKAGE_BUGREPORT ""
| #define PACKAGE "smpeg"
| #define VERSION "0.4.5"
| /* end confdefs.h.  */
| #include <ac_nonexistent.h>
configure:5751: checking for ANSI C header files
configure:5781: /opt/open2x/gcc-4.1.1-glibc-2.3.6/bin/arm-open2x-linux-gcc -c -O3 -ffast-math -fomit-frame-pointer -mcpu=arm920t -I/opt/open2x/gcc-4.1.1-glibc-2.3.6/include -I/opt/open2x/gcc-4.1.1-glibc-2.3.6/include/libxml2 -I/opt/open2x/gcc-4.1.1-glibc-2.3.6/include/SDL  conftest.c >&5
configure:5787: $? = 0
configure:5794: test -z "$ac_c_werror_flag" || test ! -s conftest.err
configure:5797: $? = 0
configure:5804: test -s conftest.o
configure:5807: $? = 0
configure:5932: result: yes
configure:5956: checking for sys/types.h
configure:5977: /opt/open2x/gcc-4.1.1-glibc-2.3.6/bin/arm-open2x-linux-gcc -c -O3 -ffast-math -fomit-frame-pointer -mcpu=arm920t -I/opt/open2x/gcc-4.1.1-glibc-2.3.6/include -I/opt/open2x/gcc-4.1.1-glibc-2.3.6/include/libxml2 -I/opt/open2x/gcc-4.1.1-glibc-2.3.6/include/SDL  conftest.c >&5
configure:5983: $? = 0
configure:5990: test -z "$ac_c_werror_flag" || test ! -s conftest.err
configure:5993: $? = 0
configure:6000: test -s conftest.o
configure:6003: $? = 0
configure:6016: result: yes
configure:5956: checking for sys/stat.h
configure:5977: /opt/open2x/gcc-4.1.1-glibc-2.3.6/bin/arm-open2x-linux-gcc -c -O3 -ffast-math -fomit-frame-pointer -mcpu=arm920t -I/opt/open2x/gcc-4.1.1-glibc-2.3.6/include -I/opt/open2x/gcc-4.1.1-glibc-2.3.6/include/libxml2 -I/opt/open2x/gcc-4.1.1-glibc-2.3.6/include/SDL  conftest.c >&5
configure:5983: $? = 0
configure:5990: test -z "$ac_c_werror_flag" || test ! -s conftest.err
configure:5993: $? = 0
configure:6000: test -s conftest.o
configure:6003: $? = 0
configure:6016: result: yes
configure:5956: checking for stdlib.h
configure:5977: /opt/open2x/gcc-4.1.1-glibc-2.3.6/bin/arm-open2x-linux-gcc -c -O3 -ffast-math -fomit-frame-pointer -mcpu=arm920t -I/opt/open2x/gcc-4.1.1-glibc-2.3.6/include -I/opt/open2x/gcc-4.1.1-glibc-2.3.6/include/libxml2 -I/opt/open2x/gcc-4.1.1-glibc-2.3.6/include/SDL  conftest.c >&5
configure:5983: $? = 0
configure:5990: test -z "$ac_c_werror_flag" || test ! -s conftest.err
configure:5993: $? = 0
configure:6000: test -s conftest.o
configure:6003: $? = 0
configure:6016: result: yes
configure:5956: checking for string.h
configure:5977: /opt/open2x/gcc-4.1.1-glibc-2.3.6/bin/arm-open2x-linux-gcc -c -O3 -ffast-math -fomit-frame-pointer -mcpu=arm920t -I/opt/open2x/gcc-4.1.1-glibc-2.3.6/include -I/opt/open2x/gcc-4.1.1-glibc-2.3.6/include/libxml2 -I/opt/open2x/gcc-4.1.1-glibc-2.3.6/include/SDL  conftest.c >&5
configure:5983: $? = 0
configure:5990: test -z "$ac_c_werror_flag" || test ! -s conftest.err
configure:5993: $? = 0
configure:6000: test -s conftest.o
configure:6003: $? = 0
configure:6016: result: yes
configure:5956: checking for memory.h
configure:5977: /opt/open2x/gcc-4.1.1-glibc-2.3.6/bin/arm-open2x-linux-gcc -c -O3 -ffast-math -fomit-frame-pointer -mcpu=arm920t -I/opt/open2x/gcc-4.1.1-glibc-2.3.6/include -I/opt/open2x/gcc-4.1.1-glibc-2.3.6/include/libxml2 -I/opt/open2x/gcc-4.1.1-glibc-2.3.6/include/SDL  conftest.c >&5
configure:5983: $? = 0
configure:5990: test -z "$ac_c_werror_flag" || test ! -s conftest.err
configure:5993: $? = 0
configure:6000: test -s conftest.o
configure:6003: $? = 0
configure:6016: result: yes
configure:5956: checking for strings.h
configure:5977: /opt/open2x/gcc-4.1.1-glibc-2.3.6/bin/arm-open2x-linux-gcc -c -O3 -ffast-math -fomit-frame-pointer -mcpu=arm920t -I/opt/open2x/gcc-4.1.1-glibc-2.3.6/include -I/opt/open2x/gcc-4.1.1-glibc-2.3.6/include/libxml2 -I/opt/open2x/gcc-4.1.1-glibc-2.3.6/include/SDL  conftest.c >&5
configure:5983: $? = 0
configure:5990: test -z "$ac_c_werror_flag" || test ! -s conftest.err
configure:5993: $? = 0
configure:6000: test -s conftest.o
configure:6003: $? = 0
configure:6016: result: yes
configure:5956: checking for inttypes.h
configure:5977: /opt/open2x/gcc-4.1.1-glibc-2.3.6/bin/arm-open2x-linux-gcc -c -O3 -ffast-math -fomit-frame-pointer -mcpu=arm920t -I/opt/open2x/gcc-4.1.1-glibc-2.3.6/include -I/opt/open2x/gcc-4.1.1-glibc-2.3.6/include/libxml2 -I/opt/open2x/gcc-4.1.1-glibc-2.3.6/include/SDL  conftest.c >&5
configure:5983: $? = 0
configure:5990: test -z "$ac_c_werror_flag" || test ! -s conftest.err
configure:5993: $? = 0
configure:6000: test -s conftest.o
configure:6003: $? = 0
configure:6016: result: yes
configure:5956: checking for stdint.h
configure:5977: /opt/open2x/gcc-4.1.1-glibc-2.3.6/bin/arm-open2x-linux-gcc -c -O3 -ffast-math -fomit-frame-pointer -mcpu=arm920t -I/opt/open2x/gcc-4.1.1-glibc-2.3.6/include -I/opt/open2x/gcc-4.1.1-glibc-2.3.6/include/libxml2 -I/opt/open2x/gcc-4.1.1-glibc-2.3.6/include/SDL  conftest.c >&5
configure:5983: $? = 0
configure:5990: test -z "$ac_c_werror_flag" || test ! -s conftest.err
configure:5993: $? = 0
configure:6000: test -s conftest.o
configure:6003: $? = 0
configure:6016: result: yes
configure:5956: checking for unistd.h
configure:5977: /opt/open2x/gcc-4.1.1-glibc-2.3.6/bin/arm-open2x-linux-gcc -c -O3 -ffast-math -fomit-frame-pointer -mcpu=arm920t -I/opt/open2x/gcc-4.1.1-glibc-2.3.6/include -I/opt/open2x/gcc-4.1.1-glibc-2.3.6/include/libxml2 -I/opt/open2x/gcc-4.1.1-glibc-2.3.6/include/SDL  conftest.c >&5
configure:5983: $? = 0
configure:5990: test -z "$ac_c_werror_flag" || test ! -s conftest.err
configure:5993: $? = 0
configure:6000: test -s conftest.o
configure:6003: $? = 0
configure:6016: result: yes
configure:6043: checking dlfcn.h usability
configure:6060: /opt/open2x/gcc-4.1.1-glibc-2.3.6/bin/arm-open2x-linux-gcc -c -O3 -ffast-math -fomit-frame-pointer -mcpu=arm920t -I/opt/open2x/gcc-4.1.1-glibc-2.3.6/include -I/opt/open2x/gcc-4.1.1-glibc-2.3.6/include/libxml2 -I/opt/open2x/gcc-4.1.1-glibc-2.3.6/include/SDL  conftest.c >&5
configure:6066: $? = 0
configure:6073: test -z "$ac_c_werror_flag" || test ! -s conftest.err
configure:6076: $? = 0
configure:6083: test -s conftest.o
configure:6086: $? = 0
configure:6097: result: yes
configure:6101: checking dlfcn.h presence
configure:6116: /opt/open2x/gcc-4.1.1-glibc-2.3.6/bin/arm-open2x-linux-gcc -E  conftest.c
configure:6122: $? = 0
configure:6143: result: yes
configure:6171: checking for dlfcn.h
configure:6179: result: yes
configure:6202: checking how to run the C++ preprocessor
configure:6238: /opt/open2x/gcc-4.1.1-glibc-2.3.6/bin/arm-open2x-linux-g++ -E  conftest.cpp
configure:6244: $? = 0
configure:6282: /opt/open2x/gcc-4.1.1-glibc-2.3.6/bin/arm-open2x-linux-g++ -E  conftest.cpp
conftest.cpp:21:28: error: ac_nonexistent.h: No such file or directory
configure:6288: $? = 1
configure: failed program was:
| /* confdefs.h.  */
| #define PACKAGE_NAME ""
| #define PACKAGE_TARNAME ""
| #define PACKAGE_VERSION ""
| #define PACKAGE_STRING ""
| #define PACKAGE_BUGREPORT ""
| #define PACKAGE "smpeg"
| #define VERSION "0.4.5"
| #define STDC_HEADERS 1
| #define HAVE_SYS_TYPES_H 1
| #define HAVE_SYS_STAT_H 1
| #define HAVE_STDLIB_H 1
| #define HAVE_STRING_H 1
| #define HAVE_MEMORY_H 1
| #define HAVE_STRINGS_H 1
| #define HAVE_INTTYPES_H 1
| #define HAVE_STDINT_H 1
| #define HAVE_UNISTD_H 1
| #define HAVE_DLFCN_H 1
| /* end confdefs.h.  */
| #include <ac_nonexistent.h>
configure:6328: result: /opt/open2x/gcc-4.1.1-glibc-2.3.6/bin/arm-open2x-linux-g++ -E
configure:6357: /opt/open2x/gcc-4.1.1-glibc-2.3.6/bin/arm-open2x-linux-g++ -E  conftest.cpp
configure:6363: $? = 0
configure:6401: /opt/open2x/gcc-4.1.1-glibc-2.3.6/bin/arm-open2x-linux-g++ -E  conftest.cpp
conftest.cpp:21:28: error: ac_nonexistent.h: No such file or directory
configure:6407: $? = 1
configure: failed program was:
| /* confdefs.h.  */
| #define PACKAGE_NAME ""
| #define PACKAGE_TARNAME ""
| #define PACKAGE_VERSION ""
| #define PACKAGE_STRING ""
| #define PACKAGE_BUGREPORT ""
| #define PACKAGE "smpeg"
| #define VERSION "0.4.5"
| #define STDC_HEADERS 1
| #define HAVE_SYS_TYPES_H 1
| #define HAVE_SYS_STAT_H 1
| #define HAVE_STDLIB_H 1
| #define HAVE_STRING_H 1
| #define HAVE_MEMORY_H 1
| #define HAVE_STRINGS_H 1
| #define HAVE_INTTYPES_H 1
| #define HAVE_STDINT_H 1
| #define HAVE_UNISTD_H 1
| #define HAVE_DLFCN_H 1
| /* end confdefs.h.  */
| #include <ac_nonexistent.h>
configure:6463: checking for arm-open2x-linux-g77
configure:6493: result: no
configure:6463: checking for arm-open2x-linux-f77
configure:6493: result: no
configure:6463: checking for arm-open2x-linux-xlf
configure:6493: result: no
configure:6463: checking for arm-open2x-linux-frt
configure:6493: result: no
configure:6463: checking for arm-open2x-linux-pgf77
configure:6493: result: no
configure:6463: checking for arm-open2x-linux-cf77
configure:6493: result: no
configure:6463: checking for arm-open2x-linux-fort77
configure:6493: result: no
configure:6463: checking for arm-open2x-linux-fl32
configure:6493: result: no
configure:6463: checking for arm-open2x-linux-af77
configure:6493: result: no
configure:6463: checking for arm-open2x-linux-f90
configure:6493: result: no
configure:6463: checking for arm-open2x-linux-xlf90
configure:6493: result: no
configure:6463: checking for arm-open2x-linux-pgf90
configure:6493: result: no
configure:6463: checking for arm-open2x-linux-pghpf
configure:6493: result: no
configure:6463: checking for arm-open2x-linux-epcf90
configure:6493: result: no
configure:6463: checking for arm-open2x-linux-gfortran
configure:6493: result: no
configure:6463: checking for arm-open2x-linux-g95
configure:6493: result: no
configure:6463: checking for arm-open2x-linux-f95
configure:6493: result: no
configure:6463: checking for arm-open2x-linux-fort
configure:6493: result: no
configure:6463: checking for arm-open2x-linux-xlf95
configure:6493: result: no
configure:6463: checking for arm-open2x-linux-ifort
configure:6493: result: no
configure:6463: checking for arm-open2x-linux-ifc
configure:6493: result: no
configure:6463: checking for arm-open2x-linux-efc
configure:6493: result: no
configure:6463: checking for arm-open2x-linux-pgf95
configure:6493: result: no
configure:6463: checking for arm-open2x-linux-lf95
configure:6493: result: no
configure:6463: checking for arm-open2x-linux-ftn
configure:6493: result: no
configure:6507: checking for g77
configure:6537: result: no
configure:6507: checking for f77
configure:6537: result: no
configure:6507: checking for xlf
configure:6537: result: no
configure:6507: checking for frt
configure:6537: result: no
configure:6507: checking for pgf77
configure:6537: result: no
configure:6507: checking for cf77
configure:6537: result: no
configure:6507: checking for fort77
configure:6537: result: no
configure:6507: checking for fl32
configure:6537: result: no
configure:6507: checking for af77
configure:6537: result: no
configure:6507: checking for f90
configure:6537: result: no
configure:6507: checking for xlf90
configure:6537: result: no
configure:6507: checking for pgf90
configure:6537: result: no
configure:6507: checking for pghpf
configure:6537: result: no
configure:6507: checking for epcf90
configure:6537: result: no
configure:6507: checking for gfortran
configure:6537: result: no
configure:6507: checking for g95
configure:6537: result: no
configure:6507: checking for f95
configure:6537: result: no
configure:6507: checking for fort
configure:6537: result: no
configure:6507: checking for xlf95
configure:6537: result: no
configure:6507: checking for ifort
configure:6537: result: no
configure:6507: checking for ifc
configure:6537: result: no
configure:6507: checking for efc
configure:6537: result: no
configure:6507: checking for pgf95
configure:6537: result: no
configure:6507: checking for lf95
configure:6537: result: no
configure:6507: checking for ftn
configure:6537: result: no
configure:6564: checking for Fortran 77 compiler version
configure:6571:  --version >&5
./configure: line 6572: --version: command not found
configure:6574: $? = 127
configure:6581:  -v >&5
./configure: line 6582: -v: command not found
configure:6584: $? = 127
configure:6591:  -V >&5
./configure: line 6592: -V: command not found
configure:6594: $? = 127
configure:6602: checking whether we are using the GNU Fortran 77 compiler
configure:6621:  -c  conftest.F >&5
./configure: line 6622: -c: command not found
configure:6627: $? = 127
configure: failed program was:
|       program main
| #ifndef __GNUC__
|        choke me
| #endif
| 
|       end
configure:6661: result: no
configure:6667: checking whether  accepts -g
configure:6684:  -c -g conftest.f >&5
./configure: line 6685: -c: command not found
configure:6690: $? = 127
configure: failed program was:
|       program main
| 
|       end
configure:6723: result: no
configure:6753: checking the maximum length of command line arguments
configure:6868: result: 32768
configure:6879: checking command to parse /opt/open2x/gcc-4.1.1-glibc-2.3.6/bin/arm-open2x-linux-nm -B output from /opt/open2x/gcc-4.1.1-glibc-2.3.6/bin/arm-open2x-linux-gcc object
configure:6984: /opt/open2x/gcc-4.1.1-glibc-2.3.6/bin/arm-open2x-linux-gcc -c -O3 -ffast-math -fomit-frame-pointer -mcpu=arm920t -I/opt/open2x/gcc-4.1.1-glibc-2.3.6/include -I/opt/open2x/gcc-4.1.1-glibc-2.3.6/include/libxml2 -I/opt/open2x/gcc-4.1.1-glibc-2.3.6/include/SDL  conftest.c >&5
configure:6987: $? = 0
configure:6991: /opt/open2x/gcc-4.1.1-glibc-2.3.6/bin/arm-open2x-linux-nm -B conftest.o \| sed -n -e 's/^.*[ 	]\([ABCDGIRSTW][ABCDGIRSTW]*\)[ 	][ 	]*\([_A-Za-z][_A-Za-z0-9]*\)$/\1 \2 \2/p' \> conftest.nm
configure:6994: $? = 0
configure:7046: /opt/open2x/gcc-4.1.1-glibc-2.3.6/bin/arm-open2x-linux-gcc -o conftest -O3 -ffast-math -fomit-frame-pointer -mcpu=arm920t -I/opt/open2x/gcc-4.1.1-glibc-2.3.6/include -I/opt/open2x/gcc-4.1.1-glibc-2.3.6/include/libxml2 -I/opt/open2x/gcc-4.1.1-glibc-2.3.6/include/SDL  -L/opt/open2x/gcc-4.1.1-glibc-2.3.6/lib conftest.c conftstm.o >&5
configure:7049: $? = 0
configure:7087: result: ok
configure:7091: checking for objdir
configure:7106: result: .libs
configure:7158: checking for arm-open2x-linux-ar
configure:7185: result: /opt/open2x/gcc-4.1.1-glibc-2.3.6/bin/arm-open2x-linux-ar
configure:7254: checking for arm-open2x-linux-ranlib
configure:7281: result: /opt/open2x/gcc-4.1.1-glibc-2.3.6/bin/arm-open2x-linux-ranlib
configure:7350: checking for arm-open2x-linux-strip
configure:7377: result: /opt/open2x/gcc-4.1.1-glibc-2.3.6/bin/arm-open2x-linux-strip
configure:7707: checking if /opt/open2x/gcc-4.1.1-glibc-2.3.6/bin/arm-open2x-linux-gcc supports -fno-rtti -fno-exceptions
configure:7725: /opt/open2x/gcc-4.1.1-glibc-2.3.6/bin/arm-open2x-linux-gcc -c -O3 -ffast-math -fomit-frame-pointer -mcpu=arm920t -I/opt/open2x/gcc-4.1.1-glibc-2.3.6/include -I/opt/open2x/gcc-4.1.1-glibc-2.3.6/include/libxml2 -I/opt/open2x/gcc-4.1.1-glibc-2.3.6/include/SDL  -fno-rtti -fno-exceptions conftest.c >&5
cc1: warning: command line option "-fno-rtti" is valid for C++/ObjC++ but not for C
configure:7729: $? = 0
configure:7742: result: no
configure:7757: checking for /opt/open2x/gcc-4.1.1-glibc-2.3.6/bin/arm-open2x-linux-gcc option to produce PIC
configure:7967: result: -fPIC
configure:7975: checking if /opt/open2x/gcc-4.1.1-glibc-2.3.6/bin/arm-open2x-linux-gcc PIC flag -fPIC works
configure:7993: /opt/open2x/gcc-4.1.1-glibc-2.3.6/bin/arm-open2x-linux-gcc -c -O3 -ffast-math -fomit-frame-pointer -mcpu=arm920t -I/opt/open2x/gcc-4.1.1-glibc-2.3.6/include -I/opt/open2x/gcc-4.1.1-glibc-2.3.6/include/libxml2 -I/opt/open2x/gcc-4.1.1-glibc-2.3.6/include/SDL  -fPIC -DPIC conftest.c >&5
configure:7997: $? = 0
configure:8010: result: yes
configure:8038: checking if /opt/open2x/gcc-4.1.1-glibc-2.3.6/bin/arm-open2x-linux-gcc static flag -static works
configure:8066: result: yes
configure:8076: checking if /opt/open2x/gcc-4.1.1-glibc-2.3.6/bin/arm-open2x-linux-gcc supports -c -o file.o
configure:8097: /opt/open2x/gcc-4.1.1-glibc-2.3.6/bin/arm-open2x-linux-gcc -c -O3 -ffast-math -fomit-frame-pointer -mcpu=arm920t -I/opt/open2x/gcc-4.1.1-glibc-2.3.6/include -I/opt/open2x/gcc-4.1.1-glibc-2.3.6/include/libxml2 -I/opt/open2x/gcc-4.1.1-glibc-2.3.6/include/SDL  -o out/conftest2.o conftest.c >&5
configure:8101: $? = 0
configure:8123: result: yes
configure:8149: checking whether the /opt/open2x/gcc-4.1.1-glibc-2.3.6/bin/arm-open2x-linux-gcc linker (/opt/open2x/gcc-4.1.1-glibc-2.3.6/arm-open2x-linux/bin/ld) supports shared libraries
configure:9135: result: yes
configure:9156: checking whether -lc should be explicitly linked in
configure:9161: /opt/open2x/gcc-4.1.1-glibc-2.3.6/bin/arm-open2x-linux-gcc -c -O3 -ffast-math -fomit-frame-pointer -mcpu=arm920t -I/opt/open2x/gcc-4.1.1-glibc-2.3.6/include -I/opt/open2x/gcc-4.1.1-glibc-2.3.6/include/libxml2 -I/opt/open2x/gcc-4.1.1-glibc-2.3.6/include/SDL  conftest.c >&5
configure:9164: $? = 0
configure:9179: /opt/open2x/gcc-4.1.1-glibc-2.3.6/bin/arm-open2x-linux-gcc -shared conftest.o  -v -Wl,-soname -Wl,conftest -o conftest 2\>\&1 \| grep  -lc  \>/dev/null 2\>\&1
configure:9182: $? = 0
configure:9194: result: no
configure:9202: checking dynamic linker characteristics
configure:9792: result: GNU/Linux ld.so
configure:9801: checking how to hardcode library paths into programs
configure:9826: result: immediate
configure:9840: checking whether stripping libraries is possible
configure:9845: result: yes
configure:10758: checking if libtool supports shared libraries
configure:10760: result: yes
configure:10763: checking whether to build shared libraries
configure:10784: result: yes
configure:10787: checking whether to build static libraries
configure:10791: result: yes
configure:10883: creating libtool
configure:11471: checking for ld used by /opt/open2x/gcc-4.1.1-glibc-2.3.6/bin/arm-open2x-linux-g++
configure:11538: result: /opt/open2x/gcc-4.1.1-glibc-2.3.6/arm-open2x-linux/bin/ld
configure:11547: checking if the linker (/opt/open2x/gcc-4.1.1-glibc-2.3.6/arm-open2x-linux/bin/ld) is GNU ld
configure:11562: result: yes
configure:11613: checking whether the /opt/open2x/gcc-4.1.1-glibc-2.3.6/bin/arm-open2x-linux-g++ linker (/opt/open2x/gcc-4.1.1-glibc-2.3.6/arm-open2x-linux/bin/ld) supports shared libraries
configure:12579: result: yes
configure:12601: /opt/open2x/gcc-4.1.1-glibc-2.3.6/bin/arm-open2x-linux-g++ -c -g -O2  conftest.cpp >&5
configure:12604: $? = 0
configure:12723: checking for /opt/open2x/gcc-4.1.1-glibc-2.3.6/bin/arm-open2x-linux-g++ option to produce PIC
configure:12997: result: -fPIC
configure:13005: checking if /opt/open2x/gcc-4.1.1-glibc-2.3.6/bin/arm-open2x-linux-g++ PIC flag -fPIC works
configure:13023: /opt/open2x/gcc-4.1.1-glibc-2.3.6/bin/arm-open2x-linux-g++ -c -g -O2  -fPIC -DPIC conftest.cpp >&5
configure:13027: $? = 0
configure:13040: result: yes
configure:13068: checking if /opt/open2x/gcc-4.1.1-glibc-2.3.6/bin/arm-open2x-linux-g++ static flag -static works
configure:13096: result: yes
configure:13106: checking if /opt/open2x/gcc-4.1.1-glibc-2.3.6/bin/arm-open2x-linux-g++ supports -c -o file.o
configure:13127: /opt/open2x/gcc-4.1.1-glibc-2.3.6/bin/arm-open2x-linux-g++ -c -g -O2  -o out/conftest2.o conftest.cpp >&5
configure:13131: $? = 0
configure:13153: result: yes
configure:13179: checking whether the /opt/open2x/gcc-4.1.1-glibc-2.3.6/bin/arm-open2x-linux-g++ linker (/opt/open2x/gcc-4.1.1-glibc-2.3.6/arm-open2x-linux/bin/ld) supports shared libraries
configure:13204: result: yes
configure:13271: checking dynamic linker characteristics
configure:13861: result: GNU/Linux ld.so
configure:13870: checking how to hardcode library paths into programs
configure:13895: result: immediate
configure:20120: checking for a BSD-compatible install
configure:20176: result: /usr/bin/install -c
configure:20193: checking for socklen_t
configure:20220: /opt/open2x/gcc-4.1.1-glibc-2.3.6/bin/arm-open2x-linux-gcc -c -O3 -ffast-math -fomit-frame-pointer -mcpu=arm920t -I/opt/open2x/gcc-4.1.1-glibc-2.3.6/include -I/opt/open2x/gcc-4.1.1-glibc-2.3.6/include/libxml2 -I/opt/open2x/gcc-4.1.1-glibc-2.3.6/include/SDL  conftest.c >&5
configure:20226: $? = 0
configure:20233: test -z "$ac_c_werror_flag" || test ! -s conftest.err
configure:20236: $? = 0
configure:20243: test -s conftest.o
configure:20246: $? = 0
configure:20259: result: yes
configure:20376: checking for sdl-config
configure:20407: result: /opt/open2x/gcc-4.1.1-glibc-2.3.6/bin/sdl-config
configure:20416: checking for SDL - version >= 1.2.0
configure:20546: result: yes
configure:20662: checking for sqrt in -lm
configure:20697: /opt/open2x/gcc-4.1.1-glibc-2.3.6/bin/arm-open2x-linux-gcc -o conftest -O3 -ffast-math -fomit-frame-pointer -mcpu=arm920t -I/opt/open2x/gcc-4.1.1-glibc-2.3.6/include -I/opt/open2x/gcc-4.1.1-glibc-2.3.6/include/libxml2 -I/opt/open2x/gcc-4.1.1-glibc-2.3.6/include/SDL -I/opt/open2x/gcc-4.1.1-glibc-2.3.6/include/SDL -D_REENTRANT  -L/opt/open2x/gcc-4.1.1-glibc-2.3.6/lib conftest.c -lm   -L/opt/open2x/gcc-4.1.1-glibc-2.3.6/lib -Wl,-rpath,/opt/open2x/gcc-4.1.1-glibc-2.3.6/lib -lSDL -lpthread >&5
conftest.c:28: warning: conflicting types for built-in function 'sqrt'
configure:20703: $? = 0
configure:20710: test -z "$ac_c_werror_flag" || test ! -s conftest.err
configure:20713: $? = 0
configure:20720: test -s conftest
configure:20723: $? = 0
configure:20737: result: yes
configure:23167: checking if /opt/open2x/gcc-4.1.1-glibc-2.3.6/bin/arm-open2x-linux-g++ supports -fno-rtti -fno-exceptions
configure:23197: /opt/open2x/gcc-4.1.1-glibc-2.3.6/bin/arm-open2x-linux-g++ -c -fno-rtti -fno-exceptions  conftest.c >&5
configure:23203: $? = 0
configure:23210: test -z "$ac_c_werror_flag" || test ! -s conftest.err
configure:23213: $? = 0
configure:23220: test -s conftest.o
configure:23223: $? = 0
configure:23236: result: yes
configure:23414: creating ./config.status

## ---------------------- ##
## Running config.status. ##
## ---------------------- ##

This file was extended by config.status, which was
generated by GNU Autoconf 2.60.  Invocation command line was

  CONFIG_FILES    = 
  CONFIG_HEADERS  = 
  CONFIG_LINKS    = 
  CONFIG_COMMANDS = 
  $ ./config.status 

on the-alchemist

config.status:663: creating Makefile
config.status:663: creating smpeg-config
config.status:663: creating smpeg.spec
config.status:848: executing depfiles commands

## ---------------- ##
## Cache variables. ##
## ---------------- ##

ac_cv_build=i686-pc-none
ac_cv_c_compiler_gnu=yes
ac_cv_cxx_compiler_gnu=yes
ac_cv_env_CCC_set=
ac_cv_env_CCC_value=
ac_cv_env_CC_set=set
ac_cv_env_CC_value=/opt/open2x/gcc-4.1.1-glibc-2.3.6/bin/arm-open2x-linux-gcc
ac_cv_env_CFLAGS_set=set
ac_cv_env_CFLAGS_value='-O3 -ffast-math -fomit-frame-pointer -mcpu=arm920t -I/opt/open2x/gcc-4.1.1-glibc-2.3.6/include -I/opt/open2x/gcc-4.1.1-glibc-2.3.6/include/libxml2 -I/opt/open2x/gcc-4.1.1-glibc-2.3.6/include/SDL'
ac_cv_env_CPPFLAGS_set=
ac_cv_env_CPPFLAGS_value=
ac_cv_env_CPP_set=
ac_cv_env_CPP_value=
ac_cv_env_CXXCPP_set=
ac_cv_env_CXXCPP_value=
ac_cv_env_CXXFLAGS_set=
ac_cv_env_CXXFLAGS_value=
ac_cv_env_CXX_set=set
ac_cv_env_CXX_value=/opt/open2x/gcc-4.1.1-glibc-2.3.6/bin/arm-open2x-linux-g++
ac_cv_env_F77_set=
ac_cv_env_F77_value=
ac_cv_env_FFLAGS_set=
ac_cv_env_FFLAGS_value=
ac_cv_env_LDFLAGS_set=set
ac_cv_env_LDFLAGS_value=-L/opt/open2x/gcc-4.1.1-glibc-2.3.6/lib
ac_cv_env_XMKMF_set=
ac_cv_env_XMKMF_value=
ac_cv_env_build_alias_set=set
ac_cv_env_build_alias_value=i686
ac_cv_env_host_alias_set=set
ac_cv_env_host_alias_value=arm-open2x-linux
ac_cv_env_target_alias_set=
ac_cv_env_target_alias_value=
ac_cv_f77_compiler_gnu=no
ac_cv_header_dlfcn_h=yes
ac_cv_header_inttypes_h=yes
ac_cv_header_memory_h=yes
ac_cv_header_stdc=yes
ac_cv_header_stdint_h=yes
ac_cv_header_stdlib_h=yes
ac_cv_header_string_h=yes
ac_cv_header_strings_h=yes
ac_cv_header_sys_stat_h=yes
ac_cv_header_sys_types_h=yes
ac_cv_header_unistd_h=yes
ac_cv_host=arm-open2x-linux-gnu
ac_cv_lib_m_sqrt=yes
ac_cv_objext=o
ac_cv_path_EGREP='/bin/grep -E'
ac_cv_path_GREP=/bin/grep
ac_cv_path_SDL_CONFIG=/opt/open2x/gcc-4.1.1-glibc-2.3.6/bin/sdl-config
ac_cv_path_install='/usr/bin/install -c'
ac_cv_prog_AR=/opt/open2x/gcc-4.1.1-glibc-2.3.6/bin/arm-open2x-linux-ar
ac_cv_prog_AWK=mawk
ac_cv_prog_CC=/opt/open2x/gcc-4.1.1-glibc-2.3.6/bin/arm-open2x-linux-gcc
ac_cv_prog_CPP='/opt/open2x/gcc-4.1.1-glibc-2.3.6/bin/arm-open2x-linux-gcc -E'
ac_cv_prog_CXXCPP='/opt/open2x/gcc-4.1.1-glibc-2.3.6/bin/arm-open2x-linux-g++ -E'
ac_cv_prog_RANLIB=/opt/open2x/gcc-4.1.1-glibc-2.3.6/bin/arm-open2x-linux-ranlib
ac_cv_prog_STRIP=/opt/open2x/gcc-4.1.1-glibc-2.3.6/bin/arm-open2x-linux-strip
ac_cv_prog_cc_c89=
ac_cv_prog_cc_g=yes
ac_cv_prog_cxx_g=yes
ac_cv_prog_f77_g=no
ac_cv_prog_make_make_set=yes
ac_cv_type_socklen_t=yes
am_cv_CC_dependencies_compiler_type=gcc3
am_cv_CXX_dependencies_compiler_type=gcc3
lt_cv_deplibs_check_method=pass_all
lt_cv_file_magic_cmd='$MAGIC_CMD'
lt_cv_file_magic_test_file=
lt_cv_ld_reload_flag=-r
lt_cv_objdir=.libs
lt_cv_path_LD=/opt/open2x/gcc-4.1.1-glibc-2.3.6/arm-open2x-linux/bin/ld
lt_cv_path_LDCXX=/opt/open2x/gcc-4.1.1-glibc-2.3.6/arm-open2x-linux/bin/ld
lt_cv_path_NM='/opt/open2x/gcc-4.1.1-glibc-2.3.6/bin/arm-open2x-linux-nm -B'
lt_cv_path_SED=/bin/sed
lt_cv_prog_compiler_c_o=yes
lt_cv_prog_compiler_c_o_CXX=yes
lt_cv_prog_compiler_rtti_exceptions=no
lt_cv_prog_gnu_ld=yes
lt_cv_prog_gnu_ldcxx=yes
lt_cv_sys_global_symbol_pipe='sed -n -e '\''s/^.*[ 	]\([ABCDGIRSTW][ABCDGIRSTW]*\)[ 	][ 	]*\([_A-Za-z][_A-Za-z0-9]*\)$/\1 \2 \2/p'\'''
lt_cv_sys_global_symbol_to_c_name_address='sed -n -e '\''s/^: \([^ ]*\) $/  {\"\1\", (lt_ptr) 0},/p'\'' -e '\''s/^[BCDEGRST] \([^ ]*\) \([^ ]*\)$/  {"\2", (lt_ptr) \&\2},/p'\'''
lt_cv_sys_global_symbol_to_cdecl='sed -n -e '\''s/^. .* \(.*\)$/extern int \1;/p'\'''
lt_cv_sys_max_cmd_len=32768
lt_lt_cv_prog_compiler_c_o='"yes"'
lt_lt_cv_prog_compiler_c_o_CXX='"yes"'
lt_lt_cv_sys_global_symbol_pipe='"sed -n -e '\''s/^.*[ 	]\\([ABCDGIRSTW][ABCDGIRSTW]*\\)[ 	][ 	]*\\([_A-Za-z][_A-Za-z0-9]*\\)\$/\\1 \\2 \\2/p'\''"'
lt_lt_cv_sys_global_symbol_to_c_name_address='"sed -n -e '\''s/^: \\([^ ]*\\) \$/  {\\\"\\1\\\", (lt_ptr) 0},/p'\'' -e '\''s/^[BCDEGRST] \\([^ ]*\\) \\([^ ]*\\)\$/  {\"\\2\", (lt_ptr) \\&\\2},/p'\''"'
lt_lt_cv_sys_global_symbol_to_cdecl='"sed -n -e '\''s/^. .* \\(.*\\)\$/extern int \\1;/p'\''"'

## ----------------- ##
## Output variables. ##
## ----------------- ##

ACLOCAL='${SHELL} /storage/file-store/Projects/GP2X/open2x-svn/libs/smpeg-cvs/missing --run aclocal-1.9'
AMDEPBACKSLASH='\'
AMDEP_FALSE='#'
AMDEP_TRUE=''
AMTAR='${SHELL} /storage/file-store/Projects/GP2X/open2x-svn/libs/smpeg-cvs/missing --run tar'
AR='/opt/open2x/gcc-4.1.1-glibc-2.3.6/bin/arm-open2x-linux-ar'
AS='/opt/open2x/gcc-4.1.1-glibc-2.3.6/bin/arm-open2x-linux-gcc'
ASFLAGS=''
AUTOCONF='${SHELL} /storage/file-store/Projects/GP2X/open2x-svn/libs/smpeg-cvs/missing --run autoconf'
AUTOHEADER='${SHELL} /storage/file-store/Projects/GP2X/open2x-svn/libs/smpeg-cvs/missing --run autoheader'
AUTOMAKE='${SHELL} /storage/file-store/Projects/GP2X/open2x-svn/libs/smpeg-cvs/missing --run automake-1.9'
AWK='mawk'
BINARY_AGE='5'
CC='/opt/open2x/gcc-4.1.1-glibc-2.3.6/bin/arm-open2x-linux-gcc'
CCAS='/opt/open2x/gcc-4.1.1-glibc-2.3.6/bin/arm-open2x-linux-gcc'
CCASFLAGS=''
CCDEPMODE='depmode=gcc3'
CFLAGS='-O3 -ffast-math -fomit-frame-pointer -mcpu=arm920t -I/opt/open2x/gcc-4.1.1-glibc-2.3.6/include -I/opt/open2x/gcc-4.1.1-glibc-2.3.6/include/libxml2 -I/opt/open2x/gcc-4.1.1-glibc-2.3.6/include/SDL -I/opt/open2x/gcc-4.1.1-glibc-2.3.6/include/SDL -D_REENTRANT -DTHREADED_AUDIO -DNDEBUG -I.. -DNOCONTROLS -I$(top_srcdir) -I$(top_srcdir)/audio -I$(top_srcdir)/video'
CPP='/opt/open2x/gcc-4.1.1-glibc-2.3.6/bin/arm-open2x-linux-gcc -E'
CPPFLAGS=''
CXX='/opt/open2x/gcc-4.1.1-glibc-2.3.6/bin/arm-open2x-linux-g++'
CXXCPP='/opt/open2x/gcc-4.1.1-glibc-2.3.6/bin/arm-open2x-linux-g++ -E'
CXXDEPMODE='depmode=gcc3'
CXXFLAGS='-O3 -ffast-math -fomit-frame-pointer -mcpu=arm920t -I/opt/open2x/gcc-4.1.1-glibc-2.3.6/include -I/opt/open2x/gcc-4.1.1-glibc-2.3.6/include/libxml2 -I/opt/open2x/gcc-4.1.1-glibc-2.3.6/include/SDL -I/opt/open2x/gcc-4.1.1-glibc-2.3.6/include/SDL -D_REENTRANT -DTHREADED_AUDIO -DNDEBUG -I.. -DNOCONTROLS -I$(top_srcdir) -I$(top_srcdir)/audio -I$(top_srcdir)/video -fno-exceptions -fno-rtti'
CYGPATH_W='echo'
DEFS='-DPACKAGE_NAME=\"\" -DPACKAGE_TARNAME=\"\" -DPACKAGE_VERSION=\"\" -DPACKAGE_STRING=\"\" -DPACKAGE_BUGREPORT=\"\" -DPACKAGE=\"smpeg\" -DVERSION=\"0.4.5\" -DSTDC_HEADERS=1 -DHAVE_SYS_TYPES_H=1 -DHAVE_SYS_STAT_H=1 -DHAVE_STDLIB_H=1 -DHAVE_STRING_H=1 -DHAVE_MEMORY_H=1 -DHAVE_STRINGS_H=1 -DHAVE_INTTYPES_H=1 -DHAVE_STDINT_H=1 -DHAVE_UNISTD_H=1 -DHAVE_DLFCN_H=1'
DEPDIR='.deps'
DLLTOOL='dlltool'
ECHO='echo'
ECHO_C=''
ECHO_N='-n'
ECHO_T=''
EGREP='/bin/grep -E'
EXEEXT=''
F77=''
FFLAGS=''
GL_LIBS=''
GREP='/bin/grep'
GTK_CFLAGS=''
GTK_CONFIG=''
GTK_LIBS=''
HAVE_GTK_FALSE=''
HAVE_GTK_TRUE='#'
HAVE_OPENGL_FALSE=''
HAVE_OPENGL_TRUE='#'
INSTALL_DATA='${INSTALL} -m 644'
INSTALL_PROGRAM='${INSTALL}'
INSTALL_SCRIPT='${INSTALL}'
INSTALL_STRIP_PROGRAM='${SHELL} $(install_sh) -c -s'
INTERFACE_AGE='4'
LDFLAGS='-L/opt/open2x/gcc-4.1.1-glibc-2.3.6/lib'
LIBOBJS=''
LIBS=' -L/opt/open2x/gcc-4.1.1-glibc-2.3.6/lib -Wl,-rpath,/opt/open2x/gcc-4.1.1-glibc-2.3.6/lib -lSDL -lpthread -lm'
LIBTOOL='$(SHELL) $(top_builddir)/libtool'
LN_S='ln -s'
LTLIBOBJS=''
LT_AGE='1'
LT_CURRENT='1'
LT_RELEASE='0.4'
LT_REVISION='4'
MAJOR_VERSION='0'
MAKEINFO='${SHELL} /storage/file-store/Projects/GP2X/open2x-svn/libs/smpeg-cvs/missing --run makeinfo'
MICRO_VERSION='5'
MINOR_VERSION='4'
OBJDUMP='objdump'
OBJEXT='o'
PACKAGE='smpeg'
PACKAGE_BUGREPORT=''
PACKAGE_NAME=''
PACKAGE_STRING=''
PACKAGE_TARNAME=''
PACKAGE_VERSION=''
PATH_SEPARATOR=':'
RANLIB='/opt/open2x/gcc-4.1.1-glibc-2.3.6/bin/arm-open2x-linux-ranlib'
SDL_CFLAGS='-I/opt/open2x/gcc-4.1.1-glibc-2.3.6/include/SDL -D_REENTRANT'
SDL_CONFIG='/opt/open2x/gcc-4.1.1-glibc-2.3.6/bin/sdl-config'
SDL_LIBS='-L/opt/open2x/gcc-4.1.1-glibc-2.3.6/lib -Wl,-rpath,/opt/open2x/gcc-4.1.1-glibc-2.3.6/lib -lSDL -lpthread'
SET_MAKE=''
SHELL='/bin/bash'
SMPEG_RLD_FLAGS=''
STRIP='/opt/open2x/gcc-4.1.1-glibc-2.3.6/bin/arm-open2x-linux-strip'
VERSION='0.4.5'
XMKMF=''
X_CFLAGS=''
X_EXTRA_LIBS=''
X_LIBS=''
X_PRE_LIBS=''
ac_ct_CC=''
ac_ct_CXX=''
ac_ct_F77=''
am__fastdepCC_FALSE='#'
am__fastdepCC_TRUE=''
am__fastdepCXX_FALSE='#'
am__fastdepCXX_TRUE=''
am__include='include'
am__leading_dot='.'
am__quote=''
am__tar='${AMTAR} chof - "$$tardir"'
am__untar='${AMTAR} xf -'
bindir='${exec_prefix}/bin'
build='i686-pc-none'
build_alias='i686'
build_cpu='i686'
build_os='none'
build_vendor='pc'
datadir='${datarootdir}'
datarootdir='${prefix}/share'
docdir='${datarootdir}/doc/${PACKAGE}'
dvidir='${docdir}'
exec_prefix='${prefix}'
host='arm-open2x-linux-gnu'
host_alias='arm-open2x-linux'
host_cpu='arm'
host_os='linux-gnu'
host_vendor='open2x'
htmldir='${docdir}'
includedir='${prefix}/include'
infodir='${datarootdir}/info'
install_sh='/storage/file-store/Projects/GP2X/open2x-svn/libs/smpeg-cvs/install-sh'
libdir='${exec_prefix}/lib'
libexecdir='${exec_prefix}/libexec'
localedir='${datarootdir}/locale'
localstatedir='${prefix}/var'
mandir='${datarootdir}/man'
mkdir_p='mkdir -p --'
oldincludedir='/usr/include'
pdfdir='${docdir}'
prefix='/opt/open2x/gcc-4.1.1-glibc-2.3.6'
program_transform_name='s,x,x,'
psdir='${docdir}'
sbindir='${exec_prefix}/sbin'
sharedstatedir='${prefix}/com'
sysconfdir='${prefix}/etc'
target_alias=''

## ----------- ##
## confdefs.h. ##
## ----------- ##

#define PACKAGE_NAME ""
#define PACKAGE_TARNAME ""
#define PACKAGE_VERSION ""
#define PACKAGE_STRING ""
#define PACKAGE_BUGREPORT ""
#define PACKAGE "smpeg"
#define VERSION "0.4.5"
#define STDC_HEADERS 1
#define HAVE_SYS_TYPES_H 1
#define HAVE_SYS_STAT_H 1
#define HAVE_STDLIB_H 1
#define HAVE_STRING_H 1
#define HAVE_MEMORY_H 1
#define HAVE_STRINGS_H 1
#define HAVE_INTTYPES_H 1
#define HAVE_STDINT_H 1
#define HAVE_UNISTD_H 1
#define HAVE_DLFCN_H 1

configure: exit 0
