This file contains any messages produced by compilers while
running configure, to aid debugging if configure makes a mistake.

It was created by configure, which was
generated by GNU Autoconf 2.62.  Invocation command line was

  $ ./configure --prefix=/opt/open2x/gcc-4.1.1-glibc-2.3.6 --target=arm-open2x-linux --host=arm-open2x-linux --build= --enable-shared --enable-static build_alias= host_alias=arm-open2x-linux target_alias=arm-open2x-linux CC=/opt/open2x/gcc-4.1.1-glibc-2.3.6/bin/arm-open2x-linux-gcc CFLAGS=-O3 -ffast-math -fomit-frame-pointer -mcpu=arm920t -DARM -D_ARM_ASSEM_ -I/opt/open2x/gcc-4.1.1-glibc-2.3.6/include -I/opt/open2x/gcc-4.1.1-glibc-2.3.6/include/libxml2 -I/opt/open2x/gcc-4.1.1-glibc-2.3.6/include/SDL LDFLAGS=-L/opt/open2x/gcc-4.1.1-glibc-2.3.6/lib CXX=/opt/open2x/gcc-4.1.1-glibc-2.3.6/bin/arm-open2x-linux-g++ --no-create --no-recursion

## --------- ##
## Platform. ##
## --------- ##

hostname = adan-laptop
uname -m = i686
uname -r = 2.6.24-19-generic
uname -s = Linux
uname -v = #1 SMP Wed Aug 20 22:56:21 UTC 2008

/usr/bin/uname -p = unknown
/bin/uname -X     = unknown

/bin/arch              = unknown
/usr/bin/arch -k       = unknown
/usr/convex/getsysinfo = unknown
/usr/bin/hostinfo      = unknown
/bin/machine           = unknown
/usr/bin/oslevel       = unknown
/bin/universe          = unknown

PATH: /usr/local/sbin
PATH: /usr/local/bin
PATH: /usr/sbin
PATH: /usr/bin
PATH: /sbin
PATH: /bin
PATH: /usr/games
PATH: /opt/open2x/gcc-4.1.1-glibc-2.3.6/bin/
PATH: /home/adan/Projects/open2x/bootloader/u-boot-open2x-1.0.0_FW2-3/tools/
PATH: /opt/openwiz/gcc-4.1.1-glibc-2.3.6/arm-wiz-linux/bin
PATH: /opt/open2x/gcc-4.1.1-glibc-2.3.6/bin


## ----------- ##
## Core tests. ##
## ----------- ##

configure:2071: checking for a BSD-compatible install
configure:2139: result: /usr/bin/install -c
configure:2150: checking whether build environment is sane
configure:2193: result: yes
configure:2255: checking for gawk
configure:2285: result: no
configure:2255: checking for mawk
configure:2271: found /usr/bin/mawk
configure:2282: result: mawk
configure:2293: checking whether make sets $(MAKE)
configure:2315: result: yes
configure:2391: checking for arm-open2x-linux-strip
configure:2418: result: /opt/open2x/gcc-4.1.1-glibc-2.3.6/bin/arm-open2x-linux-strip
configure:2580: checking build system type
configure:2598: result: i686-pc-linux-gnu
configure:2620: checking host system type
configure:2635: result: arm-open2x-linux-gnu
configure:2669: checking for style of include used by make
configure:2697: result: GNU
configure:2730: checking for arm-open2x-linux-gcc
configure:2757: result: /opt/open2x/gcc-4.1.1-glibc-2.3.6/bin/arm-open2x-linux-gcc
configure:3035: checking for C compiler version
configure:3043: /opt/open2x/gcc-4.1.1-glibc-2.3.6/bin/arm-open2x-linux-gcc --version >&5
arm-open2x-linux-gcc (GCC) 4.1.1
Copyright (C) 2006 Free Software Foundation, Inc.
This is free software; see the source for copying conditions.  There is NO
warranty; not even for MERCHANTABILITY or FITNESS FOR A PARTICULAR PURPOSE.

configure:3047: $? = 0
configure:3054: /opt/open2x/gcc-4.1.1-glibc-2.3.6/bin/arm-open2x-linux-gcc -v >&5
Using built-in specs.
Target: arm-open2x-linux
Configured with: /storage/file-store/Projects/GP2X/crosstool-0.43/build/arm-open2x-linux/gcc-4.1.1-glibc-2.3.6/gcc-4.1.1/configure --target=arm-open2x-linux --host=i686-host_pc-linux-gnu --prefix=/opt/open2x/gcc-4.1.1-glibc-2.3.6/arm-open2x-linux --with-float=soft --with-cpu=arm920t --enable-cxx-flags=-mcpu=arm920t --with-headers=/opt/open2x/gcc-4.1.1-glibc-2.3.6/arm-open2x-linux/arm-open2x-linux/include --with-local-prefix=/opt/open2x/gcc-4.1.1-glibc-2.3.6/arm-open2x-linux/arm-open2x-linux --disable-nls --enable-threads=posix --enable-symvers=gnu --enable-__cxa_atexit --enable-languages=c,c++ --enable-shared --enable-c99 --enable-long-long
Thread model: posix
gcc version 4.1.1
configure:3058: $? = 0
configure:3065: /opt/open2x/gcc-4.1.1-glibc-2.3.6/bin/arm-open2x-linux-gcc -V >&5
arm-open2x-linux-gcc: '-V' option must have argument
configure:3069: $? = 1
configure:3092: checking for C compiler default output file name
configure:3114: /opt/open2x/gcc-4.1.1-glibc-2.3.6/bin/arm-open2x-linux-gcc -O3 -ffast-math -fomit-frame-pointer -mcpu=arm920t -DARM -D_ARM_ASSEM_ -I/opt/open2x/gcc-4.1.1-glibc-2.3.6/include -I/opt/open2x/gcc-4.1.1-glibc-2.3.6/include/libxml2 -I/opt/open2x/gcc-4.1.1-glibc-2.3.6/include/SDL  -L/opt/open2x/gcc-4.1.1-glibc-2.3.6/lib conftest.c  >&5
configure:3118: $? = 0
configure:3156: result: a.out
configure:3173: checking whether the C compiler works
configure:3183: ./a.out
./configure: line 3185: ./a.out: cannot execute binary file
configure:3187: $? = 126
configure:3204: result: yes
configure:3211: checking whether we are cross compiling
configure:3213: result: yes
configure:3216: checking for suffix of executables
configure:3223: /opt/open2x/gcc-4.1.1-glibc-2.3.6/bin/arm-open2x-linux-gcc -o conftest -O3 -ffast-math -fomit-frame-pointer -mcpu=arm920t -DARM -D_ARM_ASSEM_ -I/opt/open2x/gcc-4.1.1-glibc-2.3.6/include -I/opt/open2x/gcc-4.1.1-glibc-2.3.6/include/libxml2 -I/opt/open2x/gcc-4.1.1-glibc-2.3.6/include/SDL  -L/opt/open2x/gcc-4.1.1-glibc-2.3.6/lib conftest.c  >&5
configure:3227: $? = 0
configure:3251: result: 
configure:3257: checking for suffix of object files
configure:3283: /opt/open2x/gcc-4.1.1-glibc-2.3.6/bin/arm-open2x-linux-gcc -c -O3 -ffast-math -fomit-frame-pointer -mcpu=arm920t -DARM -D_ARM_ASSEM_ -I/opt/open2x/gcc-4.1.1-glibc-2.3.6/include -I/opt/open2x/gcc-4.1.1-glibc-2.3.6/include/libxml2 -I/opt/open2x/gcc-4.1.1-glibc-2.3.6/include/SDL  conftest.c >&5
configure:3287: $? = 0
configure:3310: result: o
configure:3314: checking whether we are using the GNU C compiler
configure:3343: /opt/open2x/gcc-4.1.1-glibc-2.3.6/bin/arm-open2x-linux-gcc -c -O3 -ffast-math -fomit-frame-pointer -mcpu=arm920t -DARM -D_ARM_ASSEM_ -I/opt/open2x/gcc-4.1.1-glibc-2.3.6/include -I/opt/open2x/gcc-4.1.1-glibc-2.3.6/include/libxml2 -I/opt/open2x/gcc-4.1.1-glibc-2.3.6/include/SDL  conftest.c >&5
configure:3350: $? = 0
configure:3367: result: yes
configure:3376: checking whether /opt/open2x/gcc-4.1.1-glibc-2.3.6/bin/arm-open2x-linux-gcc accepts -g
configure:3406: /opt/open2x/gcc-4.1.1-glibc-2.3.6/bin/arm-open2x-linux-gcc -c -g  conftest.c >&5
configure:3413: $? = 0
configure:3514: result: yes
configure:3531: checking for /opt/open2x/gcc-4.1.1-glibc-2.3.6/bin/arm-open2x-linux-gcc option to accept ISO C89
configure:3605: /opt/open2x/gcc-4.1.1-glibc-2.3.6/bin/arm-open2x-linux-gcc  -c -O3 -ffast-math -fomit-frame-pointer -mcpu=arm920t -DARM -D_ARM_ASSEM_ -I/opt/open2x/gcc-4.1.1-glibc-2.3.6/include -I/opt/open2x/gcc-4.1.1-glibc-2.3.6/include/libxml2 -I/opt/open2x/gcc-4.1.1-glibc-2.3.6/include/SDL  conftest.c >&5
configure:3612: $? = 0
configure:3635: result: none needed
configure:3655: checking dependency style of /opt/open2x/gcc-4.1.1-glibc-2.3.6/bin/arm-open2x-linux-gcc
configure:3745: result: gcc3
configure:3762: checking for a sed that does not truncate output
configure:3816: result: /bin/sed
configure:3819: checking for grep that handles long lines and -e
configure:3879: result: /bin/grep
configure:3884: checking for egrep
configure:3948: result: /bin/grep -E
configure:3964: checking for ld used by /opt/open2x/gcc-4.1.1-glibc-2.3.6/bin/arm-open2x-linux-gcc
configure:4031: result: /opt/open2x/gcc-4.1.1-glibc-2.3.6/arm-open2x-linux/bin/ld
configure:4040: checking if the linker (/opt/open2x/gcc-4.1.1-glibc-2.3.6/arm-open2x-linux/bin/ld) is GNU ld
configure:4055: result: yes
configure:4060: checking for /opt/open2x/gcc-4.1.1-glibc-2.3.6/arm-open2x-linux/bin/ld option to reload object files
configure:4067: result: -r
configure:4085: checking for BSD-compatible nm
configure:4134: result: /opt/open2x/gcc-4.1.1-glibc-2.3.6/bin//arm-open2x-linux-nm -B
configure:4138: checking whether ln -s works
configure:4142: result: yes
configure:4149: checking how to recognise dependent libraries
configure:4325: result: pass_all
configure:4563: checking how to run the C preprocessor
configure:4603: /opt/open2x/gcc-4.1.1-glibc-2.3.6/bin/arm-open2x-linux-gcc -E  conftest.c
configure:4610: $? = 0
configure:4641: /opt/open2x/gcc-4.1.1-glibc-2.3.6/bin/arm-open2x-linux-gcc -E  conftest.c
conftest.c:10:28: error: ac_nonexistent.h: No such file or directory
configure:4648: $? = 1
configure: failed program was:
| /* confdefs.h.  */
| #define PACKAGE_NAME ""
| #define PACKAGE_TARNAME ""
| #define PACKAGE_VERSION ""
| #define PACKAGE_STRING ""
| #define PACKAGE_BUGREPORT ""
| #define PACKAGE "libmpcdec"
| #define VERSION "1.2.6"
| /* end confdefs.h.  */
| #include <ac_nonexistent.h>
configure:4681: result: /opt/open2x/gcc-4.1.1-glibc-2.3.6/bin/arm-open2x-linux-gcc -E
configure:4710: /opt/open2x/gcc-4.1.1-glibc-2.3.6/bin/arm-open2x-linux-gcc -E  conftest.c
configure:4717: $? = 0
configure:4748: /opt/open2x/gcc-4.1.1-glibc-2.3.6/bin/arm-open2x-linux-gcc -E  conftest.c
conftest.c:10:28: error: ac_nonexistent.h: No such file or directory
configure:4755: $? = 1
configure: failed program was:
| /* confdefs.h.  */
| #define PACKAGE_NAME ""
| #define PACKAGE_TARNAME ""
| #define PACKAGE_VERSION ""
| #define PACKAGE_STRING ""
| #define PACKAGE_BUGREPORT ""
| #define PACKAGE "libmpcdec"
| #define VERSION "1.2.6"
| /* end confdefs.h.  */
| #include <ac_nonexistent.h>
configure:4793: checking for ANSI C header files
configure:4823: /opt/open2x/gcc-4.1.1-glibc-2.3.6/bin/arm-open2x-linux-gcc -c -O3 -ffast-math -fomit-frame-pointer -mcpu=arm920t -DARM -D_ARM_ASSEM_ -I/opt/open2x/gcc-4.1.1-glibc-2.3.6/include -I/opt/open2x/gcc-4.1.1-glibc-2.3.6/include/libxml2 -I/opt/open2x/gcc-4.1.1-glibc-2.3.6/include/SDL  conftest.c >&5
configure:4830: $? = 0
configure:4961: result: yes
configure:4985: checking for sys/types.h
configure:5006: /opt/open2x/gcc-4.1.1-glibc-2.3.6/bin/arm-open2x-linux-gcc -c -O3 -ffast-math -fomit-frame-pointer -mcpu=arm920t -DARM -D_ARM_ASSEM_ -I/opt/open2x/gcc-4.1.1-glibc-2.3.6/include -I/opt/open2x/gcc-4.1.1-glibc-2.3.6/include/libxml2 -I/opt/open2x/gcc-4.1.1-glibc-2.3.6/include/SDL  conftest.c >&5
configure:5013: $? = 0
configure:5030: result: yes
configure:4985: checking for sys/stat.h
configure:5006: /opt/open2x/gcc-4.1.1-glibc-2.3.6/bin/arm-open2x-linux-gcc -c -O3 -ffast-math -fomit-frame-pointer -mcpu=arm920t -DARM -D_ARM_ASSEM_ -I/opt/open2x/gcc-4.1.1-glibc-2.3.6/include -I/opt/open2x/gcc-4.1.1-glibc-2.3.6/include/libxml2 -I/opt/open2x/gcc-4.1.1-glibc-2.3.6/include/SDL  conftest.c >&5
configure:5013: $? = 0
configure:5030: result: yes
configure:4985: checking for stdlib.h
configure:5006: /opt/open2x/gcc-4.1.1-glibc-2.3.6/bin/arm-open2x-linux-gcc -c -O3 -ffast-math -fomit-frame-pointer -mcpu=arm920t -DARM -D_ARM_ASSEM_ -I/opt/open2x/gcc-4.1.1-glibc-2.3.6/include -I/opt/open2x/gcc-4.1.1-glibc-2.3.6/include/libxml2 -I/opt/open2x/gcc-4.1.1-glibc-2.3.6/include/SDL  conftest.c >&5
configure:5013: $? = 0
configure:5030: result: yes
configure:4985: checking for string.h
configure:5006: /opt/open2x/gcc-4.1.1-glibc-2.3.6/bin/arm-open2x-linux-gcc -c -O3 -ffast-math -fomit-frame-pointer -mcpu=arm920t -DARM -D_ARM_ASSEM_ -I/opt/open2x/gcc-4.1.1-glibc-2.3.6/include -I/opt/open2x/gcc-4.1.1-glibc-2.3.6/include/libxml2 -I/opt/open2x/gcc-4.1.1-glibc-2.3.6/include/SDL  conftest.c >&5
configure:5013: $? = 0
configure:5030: result: yes
configure:4985: checking for memory.h
configure:5006: /opt/open2x/gcc-4.1.1-glibc-2.3.6/bin/arm-open2x-linux-gcc -c -O3 -ffast-math -fomit-frame-pointer -mcpu=arm920t -DARM -D_ARM_ASSEM_ -I/opt/open2x/gcc-4.1.1-glibc-2.3.6/include -I/opt/open2x/gcc-4.1.1-glibc-2.3.6/include/libxml2 -I/opt/open2x/gcc-4.1.1-glibc-2.3.6/include/SDL  conftest.c >&5
configure:5013: $? = 0
configure:5030: result: yes
configure:4985: checking for strings.h
configure:5006: /opt/open2x/gcc-4.1.1-glibc-2.3.6/bin/arm-open2x-linux-gcc -c -O3 -ffast-math -fomit-frame-pointer -mcpu=arm920t -DARM -D_ARM_ASSEM_ -I/opt/open2x/gcc-4.1.1-glibc-2.3.6/include -I/opt/open2x/gcc-4.1.1-glibc-2.3.6/include/libxml2 -I/opt/open2x/gcc-4.1.1-glibc-2.3.6/include/SDL  conftest.c >&5
configure:5013: $? = 0
configure:5030: result: yes
configure:4985: checking for inttypes.h
configure:5006: /opt/open2x/gcc-4.1.1-glibc-2.3.6/bin/arm-open2x-linux-gcc -c -O3 -ffast-math -fomit-frame-pointer -mcpu=arm920t -DARM -D_ARM_ASSEM_ -I/opt/open2x/gcc-4.1.1-glibc-2.3.6/include -I/opt/open2x/gcc-4.1.1-glibc-2.3.6/include/libxml2 -I/opt/open2x/gcc-4.1.1-glibc-2.3.6/include/SDL  conftest.c >&5
configure:5013: $? = 0
configure:5030: result: yes
configure:4985: checking for stdint.h
configure:5006: /opt/open2x/gcc-4.1.1-glibc-2.3.6/bin/arm-open2x-linux-gcc -c -O3 -ffast-math -fomit-frame-pointer -mcpu=arm920t -DARM -D_ARM_ASSEM_ -I/opt/open2x/gcc-4.1.1-glibc-2.3.6/include -I/opt/open2x/gcc-4.1.1-glibc-2.3.6/include/libxml2 -I/opt/open2x/gcc-4.1.1-glibc-2.3.6/include/SDL  conftest.c >&5
configure:5013: $? = 0
configure:5030: result: yes
configure:4985: checking for unistd.h
configure:5006: /opt/open2x/gcc-4.1.1-glibc-2.3.6/bin/arm-open2x-linux-gcc -c -O3 -ffast-math -fomit-frame-pointer -mcpu=arm920t -DARM -D_ARM_ASSEM_ -I/opt/open2x/gcc-4.1.1-glibc-2.3.6/include -I/opt/open2x/gcc-4.1.1-glibc-2.3.6/include/libxml2 -I/opt/open2x/gcc-4.1.1-glibc-2.3.6/include/SDL  conftest.c >&5
configure:5013: $? = 0
configure:5030: result: yes
configure:5059: checking dlfcn.h usability
configure:5076: /opt/open2x/gcc-4.1.1-glibc-2.3.6/bin/arm-open2x-linux-gcc -c -O3 -ffast-math -fomit-frame-pointer -mcpu=arm920t -DARM -D_ARM_ASSEM_ -I/opt/open2x/gcc-4.1.1-glibc-2.3.6/include -I/opt/open2x/gcc-4.1.1-glibc-2.3.6/include/libxml2 -I/opt/open2x/gcc-4.1.1-glibc-2.3.6/include/SDL  conftest.c >&5
configure:5083: $? = 0
configure:5097: result: yes
configure:5101: checking dlfcn.h presence
configure:5116: /opt/open2x/gcc-4.1.1-glibc-2.3.6/bin/arm-open2x-linux-gcc -E  conftest.c
configure:5123: $? = 0
configure:5137: result: yes
configure:5165: checking for dlfcn.h
configure:5174: result: yes
configure:5304: checking for C++ compiler version
configure:5312: /opt/open2x/gcc-4.1.1-glibc-2.3.6/bin/arm-open2x-linux-g++ --version >&5
arm-open2x-linux-g++ (GCC) 4.1.1
Copyright (C) 2006 Free Software Foundation, Inc.
This is free software; see the source for copying conditions.  There is NO
warranty; not even for MERCHANTABILITY or FITNESS FOR A PARTICULAR PURPOSE.

configure:5316: $? = 0
configure:5323: /opt/open2x/gcc-4.1.1-glibc-2.3.6/bin/arm-open2x-linux-g++ -v >&5
Using built-in specs.
Target: arm-open2x-linux
Configured with: /storage/file-store/Projects/GP2X/crosstool-0.43/build/arm-open2x-linux/gcc-4.1.1-glibc-2.3.6/gcc-4.1.1/configure --target=arm-open2x-linux --host=i686-host_pc-linux-gnu --prefix=/opt/open2x/gcc-4.1.1-glibc-2.3.6/arm-open2x-linux --with-float=soft --with-cpu=arm920t --enable-cxx-flags=-mcpu=arm920t --with-headers=/opt/open2x/gcc-4.1.1-glibc-2.3.6/arm-open2x-linux/arm-open2x-linux/include --with-local-prefix=/opt/open2x/gcc-4.1.1-glibc-2.3.6/arm-open2x-linux/arm-open2x-linux --disable-nls --enable-threads=posix --enable-symvers=gnu --enable-__cxa_atexit --enable-languages=c,c++ --enable-shared --enable-c99 --enable-long-long
Thread model: posix
gcc version 4.1.1
configure:5327: $? = 0
configure:5334: /opt/open2x/gcc-4.1.1-glibc-2.3.6/bin/arm-open2x-linux-g++ -V >&5
arm-open2x-linux-g++: '-V' option must have argument
configure:5338: $? = 1
configure:5341: checking whether we are using the GNU C++ compiler
configure:5370: /opt/open2x/gcc-4.1.1-glibc-2.3.6/bin/arm-open2x-linux-g++ -c   conftest.cpp >&5
configure:5377: $? = 0
configure:5394: result: yes
configure:5403: checking whether /opt/open2x/gcc-4.1.1-glibc-2.3.6/bin/arm-open2x-linux-g++ accepts -g
configure:5433: /opt/open2x/gcc-4.1.1-glibc-2.3.6/bin/arm-open2x-linux-g++ -c -g  conftest.cpp >&5
configure:5440: $? = 0
configure:5541: result: yes
configure:5566: checking dependency style of /opt/open2x/gcc-4.1.1-glibc-2.3.6/bin/arm-open2x-linux-g++
configure:5656: result: gcc3
configure:5683: checking how to run the C++ preprocessor
configure:5719: /opt/open2x/gcc-4.1.1-glibc-2.3.6/bin/arm-open2x-linux-g++ -E  conftest.cpp
configure:5726: $? = 0
configure:5757: /opt/open2x/gcc-4.1.1-glibc-2.3.6/bin/arm-open2x-linux-g++ -E  conftest.cpp
conftest.cpp:21:28: error: ac_nonexistent.h: No such file or directory
configure:5764: $? = 1
configure: failed program was:
| /* confdefs.h.  */
| #define PACKAGE_NAME ""
| #define PACKAGE_TARNAME ""
| #define PACKAGE_VERSION ""
| #define PACKAGE_STRING ""
| #define PACKAGE_BUGREPORT ""
| #define PACKAGE "libmpcdec"
| #define VERSION "1.2.6"
| #define STDC_HEADERS 1
| #define HAVE_SYS_TYPES_H 1
| #define HAVE_SYS_STAT_H 1
| #define HAVE_STDLIB_H 1
| #define HAVE_STRING_H 1
| #define HAVE_MEMORY_H 1
| #define HAVE_STRINGS_H 1
| #define HAVE_INTTYPES_H 1
| #define HAVE_STDINT_H 1
| #define HAVE_UNISTD_H 1
| #define HAVE_DLFCN_H 1
| /* end confdefs.h.  */
| #include <ac_nonexistent.h>
configure:5797: result: /opt/open2x/gcc-4.1.1-glibc-2.3.6/bin/arm-open2x-linux-g++ -E
configure:5826: /opt/open2x/gcc-4.1.1-glibc-2.3.6/bin/arm-open2x-linux-g++ -E  conftest.cpp
configure:5833: $? = 0
configure:5864: /opt/open2x/gcc-4.1.1-glibc-2.3.6/bin/arm-open2x-linux-g++ -E  conftest.cpp
conftest.cpp:21:28: error: ac_nonexistent.h: No such file or directory
configure:5871: $? = 1
configure: failed program was:
| /* confdefs.h.  */
| #define PACKAGE_NAME ""
| #define PACKAGE_TARNAME ""
| #define PACKAGE_VERSION ""
| #define PACKAGE_STRING ""
| #define PACKAGE_BUGREPORT ""
| #define PACKAGE "libmpcdec"
| #define VERSION "1.2.6"
| #define STDC_HEADERS 1
| #define HAVE_SYS_TYPES_H 1
| #define HAVE_SYS_STAT_H 1
| #define HAVE_STDLIB_H 1
| #define HAVE_STRING_H 1
| #define HAVE_MEMORY_H 1
| #define HAVE_STRINGS_H 1
| #define HAVE_INTTYPES_H 1
| #define HAVE_STDINT_H 1
| #define HAVE_UNISTD_H 1
| #define HAVE_DLFCN_H 1
| /* end confdefs.h.  */
| #include <ac_nonexistent.h>
configure:5920: checking for arm-open2x-linux-g77
configure:5950: result: no
configure:5920: checking for arm-open2x-linux-xlf
configure:5950: result: no
configure:5920: checking for arm-open2x-linux-f77
configure:5950: result: no
configure:5920: checking for arm-open2x-linux-frt
configure:5950: result: no
configure:5920: checking for arm-open2x-linux-pgf77
configure:5950: result: no
configure:5920: checking for arm-open2x-linux-cf77
configure:5950: result: no
configure:5920: checking for arm-open2x-linux-fort77
configure:5950: result: no
configure:5920: checking for arm-open2x-linux-fl32
configure:5950: result: no
configure:5920: checking for arm-open2x-linux-af77
configure:5950: result: no
configure:5920: checking for arm-open2x-linux-xlf90
configure:5950: result: no
configure:5920: checking for arm-open2x-linux-f90
configure:5950: result: no
configure:5920: checking for arm-open2x-linux-pgf90
configure:5950: result: no
configure:5920: checking for arm-open2x-linux-pghpf
configure:5950: result: no
configure:5920: checking for arm-open2x-linux-epcf90
configure:5950: result: no
configure:5920: checking for arm-open2x-linux-gfortran
configure:5950: result: no
configure:5920: checking for arm-open2x-linux-g95
configure:5950: result: no
configure:5920: checking for arm-open2x-linux-xlf95
configure:5950: result: no
configure:5920: checking for arm-open2x-linux-f95
configure:5950: result: no
configure:5920: checking for arm-open2x-linux-fort
configure:5950: result: no
configure:5920: checking for arm-open2x-linux-ifort
configure:5950: result: no
configure:5920: checking for arm-open2x-linux-ifc
configure:5950: result: no
configure:5920: checking for arm-open2x-linux-efc
configure:5950: result: no
configure:5920: checking for arm-open2x-linux-pgf95
configure:5950: result: no
configure:5920: checking for arm-open2x-linux-lf95
configure:5950: result: no
configure:5920: checking for arm-open2x-linux-ftn
configure:5950: result: no
configure:5964: checking for g77
configure:5994: result: no
configure:5964: checking for xlf
configure:5994: result: no
configure:5964: checking for f77
configure:5994: result: no
configure:5964: checking for frt
configure:5994: result: no
configure:5964: checking for pgf77
configure:5994: result: no
configure:5964: checking for cf77
configure:5994: result: no
configure:5964: checking for fort77
configure:5994: result: no
configure:5964: checking for fl32
configure:5994: result: no
configure:5964: checking for af77
configure:5994: result: no
configure:5964: checking for xlf90
configure:5994: result: no
configure:5964: checking for f90
configure:5994: result: no
configure:5964: checking for pgf90
configure:5994: result: no
configure:5964: checking for pghpf
configure:5994: result: no
configure:5964: checking for epcf90
configure:5994: result: no
configure:5964: checking for gfortran
configure:5994: result: no
configure:5964: checking for g95
configure:5994: result: no
configure:5964: checking for xlf95
configure:5994: result: no
configure:5964: checking for f95
configure:5994: result: no
configure:5964: checking for fort
configure:5994: result: no
configure:5964: checking for ifort
configure:5994: result: no
configure:5964: checking for ifc
configure:5994: result: no
configure:5964: checking for efc
configure:5994: result: no
configure:5964: checking for pgf95
configure:5994: result: no
configure:5964: checking for lf95
configure:5994: result: no
configure:5964: checking for ftn
configure:5994: result: no
configure:6021: checking for Fortran 77 compiler version
configure:6029:  --version >&5
./configure: line 6031: --version: command not found
configure:6033: $? = 127
configure:6040:  -v >&5
./configure: line 6042: -v: command not found
configure:6044: $? = 127
configure:6051:  -V >&5
./configure: line 6053: -V: command not found
configure:6055: $? = 127
configure:6063: checking whether we are using the GNU Fortran 77 compiler
configure:6082:  -c  conftest.F >&5
./configure: line 6084: -c: command not found
configure:6089: $? = 127
configure: failed program was:
|       program main
| #ifndef __GNUC__
|        choke me
| #endif
| 
|       end
configure:6106: result: no
configure:6112: checking whether  accepts -g
configure:6129:  -c -g conftest.f >&5
./configure: line 6131: -c: command not found
configure:6136: $? = 127
configure: failed program was:
|       program main
| 
|       end
configure:6152: result: no
configure:6186: checking the maximum length of command line arguments
configure:6295: result: 32768
configure:6306: checking command to parse /opt/open2x/gcc-4.1.1-glibc-2.3.6/bin//arm-open2x-linux-nm -B output from /opt/open2x/gcc-4.1.1-glibc-2.3.6/bin/arm-open2x-linux-gcc object
configure:6411: /opt/open2x/gcc-4.1.1-glibc-2.3.6/bin/arm-open2x-linux-gcc -c -O3 -ffast-math -fomit-frame-pointer -mcpu=arm920t -DARM -D_ARM_ASSEM_ -I/opt/open2x/gcc-4.1.1-glibc-2.3.6/include -I/opt/open2x/gcc-4.1.1-glibc-2.3.6/include/libxml2 -I/opt/open2x/gcc-4.1.1-glibc-2.3.6/include/SDL  conftest.c >&5
configure:6414: $? = 0
configure:6418: /opt/open2x/gcc-4.1.1-glibc-2.3.6/bin//arm-open2x-linux-nm -B conftest.o \| sed -n -e 's/^.*[ 	]\([ABCDGIRSTW][ABCDGIRSTW]*\)[ 	][ 	]*\([_A-Za-z][_A-Za-z0-9]*\)$/\1 \2 \2/p' \> conftest.nm
configure:6421: $? = 0
configure:6473: /opt/open2x/gcc-4.1.1-glibc-2.3.6/bin/arm-open2x-linux-gcc -o conftest -O3 -ffast-math -fomit-frame-pointer -mcpu=arm920t -DARM -D_ARM_ASSEM_ -I/opt/open2x/gcc-4.1.1-glibc-2.3.6/include -I/opt/open2x/gcc-4.1.1-glibc-2.3.6/include/libxml2 -I/opt/open2x/gcc-4.1.1-glibc-2.3.6/include/SDL  -L/opt/open2x/gcc-4.1.1-glibc-2.3.6/lib conftest.c conftstm.o >&5
configure:6476: $? = 0
configure:6514: result: ok
configure:6518: checking for objdir
configure:6533: result: .libs
configure:6585: checking for arm-open2x-linux-ar
configure:6612: result: /opt/open2x/gcc-4.1.1-glibc-2.3.6/bin/arm-open2x-linux-ar
configure:6681: checking for arm-open2x-linux-ranlib
configure:6708: result: /opt/open2x/gcc-4.1.1-glibc-2.3.6/bin/arm-open2x-linux-ranlib
configure:6777: checking for arm-open2x-linux-strip
configure:6804: result: /opt/open2x/gcc-4.1.1-glibc-2.3.6/bin/arm-open2x-linux-strip
configure:7130: checking if /opt/open2x/gcc-4.1.1-glibc-2.3.6/bin/arm-open2x-linux-gcc supports -fno-rtti -fno-exceptions
configure:7148: /opt/open2x/gcc-4.1.1-glibc-2.3.6/bin/arm-open2x-linux-gcc -c -O3 -ffast-math -fomit-frame-pointer -mcpu=arm920t -DARM -D_ARM_ASSEM_ -I/opt/open2x/gcc-4.1.1-glibc-2.3.6/include -I/opt/open2x/gcc-4.1.1-glibc-2.3.6/include/libxml2 -I/opt/open2x/gcc-4.1.1-glibc-2.3.6/include/SDL  -fno-rtti -fno-exceptions conftest.c >&5
cc1: warning: command line option "-fno-rtti" is valid for C++/ObjC++ but not for C
configure:7152: $? = 0
configure:7165: result: no
configure:7180: checking for /opt/open2x/gcc-4.1.1-glibc-2.3.6/bin/arm-open2x-linux-gcc option to produce PIC
configure:7390: result: -fPIC
configure:7398: checking if /opt/open2x/gcc-4.1.1-glibc-2.3.6/bin/arm-open2x-linux-gcc PIC flag -fPIC works
configure:7416: /opt/open2x/gcc-4.1.1-glibc-2.3.6/bin/arm-open2x-linux-gcc -c -O3 -ffast-math -fomit-frame-pointer -mcpu=arm920t -DARM -D_ARM_ASSEM_ -I/opt/open2x/gcc-4.1.1-glibc-2.3.6/include -I/opt/open2x/gcc-4.1.1-glibc-2.3.6/include/libxml2 -I/opt/open2x/gcc-4.1.1-glibc-2.3.6/include/SDL  -fPIC -DPIC conftest.c >&5
configure:7420: $? = 0
configure:7433: result: yes
configure:7461: checking if /opt/open2x/gcc-4.1.1-glibc-2.3.6/bin/arm-open2x-linux-gcc static flag -static works
configure:7489: result: yes
configure:7499: checking if /opt/open2x/gcc-4.1.1-glibc-2.3.6/bin/arm-open2x-linux-gcc supports -c -o file.o
configure:7520: /opt/open2x/gcc-4.1.1-glibc-2.3.6/bin/arm-open2x-linux-gcc -c -O3 -ffast-math -fomit-frame-pointer -mcpu=arm920t -DARM -D_ARM_ASSEM_ -I/opt/open2x/gcc-4.1.1-glibc-2.3.6/include -I/opt/open2x/gcc-4.1.1-glibc-2.3.6/include/libxml2 -I/opt/open2x/gcc-4.1.1-glibc-2.3.6/include/SDL  -o out/conftest2.o conftest.c >&5
configure:7524: $? = 0
configure:7546: result: yes
configure:7572: checking whether the /opt/open2x/gcc-4.1.1-glibc-2.3.6/bin/arm-open2x-linux-gcc linker (/opt/open2x/gcc-4.1.1-glibc-2.3.6/arm-open2x-linux/bin/ld) supports shared libraries
configure:8535: result: yes
configure:8556: checking whether -lc should be explicitly linked in
configure:8561: /opt/open2x/gcc-4.1.1-glibc-2.3.6/bin/arm-open2x-linux-gcc -c -O3 -ffast-math -fomit-frame-pointer -mcpu=arm920t -DARM -D_ARM_ASSEM_ -I/opt/open2x/gcc-4.1.1-glibc-2.3.6/include -I/opt/open2x/gcc-4.1.1-glibc-2.3.6/include/libxml2 -I/opt/open2x/gcc-4.1.1-glibc-2.3.6/include/SDL  conftest.c >&5
configure:8564: $? = 0
configure:8579: /opt/open2x/gcc-4.1.1-glibc-2.3.6/bin/arm-open2x-linux-gcc -shared conftest.o  -v -Wl,-soname -Wl,conftest -o conftest 2\>\&1 \| grep  -lc  \>/dev/null 2\>\&1
configure:8582: $? = 0
configure:8594: result: no
configure:8602: checking dynamic linker characteristics
configure:9178: result: GNU/Linux ld.so
configure:9187: checking how to hardcode library paths into programs
configure:9212: result: immediate
configure:9226: checking whether stripping libraries is possible
configure:9231: result: yes
configure:10060: checking if libtool supports shared libraries
configure:10062: result: yes
configure:10065: checking whether to build shared libraries
configure:10086: result: yes
configure:10089: checking whether to build static libraries
configure:10093: result: yes
configure:10185: creating libtool
configure:10773: checking for ld used by /opt/open2x/gcc-4.1.1-glibc-2.3.6/bin/arm-open2x-linux-g++
configure:10840: result: /opt/open2x/gcc-4.1.1-glibc-2.3.6/arm-open2x-linux/bin/ld
configure:10849: checking if the linker (/opt/open2x/gcc-4.1.1-glibc-2.3.6/arm-open2x-linux/bin/ld) is GNU ld
configure:10864: result: yes
configure:10915: checking whether the /opt/open2x/gcc-4.1.1-glibc-2.3.6/bin/arm-open2x-linux-g++ linker (/opt/open2x/gcc-4.1.1-glibc-2.3.6/arm-open2x-linux/bin/ld) supports shared libraries
configure:11857: result: yes
configure:11875: /opt/open2x/gcc-4.1.1-glibc-2.3.6/bin/arm-open2x-linux-g++ -c -g -O2  conftest.cpp >&5
configure:11878: $? = 0
configure:11997: checking for /opt/open2x/gcc-4.1.1-glibc-2.3.6/bin/arm-open2x-linux-g++ option to produce PIC
configure:12271: result: -fPIC
configure:12279: checking if /opt/open2x/gcc-4.1.1-glibc-2.3.6/bin/arm-open2x-linux-g++ PIC flag -fPIC works
configure:12297: /opt/open2x/gcc-4.1.1-glibc-2.3.6/bin/arm-open2x-linux-g++ -c -g -O2  -fPIC -DPIC conftest.cpp >&5
configure:12301: $? = 0
configure:12314: result: yes
configure:12342: checking if /opt/open2x/gcc-4.1.1-glibc-2.3.6/bin/arm-open2x-linux-g++ static flag -static works
configure:12370: result: yes
configure:12380: checking if /opt/open2x/gcc-4.1.1-glibc-2.3.6/bin/arm-open2x-linux-g++ supports -c -o file.o
configure:12401: /opt/open2x/gcc-4.1.1-glibc-2.3.6/bin/arm-open2x-linux-g++ -c -g -O2  -o out/conftest2.o conftest.cpp >&5
configure:12405: $? = 0
configure:12427: result: yes
configure:12453: checking whether the /opt/open2x/gcc-4.1.1-glibc-2.3.6/bin/arm-open2x-linux-g++ linker (/opt/open2x/gcc-4.1.1-glibc-2.3.6/arm-open2x-linux/bin/ld) supports shared libraries
configure:12481: result: yes
configure:12548: checking dynamic linker characteristics
configure:13124: result: GNU/Linux ld.so
configure:13133: checking how to hardcode library paths into programs
configure:13158: result: immediate
configure:19296: checking whether byte ordering is bigendian
configure:19321: /opt/open2x/gcc-4.1.1-glibc-2.3.6/bin/arm-open2x-linux-gcc -c -O3 -ffast-math -fomit-frame-pointer -mcpu=arm920t -DARM -D_ARM_ASSEM_ -I/opt/open2x/gcc-4.1.1-glibc-2.3.6/include -I/opt/open2x/gcc-4.1.1-glibc-2.3.6/include/libxml2 -I/opt/open2x/gcc-4.1.1-glibc-2.3.6/include/SDL -O3 -fomit-frame-pointer -fPIC  conftest.c >&5
conftest.c:22: error: expected '=', ',', ';', 'asm' or '__attribute__' before 'is'
configure:19328: $? = 1
configure: failed program was:
| /* confdefs.h.  */
| #define PACKAGE_NAME ""
| #define PACKAGE_TARNAME ""
| #define PACKAGE_VERSION ""
| #define PACKAGE_STRING ""
| #define PACKAGE_BUGREPORT ""
| #define PACKAGE "libmpcdec"
| #define VERSION "1.2.6"
| #define STDC_HEADERS 1
| #define HAVE_SYS_TYPES_H 1
| #define HAVE_SYS_STAT_H 1
| #define HAVE_STDLIB_H 1
| #define HAVE_STRING_H 1
| #define HAVE_MEMORY_H 1
| #define HAVE_STRINGS_H 1
| #define HAVE_INTTYPES_H 1
| #define HAVE_STDINT_H 1
| #define HAVE_UNISTD_H 1
| #define HAVE_DLFCN_H 1
| /* end confdefs.h.  */
| #if ! (defined __BIG_ENDIAN__ || defined __LITTLE_ENDIAN__)
| 	       neither is defined;
| 	     #endif
| 	     typedef int dummy;
| 
configure:19372: /opt/open2x/gcc-4.1.1-glibc-2.3.6/bin/arm-open2x-linux-gcc -c -O3 -ffast-math -fomit-frame-pointer -mcpu=arm920t -DARM -D_ARM_ASSEM_ -I/opt/open2x/gcc-4.1.1-glibc-2.3.6/include -I/opt/open2x/gcc-4.1.1-glibc-2.3.6/include/libxml2 -I/opt/open2x/gcc-4.1.1-glibc-2.3.6/include/SDL -O3 -fomit-frame-pointer -fPIC  conftest.c >&5
configure:19379: $? = 0
configure:19411: /opt/open2x/gcc-4.1.1-glibc-2.3.6/bin/arm-open2x-linux-gcc -c -O3 -ffast-math -fomit-frame-pointer -mcpu=arm920t -DARM -D_ARM_ASSEM_ -I/opt/open2x/gcc-4.1.1-glibc-2.3.6/include -I/opt/open2x/gcc-4.1.1-glibc-2.3.6/include/libxml2 -I/opt/open2x/gcc-4.1.1-glibc-2.3.6/include/SDL -O3 -fomit-frame-pointer -fPIC  conftest.c >&5
conftest.c: In function 'main':
conftest.c:28: error: 'not' undeclared (first use in this function)
conftest.c:28: error: (Each undeclared identifier is reported only once
conftest.c:28: error: for each function it appears in.)
conftest.c:28: error: expected ';' before 'big'
configure:19418: $? = 1
configure: failed program was:
| /* confdefs.h.  */
| #define PACKAGE_NAME ""
| #define PACKAGE_TARNAME ""
| #define PACKAGE_VERSION ""
| #define PACKAGE_STRING ""
| #define PACKAGE_BUGREPORT ""
| #define PACKAGE "libmpcdec"
| #define VERSION "1.2.6"
| #define STDC_HEADERS 1
| #define HAVE_SYS_TYPES_H 1
| #define HAVE_SYS_STAT_H 1
| #define HAVE_STDLIB_H 1
| #define HAVE_STRING_H 1
| #define HAVE_MEMORY_H 1
| #define HAVE_STRINGS_H 1
| #define HAVE_INTTYPES_H 1
| #define HAVE_STDINT_H 1
| #define HAVE_UNISTD_H 1
| #define HAVE_DLFCN_H 1
| /* end confdefs.h.  */
| #include <sys/types.h>
| 		#include <sys/param.h>
| 
| int
| main ()
| {
| #if BYTE_ORDER != BIG_ENDIAN
| 		 not big endian
| 		#endif
| 
|   ;
|   return 0;
| }
configure:19670: result: no
configure:19691: checking for ANSI C header files
configure:19859: result: yes
configure:19869: checking for stdbool.h that conforms to C99
configure:19964: /opt/open2x/gcc-4.1.1-glibc-2.3.6/bin/arm-open2x-linux-gcc -c -O3 -ffast-math -fomit-frame-pointer -mcpu=arm920t -DARM -D_ARM_ASSEM_ -I/opt/open2x/gcc-4.1.1-glibc-2.3.6/include -I/opt/open2x/gcc-4.1.1-glibc-2.3.6/include/libxml2 -I/opt/open2x/gcc-4.1.1-glibc-2.3.6/include/SDL -O3 -fomit-frame-pointer -fPIC -DMPC_LITTLE_ENDIAN  conftest.c >&5
configure:19971: $? = 0
configure:19986: result: yes
configure:19988: checking for _Bool
configure:20016: /opt/open2x/gcc-4.1.1-glibc-2.3.6/bin/arm-open2x-linux-gcc -c -O3 -ffast-math -fomit-frame-pointer -mcpu=arm920t -DARM -D_ARM_ASSEM_ -I/opt/open2x/gcc-4.1.1-glibc-2.3.6/include -I/opt/open2x/gcc-4.1.1-glibc-2.3.6/include/libxml2 -I/opt/open2x/gcc-4.1.1-glibc-2.3.6/include/SDL -O3 -fomit-frame-pointer -fPIC -DMPC_LITTLE_ENDIAN  conftest.c >&5
configure:20023: $? = 0
configure:20050: /opt/open2x/gcc-4.1.1-glibc-2.3.6/bin/arm-open2x-linux-gcc -c -O3 -ffast-math -fomit-frame-pointer -mcpu=arm920t -DARM -D_ARM_ASSEM_ -I/opt/open2x/gcc-4.1.1-glibc-2.3.6/include -I/opt/open2x/gcc-4.1.1-glibc-2.3.6/include/libxml2 -I/opt/open2x/gcc-4.1.1-glibc-2.3.6/include/SDL -O3 -fomit-frame-pointer -fPIC -DMPC_LITTLE_ENDIAN  conftest.c >&5
conftest.c: In function 'main':
conftest.c:58: error: expected expression before ')' token
configure:20057: $? = 1
configure: failed program was:
| /* confdefs.h.  */
| #define PACKAGE_NAME ""
| #define PACKAGE_TARNAME ""
| #define PACKAGE_VERSION ""
| #define PACKAGE_STRING ""
| #define PACKAGE_BUGREPORT ""
| #define PACKAGE "libmpcdec"
| #define VERSION "1.2.6"
| #define STDC_HEADERS 1
| #define HAVE_SYS_TYPES_H 1
| #define HAVE_SYS_STAT_H 1
| #define HAVE_STDLIB_H 1
| #define HAVE_STRING_H 1
| #define HAVE_MEMORY_H 1
| #define HAVE_STRINGS_H 1
| #define HAVE_INTTYPES_H 1
| #define HAVE_STDINT_H 1
| #define HAVE_UNISTD_H 1
| #define HAVE_DLFCN_H 1
| #define STDC_HEADERS 1
| /* end confdefs.h.  */
| #include <stdio.h>
| #ifdef HAVE_SYS_TYPES_H
| # include <sys/types.h>
| #endif
| #ifdef HAVE_SYS_STAT_H
| # include <sys/stat.h>
| #endif
| #ifdef STDC_HEADERS
| # include <stdlib.h>
| # include <stddef.h>
| #else
| # ifdef HAVE_STDLIB_H
| #  include <stdlib.h>
| # endif
| #endif
| #ifdef HAVE_STRING_H
| # if !defined STDC_HEADERS && defined HAVE_MEMORY_H
| #  include <memory.h>
| # endif
| # include <string.h>
| #endif
| #ifdef HAVE_STRINGS_H
| # include <strings.h>
| #endif
| #ifdef HAVE_INTTYPES_H
| # include <inttypes.h>
| #endif
| #ifdef HAVE_STDINT_H
| # include <stdint.h>
| #endif
| #ifdef HAVE_UNISTD_H
| # include <unistd.h>
| #endif
| int
| main ()
| {
| if (sizeof ((_Bool)))
| 	  return 0;
|   ;
|   return 0;
| }
configure:20080: result: yes
configure:20099: checking for an ANSI C-conforming const
configure:20174: /opt/open2x/gcc-4.1.1-glibc-2.3.6/bin/arm-open2x-linux-gcc -c -O3 -ffast-math -fomit-frame-pointer -mcpu=arm920t -DARM -D_ARM_ASSEM_ -I/opt/open2x/gcc-4.1.1-glibc-2.3.6/include -I/opt/open2x/gcc-4.1.1-glibc-2.3.6/include/libxml2 -I/opt/open2x/gcc-4.1.1-glibc-2.3.6/include/SDL -O3 -fomit-frame-pointer -fPIC -DMPC_LITTLE_ENDIAN  conftest.c >&5
configure:20181: $? = 0
configure:20196: result: yes
configure:20206: checking for inline
configure:20232: /opt/open2x/gcc-4.1.1-glibc-2.3.6/bin/arm-open2x-linux-gcc -c -O3 -ffast-math -fomit-frame-pointer -mcpu=arm920t -DARM -D_ARM_ASSEM_ -I/opt/open2x/gcc-4.1.1-glibc-2.3.6/include -I/opt/open2x/gcc-4.1.1-glibc-2.3.6/include/libxml2 -I/opt/open2x/gcc-4.1.1-glibc-2.3.6/include/SDL -O3 -fomit-frame-pointer -fPIC -DMPC_LITTLE_ENDIAN  conftest.c >&5
configure:20239: $? = 0
configure:20257: result: inline
configure:20276: checking for off_t
configure:20304: /opt/open2x/gcc-4.1.1-glibc-2.3.6/bin/arm-open2x-linux-gcc -c -O3 -ffast-math -fomit-frame-pointer -mcpu=arm920t -DARM -D_ARM_ASSEM_ -I/opt/open2x/gcc-4.1.1-glibc-2.3.6/include -I/opt/open2x/gcc-4.1.1-glibc-2.3.6/include/libxml2 -I/opt/open2x/gcc-4.1.1-glibc-2.3.6/include/SDL -O3 -fomit-frame-pointer -fPIC -DMPC_LITTLE_ENDIAN  conftest.c >&5
configure:20311: $? = 0
configure:20338: /opt/open2x/gcc-4.1.1-glibc-2.3.6/bin/arm-open2x-linux-gcc -c -O3 -ffast-math -fomit-frame-pointer -mcpu=arm920t -DARM -D_ARM_ASSEM_ -I/opt/open2x/gcc-4.1.1-glibc-2.3.6/include -I/opt/open2x/gcc-4.1.1-glibc-2.3.6/include/libxml2 -I/opt/open2x/gcc-4.1.1-glibc-2.3.6/include/SDL -O3 -fomit-frame-pointer -fPIC -DMPC_LITTLE_ENDIAN  conftest.c >&5
conftest.c: In function 'main':
conftest.c:60: error: expected expression before ')' token
configure:20345: $? = 1
configure: failed program was:
| /* confdefs.h.  */
| #define PACKAGE_NAME ""
| #define PACKAGE_TARNAME ""
| #define PACKAGE_VERSION ""
| #define PACKAGE_STRING ""
| #define PACKAGE_BUGREPORT ""
| #define PACKAGE "libmpcdec"
| #define VERSION "1.2.6"
| #define STDC_HEADERS 1
| #define HAVE_SYS_TYPES_H 1
| #define HAVE_SYS_STAT_H 1
| #define HAVE_STDLIB_H 1
| #define HAVE_STRING_H 1
| #define HAVE_MEMORY_H 1
| #define HAVE_STRINGS_H 1
| #define HAVE_INTTYPES_H 1
| #define HAVE_STDINT_H 1
| #define HAVE_UNISTD_H 1
| #define HAVE_DLFCN_H 1
| #define STDC_HEADERS 1
| #define HAVE__BOOL 1
| #define HAVE_STDBOOL_H 1
| /* end confdefs.h.  */
| #include <stdio.h>
| #ifdef HAVE_SYS_TYPES_H
| # include <sys/types.h>
| #endif
| #ifdef HAVE_SYS_STAT_H
| # include <sys/stat.h>
| #endif
| #ifdef STDC_HEADERS
| # include <stdlib.h>
| # include <stddef.h>
| #else
| # ifdef HAVE_STDLIB_H
| #  include <stdlib.h>
| # endif
| #endif
| #ifdef HAVE_STRING_H
| # if !defined STDC_HEADERS && defined HAVE_MEMORY_H
| #  include <memory.h>
| # endif
| # include <string.h>
| #endif
| #ifdef HAVE_STRINGS_H
| # include <strings.h>
| #endif
| #ifdef HAVE_INTTYPES_H
| # include <inttypes.h>
| #endif
| #ifdef HAVE_STDINT_H
| # include <stdint.h>
| #endif
| #ifdef HAVE_UNISTD_H
| # include <unistd.h>
| #endif
| int
| main ()
| {
| if (sizeof ((off_t)))
| 	  return 0;
|   ;
|   return 0;
| }
configure:20368: result: yes
configure:20380: checking for size_t
configure:20408: /opt/open2x/gcc-4.1.1-glibc-2.3.6/bin/arm-open2x-linux-gcc -c -O3 -ffast-math -fomit-frame-pointer -mcpu=arm920t -DARM -D_ARM_ASSEM_ -I/opt/open2x/gcc-4.1.1-glibc-2.3.6/include -I/opt/open2x/gcc-4.1.1-glibc-2.3.6/include/libxml2 -I/opt/open2x/gcc-4.1.1-glibc-2.3.6/include/SDL -O3 -fomit-frame-pointer -fPIC -DMPC_LITTLE_ENDIAN  conftest.c >&5
configure:20415: $? = 0
configure:20442: /opt/open2x/gcc-4.1.1-glibc-2.3.6/bin/arm-open2x-linux-gcc -c -O3 -ffast-math -fomit-frame-pointer -mcpu=arm920t -DARM -D_ARM_ASSEM_ -I/opt/open2x/gcc-4.1.1-glibc-2.3.6/include -I/opt/open2x/gcc-4.1.1-glibc-2.3.6/include/libxml2 -I/opt/open2x/gcc-4.1.1-glibc-2.3.6/include/SDL -O3 -fomit-frame-pointer -fPIC -DMPC_LITTLE_ENDIAN  conftest.c >&5
conftest.c: In function 'main':
conftest.c:60: error: expected expression before ')' token
configure:20449: $? = 1
configure: failed program was:
| /* confdefs.h.  */
| #define PACKAGE_NAME ""
| #define PACKAGE_TARNAME ""
| #define PACKAGE_VERSION ""
| #define PACKAGE_STRING ""
| #define PACKAGE_BUGREPORT ""
| #define PACKAGE "libmpcdec"
| #define VERSION "1.2.6"
| #define STDC_HEADERS 1
| #define HAVE_SYS_TYPES_H 1
| #define HAVE_SYS_STAT_H 1
| #define HAVE_STDLIB_H 1
| #define HAVE_STRING_H 1
| #define HAVE_MEMORY_H 1
| #define HAVE_STRINGS_H 1
| #define HAVE_INTTYPES_H 1
| #define HAVE_STDINT_H 1
| #define HAVE_UNISTD_H 1
| #define HAVE_DLFCN_H 1
| #define STDC_HEADERS 1
| #define HAVE__BOOL 1
| #define HAVE_STDBOOL_H 1
| /* end confdefs.h.  */
| #include <stdio.h>
| #ifdef HAVE_SYS_TYPES_H
| # include <sys/types.h>
| #endif
| #ifdef HAVE_SYS_STAT_H
| # include <sys/stat.h>
| #endif
| #ifdef STDC_HEADERS
| # include <stdlib.h>
| # include <stddef.h>
| #else
| # ifdef HAVE_STDLIB_H
| #  include <stdlib.h>
| # endif
| #endif
| #ifdef HAVE_STRING_H
| # if !defined STDC_HEADERS && defined HAVE_MEMORY_H
| #  include <memory.h>
| # endif
| # include <string.h>
| #endif
| #ifdef HAVE_STRINGS_H
| # include <strings.h>
| #endif
| #ifdef HAVE_INTTYPES_H
| # include <inttypes.h>
| #endif
| #ifdef HAVE_STDINT_H
| # include <stdint.h>
| #endif
| #ifdef HAVE_UNISTD_H
| # include <unistd.h>
| #endif
| int
| main ()
| {
| if (sizeof ((size_t)))
| 	  return 0;
|   ;
|   return 0;
| }
configure:20472: result: yes
configure:20485: checking for int16_t
configure:20516: /opt/open2x/gcc-4.1.1-glibc-2.3.6/bin/arm-open2x-linux-gcc -c -O3 -ffast-math -fomit-frame-pointer -mcpu=arm920t -DARM -D_ARM_ASSEM_ -I/opt/open2x/gcc-4.1.1-glibc-2.3.6/include -I/opt/open2x/gcc-4.1.1-glibc-2.3.6/include/libxml2 -I/opt/open2x/gcc-4.1.1-glibc-2.3.6/include/SDL -O3 -fomit-frame-pointer -fPIC -DMPC_LITTLE_ENDIAN  conftest.c >&5
configure:20523: $? = 0
configure:20552: /opt/open2x/gcc-4.1.1-glibc-2.3.6/bin/arm-open2x-linux-gcc -c -O3 -ffast-math -fomit-frame-pointer -mcpu=arm920t -DARM -D_ARM_ASSEM_ -I/opt/open2x/gcc-4.1.1-glibc-2.3.6/include -I/opt/open2x/gcc-4.1.1-glibc-2.3.6/include/libxml2 -I/opt/open2x/gcc-4.1.1-glibc-2.3.6/include/SDL -O3 -fomit-frame-pointer -fPIC -DMPC_LITTLE_ENDIAN  conftest.c >&5
conftest.c: In function 'main':
conftest.c:61: error: size of array 'test_array' is negative
configure:20559: $? = 1
configure: failed program was:
| /* confdefs.h.  */
| #define PACKAGE_NAME ""
| #define PACKAGE_TARNAME ""
| #define PACKAGE_VERSION ""
| #define PACKAGE_STRING ""
| #define PACKAGE_BUGREPORT ""
| #define PACKAGE "libmpcdec"
| #define VERSION "1.2.6"
| #define STDC_HEADERS 1
| #define HAVE_SYS_TYPES_H 1
| #define HAVE_SYS_STAT_H 1
| #define HAVE_STDLIB_H 1
| #define HAVE_STRING_H 1
| #define HAVE_MEMORY_H 1
| #define HAVE_STRINGS_H 1
| #define HAVE_INTTYPES_H 1
| #define HAVE_STDINT_H 1
| #define HAVE_UNISTD_H 1
| #define HAVE_DLFCN_H 1
| #define STDC_HEADERS 1
| #define HAVE__BOOL 1
| #define HAVE_STDBOOL_H 1
| /* end confdefs.h.  */
| #include <stdio.h>
| #ifdef HAVE_SYS_TYPES_H
| # include <sys/types.h>
| #endif
| #ifdef HAVE_SYS_STAT_H
| # include <sys/stat.h>
| #endif
| #ifdef STDC_HEADERS
| # include <stdlib.h>
| # include <stddef.h>
| #else
| # ifdef HAVE_STDLIB_H
| #  include <stdlib.h>
| # endif
| #endif
| #ifdef HAVE_STRING_H
| # if !defined STDC_HEADERS && defined HAVE_MEMORY_H
| #  include <memory.h>
| # endif
| # include <string.h>
| #endif
| #ifdef HAVE_STRINGS_H
| # include <strings.h>
| #endif
| #ifdef HAVE_INTTYPES_H
| # include <inttypes.h>
| #endif
| #ifdef HAVE_STDINT_H
| # include <stdint.h>
| #endif
| #ifdef HAVE_UNISTD_H
| # include <unistd.h>
| #endif
| int
| main ()
| {
| static int test_array [1 - 2 * !((int16_t) ((((int16_t) 1 << (16 - 2)) - 1) * 2 + 1)
| 		 < (int16_t) ((((int16_t) 1 << (16 - 2)) - 1) * 2 + 2))];
| test_array [0] = 0
| 
|   ;
|   return 0;
| }
configure:20588: result: yes
configure:20601: checking for uint16_t
configure:20632: /opt/open2x/gcc-4.1.1-glibc-2.3.6/bin/arm-open2x-linux-gcc -c -O3 -ffast-math -fomit-frame-pointer -mcpu=arm920t -DARM -D_ARM_ASSEM_ -I/opt/open2x/gcc-4.1.1-glibc-2.3.6/include -I/opt/open2x/gcc-4.1.1-glibc-2.3.6/include/libxml2 -I/opt/open2x/gcc-4.1.1-glibc-2.3.6/include/SDL -O3 -fomit-frame-pointer -fPIC -DMPC_LITTLE_ENDIAN  conftest.c >&5
configure:20639: $? = 0
configure:20660: result: yes
configure:20674: checking for int32_t
configure:20705: /opt/open2x/gcc-4.1.1-glibc-2.3.6/bin/arm-open2x-linux-gcc -c -O3 -ffast-math -fomit-frame-pointer -mcpu=arm920t -DARM -D_ARM_ASSEM_ -I/opt/open2x/gcc-4.1.1-glibc-2.3.6/include -I/opt/open2x/gcc-4.1.1-glibc-2.3.6/include/libxml2 -I/opt/open2x/gcc-4.1.1-glibc-2.3.6/include/SDL -O3 -fomit-frame-pointer -fPIC -DMPC_LITTLE_ENDIAN  conftest.c >&5
configure:20712: $? = 0
configure:20741: /opt/open2x/gcc-4.1.1-glibc-2.3.6/bin/arm-open2x-linux-gcc -c -O3 -ffast-math -fomit-frame-pointer -mcpu=arm920t -DARM -D_ARM_ASSEM_ -I/opt/open2x/gcc-4.1.1-glibc-2.3.6/include -I/opt/open2x/gcc-4.1.1-glibc-2.3.6/include/libxml2 -I/opt/open2x/gcc-4.1.1-glibc-2.3.6/include/SDL -O3 -fomit-frame-pointer -fPIC -DMPC_LITTLE_ENDIAN  conftest.c >&5
conftest.c: In function 'main':
conftest.c:61: warning: integer overflow in expression
conftest.c:61: error: size of array 'test_array' is negative
configure:20748: $? = 1
configure: failed program was:
| /* confdefs.h.  */
| #define PACKAGE_NAME ""
| #define PACKAGE_TARNAME ""
| #define PACKAGE_VERSION ""
| #define PACKAGE_STRING ""
| #define PACKAGE_BUGREPORT ""
| #define PACKAGE "libmpcdec"
| #define VERSION "1.2.6"
| #define STDC_HEADERS 1
| #define HAVE_SYS_TYPES_H 1
| #define HAVE_SYS_STAT_H 1
| #define HAVE_STDLIB_H 1
| #define HAVE_STRING_H 1
| #define HAVE_MEMORY_H 1
| #define HAVE_STRINGS_H 1
| #define HAVE_INTTYPES_H 1
| #define HAVE_STDINT_H 1
| #define HAVE_UNISTD_H 1
| #define HAVE_DLFCN_H 1
| #define STDC_HEADERS 1
| #define HAVE__BOOL 1
| #define HAVE_STDBOOL_H 1
| /* end confdefs.h.  */
| #include <stdio.h>
| #ifdef HAVE_SYS_TYPES_H
| # include <sys/types.h>
| #endif
| #ifdef HAVE_SYS_STAT_H
| # include <sys/stat.h>
| #endif
| #ifdef STDC_HEADERS
| # include <stdlib.h>
| # include <stddef.h>
| #else
| # ifdef HAVE_STDLIB_H
| #  include <stdlib.h>
| # endif
| #endif
| #ifdef HAVE_STRING_H
| # if !defined STDC_HEADERS && defined HAVE_MEMORY_H
| #  include <memory.h>
| # endif
| # include <string.h>
| #endif
| #ifdef HAVE_STRINGS_H
| # include <strings.h>
| #endif
| #ifdef HAVE_INTTYPES_H
| # include <inttypes.h>
| #endif
| #ifdef HAVE_STDINT_H
| # include <stdint.h>
| #endif
| #ifdef HAVE_UNISTD_H
| # include <unistd.h>
| #endif
| int
| main ()
| {
| static int test_array [1 - 2 * !((int32_t) ((((int32_t) 1 << (32 - 2)) - 1) * 2 + 1)
| 		 < (int32_t) ((((int32_t) 1 << (32 - 2)) - 1) * 2 + 2))];
| test_array [0] = 0
| 
|   ;
|   return 0;
| }
configure:20777: result: yes
configure:20790: checking for uint32_t
configure:20821: /opt/open2x/gcc-4.1.1-glibc-2.3.6/bin/arm-open2x-linux-gcc -c -O3 -ffast-math -fomit-frame-pointer -mcpu=arm920t -DARM -D_ARM_ASSEM_ -I/opt/open2x/gcc-4.1.1-glibc-2.3.6/include -I/opt/open2x/gcc-4.1.1-glibc-2.3.6/include/libxml2 -I/opt/open2x/gcc-4.1.1-glibc-2.3.6/include/SDL -O3 -fomit-frame-pointer -fPIC -DMPC_LITTLE_ENDIAN  conftest.c >&5
configure:20828: $? = 0
configure:20849: result: yes
configure:20867: checking for int64_t
configure:20898: /opt/open2x/gcc-4.1.1-glibc-2.3.6/bin/arm-open2x-linux-gcc -c -O3 -ffast-math -fomit-frame-pointer -mcpu=arm920t -DARM -D_ARM_ASSEM_ -I/opt/open2x/gcc-4.1.1-glibc-2.3.6/include -I/opt/open2x/gcc-4.1.1-glibc-2.3.6/include/libxml2 -I/opt/open2x/gcc-4.1.1-glibc-2.3.6/include/SDL -O3 -fomit-frame-pointer -fPIC -DMPC_LITTLE_ENDIAN  conftest.c >&5
configure:20905: $? = 0
configure:20934: /opt/open2x/gcc-4.1.1-glibc-2.3.6/bin/arm-open2x-linux-gcc -c -O3 -ffast-math -fomit-frame-pointer -mcpu=arm920t -DARM -D_ARM_ASSEM_ -I/opt/open2x/gcc-4.1.1-glibc-2.3.6/include -I/opt/open2x/gcc-4.1.1-glibc-2.3.6/include/libxml2 -I/opt/open2x/gcc-4.1.1-glibc-2.3.6/include/SDL -O3 -fomit-frame-pointer -fPIC -DMPC_LITTLE_ENDIAN  conftest.c >&5
conftest.c: In function 'main':
conftest.c:61: warning: integer overflow in expression
conftest.c:61: error: size of array 'test_array' is negative
configure:20941: $? = 1
configure: failed program was:
| /* confdefs.h.  */
| #define PACKAGE_NAME ""
| #define PACKAGE_TARNAME ""
| #define PACKAGE_VERSION ""
| #define PACKAGE_STRING ""
| #define PACKAGE_BUGREPORT ""
| #define PACKAGE "libmpcdec"
| #define VERSION "1.2.6"
| #define STDC_HEADERS 1
| #define HAVE_SYS_TYPES_H 1
| #define HAVE_SYS_STAT_H 1
| #define HAVE_STDLIB_H 1
| #define HAVE_STRING_H 1
| #define HAVE_MEMORY_H 1
| #define HAVE_STRINGS_H 1
| #define HAVE_INTTYPES_H 1
| #define HAVE_STDINT_H 1
| #define HAVE_UNISTD_H 1
| #define HAVE_DLFCN_H 1
| #define STDC_HEADERS 1
| #define HAVE__BOOL 1
| #define HAVE_STDBOOL_H 1
| /* end confdefs.h.  */
| #include <stdio.h>
| #ifdef HAVE_SYS_TYPES_H
| # include <sys/types.h>
| #endif
| #ifdef HAVE_SYS_STAT_H
| # include <sys/stat.h>
| #endif
| #ifdef STDC_HEADERS
| # include <stdlib.h>
| # include <stddef.h>
| #else
| # ifdef HAVE_STDLIB_H
| #  include <stdlib.h>
| # endif
| #endif
| #ifdef HAVE_STRING_H
| # if !defined STDC_HEADERS && defined HAVE_MEMORY_H
| #  include <memory.h>
| # endif
| # include <string.h>
| #endif
| #ifdef HAVE_STRINGS_H
| # include <strings.h>
| #endif
| #ifdef HAVE_INTTYPES_H
| # include <inttypes.h>
| #endif
| #ifdef HAVE_STDINT_H
| # include <stdint.h>
| #endif
| #ifdef HAVE_UNISTD_H
| # include <unistd.h>
| #endif
| int
| main ()
| {
| static int test_array [1 - 2 * !((int64_t) ((((int64_t) 1 << (64 - 2)) - 1) * 2 + 1)
| 		 < (int64_t) ((((int64_t) 1 << (64 - 2)) - 1) * 2 + 2))];
| test_array [0] = 0
| 
|   ;
|   return 0;
| }
configure:20970: result: yes
configure:21034: checking for memmove
configure:21090: /opt/open2x/gcc-4.1.1-glibc-2.3.6/bin/arm-open2x-linux-gcc -o conftest -O3 -ffast-math -fomit-frame-pointer -mcpu=arm920t -DARM -D_ARM_ASSEM_ -I/opt/open2x/gcc-4.1.1-glibc-2.3.6/include -I/opt/open2x/gcc-4.1.1-glibc-2.3.6/include/libxml2 -I/opt/open2x/gcc-4.1.1-glibc-2.3.6/include/SDL -O3 -fomit-frame-pointer -fPIC -DMPC_LITTLE_ENDIAN  -L/opt/open2x/gcc-4.1.1-glibc-2.3.6/lib conftest.c  >&5
conftest.c:47: warning: conflicting types for built-in function 'memmove'
configure:21097: $? = 0
configure:21119: result: yes
configure:21034: checking for memset
configure:21090: /opt/open2x/gcc-4.1.1-glibc-2.3.6/bin/arm-open2x-linux-gcc -o conftest -O3 -ffast-math -fomit-frame-pointer -mcpu=arm920t -DARM -D_ARM_ASSEM_ -I/opt/open2x/gcc-4.1.1-glibc-2.3.6/include -I/opt/open2x/gcc-4.1.1-glibc-2.3.6/include/libxml2 -I/opt/open2x/gcc-4.1.1-glibc-2.3.6/include/SDL -O3 -fomit-frame-pointer -fPIC -DMPC_LITTLE_ENDIAN  -L/opt/open2x/gcc-4.1.1-glibc-2.3.6/lib conftest.c  >&5
conftest.c:48: warning: conflicting types for built-in function 'memset'
configure:21097: $? = 0
configure:21119: result: yes
configure:21277: creating ./config.status
configure:22585: result: => libmpcdec 1.2.6 configured successfully

## ---------------- ##
## Cache variables. ##
## ---------------- ##

ac_cv_build=i686-pc-linux-gnu
ac_cv_c_bigendian=no
ac_cv_c_compiler_gnu=yes
ac_cv_c_const=yes
ac_cv_c_inline=inline
ac_cv_c_int16_t=int16_t
ac_cv_c_int32_t=int32_t
ac_cv_c_int64_t=int64_t
ac_cv_c_uint16_t=uint16_t
ac_cv_c_uint32_t=uint32_t
ac_cv_cxx_compiler_gnu=yes
ac_cv_env_CCC_set=
ac_cv_env_CCC_value=
ac_cv_env_CC_set=set
ac_cv_env_CC_value=/opt/open2x/gcc-4.1.1-glibc-2.3.6/bin/arm-open2x-linux-gcc
ac_cv_env_CFLAGS_set=set
ac_cv_env_CFLAGS_value='-O3 -ffast-math -fomit-frame-pointer -mcpu=arm920t -DARM -D_ARM_ASSEM_ -I/opt/open2x/gcc-4.1.1-glibc-2.3.6/include -I/opt/open2x/gcc-4.1.1-glibc-2.3.6/include/libxml2 -I/opt/open2x/gcc-4.1.1-glibc-2.3.6/include/SDL'
ac_cv_env_CPPFLAGS_set=
ac_cv_env_CPPFLAGS_value=
ac_cv_env_CPP_set=
ac_cv_env_CPP_value=
ac_cv_env_CXXCPP_set=
ac_cv_env_CXXCPP_value=
ac_cv_env_CXXFLAGS_set=
ac_cv_env_CXXFLAGS_value=
ac_cv_env_CXX_set=set
ac_cv_env_CXX_value=/opt/open2x/gcc-4.1.1-glibc-2.3.6/bin/arm-open2x-linux-g++
ac_cv_env_F77_set=
ac_cv_env_F77_value=
ac_cv_env_FFLAGS_set=
ac_cv_env_FFLAGS_value=
ac_cv_env_LDFLAGS_set=set
ac_cv_env_LDFLAGS_value=-L/opt/open2x/gcc-4.1.1-glibc-2.3.6/lib
ac_cv_env_LIBS_set=
ac_cv_env_LIBS_value=
ac_cv_env_build_alias_set=set
ac_cv_env_build_alias_value=
ac_cv_env_host_alias_set=set
ac_cv_env_host_alias_value=arm-open2x-linux
ac_cv_env_target_alias_set=set
ac_cv_env_target_alias_value=arm-open2x-linux
ac_cv_f77_compiler_gnu=no
ac_cv_func_memmove=yes
ac_cv_func_memset=yes
ac_cv_header_dlfcn_h=yes
ac_cv_header_inttypes_h=yes
ac_cv_header_memory_h=yes
ac_cv_header_stdbool_h=yes
ac_cv_header_stdc=yes
ac_cv_header_stdint_h=yes
ac_cv_header_stdlib_h=yes
ac_cv_header_string_h=yes
ac_cv_header_strings_h=yes
ac_cv_header_sys_stat_h=yes
ac_cv_header_sys_types_h=yes
ac_cv_header_unistd_h=yes
ac_cv_host=arm-open2x-linux-gnu
ac_cv_objext=o
ac_cv_path_EGREP='/bin/grep -E'
ac_cv_path_GREP=/bin/grep
ac_cv_path_install='/usr/bin/install -c'
ac_cv_prog_AR=/opt/open2x/gcc-4.1.1-glibc-2.3.6/bin/arm-open2x-linux-ar
ac_cv_prog_AWK=mawk
ac_cv_prog_CC=/opt/open2x/gcc-4.1.1-glibc-2.3.6/bin/arm-open2x-linux-gcc
ac_cv_prog_CPP='/opt/open2x/gcc-4.1.1-glibc-2.3.6/bin/arm-open2x-linux-gcc -E'
ac_cv_prog_CXXCPP='/opt/open2x/gcc-4.1.1-glibc-2.3.6/bin/arm-open2x-linux-g++ -E'
ac_cv_prog_RANLIB=/opt/open2x/gcc-4.1.1-glibc-2.3.6/bin/arm-open2x-linux-ranlib
ac_cv_prog_STRIP=/opt/open2x/gcc-4.1.1-glibc-2.3.6/bin/arm-open2x-linux-strip
ac_cv_prog_cc_c89=
ac_cv_prog_cc_g=yes
ac_cv_prog_cxx_g=yes
ac_cv_prog_f77_g=no
ac_cv_prog_make_make_set=yes
ac_cv_type__Bool=yes
ac_cv_type_off_t=yes
ac_cv_type_size_t=yes
am_cv_CC_dependencies_compiler_type=gcc3
am_cv_CXX_dependencies_compiler_type=gcc3
lt_cv_deplibs_check_method=pass_all
lt_cv_file_magic_cmd='$MAGIC_CMD'
lt_cv_file_magic_test_file=
lt_cv_ld_reload_flag=-r
lt_cv_objdir=.libs
lt_cv_path_LD=/opt/open2x/gcc-4.1.1-glibc-2.3.6/arm-open2x-linux/bin/ld
lt_cv_path_LDCXX=/opt/open2x/gcc-4.1.1-glibc-2.3.6/arm-open2x-linux/bin/ld
lt_cv_path_NM='/opt/open2x/gcc-4.1.1-glibc-2.3.6/bin//arm-open2x-linux-nm -B'
lt_cv_path_SED=/bin/sed
lt_cv_prog_compiler_c_o=yes
lt_cv_prog_compiler_c_o_CXX=yes
lt_cv_prog_compiler_rtti_exceptions=no
lt_cv_prog_gnu_ld=yes
lt_cv_prog_gnu_ldcxx=yes
lt_cv_sys_global_symbol_pipe='sed -n -e '\''s/^.*[ 	]\([ABCDGIRSTW][ABCDGIRSTW]*\)[ 	][ 	]*\([_A-Za-z][_A-Za-z0-9]*\)$/\1 \2 \2/p'\'''
lt_cv_sys_global_symbol_to_c_name_address='sed -n -e '\''s/^: \([^ ]*\) $/  {\"\1\", (lt_ptr) 0},/p'\'' -e '\''s/^[BCDEGRST] \([^ ]*\) \([^ ]*\)$/  {"\2", (lt_ptr) \&\2},/p'\'''
lt_cv_sys_global_symbol_to_cdecl='sed -n -e '\''s/^. .* \(.*\)$/extern int \1;/p'\'''
lt_cv_sys_max_cmd_len=32768
lt_lt_cv_prog_compiler_c_o='"yes"'
lt_lt_cv_prog_compiler_c_o_CXX='"yes"'
lt_lt_cv_sys_global_symbol_pipe='"sed -n -e '\''s/^.*[ 	]\\([ABCDGIRSTW][ABCDGIRSTW]*\\)[ 	][ 	]*\\([_A-Za-z][_A-Za-z0-9]*\\)\$/\\1 \\2 \\2/p'\''"'
lt_lt_cv_sys_global_symbol_to_c_name_address='"sed -n -e '\''s/^: \\([^ ]*\\) \$/  {\\\"\\1\\\", (lt_ptr) 0},/p'\'' -e '\''s/^[BCDEGRST] \\([^ ]*\\) \\([^ ]*\\)\$/  {\"\\2\", (lt_ptr) \\&\\2},/p'\''"'
lt_lt_cv_sys_global_symbol_to_cdecl='"sed -n -e '\''s/^. .* \\(.*\\)\$/extern int \\1;/p'\''"'

## ----------------- ##
## Output variables. ##
## ----------------- ##

ACLOCAL='${SHELL} /home/adan/Projects/open2x/libs-new/libmpcdec/libmpcdec-1.2.6/config/missing --run aclocal-1.9'
AMDEPBACKSLASH='\'
AMDEP_FALSE='#'
AMDEP_TRUE=''
AMTAR='${SHELL} /home/adan/Projects/open2x/libs-new/libmpcdec/libmpcdec-1.2.6/config/missing --run tar'
AR='/opt/open2x/gcc-4.1.1-glibc-2.3.6/bin/arm-open2x-linux-ar'
AUTOCONF='${SHELL} /home/adan/Projects/open2x/libs-new/libmpcdec/libmpcdec-1.2.6/config/missing --run autoconf'
AUTOHEADER='${SHELL} /home/adan/Projects/open2x/libs-new/libmpcdec/libmpcdec-1.2.6/config/missing --run autoheader'
AUTOMAKE='${SHELL} /home/adan/Projects/open2x/libs-new/libmpcdec/libmpcdec-1.2.6/config/missing --run automake-1.9'
AWK='mawk'
CC='/opt/open2x/gcc-4.1.1-glibc-2.3.6/bin/arm-open2x-linux-gcc'
CCDEPMODE='depmode=gcc3'
CFLAGS='-O3 -ffast-math -fomit-frame-pointer -mcpu=arm920t -DARM -D_ARM_ASSEM_ -I/opt/open2x/gcc-4.1.1-glibc-2.3.6/include -I/opt/open2x/gcc-4.1.1-glibc-2.3.6/include/libxml2 -I/opt/open2x/gcc-4.1.1-glibc-2.3.6/include/SDL -O3 -fomit-frame-pointer -fPIC -DMPC_LITTLE_ENDIAN'
CPP='/opt/open2x/gcc-4.1.1-glibc-2.3.6/bin/arm-open2x-linux-gcc -E'
CPPFLAGS=''
CXX='/opt/open2x/gcc-4.1.1-glibc-2.3.6/bin/arm-open2x-linux-g++'
CXXCPP='/opt/open2x/gcc-4.1.1-glibc-2.3.6/bin/arm-open2x-linux-g++ -E'
CXXDEPMODE='depmode=gcc3'
CXXFLAGS='-g -O2'
CYGPATH_W='echo'
DEFS='-DHAVE_CONFIG_H'
DEPDIR='.deps'
ECHO='echo'
ECHO_C=''
ECHO_N='-n'
ECHO_T=''
EGREP='/bin/grep -E'
EXEEXT=''
F77=''
FFLAGS=''
GREP='/bin/grep'
INSTALL_DATA='${INSTALL} -m 644'
INSTALL_PROGRAM='${INSTALL}'
INSTALL_SCRIPT='${INSTALL}'
INSTALL_STRIP_PROGRAM='${SHELL} $(install_sh) -c -s'
INTTYPES_H='#include <inttypes.h>'
LDFLAGS='-L/opt/open2x/gcc-4.1.1-glibc-2.3.6/lib'
LIBOBJS=''
LIBS=''
LIBTOOL='$(SHELL) $(top_builddir)/libtool'
LIBTOOL_DEPS='config/ltmain.sh'
LN_S='ln -s'
LTLIBOBJS=''
MAKEINFO='${SHELL} /home/adan/Projects/open2x/libs-new/libmpcdec/libmpcdec-1.2.6/config/missing --run makeinfo'
OBJEXT='o'
OPT=''
PACKAGE='libmpcdec'
PACKAGE_BUGREPORT=''
PACKAGE_NAME=''
PACKAGE_STRING=''
PACKAGE_TARNAME=''
PACKAGE_VERSION=''
PATH_SEPARATOR=':'
RANLIB='/opt/open2x/gcc-4.1.1-glibc-2.3.6/bin/arm-open2x-linux-ranlib'
SET_MAKE=''
SHELL='/bin/bash'
SIZE16='int16_t'
SIZE32='int32_t'
SIZE64='int64_t'
STRIP='/opt/open2x/gcc-4.1.1-glibc-2.3.6/bin/arm-open2x-linux-strip'
USIZE16='uint16_t'
USIZE32='uint32_t'
VERSION='1.2.6'
ac_ct_CC=''
ac_ct_CXX=''
ac_ct_F77=''
am__fastdepCC_FALSE='#'
am__fastdepCC_TRUE=''
am__fastdepCXX_FALSE='#'
am__fastdepCXX_TRUE=''
am__include='include'
am__leading_dot='.'
am__quote=''
am__tar='${AMTAR} chof - "$$tardir"'
am__untar='${AMTAR} xf -'
bindir='${exec_prefix}/bin'
build='i686-pc-linux-gnu'
build_alias=''
build_cpu='i686'
build_os='linux-gnu'
build_vendor='pc'
datadir='${datarootdir}'
datarootdir='${prefix}/share'
docdir='${datarootdir}/doc/${PACKAGE}'
dvidir='${docdir}'
exec_prefix='${prefix}'
host='arm-open2x-linux-gnu'
host_alias='arm-open2x-linux'
host_cpu='arm'
host_os='linux-gnu'
host_vendor='open2x'
htmldir='${docdir}'
includedir='${prefix}/include'
infodir='${datarootdir}/info'
install_sh='/home/adan/Projects/open2x/libs-new/libmpcdec/libmpcdec-1.2.6/config/install-sh'
libdir='${exec_prefix}/lib'
libexecdir='${exec_prefix}/libexec'
localedir='${datarootdir}/locale'
localstatedir='${prefix}/var'
mandir='${datarootdir}/man'
mkdir_p='mkdir -p --'
oldincludedir='/usr/include'
pdfdir='${docdir}'
prefix='/opt/open2x/gcc-4.1.1-glibc-2.3.6'
program_transform_name='s,x,x,'
psdir='${docdir}'
sbindir='${exec_prefix}/sbin'
sharedstatedir='${prefix}/com'
sysconfdir='${prefix}/etc'
target_alias='arm-open2x-linux'

## ----------- ##
## confdefs.h. ##
## ----------- ##

#define PACKAGE_NAME ""
#define PACKAGE_TARNAME ""
#define PACKAGE_VERSION ""
#define PACKAGE_STRING ""
#define PACKAGE_BUGREPORT ""
#define PACKAGE "libmpcdec"
#define VERSION "1.2.6"
#define STDC_HEADERS 1
#define HAVE_SYS_TYPES_H 1
#define HAVE_SYS_STAT_H 1
#define HAVE_STDLIB_H 1
#define HAVE_STRING_H 1
#define HAVE_MEMORY_H 1
#define HAVE_STRINGS_H 1
#define HAVE_INTTYPES_H 1
#define HAVE_STDINT_H 1
#define HAVE_UNISTD_H 1
#define HAVE_DLFCN_H 1
#define STDC_HEADERS 1
#define HAVE__BOOL 1
#define HAVE_STDBOOL_H 1
#define HAVE_MEMMOVE 1
#define HAVE_MEMSET 1

configure: exit 0

## ---------------------- ##
## Running config.status. ##
## ---------------------- ##

This file was extended by config.status, which was
generated by GNU Autoconf 2.62.  Invocation command line was

  CONFIG_FILES    = 
  CONFIG_HEADERS  = 
  CONFIG_LINKS    = 
  CONFIG_COMMANDS = 
  $ ./config.status 

on adan-laptop

config.status:806: creating Makefile
config.status:806: creating src/Makefile
config.status:806: creating include/Makefile
config.status:806: creating include/mpcdec/config_types.h
config.status:806: creating include/config.h
config.status:1022: include/config.h is unchanged
config.status:1073: executing depfiles commands

## ---------------------- ##
## Running config.status. ##
## ---------------------- ##

This file was extended by config.status, which was
generated by GNU Autoconf 2.62.  Invocation command line was

  CONFIG_FILES    = 
  CONFIG_HEADERS  = 
  CONFIG_LINKS    = 
  CONFIG_COMMANDS = 
  $ ./config.status include/config.h

on adan-laptop

config.status:806: creating include/config.h
