This file contains any messages produced by compilers while
running configure, to aid debugging if configure makes a mistake.

It was created by configure, which was
generated by GNU Autoconf 2.57.  Invocation command line was

  $ ./configure --prefix=/home/depss/DEPSS/library/image --host=arm-linux --enable-shared

## --------- ##
## Platform. ##
## --------- ##

hostname = depss
uname -m = i686
uname -r = 2.4.20-8
uname -s = Linux
uname -v = #1 Thu Mar 13 17:54:28 EST 2003

/usr/bin/uname -p = unknown
/bin/uname -X     = unknown

/bin/arch              = i686
/usr/bin/arch -k       = unknown
/usr/convex/getsysinfo = unknown
hostinfo               = unknown
/bin/machine           = unknown
/usr/bin/oslevel       = unknown
/bin/universe          = unknown

PATH: /home/depss/DEPSS/user/qt-embedded/bin
PATH: /usr/kerberos/bin
PATH: /usr/local/bin
PATH: /usr/bin
PATH: /bin
PATH: /usr/X11R6/bin
PATH: /usr/local/arm-linux/bin
PATH: /usr/local/arm-elf/bin
PATH: /home/depss/bin


## ----------- ##
## Core tests. ##
## ----------- ##

configure:1477: checking for a BSD-compatible install
configure:1531: result: /usr/bin/install -c
configure:1542: checking whether build environment is sane
configure:1585: result: yes
configure:1618: checking for gawk
configure:1634: found /usr/bin/gawk
configure:1644: result: gawk
configure:1654: checking whether make sets $(MAKE)
configure:1674: result: yes
configure:1734: checking for arm-linux-strip
configure:1750: found /usr/local/arm-linux/bin/arm-linux-strip
configure:1760: result: arm-linux-strip
configure:1838: checking for arm-linux-gcc
configure:1854: found /usr/local/arm-linux/bin/arm-linux-gcc
configure:1864: result: arm-linux-gcc
configure:2146: checking for C compiler version
configure:2149: arm-linux-gcc --version </dev/null >&5
2.95.3
configure:2152: $? = 0
configure:2154: arm-linux-gcc -v </dev/null >&5
Reading specs from /usr/local/arm-linux/lib/gcc-lib/arm-linux/2.95.3/specs
gcc version 2.95.3 20010315 (release)
configure:2157: $? = 0
configure:2159: arm-linux-gcc -V </dev/null >&5
arm-linux-gcc: argument to `-V' is missing
configure:2162: $? = 1
configure:2186: checking for C compiler default output
configure:2189: arm-linux-gcc    conftest.c  >&5
configure:2192: $? = 0
configure:2238: result: a.out
configure:2243: checking whether the C compiler works
configure:2249: ./a.out
./configure: line 1: ./a.out: cannot execute binary file
configure:2252: $? = 126
configure:2269: result: yes
configure:2276: checking whether we are cross compiling
configure:2278: result: yes
configure:2281: checking for suffix of executables
configure:2283: arm-linux-gcc -o conftest    conftest.c  >&5
configure:2286: $? = 0
configure:2311: result: 
configure:2317: checking for suffix of object files
configure:2339: arm-linux-gcc -c   conftest.c >&5
configure:2342: $? = 0
configure:2364: result: o
configure:2368: checking whether we are using the GNU C compiler
configure:2393: arm-linux-gcc -c   conftest.c >&5
configure:2396: $? = 0
configure:2399: test -s conftest.o
configure:2402: $? = 0
configure:2415: result: yes
configure:2421: checking whether arm-linux-gcc accepts -g
configure:2443: arm-linux-gcc -c -g  conftest.c >&5
configure:2446: $? = 0
configure:2449: test -s conftest.o
configure:2452: $? = 0
configure:2463: result: yes
configure:2480: checking for arm-linux-gcc option to accept ANSI C
configure:2541: arm-linux-gcc  -c -g -O2  conftest.c >&5
configure:2544: $? = 0
configure:2547: test -s conftest.o
configure:2550: $? = 0
configure:2568: result: none needed
configure:2586: arm-linux-gcc -c -g -O2  conftest.c >&5
conftest.c:2: parse error before `me'
configure:2589: $? = 1
configure: failed program was:
| #ifndef __cplusplus
|   choke me
| #endif
configure:2717: checking for style of include used by make
configure:2745: result: GNU
configure:2773: checking dependency style of arm-linux-gcc
configure:2835: result: gcc
configure:2845: checking how to run the C preprocessor
configure:2881: arm-linux-gcc -E  conftest.c
configure:2887: $? = 0
configure:2919: arm-linux-gcc -E  conftest.c
configure:2920: ac_nonexistent.h: No such file or directory
configure:2925: $? = 1
configure: failed program was:
| #line 2910 "configure"
| /* confdefs.h.  */
| 
| #define PACKAGE_NAME ""
| #define PACKAGE_TARNAME ""
| #define PACKAGE_VERSION ""
| #define PACKAGE_STRING ""
| #define PACKAGE_BUGREPORT ""
| #define PACKAGE "libvorbisidec"
| #define VERSION "1.2.0"
| /* end confdefs.h.  */
| #include <ac_nonexistent.h>
configure:2963: result: arm-linux-gcc -E
configure:2988: arm-linux-gcc -E  conftest.c
configure:2994: $? = 0
configure:3026: arm-linux-gcc -E  conftest.c
configure:3027: ac_nonexistent.h: No such file or directory
configure:3032: $? = 1
configure: failed program was:
| #line 3017 "configure"
| /* confdefs.h.  */
| 
| #define PACKAGE_NAME ""
| #define PACKAGE_TARNAME ""
| #define PACKAGE_VERSION ""
| #define PACKAGE_STRING ""
| #define PACKAGE_BUGREPORT ""
| #define PACKAGE "libvorbisidec"
| #define VERSION "1.2.0"
| /* end confdefs.h.  */
| #include <ac_nonexistent.h>
configure:3148: checking build system type
configure:3166: result: i686-pc-linux-gnu
configure:3174: checking host system type
configure:3188: result: arm-unknown-linux-gnu
configure:3218: checking for ld used by GCC
configure:3281: result: /usr/local/arm-linux/arm-linux/bin/ld
configure:3290: checking if the linker (/usr/local/arm-linux/arm-linux/bin/ld) is GNU ld
GNU ld version 2.12
configure:3302: result: yes
configure:3307: checking for /usr/local/arm-linux/arm-linux/bin/ld option to reload object files
configure:3314: result: -r
configure:3319: checking for BSD-compatible nm
configure:3355: result: /usr/local/arm-linux/bin/arm-linux-nm -B
configure:3358: checking for a sed that does not truncate output
configure:3440: result: /bin/sed
configure:3443: checking whether ln -s works
configure:3447: result: yes
configure:3454: checking how to recognise dependent libraries
configure:3635: result: file_magic ELF [0-9][0-9]*-bit [LM]SB (shared object|dynamic lib )
configure:3648: checking command to parse /usr/local/arm-linux/bin/arm-linux-nm -B output
configure:3732: arm-linux-gcc -c   conftest.c >&5
configure:3735: $? = 0
configure:3739: /usr/local/arm-linux/bin/arm-linux-nm -B conftest.o \| sed -n -e 's/^.*[ 	]\([ABCDGISTW][ABCDGISTW]*\)[ 	][ 	]*\(\)\([_A-Za-z][_A-Za-z0-9]*\)$/\1 \2\3 \3/p' \> conftest.nm
configure:3742: $? = 0
configure:3794: arm-linux-gcc -o conftest    conftest.c conftstm.o >&5
configure:3797: $? = 0
configure:3841: result: ok
configure:3846: checking for egrep
configure:3856: result: grep -E
configure:3861: checking for ANSI C header files
configure:3887: arm-linux-gcc -c   conftest.c >&5
configure:3890: $? = 0
configure:3893: test -s conftest.o
configure:3896: $? = 0
configure:4008: result: yes
configure:4032: checking for sys/types.h
configure:4049: arm-linux-gcc -c   conftest.c >&5
configure:4052: $? = 0
configure:4055: test -s conftest.o
configure:4058: $? = 0
configure:4069: result: yes
configure:4032: checking for sys/stat.h
configure:4049: arm-linux-gcc -c   conftest.c >&5
configure:4052: $? = 0
configure:4055: test -s conftest.o
configure:4058: $? = 0
configure:4069: result: yes
configure:4032: checking for stdlib.h
configure:4049: arm-linux-gcc -c   conftest.c >&5
configure:4052: $? = 0
configure:4055: test -s conftest.o
configure:4058: $? = 0
configure:4069: result: yes
configure:4032: checking for string.h
configure:4049: arm-linux-gcc -c   conftest.c >&5
configure:4052: $? = 0
configure:4055: test -s conftest.o
configure:4058: $? = 0
configure:4069: result: yes
configure:4032: checking for memory.h
configure:4049: arm-linux-gcc -c   conftest.c >&5
configure:4052: $? = 0
configure:4055: test -s conftest.o
configure:4058: $? = 0
configure:4069: result: yes
configure:4032: checking for strings.h
configure:4049: arm-linux-gcc -c   conftest.c >&5
configure:4052: $? = 0
configure:4055: test -s conftest.o
configure:4058: $? = 0
configure:4069: result: yes
configure:4032: checking for inttypes.h
configure:4049: arm-linux-gcc -c   conftest.c >&5
configure:4052: $? = 0
configure:4055: test -s conftest.o
configure:4058: $? = 0
configure:4069: result: yes
configure:4032: checking for stdint.h
configure:4049: arm-linux-gcc -c   conftest.c >&5
configure:4052: $? = 0
configure:4055: test -s conftest.o
configure:4058: $? = 0
configure:4069: result: yes
configure:4032: checking for unistd.h
configure:4049: arm-linux-gcc -c   conftest.c >&5
configure:4052: $? = 0
configure:4055: test -s conftest.o
configure:4058: $? = 0
configure:4069: result: yes
configure:4095: checking dlfcn.h usability
configure:4108: arm-linux-gcc -c   conftest.c >&5
configure:4111: $? = 0
configure:4114: test -s conftest.o
configure:4117: $? = 0
configure:4127: result: yes
configure:4131: checking dlfcn.h presence
configure:4142: arm-linux-gcc -E  conftest.c
configure:4148: $? = 0
configure:4167: result: yes
configure:4203: checking for dlfcn.h
configure:4210: result: yes
configure:4232: checking for arm-linux-file
configure:4290: result: no
configure:4296: checking for file
configure:4351: result: /usr/bin/file
configure:4370: checking for arm-linux-ranlib
configure:4386: found /usr/local/arm-linux/bin/arm-linux-ranlib
configure:4396: result: arm-linux-ranlib
configure:4450: checking for arm-linux-strip
configure:4476: result: arm-linux-strip
configure:4725: checking for objdir
configure:4736: result: .libs
configure:4753: checking for arm-linux-gcc option to produce PIC
configure:4899: result: -fPIC
configure:4903: checking if arm-linux-gcc PIC flag -fPIC works
configure:4927: arm-linux-gcc -c  -fPIC -DPIC  conftest.c >&5
configure:4930: $? = 0
configure:4933: test -s conftest.o
configure:4936: $? = 0
configure:4974: result: yes
configure:4990: checking if arm-linux-gcc static flag -static works
configure:5015: arm-linux-gcc -o conftest    -static conftest.c  >&5
configure:5018: $? = 0
configure:5021: test -s conftest
configure:5024: $? = 0
configure:5040: result: yes
configure:5052: checking if arm-linux-gcc supports -c -o file.o
configure:5075: arm-linux-gcc -c  -o out/conftest2.o  conftest.c >&5
configure:5096: result: yes
configure:5101: checking if arm-linux-gcc supports -c -o file.lo
configure:5129: arm-linux-gcc -c  -c -o conftest.lo  conftest.c >&5
configure:5132: $? = 0
configure:5135: test -s conftest.lo
configure:5138: $? = 0
configure:5160: result: yes
configure:5191: checking if arm-linux-gcc supports -fno-rtti -fno-exceptions
configure:5214: arm-linux-gcc -c  -fno-rtti -fno-exceptions -c conftest.c  conftest.c >&5
configure:5217: $? = 0
configure:5220: test -s conftest.o
configure:5223: $? = 0
configure:5240: result: yes
configure:5251: checking whether the linker (/usr/local/arm-linux/arm-linux/bin/ld) supports shared libraries
configure:5946: result: yes
configure:5951: checking how to hardcode library paths into programs
configure:5975: result: immediate
configure:5980: checking whether stripping libraries is possible
configure:5985: result: yes
configure:5996: checking dynamic linker characteristics
configure:6427: result: GNU/Linux ld.so
configure:6432: checking if libtool supports shared libraries
configure:6434: result: yes
configure:6437: checking whether to build shared libraries
configure:6458: result: yes
configure:6461: checking whether to build static libraries
configure:6465: result: yes
configure:7139: checking whether -lc should be explicitly linked in
configure:7147: arm-linux-gcc -c   conftest.c >&5
configure:7150: $? = 0
configure:7164: arm-linux-gcc -shared conftest.o  -v -Wl,-soname -Wl,conftest -o conftest 2\>\&1 \| grep  -lc  \>/dev/null 2\>\&1
configure:7167: $? = 0
configure:7180: result: no
configure:7798: checking for memory.h
configure:7803: result: yes
configure:7939: checking for working alloca.h
configure:7961: arm-linux-gcc -o conftest -O2 -D_ARM_ASSEM_ -fsigned-char  -D_REENTRANT -DUSE_MEMORY_H    conftest.c  >&5
configure:7964: $? = 0
configure:7967: test -s conftest
configure:7970: $? = 0
configure:7981: result: yes
configure:7991: checking for alloca
configure:8033: arm-linux-gcc -o conftest -O2 -D_ARM_ASSEM_ -fsigned-char  -D_REENTRANT -DUSE_MEMORY_H    conftest.c  >&5
configure:8036: $? = 0
configure:8039: test -s conftest
configure:8042: $? = 0
configure:8053: result: yes
configure:8260: checking for working memcmp
configure:8331: result: no
configure:8477: creating ./config.status

## ---------------------- ##
## Running config.status. ##
## ---------------------- ##

This file was extended by config.status, which was
generated by GNU Autoconf 2.57.  Invocation command line was

  CONFIG_FILES    = 
  CONFIG_HEADERS  = 
  CONFIG_LINKS    = 
  CONFIG_COMMANDS = 
  $ ./config.status 

on depss

config.status:659: creating Makefile
config.status:784: executing depfiles commands

## ---------------- ##
## Cache variables. ##
## ---------------- ##

ac_cv_build=i686-pc-linux-gnu
ac_cv_build_alias=i686-pc-linux-gnu
ac_cv_c_compiler_gnu=yes
ac_cv_env_CC_set=
ac_cv_env_CC_value=
ac_cv_env_CFLAGS_set=
ac_cv_env_CFLAGS_value=
ac_cv_env_CPPFLAGS_set=
ac_cv_env_CPPFLAGS_value=
ac_cv_env_CPP_set=
ac_cv_env_CPP_value=
ac_cv_env_LDFLAGS_set=
ac_cv_env_LDFLAGS_value=
ac_cv_env_build_alias_set=
ac_cv_env_build_alias_value=
ac_cv_env_host_alias_set=set
ac_cv_env_host_alias_value=arm-linux
ac_cv_env_target_alias_set=
ac_cv_env_target_alias_value=
ac_cv_exeext=
ac_cv_func_alloca_works=yes
ac_cv_func_memcmp_working=no
ac_cv_header_dlfcn_h=yes
ac_cv_header_inttypes_h=yes
ac_cv_header_memory_h=yes
ac_cv_header_stdc=yes
ac_cv_header_stdint_h=yes
ac_cv_header_stdlib_h=yes
ac_cv_header_string_h=yes
ac_cv_header_strings_h=yes
ac_cv_header_sys_stat_h=yes
ac_cv_header_sys_types_h=yes
ac_cv_header_unistd_h=yes
ac_cv_host=arm-unknown-linux-gnu
ac_cv_host_alias=arm-linux
ac_cv_objext=o
ac_cv_path_install='/usr/bin/install -c'
ac_cv_prog_AWK=gawk
ac_cv_prog_CC=arm-linux-gcc
ac_cv_prog_CPP='arm-linux-gcc -E'
ac_cv_prog_RANLIB=arm-linux-ranlib
ac_cv_prog_STRIP=arm-linux-strip
ac_cv_prog_cc_g=yes
ac_cv_prog_cc_stdc=
ac_cv_prog_egrep='grep -E'
ac_cv_prog_make_make_set=yes
ac_cv_working_alloca_h=yes
am_cv_CC_dependencies_compiler_type=gcc
lt_cv_archive_cmds_need_lc=no
lt_cv_compiler_c_o=yes
lt_cv_compiler_o_lo=yes
lt_cv_deplibs_check_method='file_magic ELF [0-9][0-9]*-bit [LM]SB (shared object|dynamic lib )'
lt_cv_file_magic_cmd='$MAGIC_CMD'
lt_cv_file_magic_test_file='/lib/libc.so.6 /lib/libc-2.3.2.so'
lt_cv_global_symbol_to_c_name_address='sed -n -e '\''s/^: \([^ ]*\) $/  {\"\1\", (lt_ptr) 0},/p'\'' -e '\''s/^[BCDEGRST] \([^ ]*\) \([^ ]*\)$/  {"\2", (lt_ptr) \&\2},/p'\'''
lt_cv_global_symbol_to_cdecl='sed -n -e '\''s/^. .* \(.*\)$/extern char \1;/p'\'''
lt_cv_ld_reload_flag=-r
lt_cv_path_LD=/usr/local/arm-linux/arm-linux/bin/ld
lt_cv_path_MAGIC_CMD=/usr/bin/file
lt_cv_path_NM='/usr/local/arm-linux/bin/arm-linux-nm -B'
lt_cv_path_SED=/bin/sed
lt_cv_prog_cc_can_build_shared=yes
lt_cv_prog_cc_no_builtin=
lt_cv_prog_cc_pic=' -fPIC'
lt_cv_prog_cc_pic_works=yes
lt_cv_prog_cc_shlib=
lt_cv_prog_cc_static=-static
lt_cv_prog_cc_static_works=yes
lt_cv_prog_cc_wl=-Wl,
lt_cv_prog_gnu_ld=yes
lt_cv_sys_global_symbol_pipe='sed -n -e '\''s/^.*[ 	]\([ABCDGISTW][ABCDGISTW]*\)[ 	][ 	]*\(\)\([_A-Za-z][_A-Za-z0-9]*\)$/\1 \2\3 \3/p'\'''

## ----------------- ##
## Output variables. ##
## ----------------- ##

ACLOCAL='${SHELL} /home/depss/DEPSS/library/Tremor/missing --run aclocal-1.6'
ALLOCA=''
AMDEPBACKSLASH='\'
AMDEP_FALSE='#'
AMDEP_TRUE=''
AMTAR='${SHELL} /home/depss/DEPSS/library/Tremor/missing --run tar'
AUTOCONF='${SHELL} /home/depss/DEPSS/library/Tremor/missing --run autoconf'
AUTOHEADER='${SHELL} /home/depss/DEPSS/library/Tremor/missing --run autoheader'
AUTOMAKE='${SHELL} /home/depss/DEPSS/library/Tremor/missing --run automake-1.6'
AWK='gawk'
CC='arm-linux-gcc'
CCDEPMODE='depmode=gcc'
CFLAGS='-O2 -D_ARM_ASSEM_ -fsigned-char  -D_REENTRANT -DUSE_MEMORY_H'
CPP='arm-linux-gcc -E'
CPPFLAGS=''
DEBUG='-g -W -D__NO_MATH_INLINES -fsigned-char -D_ARM_ASSEM_'
DEFS='-DPACKAGE_NAME=\"\" -DPACKAGE_TARNAME=\"\" -DPACKAGE_VERSION=\"\" -DPACKAGE_STRING=\"\" -DPACKAGE_BUGREPORT=\"\" -DPACKAGE=\"libvorbisidec\" -DVERSION=\"1.2.0\" -DSTDC_HEADERS=1 -DHAVE_SYS_TYPES_H=1 -DHAVE_SYS_STAT_H=1 -DHAVE_STDLIB_H=1 -DHAVE_STRING_H=1 -DHAVE_MEMORY_H=1 -DHAVE_STRINGS_H=1 -DHAVE_INTTYPES_H=1 -DHAVE_STDINT_H=1 -DHAVE_UNISTD_H=1 -DHAVE_DLFCN_H=1 -DHAVE_ALLOCA_H=1 -DHAVE_ALLOCA=1 '
DEPDIR='.deps'
ECHO='echo'
ECHO_C=''
ECHO_N='-n'
ECHO_T=''
EGREP='grep -E'
EXEEXT=''
INSTALL_DATA='${INSTALL} -m 644'
INSTALL_PROGRAM='${INSTALL}'
INSTALL_SCRIPT='${INSTALL}'
INSTALL_STRIP_PROGRAM='${SHELL} $(install_sh) -c -s'
LDFLAGS=' '
LIBOBJS=' memcmp$U.o'
LIBS=''
LIBTOOL='$(SHELL) $(top_builddir)/libtool'
LN_S='ln -s'
LTLIBOBJS=' memcmp$U.lo'
MAKEINFO='${SHELL} /home/depss/DEPSS/library/Tremor/missing --run makeinfo'
OBJEXT='o'
PACKAGE='libvorbisidec'
PACKAGE_BUGREPORT=''
PACKAGE_NAME=''
PACKAGE_STRING=''
PACKAGE_TARNAME=''
PACKAGE_VERSION=''
PATH_SEPARATOR=':'
PROFILE='-W -pg -g -O2 -D_ARM_ASSEM_ -fsigned-char -fno-inline-functions'
RANLIB='arm-linux-ranlib'
SET_MAKE=''
SHELL='/bin/sh'
STRIP='arm-linux-strip'
VERSION='1.2.0'
V_LIB_AGE='0'
V_LIB_CURRENT='1'
V_LIB_REVISION='2'
ac_ct_CC=''
ac_ct_RANLIB=''
ac_ct_STRIP=''
am__include='include'
am__quote=''
bindir='${exec_prefix}/bin'
build='i686-pc-linux-gnu'
build_alias=''
build_cpu='i686'
build_os='linux-gnu'
build_vendor='pc'
datadir='${prefix}/share'
exec_prefix='${prefix}'
host='arm-unknown-linux-gnu'
host_alias='arm-linux'
host_cpu='arm'
host_os='linux-gnu'
host_vendor='unknown'
includedir='${prefix}/include'
infodir='${prefix}/info'
install_sh='/home/depss/DEPSS/library/Tremor/install-sh'
libdir='${exec_prefix}/lib'
libexecdir='${exec_prefix}/libexec'
localstatedir='${prefix}/var'
mandir='${prefix}/man'
oldincludedir='/usr/include'
prefix='/home/depss/DEPSS/library/image'
program_transform_name='s,x,x,'
sbindir='${exec_prefix}/sbin'
sharedstatedir='${prefix}/com'
sysconfdir='${prefix}/etc'
target_alias=''

## ----------- ##
## confdefs.h. ##
## ----------- ##

#define HAVE_ALLOCA 1
#define HAVE_ALLOCA_H 1
#define HAVE_DLFCN_H 1
#define HAVE_INTTYPES_H 1
#define HAVE_MEMORY_H 1
#define HAVE_STDINT_H 1
#define HAVE_STDLIB_H 1
#define HAVE_STRINGS_H 1
#define HAVE_STRING_H 1
#define HAVE_SYS_STAT_H 1
#define HAVE_SYS_TYPES_H 1
#define HAVE_UNISTD_H 1
#define PACKAGE "libvorbisidec"
#define PACKAGE_BUGREPORT ""
#define PACKAGE_NAME ""
#define PACKAGE_STRING ""
#define PACKAGE_TARNAME ""
#define PACKAGE_VERSION ""
#define STDC_HEADERS 1
#define VERSION "1.2.0"

configure: exit 0
